{"F:\\AI Projects\\handyman-tracker\\api\\catchall.js": {"path":"F:\\AI Projects\\handyman-tracker\\api\\catchall.js","statementMap":{},"fnMap":{},"branchMap":{},"s":{},"f":{},"b":{}}
,"F:\\AI Projects\\handyman-tracker\\src\\App.jsx": {"path":"F:\\AI Projects\\handyman-tracker\\src\\App.jsx","statementMap":{"0":{"start":{"line":20,"column":28},"end":{"line":20,"column":67}},"1":{"start":{"line":21,"column":19},"end":{"line":21,"column":32}},"2":{"start":{"line":22,"column":19},"end":{"line":22,"column":51}},"3":{"start":{"line":23,"column":21},"end":{"line":23,"column":44}},"4":{"start":{"line":24,"column":24},"end":{"line":24,"column":80}},"5":{"start":{"line":26,"column":2},"end":{"line":175,"column":4}}},"fnMap":{"0":{"name":"App","decl":{"start":{"line":19,"column":9},"end":{"line":19,"column":12}},"loc":{"start":{"line":19,"column":15},"end":{"line":176,"column":1}},"line":19}},"branchMap":{"0":{"loc":{"start":{"line":24,"column":24},"end":{"line":24,"column":80}},"type":"binary-expr","locations":[{"start":{"line":24,"column":24},"end":{"line":24,"column":29}},{"start":{"line":24,"column":33},"end":{"line":24,"column":65}},{"start":{"line":24,"column":69},"end":{"line":24,"column":80}}],"line":24},"1":{"loc":{"start":{"line":28,"column":7},"end":{"line":28,"column":37}},"type":"binary-expr","locations":[{"start":{"line":28,"column":7},"end":{"line":28,"column":20}},{"start":{"line":28,"column":24},"end":{"line":28,"column":37}}],"line":28},"2":{"loc":{"start":{"line":36,"column":12},"end":{"line":44,"column":13}},"type":"cond-expr","locations":[{"start":{"line":37,"column":14},"end":{"line":41,"column":15}},{"start":{"line":43,"column":14},"end":{"line":43,"column":38}}],"line":36},"3":{"loc":{"start":{"line":37,"column":14},"end":{"line":41,"column":15}},"type":"cond-expr","locations":[{"start":{"line":38,"column":16},"end":{"line":38,"column":43}},{"start":{"line":40,"column":16},"end":{"line":40,"column":29}}],"line":37},"4":{"loc":{"start":{"line":50,"column":12},"end":{"line":58,"column":13}},"type":"cond-expr","locations":[{"start":{"line":51,"column":14},"end":{"line":55,"column":15}},{"start":{"line":57,"column":14},"end":{"line":57,"column":38}}],"line":50},"5":{"loc":{"start":{"line":51,"column":14},"end":{"line":55,"column":15}},"type":"cond-expr","locations":[{"start":{"line":52,"column":16},"end":{"line":52,"column":34}},{"start":{"line":54,"column":16},"end":{"line":54,"column":44}}],"line":51},"6":{"loc":{"start":{"line":64,"column":12},"end":{"line":72,"column":13}},"type":"cond-expr","locations":[{"start":{"line":65,"column":14},"end":{"line":69,"column":15}},{"start":{"line":71,"column":14},"end":{"line":71,"column":38}}],"line":64},"7":{"loc":{"start":{"line":65,"column":14},"end":{"line":69,"column":15}},"type":"cond-expr","locations":[{"start":{"line":66,"column":16},"end":{"line":66,"column":29}},{"start":{"line":68,"column":16},"end":{"line":68,"column":43}}],"line":65},"8":{"loc":{"start":{"line":78,"column":12},"end":{"line":86,"column":13}},"type":"cond-expr","locations":[{"start":{"line":79,"column":14},"end":{"line":83,"column":15}},{"start":{"line":85,"column":14},"end":{"line":85,"column":38}}],"line":78},"9":{"loc":{"start":{"line":79,"column":14},"end":{"line":83,"column":15}},"type":"cond-expr","locations":[{"start":{"line":80,"column":16},"end":{"line":80,"column":39}},{"start":{"line":82,"column":16},"end":{"line":82,"column":43}}],"line":79},"10":{"loc":{"start":{"line":92,"column":12},"end":{"line":100,"column":13}},"type":"cond-expr","locations":[{"start":{"line":93,"column":14},"end":{"line":97,"column":15}},{"start":{"line":99,"column":14},"end":{"line":99,"column":38}}],"line":92},"11":{"loc":{"start":{"line":93,"column":14},"end":{"line":97,"column":15}},"type":"cond-expr","locations":[{"start":{"line":94,"column":16},"end":{"line":94,"column":34}},{"start":{"line":96,"column":16},"end":{"line":96,"column":43}}],"line":93},"12":{"loc":{"start":{"line":106,"column":12},"end":{"line":114,"column":13}},"type":"cond-expr","locations":[{"start":{"line":107,"column":14},"end":{"line":111,"column":15}},{"start":{"line":113,"column":14},"end":{"line":113,"column":38}}],"line":106},"13":{"loc":{"start":{"line":107,"column":14},"end":{"line":111,"column":15}},"type":"cond-expr","locations":[{"start":{"line":108,"column":16},"end":{"line":108,"column":34}},{"start":{"line":110,"column":16},"end":{"line":110,"column":43}}],"line":107},"14":{"loc":{"start":{"line":120,"column":12},"end":{"line":128,"column":13}},"type":"cond-expr","locations":[{"start":{"line":121,"column":14},"end":{"line":125,"column":15}},{"start":{"line":127,"column":14},"end":{"line":127,"column":38}}],"line":120},"15":{"loc":{"start":{"line":121,"column":14},"end":{"line":125,"column":15}},"type":"cond-expr","locations":[{"start":{"line":122,"column":16},"end":{"line":122,"column":29}},{"start":{"line":124,"column":16},"end":{"line":124,"column":43}}],"line":121},"16":{"loc":{"start":{"line":134,"column":12},"end":{"line":142,"column":13}},"type":"cond-expr","locations":[{"start":{"line":135,"column":14},"end":{"line":139,"column":15}},{"start":{"line":141,"column":14},"end":{"line":141,"column":38}}],"line":134},"17":{"loc":{"start":{"line":135,"column":14},"end":{"line":139,"column":15}},"type":"cond-expr","locations":[{"start":{"line":136,"column":16},"end":{"line":136,"column":34}},{"start":{"line":138,"column":16},"end":{"line":138,"column":43}}],"line":135},"18":{"loc":{"start":{"line":148,"column":12},"end":{"line":156,"column":13}},"type":"cond-expr","locations":[{"start":{"line":149,"column":14},"end":{"line":153,"column":15}},{"start":{"line":155,"column":14},"end":{"line":155,"column":38}}],"line":148},"19":{"loc":{"start":{"line":149,"column":14},"end":{"line":153,"column":15}},"type":"cond-expr","locations":[{"start":{"line":150,"column":16},"end":{"line":150,"column":29}},{"start":{"line":152,"column":16},"end":{"line":152,"column":43}}],"line":149},"20":{"loc":{"start":{"line":162,"column":12},"end":{"line":170,"column":13}},"type":"cond-expr","locations":[{"start":{"line":163,"column":14},"end":{"line":167,"column":15}},{"start":{"line":169,"column":14},"end":{"line":169,"column":38}}],"line":162},"21":{"loc":{"start":{"line":163,"column":14},"end":{"line":167,"column":15}},"type":"cond-expr","locations":[{"start":{"line":164,"column":16},"end":{"line":164,"column":30}},{"start":{"line":166,"column":16},"end":{"line":166,"column":43}}],"line":163}},"s":{"0":35,"1":35,"2":35,"3":35,"4":35,"5":35},"f":{"0":35},"b":{"0":[35,12,10],"1":[35,10],"2":[12,23],"3":[0,12],"4":[12,23],"5":[0,12],"6":[12,23],"7":[12,0],"8":[12,23],"9":[12,0],"10":[12,23],"11":[12,0],"12":[12,23],"13":[12,0],"14":[12,23],"15":[12,0],"16":[12,23],"17":[12,0],"18":[12,23],"19":[12,0],"20":[12,23],"21":[12,0]},"_coverageSchema":"1a1c01bbd47fc00a2c39e90264f33305004495a9","hash":"a1976b0fbd3113772ccd995366a271784c087e8a"}
,"F:\\AI Projects\\handyman-tracker\\src\\components\\Accounting.jsx": {"path":"F:\\AI Projects\\handyman-tracker\\src\\components\\Accounting.jsx","statementMap":{"0":{"start":{"line":15,"column":14},"end":{"line":19,"column":6}},"1":{"start":{"line":16,"column":2},"end":{"line":19,"column":6}},"2":{"start":{"line":21,"column":18},"end":{"line":24,"column":1}},"3":{"start":{"line":22,"column":2},"end":{"line":22,"column":63}},"4":{"start":{"line":22,"column":52},"end":{"line":22,"column":63}},"5":{"start":{"line":23,"column":2},"end":{"line":23,"column":22}},"6":{"start":{"line":26,"column":20},"end":{"line":28,"column":2}},"7":{"start":{"line":26,"column":27},"end":{"line":28,"column":1}},"8":{"start":{"line":31,"column":2},"end":{"line":31,"column":41}},"9":{"start":{"line":35,"column":23},"end":{"line":35,"column":42}},"10":{"start":{"line":36,"column":26},"end":{"line":36,"column":53}},"11":{"start":{"line":37,"column":22},"end":{"line":37,"column":47}},"12":{"start":{"line":38,"column":32},"end":{"line":38,"column":46}},"13":{"start":{"line":39,"column":28},"end":{"line":39,"column":40}},"14":{"start":{"line":40,"column":40},"end":{"line":40,"column":62}},"15":{"start":{"line":41,"column":36},"end":{"line":41,"column":48}},"16":{"start":{"line":42,"column":46},"end":{"line":42,"column":58}},"17":{"start":{"line":43,"column":40},"end":{"line":50,"column":4}},"18":{"start":{"line":51,"column":36},"end":{"line":57,"column":4}},"19":{"start":{"line":58,"column":36},"end":{"line":58,"column":48}},"20":{"start":{"line":60,"column":22},"end":{"line":71,"column":3}},"21":{"start":{"line":61,"column":18},"end":{"line":61,"column":47}},"22":{"start":{"line":62,"column":19},"end":{"line":62,"column":40}},"23":{"start":{"line":63,"column":4},"end":{"line":63,"column":51}},"24":{"start":{"line":63,"column":20},"end":{"line":63,"column":51}},"25":{"start":{"line":64,"column":4},"end":{"line":64,"column":45}},"26":{"start":{"line":64,"column":18},"end":{"line":64,"column":45}},"27":{"start":{"line":65,"column":15},"end":{"line":65,"column":32}},"28":{"start":{"line":66,"column":16},"end":{"line":69,"column":5}},"29":{"start":{"line":70,"column":4},"end":{"line":70,"column":25}},"30":{"start":{"line":73,"column":18},"end":{"line":82,"column":3}},"31":{"start":{"line":74,"column":20},"end":{"line":74,"column":33}},"32":{"start":{"line":75,"column":39},"end":{"line":78,"column":6}},"33":{"start":{"line":76,"column":74},"end":{"line":76,"column":96}},"34":{"start":{"line":77,"column":71},"end":{"line":77,"column":83}},"35":{"start":{"line":79,"column":20},"end":{"line":79,"column":43}},"36":{"start":{"line":80,"column":4},"end":{"line":80,"column":60}},"37":{"start":{"line":81,"column":4},"end":{"line":81,"column":44}},"38":{"start":{"line":84,"column":2},"end":{"line":92,"column":9}},"39":{"start":{"line":85,"column":18},"end":{"line":85,"column":47}},"40":{"start":{"line":86,"column":4},"end":{"line":89,"column":7}},"41":{"start":{"line":87,"column":6},"end":{"line":88,"column":76}},"42":{"start":{"line":87,"column":18},"end":{"line":87,"column":56}},"43":{"start":{"line":88,"column":11},"end":{"line":88,"column":76}},"44":{"start":{"line":94,"column":15},"end":{"line":98,"column":31}},"45":{"start":{"line":95,"column":17},"end":{"line":95,"column":38}},"46":{"start":{"line":96,"column":4},"end":{"line":96,"column":37}},"47":{"start":{"line":96,"column":25},"end":{"line":96,"column":37}},"48":{"start":{"line":97,"column":4},"end":{"line":97,"column":65}},"49":{"start":{"line":97,"column":32},"end":{"line":97,"column":63}},"50":{"start":{"line":100,"column":21},"end":{"line":111,"column":17}},"51":{"start":{"line":101,"column":20},"end":{"line":101,"column":22}},"52":{"start":{"line":102,"column":4},"end":{"line":109,"column":7}},"53":{"start":{"line":103,"column":6},"end":{"line":108,"column":9}},"54":{"start":{"line":104,"column":8},"end":{"line":107,"column":11}},"55":{"start":{"line":110,"column":4},"end":{"line":110,"column":19}},"56":{"start":{"line":113,"column":21},"end":{"line":120,"column":3}},"57":{"start":{"line":114,"column":4},"end":{"line":114,"column":17}},"58":{"start":{"line":115,"column":4},"end":{"line":119,"column":5}},"59":{"start":{"line":116,"column":6},"end":{"line":116,"column":38}},"60":{"start":{"line":118,"column":6},"end":{"line":118,"column":71}},"61":{"start":{"line":122,"column":24},"end":{"line":144,"column":3}},"62":{"start":{"line":123,"column":4},"end":{"line":123,"column":27}},"63":{"start":{"line":124,"column":4},"end":{"line":124,"column":21}},"64":{"start":{"line":125,"column":4},"end":{"line":143,"column":5}},"65":{"start":{"line":126,"column":22},"end":{"line":132,"column":7}},"66":{"start":{"line":133,"column":6},"end":{"line":137,"column":7}},"67":{"start":{"line":134,"column":40},"end":{"line":134,"column":66}},"68":{"start":{"line":135,"column":8},"end":{"line":135,"column":40}},"69":{"start":{"line":136,"column":8},"end":{"line":136,"column":38}},"70":{"start":{"line":138,"column":6},"end":{"line":138,"column":79}},"71":{"start":{"line":139,"column":6},"end":{"line":139,"column":90}},"72":{"start":{"line":140,"column":6},"end":{"line":140,"column":38}},"73":{"start":{"line":142,"column":6},"end":{"line":142,"column":72}},"74":{"start":{"line":146,"column":22},"end":{"line":163,"column":3}},"75":{"start":{"line":147,"column":4},"end":{"line":147,"column":27}},"76":{"start":{"line":148,"column":4},"end":{"line":148,"column":21}},"77":{"start":{"line":149,"column":4},"end":{"line":162,"column":5}},"78":{"start":{"line":150,"column":22},"end":{"line":155,"column":7}},"79":{"start":{"line":156,"column":6},"end":{"line":156,"column":89}},"80":{"start":{"line":156,"column":39},"end":{"line":156,"column":89}},"81":{"start":{"line":157,"column":6},"end":{"line":157,"column":84}},"82":{"start":{"line":158,"column":6},"end":{"line":158,"column":59}},"83":{"start":{"line":159,"column":6},"end":{"line":159,"column":38}},"84":{"start":{"line":161,"column":6},"end":{"line":161,"column":69}},"85":{"start":{"line":165,"column":2},"end":{"line":172,"column":3}},"86":{"start":{"line":166,"column":4},"end":{"line":171,"column":6}},"87":{"start":{"line":174,"column":2},"end":{"line":181,"column":3}},"88":{"start":{"line":175,"column":4},"end":{"line":180,"column":6}},"89":{"start":{"line":183,"column":17},"end":{"line":183,"column":84}},"90":{"start":{"line":184,"column":19},"end":{"line":184,"column":69}},"91":{"start":{"line":185,"column":17},"end":{"line":185,"column":37}},"92":{"start":{"line":187,"column":2},"end":{"line":539,"column":4}},"93":{"start":{"line":208,"column":31},"end":{"line":208,"column":54}},"94":{"start":{"line":218,"column":31},"end":{"line":218,"column":52}},"95":{"start":{"line":316,"column":18},"end":{"line":321,"column":23}},"96":{"start":{"line":337,"column":31},"end":{"line":337,"column":64}},"97":{"start":{"line":342,"column":16},"end":{"line":344,"column":25}},"98":{"start":{"line":370,"column":18},"end":{"line":381,"column":23}},"99":{"start":{"line":401,"column":33},"end":{"line":401,"column":89}},"100":{"start":{"line":413,"column":33},"end":{"line":413,"column":91}},"101":{"start":{"line":422,"column":33},"end":{"line":422,"column":99}},"102":{"start":{"line":426,"column":18},"end":{"line":428,"column":27}},"103":{"start":{"line":436,"column":33},"end":{"line":436,"column":90}},"104":{"start":{"line":444,"column":33},"end":{"line":444,"column":88}},"105":{"start":{"line":449,"column":18},"end":{"line":451,"column":27}},"106":{"start":{"line":459,"column":33},"end":{"line":459,"column":96}},"107":{"start":{"line":480,"column":33},"end":{"line":480,"column":85}},"108":{"start":{"line":492,"column":33},"end":{"line":492,"column":86}},"109":{"start":{"line":505,"column":33},"end":{"line":505,"column":91}},"110":{"start":{"line":513,"column":33},"end":{"line":513,"column":89}},"111":{"start":{"line":516,"column":51},"end":{"line":516,"column":97}},"112":{"start":{"line":517,"column":18},"end":{"line":519,"column":27}},"113":{"start":{"line":527,"column":33},"end":{"line":527,"column":86}}},"fnMap":{"0":{"name":"(anonymous_0)","decl":{"start":{"line":15,"column":14},"end":{"line":15,"column":15}},"loc":{"start":{"line":16,"column":2},"end":{"line":19,"column":6}},"line":16},"1":{"name":"(anonymous_1)","decl":{"start":{"line":21,"column":18},"end":{"line":21,"column":19}},"loc":{"start":{"line":21,"column":29},"end":{"line":24,"column":1}},"line":21},"2":{"name":"(anonymous_2)","decl":{"start":{"line":26,"column":20},"end":{"line":26,"column":21}},"loc":{"start":{"line":26,"column":27},"end":{"line":28,"column":1}},"line":26},"3":{"name":"asList","decl":{"start":{"line":30,"column":9},"end":{"line":30,"column":15}},"loc":{"start":{"line":30,"column":22},"end":{"line":32,"column":1}},"line":30},"4":{"name":"Accounting","decl":{"start":{"line":34,"column":24},"end":{"line":34,"column":34}},"loc":{"start":{"line":34,"column":37},"end":{"line":540,"column":1}},"line":34},"5":{"name":"(anonymous_5)","decl":{"start":{"line":60,"column":22},"end":{"line":60,"column":23}},"loc":{"start":{"line":60,"column":54},"end":{"line":71,"column":3}},"line":60},"6":{"name":"(anonymous_6)","decl":{"start":{"line":73,"column":18},"end":{"line":73,"column":19}},"loc":{"start":{"line":73,"column":30},"end":{"line":82,"column":3}},"line":73},"7":{"name":"(anonymous_7)","decl":{"start":{"line":76,"column":67},"end":{"line":76,"column":68}},"loc":{"start":{"line":76,"column":74},"end":{"line":76,"column":96}},"line":76},"8":{"name":"(anonymous_8)","decl":{"start":{"line":77,"column":64},"end":{"line":77,"column":65}},"loc":{"start":{"line":77,"column":71},"end":{"line":77,"column":83}},"line":77},"9":{"name":"(anonymous_9)","decl":{"start":{"line":84,"column":12},"end":{"line":84,"column":13}},"loc":{"start":{"line":84,"column":18},"end":{"line":92,"column":3}},"line":84},"10":{"name":"(anonymous_10)","decl":{"start":{"line":86,"column":62},"end":{"line":86,"column":63}},"loc":{"start":{"line":86,"column":71},"end":{"line":89,"column":5}},"line":86},"11":{"name":"(anonymous_11)","decl":{"start":{"line":94,"column":23},"end":{"line":94,"column":24}},"loc":{"start":{"line":94,"column":29},"end":{"line":98,"column":3}},"line":94},"12":{"name":"(anonymous_12)","decl":{"start":{"line":97,"column":23},"end":{"line":97,"column":24}},"loc":{"start":{"line":97,"column":32},"end":{"line":97,"column":63}},"line":97},"13":{"name":"(anonymous_13)","decl":{"start":{"line":100,"column":29},"end":{"line":100,"column":30}},"loc":{"start":{"line":100,"column":35},"end":{"line":111,"column":3}},"line":100},"14":{"name":"(anonymous_14)","decl":{"start":{"line":102,"column":22},"end":{"line":102,"column":23}},"loc":{"start":{"line":102,"column":36},"end":{"line":109,"column":5}},"line":102},"15":{"name":"(anonymous_15)","decl":{"start":{"line":103,"column":40},"end":{"line":103,"column":41}},"loc":{"start":{"line":103,"column":53},"end":{"line":108,"column":7}},"line":103},"16":{"name":"(anonymous_16)","decl":{"start":{"line":113,"column":21},"end":{"line":113,"column":22}},"loc":{"start":{"line":113,"column":33},"end":{"line":120,"column":3}},"line":113},"17":{"name":"(anonymous_17)","decl":{"start":{"line":122,"column":24},"end":{"line":122,"column":25}},"loc":{"start":{"line":122,"column":41},"end":{"line":144,"column":3}},"line":122},"18":{"name":"(anonymous_18)","decl":{"start":{"line":146,"column":22},"end":{"line":146,"column":23}},"loc":{"start":{"line":146,"column":39},"end":{"line":163,"column":3}},"line":146},"19":{"name":"(anonymous_19)","decl":{"start":{"line":208,"column":24},"end":{"line":208,"column":25}},"loc":{"start":{"line":208,"column":31},"end":{"line":208,"column":54}},"line":208},"20":{"name":"(anonymous_20)","decl":{"start":{"line":218,"column":24},"end":{"line":218,"column":25}},"loc":{"start":{"line":218,"column":31},"end":{"line":218,"column":52}},"line":218},"21":{"name":"(anonymous_21)","decl":{"start":{"line":315,"column":43},"end":{"line":315,"column":44}},"loc":{"start":{"line":316,"column":18},"end":{"line":321,"column":23}},"line":316},"22":{"name":"(anonymous_22)","decl":{"start":{"line":337,"column":24},"end":{"line":337,"column":25}},"loc":{"start":{"line":337,"column":31},"end":{"line":337,"column":64}},"line":337},"23":{"name":"(anonymous_23)","decl":{"start":{"line":341,"column":38},"end":{"line":341,"column":39}},"loc":{"start":{"line":342,"column":16},"end":{"line":344,"column":25}},"line":342},"24":{"name":"(anonymous_24)","decl":{"start":{"line":369,"column":26},"end":{"line":369,"column":27}},"loc":{"start":{"line":370,"column":18},"end":{"line":381,"column":23}},"line":370},"25":{"name":"(anonymous_25)","decl":{"start":{"line":401,"column":26},"end":{"line":401,"column":27}},"loc":{"start":{"line":401,"column":33},"end":{"line":401,"column":89}},"line":401},"26":{"name":"(anonymous_26)","decl":{"start":{"line":413,"column":26},"end":{"line":413,"column":27}},"loc":{"start":{"line":413,"column":33},"end":{"line":413,"column":91}},"line":413},"27":{"name":"(anonymous_27)","decl":{"start":{"line":422,"column":26},"end":{"line":422,"column":27}},"loc":{"start":{"line":422,"column":33},"end":{"line":422,"column":99}},"line":422},"28":{"name":"(anonymous_28)","decl":{"start":{"line":425,"column":71},"end":{"line":425,"column":72}},"loc":{"start":{"line":426,"column":18},"end":{"line":428,"column":27}},"line":426},"29":{"name":"(anonymous_29)","decl":{"start":{"line":436,"column":26},"end":{"line":436,"column":27}},"loc":{"start":{"line":436,"column":33},"end":{"line":436,"column":90}},"line":436},"30":{"name":"(anonymous_30)","decl":{"start":{"line":444,"column":26},"end":{"line":444,"column":27}},"loc":{"start":{"line":444,"column":33},"end":{"line":444,"column":88}},"line":444},"31":{"name":"(anonymous_31)","decl":{"start":{"line":448,"column":32},"end":{"line":448,"column":33}},"loc":{"start":{"line":449,"column":18},"end":{"line":451,"column":27}},"line":449},"32":{"name":"(anonymous_32)","decl":{"start":{"line":459,"column":26},"end":{"line":459,"column":27}},"loc":{"start":{"line":459,"column":33},"end":{"line":459,"column":96}},"line":459},"33":{"name":"(anonymous_33)","decl":{"start":{"line":480,"column":26},"end":{"line":480,"column":27}},"loc":{"start":{"line":480,"column":33},"end":{"line":480,"column":85}},"line":480},"34":{"name":"(anonymous_34)","decl":{"start":{"line":492,"column":26},"end":{"line":492,"column":27}},"loc":{"start":{"line":492,"column":33},"end":{"line":492,"column":86}},"line":492},"35":{"name":"(anonymous_35)","decl":{"start":{"line":505,"column":26},"end":{"line":505,"column":27}},"loc":{"start":{"line":505,"column":33},"end":{"line":505,"column":91}},"line":505},"36":{"name":"(anonymous_36)","decl":{"start":{"line":513,"column":26},"end":{"line":513,"column":27}},"loc":{"start":{"line":513,"column":33},"end":{"line":513,"column":89}},"line":513},"37":{"name":"(anonymous_37)","decl":{"start":{"line":516,"column":41},"end":{"line":516,"column":42}},"loc":{"start":{"line":516,"column":51},"end":{"line":516,"column":97}},"line":516},"38":{"name":"(anonymous_38)","decl":{"start":{"line":516,"column":103},"end":{"line":516,"column":104}},"loc":{"start":{"line":517,"column":18},"end":{"line":519,"column":27}},"line":517},"39":{"name":"(anonymous_39)","decl":{"start":{"line":527,"column":26},"end":{"line":527,"column":27}},"loc":{"start":{"line":527,"column":33},"end":{"line":527,"column":86}},"line":527}},"branchMap":{"0":{"loc":{"start":{"line":16,"column":7},"end":{"line":16,"column":25}},"type":"binary-expr","locations":[{"start":{"line":16,"column":7},"end":{"line":16,"column":20}},{"start":{"line":16,"column":24},"end":{"line":16,"column":25}}],"line":16},"1":{"loc":{"start":{"line":22,"column":2},"end":{"line":22,"column":63}},"type":"if","locations":[{"start":{"line":22,"column":2},"end":{"line":22,"column":63}},{"start":{},"end":{}}],"line":22},"2":{"loc":{"start":{"line":22,"column":6},"end":{"line":22,"column":50}},"type":"binary-expr","locations":[{"start":{"line":22,"column":6},"end":{"line":22,"column":19}},{"start":{"line":22,"column":23},"end":{"line":22,"column":50}}],"line":22},"3":{"loc":{"start":{"line":31,"column":9},"end":{"line":31,"column":40}},"type":"cond-expr","locations":[{"start":{"line":31,"column":31},"end":{"line":31,"column":35}},{"start":{"line":31,"column":38},"end":{"line":31,"column":40}}],"line":31},"4":{"loc":{"start":{"line":60,"column":29},"end":{"line":60,"column":49}},"type":"default-arg","locations":[{"start":{"line":60,"column":37},"end":{"line":60,"column":49}}],"line":60},"5":{"loc":{"start":{"line":63,"column":4},"end":{"line":63,"column":51}},"type":"if","locations":[{"start":{"line":63,"column":4},"end":{"line":63,"column":51}},{"start":{},"end":{}}],"line":63},"6":{"loc":{"start":{"line":64,"column":4},"end":{"line":64,"column":45}},"type":"if","locations":[{"start":{"line":64,"column":4},"end":{"line":64,"column":45}},{"start":{},"end":{}}],"line":64},"7":{"loc":{"start":{"line":67,"column":47},"end":{"line":67,"column":65}},"type":"cond-expr","locations":[{"start":{"line":67,"column":52},"end":{"line":67,"column":60}},{"start":{"line":67,"column":63},"end":{"line":67,"column":65}}],"line":67},"8":{"loc":{"start":{"line":80,"column":19},"end":{"line":80,"column":58}},"type":"cond-expr","locations":[{"start":{"line":80,"column":36},"end":{"line":80,"column":43}},{"start":{"line":80,"column":46},"end":{"line":80,"column":58}}],"line":80},"9":{"loc":{"start":{"line":87,"column":6},"end":{"line":88,"column":76}},"type":"if","locations":[{"start":{"line":87,"column":6},"end":{"line":88,"column":76}},{"start":{"line":88,"column":11},"end":{"line":88,"column":76}}],"line":87},"10":{"loc":{"start":{"line":88,"column":20},"end":{"line":88,"column":74}},"type":"binary-expr","locations":[{"start":{"line":88,"column":20},"end":{"line":88,"column":43}},{"start":{"line":88,"column":47},"end":{"line":88,"column":74}}],"line":88},"11":{"loc":{"start":{"line":96,"column":4},"end":{"line":96,"column":37}},"type":"if","locations":[{"start":{"line":96,"column":4},"end":{"line":96,"column":37}},{"start":{},"end":{}}],"line":96},"12":{"loc":{"start":{"line":103,"column":7},"end":{"line":103,"column":30}},"type":"binary-expr","locations":[{"start":{"line":103,"column":7},"end":{"line":103,"column":24}},{"start":{"line":103,"column":28},"end":{"line":103,"column":30}}],"line":103},"13":{"loc":{"start":{"line":106,"column":20},"end":{"line":106,"column":47}},"type":"binary-expr","locations":[{"start":{"line":106,"column":20},"end":{"line":106,"column":33}},{"start":{"line":106,"column":37},"end":{"line":106,"column":47}}],"line":106},"14":{"loc":{"start":{"line":106,"column":53},"end":{"line":106,"column":74}},"type":"binary-expr","locations":[{"start":{"line":106,"column":53},"end":{"line":106,"column":65}},{"start":{"line":106,"column":69},"end":{"line":106,"column":74}}],"line":106},"15":{"loc":{"start":{"line":118,"column":15},"end":{"line":118,"column":69}},"type":"binary-expr","locations":[{"start":{"line":118,"column":15},"end":{"line":118,"column":38}},{"start":{"line":118,"column":42},"end":{"line":118,"column":69}}],"line":118},"16":{"loc":{"start":{"line":133,"column":6},"end":{"line":137,"column":7}},"type":"if","locations":[{"start":{"line":133,"column":6},"end":{"line":137,"column":7}},{"start":{},"end":{}}],"line":133},"17":{"loc":{"start":{"line":142,"column":19},"end":{"line":142,"column":70}},"type":"binary-expr","locations":[{"start":{"line":142,"column":19},"end":{"line":142,"column":42}},{"start":{"line":142,"column":46},"end":{"line":142,"column":70}}],"line":142},"18":{"loc":{"start":{"line":156,"column":6},"end":{"line":156,"column":89}},"type":"if","locations":[{"start":{"line":156,"column":6},"end":{"line":156,"column":89}},{"start":{},"end":{}}],"line":156},"19":{"loc":{"start":{"line":161,"column":19},"end":{"line":161,"column":67}},"type":"binary-expr","locations":[{"start":{"line":161,"column":19},"end":{"line":161,"column":42}},{"start":{"line":161,"column":46},"end":{"line":161,"column":67}}],"line":161},"20":{"loc":{"start":{"line":165,"column":2},"end":{"line":172,"column":3}},"type":"if","locations":[{"start":{"line":165,"column":2},"end":{"line":172,"column":3}},{"start":{},"end":{}}],"line":165},"21":{"loc":{"start":{"line":165,"column":6},"end":{"line":165,"column":23}},"type":"binary-expr","locations":[{"start":{"line":165,"column":6},"end":{"line":165,"column":11}},{"start":{"line":165,"column":15},"end":{"line":165,"column":23}}],"line":165},"22":{"loc":{"start":{"line":174,"column":2},"end":{"line":181,"column":3}},"type":"if","locations":[{"start":{"line":174,"column":2},"end":{"line":181,"column":3}},{"start":{},"end":{}}],"line":174},"23":{"loc":{"start":{"line":183,"column":17},"end":{"line":183,"column":84}},"type":"binary-expr","locations":[{"start":{"line":183,"column":17},"end":{"line":183,"column":31}},{"start":{"line":183,"column":35},"end":{"line":183,"column":84}}],"line":183},"24":{"loc":{"start":{"line":184,"column":19},"end":{"line":184,"column":69}},"type":"binary-expr","locations":[{"start":{"line":184,"column":19},"end":{"line":184,"column":35}},{"start":{"line":184,"column":39},"end":{"line":184,"column":69}}],"line":184},"25":{"loc":{"start":{"line":185,"column":17},"end":{"line":185,"column":37}},"type":"binary-expr","locations":[{"start":{"line":185,"column":17},"end":{"line":185,"column":31}},{"start":{"line":185,"column":35},"end":{"line":185,"column":37}}],"line":185},"26":{"loc":{"start":{"line":226,"column":9},"end":{"line":226,"column":76}},"type":"cond-expr","locations":[{"start":{"line":226,"column":17},"end":{"line":226,"column":69}},{"start":{"line":226,"column":72},"end":{"line":226,"column":76}}],"line":226},"27":{"loc":{"start":{"line":295,"column":15},"end":{"line":295,"column":115}},"type":"cond-expr","locations":[{"start":{"line":295,"column":51},"end":{"line":295,"column":54}},{"start":{"line":295,"column":57},"end":{"line":295,"column":115}}],"line":295},"28":{"loc":{"start":{"line":301,"column":7},"end":{"line":327,"column":14}},"type":"cond-expr","locations":[{"start":{"line":302,"column":8},"end":{"line":326,"column":14}},{"start":{"line":327,"column":10},"end":{"line":327,"column":14}}],"line":301},"29":{"loc":{"start":{"line":317,"column":47},"end":{"line":317,"column":67}},"type":"binary-expr","locations":[{"start":{"line":317,"column":47},"end":{"line":317,"column":55}},{"start":{"line":317,"column":59},"end":{"line":317,"column":67}}],"line":317},"30":{"loc":{"start":{"line":349,"column":9},"end":{"line":386,"column":9}},"type":"cond-expr","locations":[{"start":{"line":350,"column":10},"end":{"line":350,"column":56}},{"start":{"line":352,"column":10},"end":{"line":385,"column":16}}],"line":349},"31":{"loc":{"start":{"line":370,"column":30},"end":{"line":370,"column":62}},"type":"binary-expr","locations":[{"start":{"line":370,"column":30},"end":{"line":370,"column":43}},{"start":{"line":370,"column":47},"end":{"line":370,"column":62}}],"line":370},"32":{"loc":{"start":{"line":373,"column":47},"end":{"line":373,"column":77}},"type":"binary-expr","locations":[{"start":{"line":373,"column":47},"end":{"line":373,"column":59}},{"start":{"line":373,"column":63},"end":{"line":373,"column":77}}],"line":373},"33":{"loc":{"start":{"line":380,"column":62},"end":{"line":380,"column":92}},"type":"binary-expr","locations":[{"start":{"line":380,"column":62},"end":{"line":380,"column":78}},{"start":{"line":380,"column":82},"end":{"line":380,"column":92}}],"line":380},"34":{"loc":{"start":{"line":425,"column":18},"end":{"line":425,"column":65}},"type":"cond-expr","locations":[{"start":{"line":425,"column":39},"end":{"line":425,"column":50}},{"start":{"line":425,"column":53},"end":{"line":425,"column":65}}],"line":425},"35":{"loc":{"start":{"line":537,"column":7},"end":{"line":537,"column":74}},"type":"cond-expr","locations":[{"start":{"line":537,"column":19},"end":{"line":537,"column":67}},{"start":{"line":537,"column":70},"end":{"line":537,"column":74}}],"line":537}},"s":{"0":1,"1":237,"2":1,"3":9,"4":3,"5":6,"6":1,"7":4,"8":23,"9":12,"10":12,"11":12,"12":12,"13":12,"14":12,"15":12,"16":12,"17":12,"18":12,"19":12,"20":12,"21":4,"22":4,"23":4,"24":4,"25":4,"26":4,"27":4,"28":4,"29":4,"30":12,"31":3,"32":3,"33":0,"34":0,"35":3,"36":3,"37":3,"38":12,"39":3,"40":3,"41":0,"42":0,"43":0,"44":12,"45":8,"46":8,"47":7,"48":1,"49":2,"50":12,"51":6,"52":6,"53":0,"54":0,"55":6,"56":12,"57":0,"58":0,"59":0,"60":0,"61":12,"62":1,"63":1,"64":1,"65":1,"66":1,"67":0,"68":0,"69":0,"70":1,"71":1,"72":1,"73":0,"74":12,"75":0,"76":0,"77":0,"78":0,"79":0,"80":0,"81":0,"82":0,"83":0,"84":0,"85":12,"86":0,"87":12,"88":3,"89":9,"90":9,"91":9,"92":9,"93":0,"94":0,"95":6,"96":1,"97":27,"98":10,"99":0,"100":3,"101":0,"102":30,"103":0,"104":0,"105":0,"106":0,"107":0,"108":0,"109":0,"110":0,"111":54,"112":18,"113":0},"f":{"0":237,"1":9,"2":4,"3":23,"4":12,"5":4,"6":3,"7":0,"8":0,"9":3,"10":0,"11":8,"12":2,"13":6,"14":0,"15":0,"16":0,"17":1,"18":0,"19":0,"20":0,"21":6,"22":1,"23":27,"24":10,"25":0,"26":3,"27":0,"28":30,"29":0,"30":0,"31":0,"32":0,"33":0,"34":0,"35":0,"36":0,"37":54,"38":18,"39":0},"b":{"0":[237,75],"1":[3,6],"2":[9,6],"3":[18,5],"4":[0],"5":[4,0],"6":[4,0],"7":[4,0],"8":[1,2],"9":[0,0],"10":[0,0],"11":[7,1],"12":[0,0],"13":[0,0],"14":[0,0],"15":[0,0],"16":[0,1],"17":[0,0],"18":[0,0],"19":[0,0],"20":[0,12],"21":[12,0],"22":[3,9],"23":[9,1],"24":[9,1],"25":[9,1],"26":[0,9],"27":[3,6],"28":[6,3],"29":[6,0],"30":[0,9],"31":[10,10],"32":[10,1],"33":[10,1],"34":[9,0],"35":[0,9]},"_coverageSchema":"1a1c01bbd47fc00a2c39e90264f33305004495a9","hash":"2f9176a12bff0eb9396d701e95fd415d911a02d0"}
,"F:\\AI Projects\\handyman-tracker\\src\\components\\AuthShell.jsx": {"path":"F:\\AI Projects\\handyman-tracker\\src\\components\\AuthShell.jsx","statementMap":{"0":{"start":{"line":16,"column":2},"end":{"line":51,"column":4}}},"fnMap":{"0":{"name":"AuthShell","decl":{"start":{"line":8,"column":24},"end":{"line":8,"column":33}},"loc":{"start":{"line":15,"column":3},"end":{"line":52,"column":1}},"line":15}},"branchMap":{"0":{"loc":{"start":{"line":39,"column":11},"end":{"line":43,"column":18}},"type":"cond-expr","locations":[{"start":{"line":40,"column":12},"end":{"line":42,"column":16}},{"start":{"line":43,"column":14},"end":{"line":43,"column":18}}],"line":39},"1":{"loc":{"start":{"line":45,"column":11},"end":{"line":45,"column":104}},"type":"cond-expr","locations":[{"start":{"line":45,"column":22},"end":{"line":45,"column":97}},{"start":{"line":45,"column":100},"end":{"line":45,"column":104}}],"line":45}},"s":{"0":666},"f":{"0":666},"b":{"0":[666,0],"1":[666,0]},"_coverageSchema":"1a1c01bbd47fc00a2c39e90264f33305004495a9","hash":"e8a88497db9b2d0a64945a10c463ad8c200c6544"}
,"F:\\AI Projects\\handyman-tracker\\src\\components\\BarcodeScanner.jsx": {"path":"F:\\AI Projects\\handyman-tracker\\src\\components\\BarcodeScanner.jsx","statementMap":{"0":{"start":{"line":5,"column":2},"end":{"line":5,"column":39}},"1":{"start":{"line":5,"column":32},"end":{"line":5,"column":39}},"2":{"start":{"line":6,"column":19},"end":{"line":9,"column":3}},"3":{"start":{"line":7,"column":10},"end":{"line":7,"column":77}},"4":{"start":{"line":8,"column":10},"end":{"line":8,"column":61}},"5":{"start":{"line":10,"column":2},"end":{"line":17,"column":3}},"6":{"start":{"line":11,"column":4},"end":{"line":16,"column":5}},"7":{"start":{"line":12,"column":6},"end":{"line":12,"column":18}},"8":{"start":{"line":13,"column":6},"end":{"line":13,"column":13}},"9":{"start":{"line":22,"column":2},"end":{"line":22,"column":39}},"10":{"start":{"line":22,"column":32},"end":{"line":22,"column":39}},"11":{"start":{"line":23,"column":19},"end":{"line":26,"column":3}},"12":{"start":{"line":24,"column":10},"end":{"line":24,"column":78}},"13":{"start":{"line":25,"column":10},"end":{"line":25,"column":62}},"14":{"start":{"line":27,"column":2},"end":{"line":34,"column":3}},"15":{"start":{"line":28,"column":4},"end":{"line":33,"column":5}},"16":{"start":{"line":29,"column":6},"end":{"line":29,"column":18}},"17":{"start":{"line":30,"column":6},"end":{"line":30,"column":13}},"18":{"start":{"line":38,"column":2},"end":{"line":38,"column":87}},"19":{"start":{"line":38,"column":80},"end":{"line":38,"column":87}},"20":{"start":{"line":39,"column":12},"end":{"line":39,"column":64}},"21":{"start":{"line":40,"column":2},"end":{"line":48,"column":3}},"22":{"start":{"line":41,"column":4},"end":{"line":41,"column":62}},"23":{"start":{"line":43,"column":4},"end":{"line":47,"column":5}},"24":{"start":{"line":44,"column":6},"end":{"line":44,"column":48}},"25":{"start":{"line":52,"column":2},"end":{"line":52,"column":32}},"26":{"start":{"line":52,"column":20},"end":{"line":52,"column":32}},"27":{"start":{"line":53,"column":2},"end":{"line":55,"column":3}},"28":{"start":{"line":54,"column":4},"end":{"line":54,"column":51}},"29":{"start":{"line":56,"column":2},"end":{"line":59,"column":3}},"30":{"start":{"line":57,"column":19},"end":{"line":57,"column":42}},"31":{"start":{"line":58,"column":4},"end":{"line":58,"column":71}},"32":{"start":{"line":58,"column":30},"end":{"line":58,"column":48}},"33":{"start":{"line":60,"column":2},"end":{"line":60,"column":14}},"34":{"start":{"line":64,"column":30},"end":{"line":64,"column":44}},"35":{"start":{"line":65,"column":40},"end":{"line":65,"column":52}},"36":{"start":{"line":66,"column":36},"end":{"line":66,"column":51}},"37":{"start":{"line":67,"column":19},"end":{"line":67,"column":31}},"38":{"start":{"line":68,"column":20},"end":{"line":68,"column":32}},"39":{"start":{"line":69,"column":34},"end":{"line":69,"column":49}},"40":{"start":{"line":70,"column":22},"end":{"line":70,"column":35}},"41":{"start":{"line":71,"column":27},"end":{"line":71,"column":39}},"42":{"start":{"line":72,"column":24},"end":{"line":72,"column":36}},"43":{"start":{"line":73,"column":26},"end":{"line":73,"column":35}},"44":{"start":{"line":76,"column":62},"end":{"line":76,"column":73}},"45":{"start":{"line":77,"column":2},"end":{"line":77,"column":51}},"46":{"start":{"line":78,"column":34},"end":{"line":78,"column":48}},"47":{"start":{"line":79,"column":38},"end":{"line":79,"column":52}},"48":{"start":{"line":81,"column":2},"end":{"line":87,"column":9}},"49":{"start":{"line":82,"column":4},"end":{"line":86,"column":5}},"50":{"start":{"line":83,"column":6},"end":{"line":83,"column":55}},"51":{"start":{"line":85,"column":6},"end":{"line":85,"column":80}},"52":{"start":{"line":89,"column":2},"end":{"line":97,"column":15}},"53":{"start":{"line":90,"column":18},"end":{"line":90,"column":34}},"54":{"start":{"line":91,"column":4},"end":{"line":91,"column":34}},"55":{"start":{"line":91,"column":27},"end":{"line":91,"column":34}},"56":{"start":{"line":92,"column":4},"end":{"line":92,"column":29}},"57":{"start":{"line":93,"column":4},"end":{"line":93,"column":57}},"58":{"start":{"line":94,"column":4},"end":{"line":96,"column":6}},"59":{"start":{"line":95,"column":6},"end":{"line":95,"column":29}},"60":{"start":{"line":99,"column":2},"end":{"line":127,"column":15}},"61":{"start":{"line":100,"column":4},"end":{"line":105,"column":5}},"62":{"start":{"line":101,"column":6},"end":{"line":101,"column":35}},"63":{"start":{"line":102,"column":6},"end":{"line":102,"column":24}},"64":{"start":{"line":103,"column":6},"end":{"line":103,"column":26}},"65":{"start":{"line":104,"column":6},"end":{"line":104,"column":13}},"66":{"start":{"line":106,"column":18},"end":{"line":106,"column":49}},"67":{"start":{"line":107,"column":4},"end":{"line":107,"column":42}},"68":{"start":{"line":108,"column":4},"end":{"line":112,"column":5}},"69":{"start":{"line":109,"column":6},"end":{"line":109,"column":24}},"70":{"start":{"line":110,"column":6},"end":{"line":110,"column":26}},"71":{"start":{"line":111,"column":6},"end":{"line":111,"column":13}},"72":{"start":{"line":113,"column":17},"end":{"line":113,"column":46}},"73":{"start":{"line":114,"column":4},"end":{"line":125,"column":5}},"74":{"start":{"line":115,"column":6},"end":{"line":115,"column":29}},"75":{"start":{"line":116,"column":6},"end":{"line":121,"column":9}},"76":{"start":{"line":117,"column":8},"end":{"line":119,"column":9}},"77":{"start":{"line":118,"column":10},"end":{"line":118,"column":72}},"78":{"start":{"line":120,"column":8},"end":{"line":120,"column":29}},"79":{"start":{"line":123,"column":6},"end":{"line":123,"column":24}},"80":{"start":{"line":124,"column":6},"end":{"line":124,"column":26}},"81":{"start":{"line":126,"column":4},"end":{"line":126,"column":40}},"82":{"start":{"line":129,"column":2},"end":{"line":133,"column":37}},"83":{"start":{"line":130,"column":18},"end":{"line":130,"column":39}},"84":{"start":{"line":131,"column":4},"end":{"line":131,"column":58}},"85":{"start":{"line":131,"column":51},"end":{"line":131,"column":58}},"86":{"start":{"line":132,"column":4},"end":{"line":132,"column":57}},"87":{"start":{"line":135,"column":24},"end":{"line":139,"column":8}},"88":{"start":{"line":136,"column":18},"end":{"line":136,"column":39}},"89":{"start":{"line":137,"column":4},"end":{"line":137,"column":40}},"90":{"start":{"line":138,"column":4},"end":{"line":138,"column":40}},"91":{"start":{"line":141,"column":22},"end":{"line":161,"column":3}},"92":{"start":{"line":142,"column":4},"end":{"line":160,"column":5}},"93":{"start":{"line":143,"column":26},"end":{"line":149,"column":8}},"94":{"start":{"line":151,"column":6},"end":{"line":151,"column":29}},"95":{"start":{"line":153,"column":6},"end":{"line":155,"column":7}},"96":{"start":{"line":154,"column":8},"end":{"line":154,"column":32}},"97":{"start":{"line":157,"column":6},"end":{"line":157,"column":52}},"98":{"start":{"line":158,"column":6},"end":{"line":158,"column":88}},"99":{"start":{"line":159,"column":6},"end":{"line":159,"column":25}},"100":{"start":{"line":163,"column":32},"end":{"line":236,"column":3}},"101":{"start":{"line":164,"column":4},"end":{"line":164,"column":47}},"102":{"start":{"line":164,"column":40},"end":{"line":164,"column":47}},"103":{"start":{"line":166,"column":4},"end":{"line":235,"column":5}},"104":{"start":{"line":167,"column":30},"end":{"line":169,"column":8}},"105":{"start":{"line":171,"column":6},"end":{"line":171,"column":24}},"106":{"start":{"line":172,"column":6},"end":{"line":172,"column":33}},"107":{"start":{"line":174,"column":28},"end":{"line":230,"column":7}},"108":{"start":{"line":175,"column":8},"end":{"line":175,"column":41}},"109":{"start":{"line":175,"column":34},"end":{"line":175,"column":41}},"110":{"start":{"line":176,"column":22},"end":{"line":176,"column":38}},"111":{"start":{"line":177,"column":8},"end":{"line":180,"column":9}},"112":{"start":{"line":178,"column":10},"end":{"line":178,"column":68}},"113":{"start":{"line":179,"column":10},"end":{"line":179,"column":17}},"114":{"start":{"line":182,"column":8},"end":{"line":185,"column":9}},"115":{"start":{"line":183,"column":10},"end":{"line":183,"column":68}},"116":{"start":{"line":184,"column":10},"end":{"line":184,"column":17}},"117":{"start":{"line":187,"column":8},"end":{"line":225,"column":9}},"118":{"start":{"line":188,"column":25},"end":{"line":188,"column":42}},"119":{"start":{"line":189,"column":22},"end":{"line":189,"column":45}},"120":{"start":{"line":190,"column":23},"end":{"line":190,"column":28}},"121":{"start":{"line":192,"column":10},"end":{"line":213,"column":11}},"122":{"start":{"line":193,"column":23},"end":{"line":193,"column":39}},"123":{"start":{"line":194,"column":23},"end":{"line":194,"column":40}},"124":{"start":{"line":195,"column":26},"end":{"line":195,"column":34}},"125":{"start":{"line":196,"column":26},"end":{"line":196,"column":34}},"126":{"start":{"line":197,"column":23},"end":{"line":197,"column":39}},"127":{"start":{"line":198,"column":23},"end":{"line":198,"column":39}},"128":{"start":{"line":199,"column":28},"end":{"line":199,"column":32}},"129":{"start":{"line":200,"column":23},"end":{"line":200,"column":25}},"130":{"start":{"line":201,"column":23},"end":{"line":201,"column":25}},"131":{"start":{"line":202,"column":12},"end":{"line":205,"column":13}},"132":{"start":{"line":203,"column":14},"end":{"line":203,"column":57}},"133":{"start":{"line":204,"column":14},"end":{"line":204,"column":29}},"134":{"start":{"line":206,"column":12},"end":{"line":206,"column":32}},"135":{"start":{"line":207,"column":12},"end":{"line":207,"column":33}},"136":{"start":{"line":208,"column":24},"end":{"line":208,"column":47}},"137":{"start":{"line":209,"column":12},"end":{"line":212,"column":13}},"138":{"start":{"line":210,"column":14},"end":{"line":210,"column":75}},"139":{"start":{"line":211,"column":14},"end":{"line":211,"column":30}},"140":{"start":{"line":215,"column":27},"end":{"line":215,"column":63}},"141":{"start":{"line":217,"column":10},"end":{"line":222,"column":11}},"142":{"start":{"line":218,"column":28},"end":{"line":218,"column":39}},"143":{"start":{"line":219,"column":12},"end":{"line":219,"column":63}},"144":{"start":{"line":220,"column":12},"end":{"line":220,"column":52}},"145":{"start":{"line":221,"column":12},"end":{"line":221,"column":19}},"146":{"start":{"line":227,"column":8},"end":{"line":229,"column":9}},"147":{"start":{"line":228,"column":10},"end":{"line":228,"column":68}},"148":{"start":{"line":232,"column":6},"end":{"line":232,"column":22}},"149":{"start":{"line":234,"column":6},"end":{"line":234,"column":53}},"150":{"start":{"line":238,"column":21},"end":{"line":249,"column":3}},"151":{"start":{"line":239,"column":4},"end":{"line":239,"column":23}},"152":{"start":{"line":240,"column":4},"end":{"line":240,"column":32}},"153":{"start":{"line":241,"column":4},"end":{"line":244,"column":5}},"154":{"start":{"line":242,"column":6},"end":{"line":242,"column":45}},"155":{"start":{"line":243,"column":6},"end":{"line":243,"column":38}},"156":{"start":{"line":245,"column":4},"end":{"line":248,"column":5}},"157":{"start":{"line":246,"column":6},"end":{"line":246,"column":58}},"158":{"start":{"line":246,"column":44},"end":{"line":246,"column":56}},"159":{"start":{"line":247,"column":6},"end":{"line":247,"column":22}},"160":{"start":{"line":251,"column":32},"end":{"line":255,"column":3}},"161":{"start":{"line":252,"column":4},"end":{"line":252,"column":17}},"162":{"start":{"line":253,"column":4},"end":{"line":253,"column":17}},"163":{"start":{"line":254,"column":4},"end":{"line":254,"column":14}},"164":{"start":{"line":257,"column":29},"end":{"line":264,"column":3}},"165":{"start":{"line":258,"column":4},"end":{"line":261,"column":5}},"166":{"start":{"line":259,"column":6},"end":{"line":259,"column":45}},"167":{"start":{"line":260,"column":6},"end":{"line":260,"column":13}},"168":{"start":{"line":262,"column":4},"end":{"line":262,"column":31}},"169":{"start":{"line":263,"column":4},"end":{"line":263,"column":14}},"170":{"start":{"line":266,"column":22},"end":{"line":269,"column":3}},"171":{"start":{"line":267,"column":4},"end":{"line":267,"column":17}},"172":{"start":{"line":268,"column":4},"end":{"line":268,"column":14}},"173":{"start":{"line":271,"column":2},"end":{"line":451,"column":4}},"174":{"start":{"line":286,"column":27},"end":{"line":286,"column":46}},"175":{"start":{"line":297,"column":14},"end":{"line":297,"column":33}},"176":{"start":{"line":298,"column":14},"end":{"line":298,"column":27}},"177":{"start":{"line":361,"column":41},"end":{"line":361,"column":94}},"178":{"start":{"line":385,"column":43},"end":{"line":385,"column":84}},"179":{"start":{"line":418,"column":35},"end":{"line":418,"column":65}},"180":{"start":{"line":419,"column":36},"end":{"line":419,"column":77}}},"fnMap":{"0":{"name":"tryApplyContinuousFocus","decl":{"start":{"line":4,"column":15},"end":{"line":4,"column":38}},"loc":{"start":{"line":4,"column":46},"end":{"line":18,"column":1}},"line":4},"1":{"name":"(anonymous_1)","decl":{"start":{"line":7,"column":4},"end":{"line":7,"column":5}},"loc":{"start":{"line":7,"column":10},"end":{"line":7,"column":77}},"line":7},"2":{"name":"(anonymous_2)","decl":{"start":{"line":8,"column":4},"end":{"line":8,"column":5}},"loc":{"start":{"line":8,"column":10},"end":{"line":8,"column":61}},"line":8},"3":{"name":"tryApplySingleShotFocus","decl":{"start":{"line":21,"column":15},"end":{"line":21,"column":38}},"loc":{"start":{"line":21,"column":46},"end":{"line":35,"column":1}},"line":21},"4":{"name":"(anonymous_4)","decl":{"start":{"line":24,"column":4},"end":{"line":24,"column":5}},"loc":{"start":{"line":24,"column":10},"end":{"line":24,"column":78}},"line":24},"5":{"name":"(anonymous_5)","decl":{"start":{"line":25,"column":4},"end":{"line":25,"column":5}},"loc":{"start":{"line":25,"column":10},"end":{"line":25,"column":62}},"line":25},"6":{"name":"tryApplyCameraZoom","decl":{"start":{"line":37,"column":15},"end":{"line":37,"column":33}},"loc":{"start":{"line":37,"column":57},"end":{"line":49,"column":1}},"line":37},"7":{"name":"getVideoTrackFromStream","decl":{"start":{"line":51,"column":9},"end":{"line":51,"column":32}},"loc":{"start":{"line":51,"column":46},"end":{"line":61,"column":1}},"line":51},"8":{"name":"(anonymous_8)","decl":{"start":{"line":58,"column":23},"end":{"line":58,"column":24}},"loc":{"start":{"line":58,"column":30},"end":{"line":58,"column":48}},"line":58},"9":{"name":"BarcodeScanner","decl":{"start":{"line":63,"column":24},"end":{"line":63,"column":38}},"loc":{"start":{"line":63,"column":84},"end":{"line":452,"column":1}},"line":63},"10":{"name":"(anonymous_10)","decl":{"start":{"line":81,"column":12},"end":{"line":81,"column":13}},"loc":{"start":{"line":81,"column":18},"end":{"line":87,"column":3}},"line":81},"11":{"name":"(anonymous_11)","decl":{"start":{"line":89,"column":12},"end":{"line":89,"column":13}},"loc":{"start":{"line":89,"column":18},"end":{"line":97,"column":3}},"line":89},"12":{"name":"(anonymous_12)","decl":{"start":{"line":93,"column":47},"end":{"line":93,"column":48}},"loc":{"start":{"line":93,"column":53},"end":{"line":93,"column":55}},"line":93},"13":{"name":"(anonymous_13)","decl":{"start":{"line":94,"column":11},"end":{"line":94,"column":12}},"loc":{"start":{"line":94,"column":17},"end":{"line":96,"column":5}},"line":94},"14":{"name":"(anonymous_14)","decl":{"start":{"line":99,"column":12},"end":{"line":99,"column":13}},"loc":{"start":{"line":99,"column":18},"end":{"line":127,"column":3}},"line":99},"15":{"name":"(anonymous_15)","decl":{"start":{"line":116,"column":20},"end":{"line":116,"column":21}},"loc":{"start":{"line":116,"column":30},"end":{"line":121,"column":7}},"line":116},"16":{"name":"(anonymous_16)","decl":{"start":{"line":129,"column":12},"end":{"line":129,"column":13}},"loc":{"start":{"line":129,"column":18},"end":{"line":133,"column":3}},"line":129},"17":{"name":"(anonymous_17)","decl":{"start":{"line":135,"column":36},"end":{"line":135,"column":37}},"loc":{"start":{"line":135,"column":42},"end":{"line":139,"column":3}},"line":135},"18":{"name":"(anonymous_18)","decl":{"start":{"line":141,"column":22},"end":{"line":141,"column":23}},"loc":{"start":{"line":141,"column":34},"end":{"line":161,"column":3}},"line":141},"19":{"name":"(anonymous_19)","decl":{"start":{"line":163,"column":32},"end":{"line":163,"column":33}},"loc":{"start":{"line":163,"column":44},"end":{"line":236,"column":3}},"line":163},"20":{"name":"(anonymous_20)","decl":{"start":{"line":174,"column":28},"end":{"line":174,"column":29}},"loc":{"start":{"line":174,"column":40},"end":{"line":230,"column":7}},"line":174},"21":{"name":"(anonymous_21)","decl":{"start":{"line":238,"column":21},"end":{"line":238,"column":22}},"loc":{"start":{"line":238,"column":27},"end":{"line":249,"column":3}},"line":238},"22":{"name":"(anonymous_22)","decl":{"start":{"line":246,"column":33},"end":{"line":246,"column":34}},"loc":{"start":{"line":246,"column":44},"end":{"line":246,"column":56}},"line":246},"23":{"name":"(anonymous_23)","decl":{"start":{"line":251,"column":32},"end":{"line":251,"column":33}},"loc":{"start":{"line":251,"column":42},"end":{"line":255,"column":3}},"line":251},"24":{"name":"(anonymous_24)","decl":{"start":{"line":257,"column":29},"end":{"line":257,"column":30}},"loc":{"start":{"line":257,"column":35},"end":{"line":264,"column":3}},"line":257},"25":{"name":"(anonymous_25)","decl":{"start":{"line":266,"column":22},"end":{"line":266,"column":23}},"loc":{"start":{"line":266,"column":28},"end":{"line":269,"column":3}},"line":266},"26":{"name":"(anonymous_26)","decl":{"start":{"line":286,"column":21},"end":{"line":286,"column":22}},"loc":{"start":{"line":286,"column":27},"end":{"line":286,"column":46}},"line":286},"27":{"name":"(anonymous_27)","decl":{"start":{"line":296,"column":21},"end":{"line":296,"column":22}},"loc":{"start":{"line":296,"column":27},"end":{"line":299,"column":13}},"line":296},"28":{"name":"(anonymous_28)","decl":{"start":{"line":361,"column":34},"end":{"line":361,"column":35}},"loc":{"start":{"line":361,"column":41},"end":{"line":361,"column":94}},"line":361},"29":{"name":"(anonymous_29)","decl":{"start":{"line":385,"column":36},"end":{"line":385,"column":37}},"loc":{"start":{"line":385,"column":43},"end":{"line":385,"column":84}},"line":385},"30":{"name":"(anonymous_30)","decl":{"start":{"line":418,"column":28},"end":{"line":418,"column":29}},"loc":{"start":{"line":418,"column":35},"end":{"line":418,"column":65}},"line":418},"31":{"name":"(anonymous_31)","decl":{"start":{"line":419,"column":29},"end":{"line":419,"column":30}},"loc":{"start":{"line":419,"column":36},"end":{"line":419,"column":77}},"line":419}},"branchMap":{"0":{"loc":{"start":{"line":5,"column":2},"end":{"line":5,"column":39}},"type":"if","locations":[{"start":{"line":5,"column":2},"end":{"line":5,"column":39}},{"start":{},"end":{}}],"line":5},"1":{"loc":{"start":{"line":22,"column":2},"end":{"line":22,"column":39}},"type":"if","locations":[{"start":{"line":22,"column":2},"end":{"line":22,"column":39}},{"start":{},"end":{}}],"line":22},"2":{"loc":{"start":{"line":38,"column":2},"end":{"line":38,"column":87}},"type":"if","locations":[{"start":{"line":38,"column":2},"end":{"line":38,"column":87}},{"start":{},"end":{}}],"line":38},"3":{"loc":{"start":{"line":38,"column":6},"end":{"line":38,"column":78}},"type":"binary-expr","locations":[{"start":{"line":38,"column":6},"end":{"line":38,"column":30}},{"start":{"line":38,"column":34},"end":{"line":38,"column":50}},{"start":{"line":38,"column":54},"end":{"line":38,"column":78}}],"line":38},"4":{"loc":{"start":{"line":52,"column":2},"end":{"line":52,"column":32}},"type":"if","locations":[{"start":{"line":52,"column":2},"end":{"line":52,"column":32}},{"start":{},"end":{}}],"line":52},"5":{"loc":{"start":{"line":53,"column":2},"end":{"line":55,"column":3}},"type":"if","locations":[{"start":{"line":53,"column":2},"end":{"line":55,"column":3}},{"start":{},"end":{}}],"line":53},"6":{"loc":{"start":{"line":54,"column":11},"end":{"line":54,"column":50}},"type":"binary-expr","locations":[{"start":{"line":54,"column":11},"end":{"line":54,"column":42}},{"start":{"line":54,"column":46},"end":{"line":54,"column":50}}],"line":54},"7":{"loc":{"start":{"line":56,"column":2},"end":{"line":59,"column":3}},"type":"if","locations":[{"start":{"line":56,"column":2},"end":{"line":59,"column":3}},{"start":{},"end":{}}],"line":56},"8":{"loc":{"start":{"line":58,"column":11},"end":{"line":58,"column":70}},"type":"binary-expr","locations":[{"start":{"line":58,"column":11},"end":{"line":58,"column":49}},{"start":{"line":58,"column":53},"end":{"line":58,"column":62}},{"start":{"line":58,"column":66},"end":{"line":58,"column":70}}],"line":58},"9":{"loc":{"start":{"line":63,"column":58},"end":{"line":63,"column":80}},"type":"default-arg","locations":[{"start":{"line":63,"column":66},"end":{"line":63,"column":80}}],"line":63},"10":{"loc":{"start":{"line":82,"column":4},"end":{"line":86,"column":5}},"type":"if","locations":[{"start":{"line":82,"column":4},"end":{"line":86,"column":5}},{"start":{"line":84,"column":11},"end":{"line":86,"column":5}}],"line":82},"11":{"loc":{"start":{"line":91,"column":4},"end":{"line":91,"column":34}},"type":"if","locations":[{"start":{"line":91,"column":4},"end":{"line":91,"column":34}},{"start":{},"end":{}}],"line":91},"12":{"loc":{"start":{"line":91,"column":8},"end":{"line":91,"column":25}},"type":"binary-expr","locations":[{"start":{"line":91,"column":8},"end":{"line":91,"column":15}},{"start":{"line":91,"column":19},"end":{"line":91,"column":25}}],"line":91},"13":{"loc":{"start":{"line":100,"column":4},"end":{"line":105,"column":5}},"type":"if","locations":[{"start":{"line":100,"column":4},"end":{"line":105,"column":5}},{"start":{},"end":{}}],"line":100},"14":{"loc":{"start":{"line":107,"column":28},"end":{"line":107,"column":41}},"type":"binary-expr","locations":[{"start":{"line":107,"column":28},"end":{"line":107,"column":33}},{"start":{"line":107,"column":37},"end":{"line":107,"column":41}}],"line":107},"15":{"loc":{"start":{"line":108,"column":4},"end":{"line":112,"column":5}},"type":"if","locations":[{"start":{"line":108,"column":4},"end":{"line":112,"column":5}},{"start":{},"end":{}}],"line":108},"16":{"loc":{"start":{"line":108,"column":8},"end":{"line":108,"column":61}},"type":"binary-expr","locations":[{"start":{"line":108,"column":8},"end":{"line":108,"column":14}},{"start":{"line":108,"column":18},"end":{"line":108,"column":61}}],"line":108},"17":{"loc":{"start":{"line":113,"column":17},"end":{"line":113,"column":46}},"type":"binary-expr","locations":[{"start":{"line":113,"column":17},"end":{"line":113,"column":40}},{"start":{"line":113,"column":44},"end":{"line":113,"column":46}}],"line":113},"18":{"loc":{"start":{"line":114,"column":4},"end":{"line":125,"column":5}},"type":"if","locations":[{"start":{"line":114,"column":4},"end":{"line":125,"column":5}},{"start":{"line":122,"column":11},"end":{"line":125,"column":5}}],"line":114},"19":{"loc":{"start":{"line":114,"column":8},"end":{"line":114,"column":91}},"type":"binary-expr","locations":[{"start":{"line":114,"column":8},"end":{"line":114,"column":17}},{"start":{"line":114,"column":21},"end":{"line":114,"column":54}},{"start":{"line":114,"column":58},"end":{"line":114,"column":91}}],"line":114},"20":{"loc":{"start":{"line":117,"column":8},"end":{"line":119,"column":9}},"type":"if","locations":[{"start":{"line":117,"column":8},"end":{"line":119,"column":9}},{"start":{},"end":{}}],"line":117},"21":{"loc":{"start":{"line":131,"column":4},"end":{"line":131,"column":58}},"type":"if","locations":[{"start":{"line":131,"column":4},"end":{"line":131,"column":58}},{"start":{},"end":{}}],"line":131},"22":{"loc":{"start":{"line":131,"column":8},"end":{"line":131,"column":49}},"type":"binary-expr","locations":[{"start":{"line":131,"column":8},"end":{"line":131,"column":14}},{"start":{"line":131,"column":18},"end":{"line":131,"column":27}},{"start":{"line":131,"column":31},"end":{"line":131,"column":49}}],"line":131},"23":{"loc":{"start":{"line":153,"column":6},"end":{"line":155,"column":7}},"type":"if","locations":[{"start":{"line":153,"column":6},"end":{"line":155,"column":7}},{"start":{},"end":{}}],"line":153},"24":{"loc":{"start":{"line":164,"column":4},"end":{"line":164,"column":47}},"type":"if","locations":[{"start":{"line":164,"column":4},"end":{"line":164,"column":47}},{"start":{},"end":{}}],"line":164},"25":{"loc":{"start":{"line":175,"column":8},"end":{"line":175,"column":41}},"type":"if","locations":[{"start":{"line":175,"column":8},"end":{"line":175,"column":41}},{"start":{},"end":{}}],"line":175},"26":{"loc":{"start":{"line":177,"column":8},"end":{"line":180,"column":9}},"type":"if","locations":[{"start":{"line":177,"column":8},"end":{"line":180,"column":9}},{"start":{},"end":{}}],"line":177},"27":{"loc":{"start":{"line":182,"column":8},"end":{"line":185,"column":9}},"type":"if","locations":[{"start":{"line":182,"column":8},"end":{"line":185,"column":9}},{"start":{},"end":{}}],"line":182},"28":{"loc":{"start":{"line":192,"column":10},"end":{"line":213,"column":11}},"type":"if","locations":[{"start":{"line":192,"column":10},"end":{"line":213,"column":11}},{"start":{},"end":{}}],"line":192},"29":{"loc":{"start":{"line":192,"column":14},"end":{"line":192,"column":80}},"type":"binary-expr","locations":[{"start":{"line":192,"column":14},"end":{"line":192,"column":21}},{"start":{"line":192,"column":25},"end":{"line":192,"column":31}},{"start":{"line":192,"column":35},"end":{"line":192,"column":55}},{"start":{"line":192,"column":59},"end":{"line":192,"column":80}}],"line":192},"30":{"loc":{"start":{"line":202,"column":12},"end":{"line":205,"column":13}},"type":"if","locations":[{"start":{"line":202,"column":12},"end":{"line":205,"column":13}},{"start":{},"end":{}}],"line":202},"31":{"loc":{"start":{"line":209,"column":12},"end":{"line":212,"column":13}},"type":"if","locations":[{"start":{"line":209,"column":12},"end":{"line":212,"column":13}},{"start":{},"end":{}}],"line":209},"32":{"loc":{"start":{"line":217,"column":10},"end":{"line":222,"column":11}},"type":"if","locations":[{"start":{"line":217,"column":10},"end":{"line":222,"column":11}},{"start":{},"end":{}}],"line":217},"33":{"loc":{"start":{"line":227,"column":8},"end":{"line":229,"column":9}},"type":"if","locations":[{"start":{"line":227,"column":8},"end":{"line":229,"column":9}},{"start":{},"end":{}}],"line":227},"34":{"loc":{"start":{"line":241,"column":4},"end":{"line":244,"column":5}},"type":"if","locations":[{"start":{"line":241,"column":4},"end":{"line":244,"column":5}},{"start":{},"end":{}}],"line":241},"35":{"loc":{"start":{"line":245,"column":4},"end":{"line":248,"column":5}},"type":"if","locations":[{"start":{"line":245,"column":4},"end":{"line":248,"column":5}},{"start":{},"end":{}}],"line":245},"36":{"loc":{"start":{"line":258,"column":4},"end":{"line":261,"column":5}},"type":"if","locations":[{"start":{"line":258,"column":4},"end":{"line":261,"column":5}},{"start":{},"end":{}}],"line":258},"37":{"loc":{"start":{"line":288,"column":14},"end":{"line":290,"column":80}},"type":"cond-expr","locations":[{"start":{"line":289,"column":18},"end":{"line":289,"column":42}},{"start":{"line":290,"column":18},"end":{"line":290,"column":80}}],"line":288},"38":{"loc":{"start":{"line":301,"column":14},"end":{"line":303,"column":80}},"type":"cond-expr","locations":[{"start":{"line":302,"column":18},"end":{"line":302,"column":42}},{"start":{"line":303,"column":18},"end":{"line":303,"column":80}}],"line":301},"39":{"loc":{"start":{"line":311,"column":11},"end":{"line":436,"column":11}},"type":"cond-expr","locations":[{"start":{"line":312,"column":12},"end":{"line":406,"column":18}},{"start":{"line":408,"column":12},"end":{"line":435,"column":18}}],"line":311},"40":{"loc":{"start":{"line":313,"column":15},"end":{"line":403,"column":15}},"type":"cond-expr","locations":[{"start":{"line":314,"column":16},"end":{"line":327,"column":22}},{"start":{"line":329,"column":16},"end":{"line":402,"column":22}}],"line":313},"41":{"loc":{"start":{"line":342,"column":27},"end":{"line":342,"column":84}},"type":"cond-expr","locations":[{"start":{"line":342,"column":38},"end":{"line":342,"column":54}},{"start":{"line":342,"column":57},"end":{"line":342,"column":84}}],"line":342},"42":{"loc":{"start":{"line":369,"column":21},"end":{"line":389,"column":21}},"type":"binary-expr","locations":[{"start":{"line":369,"column":21},"end":{"line":369,"column":37}},{"start":{"line":369,"column":41},"end":{"line":369,"column":59}},{"start":{"line":370,"column":22},"end":{"line":388,"column":28}}],"line":369},"43":{"loc":{"start":{"line":383,"column":32},"end":{"line":383,"column":88}},"type":"cond-expr","locations":[{"start":{"line":383,"column":69},"end":{"line":383,"column":82}},{"start":{"line":383,"column":85},"end":{"line":383,"column":88}}],"line":383},"44":{"loc":{"start":{"line":383,"column":32},"end":{"line":383,"column":66}},"type":"binary-expr","locations":[{"start":{"line":383,"column":32},"end":{"line":383,"column":45}},{"start":{"line":383,"column":49},"end":{"line":383,"column":66}}],"line":383},"45":{"loc":{"start":{"line":419,"column":36},"end":{"line":419,"column":77}},"type":"binary-expr","locations":[{"start":{"line":419,"column":36},"end":{"line":419,"column":53}},{"start":{"line":419,"column":57},"end":{"line":419,"column":77}}],"line":419}},"s":{"0":5,"1":0,"2":5,"3":5,"4":0,"5":5,"6":5,"7":5,"8":5,"9":0,"10":0,"11":0,"12":0,"13":0,"14":0,"15":0,"16":0,"17":0,"18":2,"19":0,"20":2,"21":2,"22":2,"23":0,"24":0,"25":5,"26":0,"27":5,"28":0,"29":5,"30":5,"31":5,"32":5,"33":0,"34":47,"35":47,"36":47,"37":47,"38":47,"39":47,"40":47,"41":47,"42":47,"43":47,"44":47,"45":47,"46":47,"47":47,"48":47,"49":20,"50":20,"51":0,"52":47,"53":26,"54":26,"55":21,"56":5,"57":5,"58":5,"59":5,"60":47,"61":26,"62":21,"63":21,"64":21,"65":21,"66":5,"67":5,"68":5,"69":0,"70":0,"71":0,"72":5,"73":5,"74":1,"75":1,"76":1,"77":0,"78":1,"79":4,"80":4,"81":5,"82":47,"83":28,"84":28,"85":26,"86":2,"87":47,"88":0,"89":0,"90":0,"91":47,"92":7,"93":7,"94":6,"95":6,"96":6,"97":1,"98":1,"99":1,"100":47,"101":6,"102":0,"103":6,"104":6,"105":6,"106":6,"107":6,"108":14,"109":0,"110":14,"111":14,"112":13,"113":13,"114":1,"115":0,"116":0,"117":1,"118":1,"119":1,"120":1,"121":1,"122":0,"123":0,"124":0,"125":0,"126":0,"127":0,"128":0,"129":0,"130":0,"131":0,"132":0,"133":0,"134":0,"135":0,"136":0,"137":0,"138":0,"139":0,"140":1,"141":1,"142":0,"143":0,"144":0,"145":0,"146":1,"147":1,"148":6,"149":0,"150":47,"151":8,"152":8,"153":8,"154":1,"155":1,"156":8,"157":1,"158":1,"159":1,"160":47,"161":0,"162":0,"163":0,"164":47,"165":4,"166":1,"167":1,"168":3,"169":3,"170":47,"171":2,"172":2,"173":47,"174":0,"175":6,"176":6,"177":0,"178":1,"179":3,"180":1},"f":{"0":5,"1":5,"2":0,"3":0,"4":0,"5":0,"6":2,"7":5,"8":5,"9":47,"10":20,"11":26,"12":0,"13":5,"14":26,"15":1,"16":28,"17":0,"18":7,"19":6,"20":14,"21":8,"22":1,"23":0,"24":4,"25":2,"26":0,"27":6,"28":0,"29":1,"30":3,"31":1},"b":{"0":[0,5],"1":[0,0],"2":[0,2],"3":[2,2,2],"4":[0,5],"5":[0,5],"6":[0,0],"7":[5,0],"8":[5,5,0],"9":[46],"10":[20,0],"11":[21,5],"12":[26,5],"13":[21,5],"14":[5,0],"15":[0,5],"16":[5,5],"17":[5,0],"18":[1,4],"19":[5,1,1],"20":[0,1],"21":[26,2],"22":[28,7,2],"23":[6,0],"24":[0,6],"25":[0,14],"26":[13,1],"27":[0,1],"28":[0,1],"29":[1,0,0,0],"30":[0,0],"31":[0,0],"32":[0,1],"33":[1,0],"34":[1,7],"35":[1,7],"36":[1,3],"37":[31,16],"38":[16,31],"39":[31,16],"40":[22,9],"41":[9,0],"42":[9,2,2],"43":[2,0],"44":[2,2],"45":[1,1]},"_coverageSchema":"1a1c01bbd47fc00a2c39e90264f33305004495a9","hash":"1961a304333c0d9b27225921e99b70253b01382d"}
,"F:\\AI Projects\\handyman-tracker\\src\\components\\CameraCapture.jsx": {"path":"F:\\AI Projects\\handyman-tracker\\src\\components\\CameraCapture.jsx","statementMap":{"0":{"start":{"line":4,"column":30},"end":{"line":4,"column":44}},"1":{"start":{"line":5,"column":44},"end":{"line":5,"column":58}},"2":{"start":{"line":6,"column":19},"end":{"line":6,"column":31}},"3":{"start":{"line":7,"column":20},"end":{"line":7,"column":32}},"4":{"start":{"line":9,"column":22},"end":{"line":20,"column":3}},"5":{"start":{"line":10,"column":4},"end":{"line":19,"column":5}},"6":{"start":{"line":11,"column":26},"end":{"line":13,"column":8}},"7":{"start":{"line":15,"column":6},"end":{"line":15,"column":29}},"8":{"start":{"line":17,"column":6},"end":{"line":17,"column":52}},"9":{"start":{"line":18,"column":6},"end":{"line":18,"column":68}},"10":{"start":{"line":23,"column":2},"end":{"line":32,"column":15}},"11":{"start":{"line":24,"column":4},"end":{"line":26,"column":5}},"12":{"start":{"line":25,"column":6},"end":{"line":25,"column":42}},"13":{"start":{"line":27,"column":4},"end":{"line":31,"column":6}},"14":{"start":{"line":28,"column":6},"end":{"line":30,"column":7}},"15":{"start":{"line":29,"column":8},"end":{"line":29,"column":42}},"16":{"start":{"line":34,"column":21},"end":{"line":39,"column":3}},"17":{"start":{"line":35,"column":4},"end":{"line":38,"column":5}},"18":{"start":{"line":36,"column":6},"end":{"line":36,"column":56}},"19":{"start":{"line":36,"column":42},"end":{"line":36,"column":54}},"20":{"start":{"line":37,"column":6},"end":{"line":37,"column":22}},"21":{"start":{"line":41,"column":23},"end":{"line":56,"column":3}},"22":{"start":{"line":42,"column":4},"end":{"line":42,"column":56}},"23":{"start":{"line":42,"column":49},"end":{"line":42,"column":56}},"24":{"start":{"line":44,"column":18},"end":{"line":44,"column":34}},"25":{"start":{"line":45,"column":19},"end":{"line":45,"column":36}},"26":{"start":{"line":47,"column":4},"end":{"line":47,"column":36}},"27":{"start":{"line":48,"column":4},"end":{"line":48,"column":38}},"28":{"start":{"line":50,"column":16},"end":{"line":50,"column":39}},"29":{"start":{"line":51,"column":4},"end":{"line":51,"column":31}},"30":{"start":{"line":53,"column":22},"end":{"line":53,"column":57}},"31":{"start":{"line":54,"column":4},"end":{"line":54,"column":32}},"32":{"start":{"line":55,"column":4},"end":{"line":55,"column":17}},"33":{"start":{"line":58,"column":17},"end":{"line":61,"column":3}},"34":{"start":{"line":59,"column":4},"end":{"line":59,"column":27}},"35":{"start":{"line":60,"column":4},"end":{"line":60,"column":18}},"36":{"start":{"line":63,"column":18},"end":{"line":69,"column":3}},"37":{"start":{"line":64,"column":4},"end":{"line":68,"column":5}},"38":{"start":{"line":65,"column":6},"end":{"line":65,"column":31}},"39":{"start":{"line":66,"column":6},"end":{"line":66,"column":19}},"40":{"start":{"line":67,"column":6},"end":{"line":67,"column":16}},"41":{"start":{"line":71,"column":22},"end":{"line":74,"column":3}},"42":{"start":{"line":72,"column":4},"end":{"line":72,"column":17}},"43":{"start":{"line":73,"column":4},"end":{"line":73,"column":14}},"44":{"start":{"line":77,"column":2},"end":{"line":83,"column":15}},"45":{"start":{"line":78,"column":4},"end":{"line":82,"column":6}},"46":{"start":{"line":79,"column":6},"end":{"line":81,"column":7}},"47":{"start":{"line":80,"column":8},"end":{"line":80,"column":58}},"48":{"start":{"line":80,"column":44},"end":{"line":80,"column":56}},"49":{"start":{"line":85,"column":2},"end":{"line":172,"column":4}}},"fnMap":{"0":{"name":"CameraCapture","decl":{"start":{"line":3,"column":24},"end":{"line":3,"column":37}},"loc":{"start":{"line":3,"column":84},"end":{"line":173,"column":1}},"line":3},"1":{"name":"(anonymous_1)","decl":{"start":{"line":9,"column":22},"end":{"line":9,"column":23}},"loc":{"start":{"line":9,"column":34},"end":{"line":20,"column":3}},"line":9},"2":{"name":"(anonymous_2)","decl":{"start":{"line":23,"column":12},"end":{"line":23,"column":13}},"loc":{"start":{"line":23,"column":18},"end":{"line":32,"column":3}},"line":23},"3":{"name":"(anonymous_3)","decl":{"start":{"line":27,"column":11},"end":{"line":27,"column":12}},"loc":{"start":{"line":27,"column":17},"end":{"line":31,"column":5}},"line":27},"4":{"name":"(anonymous_4)","decl":{"start":{"line":34,"column":21},"end":{"line":34,"column":22}},"loc":{"start":{"line":34,"column":27},"end":{"line":39,"column":3}},"line":34},"5":{"name":"(anonymous_5)","decl":{"start":{"line":36,"column":33},"end":{"line":36,"column":34}},"loc":{"start":{"line":36,"column":42},"end":{"line":36,"column":54}},"line":36},"6":{"name":"(anonymous_6)","decl":{"start":{"line":41,"column":23},"end":{"line":41,"column":24}},"loc":{"start":{"line":41,"column":29},"end":{"line":56,"column":3}},"line":41},"7":{"name":"(anonymous_7)","decl":{"start":{"line":58,"column":17},"end":{"line":58,"column":18}},"loc":{"start":{"line":58,"column":23},"end":{"line":61,"column":3}},"line":58},"8":{"name":"(anonymous_8)","decl":{"start":{"line":63,"column":18},"end":{"line":63,"column":19}},"loc":{"start":{"line":63,"column":24},"end":{"line":69,"column":3}},"line":63},"9":{"name":"(anonymous_9)","decl":{"start":{"line":71,"column":22},"end":{"line":71,"column":23}},"loc":{"start":{"line":71,"column":28},"end":{"line":74,"column":3}},"line":71},"10":{"name":"(anonymous_10)","decl":{"start":{"line":77,"column":12},"end":{"line":77,"column":13}},"loc":{"start":{"line":77,"column":18},"end":{"line":83,"column":3}},"line":77},"11":{"name":"(anonymous_11)","decl":{"start":{"line":78,"column":11},"end":{"line":78,"column":12}},"loc":{"start":{"line":78,"column":17},"end":{"line":82,"column":5}},"line":78},"12":{"name":"(anonymous_12)","decl":{"start":{"line":80,"column":35},"end":{"line":80,"column":36}},"loc":{"start":{"line":80,"column":44},"end":{"line":80,"column":56}},"line":80}},"branchMap":{"0":{"loc":{"start":{"line":3,"column":60},"end":{"line":3,"column":80}},"type":"default-arg","locations":[{"start":{"line":3,"column":68},"end":{"line":3,"column":80}}],"line":3},"1":{"loc":{"start":{"line":24,"column":4},"end":{"line":26,"column":5}},"type":"if","locations":[{"start":{"line":24,"column":4},"end":{"line":26,"column":5}},{"start":{},"end":{}}],"line":24},"2":{"loc":{"start":{"line":24,"column":8},"end":{"line":24,"column":34}},"type":"binary-expr","locations":[{"start":{"line":24,"column":8},"end":{"line":24,"column":14}},{"start":{"line":24,"column":18},"end":{"line":24,"column":34}}],"line":24},"3":{"loc":{"start":{"line":28,"column":6},"end":{"line":30,"column":7}},"type":"if","locations":[{"start":{"line":28,"column":6},"end":{"line":30,"column":7}},{"start":{},"end":{}}],"line":28},"4":{"loc":{"start":{"line":28,"column":10},"end":{"line":28,"column":56}},"type":"binary-expr","locations":[{"start":{"line":28,"column":10},"end":{"line":28,"column":26}},{"start":{"line":28,"column":30},"end":{"line":28,"column":56}}],"line":28},"5":{"loc":{"start":{"line":35,"column":4},"end":{"line":38,"column":5}},"type":"if","locations":[{"start":{"line":35,"column":4},"end":{"line":38,"column":5}},{"start":{},"end":{}}],"line":35},"6":{"loc":{"start":{"line":42,"column":4},"end":{"line":42,"column":56}},"type":"if","locations":[{"start":{"line":42,"column":4},"end":{"line":42,"column":56}},{"start":{},"end":{}}],"line":42},"7":{"loc":{"start":{"line":42,"column":8},"end":{"line":42,"column":47}},"type":"binary-expr","locations":[{"start":{"line":42,"column":8},"end":{"line":42,"column":25}},{"start":{"line":42,"column":29},"end":{"line":42,"column":47}}],"line":42},"8":{"loc":{"start":{"line":64,"column":4},"end":{"line":68,"column":5}},"type":"if","locations":[{"start":{"line":64,"column":4},"end":{"line":68,"column":5}},{"start":{},"end":{}}],"line":64},"9":{"loc":{"start":{"line":79,"column":6},"end":{"line":81,"column":7}},"type":"if","locations":[{"start":{"line":79,"column":6},"end":{"line":81,"column":7}},{"start":{},"end":{}}],"line":79},"10":{"loc":{"start":{"line":101,"column":11},"end":{"line":110,"column":11}},"type":"binary-expr","locations":[{"start":{"line":101,"column":11},"end":{"line":101,"column":18}},{"start":{"line":101,"column":22},"end":{"line":101,"column":36}},{"start":{"line":102,"column":12},"end":{"line":109,"column":18}}],"line":101},"11":{"loc":{"start":{"line":112,"column":11},"end":{"line":129,"column":11}},"type":"binary-expr","locations":[{"start":{"line":112,"column":11},"end":{"line":112,"column":17}},{"start":{"line":112,"column":21},"end":{"line":112,"column":35}},{"start":{"line":113,"column":12},"end":{"line":128,"column":18}}],"line":112},"12":{"loc":{"start":{"line":131,"column":11},"end":{"line":139,"column":11}},"type":"binary-expr","locations":[{"start":{"line":131,"column":11},"end":{"line":131,"column":24}},{"start":{"line":132,"column":12},"end":{"line":138,"column":18}}],"line":131},"13":{"loc":{"start":{"line":146,"column":11},"end":{"line":168,"column":11}},"type":"cond-expr","locations":[{"start":{"line":147,"column":12},"end":{"line":160,"column":15}},{"start":{"line":162,"column":12},"end":{"line":167,"column":21}}],"line":146}},"s":{"0":29,"1":29,"2":29,"3":29,"4":29,"5":12,"6":12,"7":10,"8":2,"9":2,"10":29,"11":28,"12":8,"13":28,"14":28,"15":0,"16":29,"17":6,"18":5,"19":5,"20":5,"21":29,"22":4,"23":0,"24":4,"25":4,"26":4,"27":4,"28":4,"29":4,"30":4,"31":4,"32":4,"33":29,"34":1,"35":1,"36":29,"37":1,"38":1,"39":1,"40":1,"41":29,"42":1,"43":1,"44":29,"45":28,"46":28,"47":8,"48":8,"49":29},"f":{"0":29,"1":12,"2":28,"3":28,"4":6,"5":5,"6":4,"7":1,"8":1,"9":1,"10":28,"11":28,"12":8},"b":{"0":[28],"1":[8,20],"2":[28,8],"3":[0,28],"4":[28,8],"5":[5,1],"6":[0,4],"7":[4,4],"8":[1,0],"9":[8,20],"10":[29,21,17],"11":[29,8,8],"12":[29,4],"13":[4,25]},"_coverageSchema":"1a1c01bbd47fc00a2c39e90264f33305004495a9","hash":"76c543c9a87c8dfd5fe23344795e4aff3c06dd51"}
,"F:\\AI Projects\\handyman-tracker\\src\\components\\CompanyHeader.jsx": {"path":"F:\\AI Projects\\handyman-tracker\\src\\components\\CompanyHeader.jsx","statementMap":{"0":{"start":{"line":12,"column":2},"end":{"line":36,"column":4}}},"fnMap":{"0":{"name":"CompanyHeader","decl":{"start":{"line":11,"column":24},"end":{"line":11,"column":37}},"loc":{"start":{"line":11,"column":40},"end":{"line":37,"column":1}},"line":11}},"branchMap":{},"s":{"0":1},"f":{"0":1},"b":{},"_coverageSchema":"1a1c01bbd47fc00a2c39e90264f33305004495a9","hash":"d3cdb85d5f753607ff98b6369f008bde761ac2e1"}
,"F:\\AI Projects\\handyman-tracker\\src\\components\\CustomerMyInfo.jsx": {"path":"F:\\AI Projects\\handyman-tracker\\src\\components\\CustomerMyInfo.jsx","statementMap":{"0":{"start":{"line":13,"column":19},"end":{"line":13,"column":32}},"1":{"start":{"line":14,"column":34},"end":{"line":14,"column":48}},"2":{"start":{"line":15,"column":32},"end":{"line":15,"column":68}},"3":{"start":{"line":16,"column":40},"end":{"line":16,"column":76}},"4":{"start":{"line":17,"column":32},"end":{"line":17,"column":46}},"5":{"start":{"line":18,"column":30},"end":{"line":18,"column":45}},"6":{"start":{"line":19,"column":32},"end":{"line":19,"column":47}},"7":{"start":{"line":21,"column":40},"end":{"line":21,"column":52}},"8":{"start":{"line":22,"column":44},"end":{"line":22,"column":56}},"9":{"start":{"line":23,"column":52},"end":{"line":23,"column":64}},"10":{"start":{"line":24,"column":66},"end":{"line":24,"column":78}},"11":{"start":{"line":25,"column":44},"end":{"line":25,"column":59}},"12":{"start":{"line":27,"column":2},"end":{"line":54,"column":17}},"13":{"start":{"line":28,"column":18},"end":{"line":28,"column":47}},"14":{"start":{"line":29,"column":4},"end":{"line":32,"column":5}},"15":{"start":{"line":30,"column":6},"end":{"line":30,"column":25}},"16":{"start":{"line":31,"column":6},"end":{"line":31,"column":13}},"17":{"start":{"line":33,"column":4},"end":{"line":53,"column":40}},"18":{"start":{"line":38,"column":8},"end":{"line":38,"column":39}},"19":{"start":{"line":39,"column":21},"end":{"line":39,"column":67}},"20":{"start":{"line":40,"column":8},"end":{"line":40,"column":25}},"21":{"start":{"line":41,"column":8},"end":{"line":41,"column":29}},"22":{"start":{"line":42,"column":8},"end":{"line":42,"column":41}},"23":{"start":{"line":43,"column":8},"end":{"line":43,"column":45}},"24":{"start":{"line":46,"column":8},"end":{"line":49,"column":9}},"25":{"start":{"line":47,"column":10},"end":{"line":47,"column":24}},"26":{"start":{"line":48,"column":10},"end":{"line":48,"column":17}},"27":{"start":{"line":50,"column":8},"end":{"line":50,"column":27}},"28":{"start":{"line":51,"column":8},"end":{"line":51,"column":77}},"29":{"start":{"line":53,"column":21},"end":{"line":53,"column":38}},"30":{"start":{"line":56,"column":28},"end":{"line":73,"column":3}},"31":{"start":{"line":57,"column":4},"end":{"line":57,"column":20}},"32":{"start":{"line":58,"column":18},"end":{"line":58,"column":47}},"33":{"start":{"line":59,"column":4},"end":{"line":72,"column":5}},"34":{"start":{"line":60,"column":18},"end":{"line":64,"column":7}},"35":{"start":{"line":65,"column":6},"end":{"line":65,"column":65}},"36":{"start":{"line":66,"column":6},"end":{"line":66,"column":69}},"37":{"start":{"line":67,"column":6},"end":{"line":67,"column":24}},"38":{"start":{"line":69,"column":6},"end":{"line":69,"column":58}},"39":{"start":{"line":71,"column":6},"end":{"line":71,"column":23}},"40":{"start":{"line":75,"column":23},"end":{"line":79,"column":3}},"41":{"start":{"line":76,"column":4},"end":{"line":76,"column":37}},"42":{"start":{"line":77,"column":4},"end":{"line":77,"column":40}},"43":{"start":{"line":78,"column":4},"end":{"line":78,"column":36}},"44":{"start":{"line":81,"column":23},"end":{"line":113,"column":3}},"45":{"start":{"line":82,"column":4},"end":{"line":85,"column":5}},"46":{"start":{"line":83,"column":6},"end":{"line":83,"column":58}},"47":{"start":{"line":84,"column":6},"end":{"line":84,"column":13}},"48":{"start":{"line":86,"column":4},"end":{"line":86,"column":27}},"49":{"start":{"line":87,"column":18},"end":{"line":87,"column":47}},"50":{"start":{"line":88,"column":4},"end":{"line":112,"column":5}},"51":{"start":{"line":89,"column":18},"end":{"line":98,"column":7}},"52":{"start":{"line":99,"column":6},"end":{"line":99,"column":50}},"53":{"start":{"line":100,"column":6},"end":{"line":100,"column":31}},"54":{"start":{"line":101,"column":6},"end":{"line":101,"column":38}},"55":{"start":{"line":102,"column":6},"end":{"line":107,"column":25}},"56":{"start":{"line":105,"column"
[...]
r","locations":[{"start":{"line":72,"column":15},"end":{"line":72,"column":28}},{"start":{"line":72,"column":32},"end":{"line":72,"column":84}}],"line":72},"14":{"loc":{"start":{"line":75,"column":9},"end":{"line":113,"column":3}},"type":"if","locations":[{"start":{"line":75,"column":9},"end":{"line":113,"column":3}},{"start":{"line":82,"column":9},"end":{"line":113,"column":3}}],"line":75},"15":{"loc":{"start":{"line":79,"column":15},"end":{"line":79,"column":71}},"type":"binary-expr","locations":[{"start":{"line":79,"column":15},"end":{"line":79,"column":28}},{"start":{"line":79,"column":32},"end":{"line":79,"column":71}}],"line":79},"16":{"loc":{"start":{"line":82,"column":9},"end":{"line":113,"column":3}},"type":"if","locations":[{"start":{"line":82,"column":9},"end":{"line":113,"column":3}},{"start":{"line":89,"column":9},"end":{"line":113,"column":3}}],"line":82},"17":{"loc":{"start":{"line":86,"column":15},"end":{"line":86,"column":90}},"type":"binary-expr","locations":[{"start":{"line":86,"column":15},"end":{"line":86,"column":28}},{"start":{"line":86,"column":32},"end":{"line":86,"column":90}}],"line":86},"18":{"loc":{"start":{"line":89,"column":9},"end":{"line":113,"column":3}},"type":"if","locations":[{"start":{"line":89,"column":9},"end":{"line":113,"column":3}},{"start":{"line":99,"column":9},"end":{"line":113,"column":3}}],"line":89},"19":{"loc":{"start":{"line":99,"column":9},"end":{"line":113,"column":3}},"type":"if","locations":[{"start":{"line":99,"column":9},"end":{"line":113,"column":3}},{"start":{"line":106,"column":9},"end":{"line":113,"column":3}}],"line":99},"20":{"loc":{"start":{"line":110,"column":15},"end":{"line":110,"column":78}},"type":"binary-expr","locations":[{"start":{"line":110,"column":15},"end":{"line":110,"column":28}},{"start":{"line":110,"column":32},"end":{"line":110,"column":43}},{"start":{"line":110,"column":47},"end":{"line":110,"column":78}}],"line":110}},"s":{"0":2,"1":28,"2":9,"3":4,"4":5,"5":1,"6":4,"7":2,"8":2,"9":19,"10":19,"11":19,"12":5,"13":14,"14":2,"15":12,"16":2,"17":10,"18":2,"19":8,"20":3,"21":5,"22":1,"23":4,"24":1,"25":3,"26":2,"27":5,"28":2,"29":5},"f":{"0":28,"1":5,"2":5},"b":{"0":[27],"1":[9,19],"2":[4,5],"3":[9,6],"4":[1,4],"5":[2,2],"6":[4,3],"7":[19,13],"8":[5,14],"9":[5,3],"10":[2,12],"11":[2,1],"12":[2,10],"13":[2,1],"14":[2,8],"15":[2,1],"16":[3,5],"17":[3,2],"18":[1,4],"19":[1,3],"20":[3,2,0]},"_coverageSchema":"1a1c01bbd47fc00a2c39e90264f33305004495a9","hash":"efbed5d034c7041401f8d4db4845ecf46b9128a7"}
,"F:\\AI Projects\\handyman-tracker\\src\\utils\\inventoryJobs.js": {"path":"F:\\AI Projects\\handyman-tracker\\src\\utils\\inventoryJobs.js","statementMap":{"0":{"start":{"line":9,"column":15},"end":{"line":9,"column":17}},"1":{"start":{"line":10,"column":2},"end":{"line":33,"column":3}},"2":{"start":{"line":11,"column":4},"end":{"line":32,"column":5}},"3":{"start":{"line":12,"column":27},"end":{"line":16,"column":11}},"4":{"start":{"line":13,"column":8},"end":{"line":15,"column":15}},"5":{"start":{"line":17,"column":27},"end":{"line":17,"column":54}},"6":{"start":{"line":18,"column":26},"end":{"line":18,"column":47}},"7":{"start":{"line":19,"column":6},"end":{"line":31,"column":9}},"8":{"start":{"line":34,"column":2},"end":{"line":37,"column":5}},"9":{"start":{"line":35,"column":4},"end":{"line":35,"column":74}},"10":{"start":{"line":35,"column":43},"end":{"line":35,"column":74}},"11":{"start":{"line":36,"column":4},"end":{"line":36,"column":42}},"12":{"start":{"line":38,"column":2},"end":{"line":38,"column":14}},"13":{"start":{"line":42,"column":12},"end":{"line":42,"column":52}},"14":{"start":{"line":43,"column":2},"end":{"line":43,"column":22}},"15":{"start":{"line":43,"column":10},"end":{"line":43,"column":22}},"16":{"start":{"line":44,"column":2},"end":{"line":48,"column":4}},"17":{"start":{"line":45,"column":4},"end":{"line":47,"column":62}}},"fnMap":{"0":{"name":"jobsFromCustomers","decl":{"start":{"line":8,"column":16},"end":{"line":8,"column":33}},"loc":{"start":{"line":8,"column":56},"end":{"line":39,"column":1}},"line":8},"1":{"name":"(anonymous_1)","decl":{"start":{"line":12,"column":60},"end":{"line":12,"column":61}},"loc":{"start":{"line":13,"column":8},"end":{"line":15,"column":15}},"line":13},"2":{"name":"(anonymous_2)","decl":{"start":{"line":34,"column":12},"end":{"line":34,"column":13}},"loc":{"start":{"line":34,"column":22},"end":{"line":37,"column":3}},"line":34},"3":{"name":"filterJobs","decl":{"start":{"line":41,"column":16},"end":{"line":41,"column":26}},"loc":{"start":{"line":41,"column":45},"end":{"line":49,"column":1}},"line":41},"4":{"name":"(anonymous_4)","decl":{"start":{"line":44,"column":21},"end":{"line":44,"column":22}},"loc":{"start":{"line":45,"column":4},"end":{"line":47,"column":62}},"line":45}},"branchMap":{"0":{"loc":{"start":{"line":8,"column":34},"end":{"line":8,"column":48}},"type":"default-arg","locations":[{"start":{"line":8,"column":46},"end":{"line":8,"column":48}}],"line":8},"1":{"loc":{"start":{"line":10,"column":25},"end":{"line":10,"column":40}},"type":"binary-expr","locations":[{"start":{"line":10,"column":25},"end":{"line":10,"column":34}},{"start":{"line":10,"column":38},"end":{"line":10,"column":40}}],"line":10},"2":{"loc":{"start":{"line":11,"column":26},"end":{"line":11,"column":49}},"type":"binary-expr","locations":[{"start":{"line":11,"column":26},"end":{"line":11,"column":43}},{"start":{"line":11,"column":47},"end":{"line":11,"column":49}}],"line":11},"3":{"loc":{"start":{"line":12,"column":28},"end":{"line":12,"column":51}},"type":"binary-expr","locations":[{"start":{"line":12,"column":28},"end":{"line":12,"column":45}},{"start":{"line":12,"column":49},"end":{"line":12,"column":51}}],"line":12},"4":{"loc":{"start":{"line":13,"column":8},"end":{"line":15,"column":15}},"type":"cond-expr","locations":[{"start":{"line":14,"column":12},"end":{"line":14,"column":50}},{"start":{"line":15,"column":12},"end":{"line":15,"column":15}}],"line":13},"5":{"loc":{"start":{"line":14,"column":19},"end":{"line":14,"column":49}},"type":"binary-expr","locations":[{"start":{"line":14,"column":19},"end":{"line":14,"column":44}},{"start":{"line":14,"column":48},"end":{"line":14,"column":49}}],"line":14},"6":{"loc":{"start":{"line":17,"column":27},"end":{"line":17,"column":54}},"type":"binary-expr","locations":[{"start":{"line":17,"column":27},"end":{"line":17,"column":40}},{"start":{"line":17,"column":44},"end":{"line":17,"column":54}}],"line":17},"7":{"loc":{"start":{"line":18,"column":26},"end":{"line":18,"column":47}},"type":"binary-expr","locations":[{"start":{"line":18,"column":26},"end":{"line":18,"column":38}},{"start":{"line":18,"column":42},"end":{"line":18,"column":47}}],"line":18},"8":{"loc":{"start":{"line":25,"column":16},"end":{"line":25,"column":36}},"type":"binary-expr","locations":[{"start":{"line":25,"column":16},"end":{"line":25,"column":30}},{"start":{"line":25,"column":34},"end":{"line":25,"column":36}}],"line":25},"9":{"loc":{"start":{"line":28,"column":15},"end":{"line":30,"column":46}},"type":"cond-expr","locations":[{"start":{"line":29,"column":12},"end":{"line":29,"column":77}},{"start":{"line":30,"column":12},"end":{"line":30,"column":46}}],"line":28},"10":{"loc":{"start":{"line":35,"column":4},"end":{"line":35,"column":74}},"type":"if","locations":[{"start":{"line":35,"column":4},"end":{"line":35,"column":74}},{"start":{},"end":{}}],"line":35},"11":{"loc":{"start":{"line":35,"column":50},"end":{"line":35,"column":73}},"type":"cond-expr","locations":[{"start":{"line":35,"column":67},"end":{"line":35,"column":69}},{"start":{"line":35,"column":72},"end":{"line":35,"column":73}}],"line":35},"12":{"loc":{"start":{"line":41,"column":27},"end":{"line":41,"column":36}},"type":"default-arg","locations":[{"start":{"line":41,"column":34},"end":{"line":41,"column":36}}],"line":41},"13":{"loc":{"start":{"line":42,"column":19},"end":{"line":42,"column":30}},"type":"binary-expr","locations":[{"start":{"line":42,"column":19},"end":{"line":42,"column":24}},{"start":{"line":42,"column":28},"end":{"line":42,"column":30}}],"line":42},"14":{"loc":{"start":{"line":43,"column":2},"end":{"line":43,"column":22}},"type":"if","locations":[{"start":{"line":43,"column":2},"end":{"line":43,"column":22}},{"start":{},"end":{}}],"line":43},"15":{"loc":{"start":{"line":45,"column":4},"end":{"line":47,"column":62}},"type":"binary-expr","locations":[{"start":{"line":45,"column":4},"end":{"line":45,"column":53}},{"start":{"line":46,"column":7},"end":{"line":46,"column":63}},{"start":{"line":47,"column":7},"end":{"line":47,"column":62}}],"line":45},"16":{"loc":{"start":{"line":45,"column":11},"end":{"line":45,"column":26}},"type":"binary-expr","locations":[{"start":{"line":45,"column":11},"end":{"line":45,"column":20}},{"start":{"line":45,"column":24},"end":{"line":45,"column":26}}],"line":45},"17":{"loc":{"start":{"line":46,"column":14},"end":{"line":46,"column":36}},"type":"binary-expr","locations":[{"start":{"line":46,"column":14},"end":{"line":46,"column":30}},{"start":{"line":46,"column":34},"end":{"line":46,"column":36}}],"line":46},"18":{"loc":{"start":{"line":47,"column":14},"end":{"line":47,"column":35}},"type":"binary-expr","locations":[{"start":{"line":47,"column":14},"end":{"line":47,"column":29}},{"start":{"line":47,"column":33},"end":{"line":47,"column":35}}],"line":47}},"s":{"0":32,"1":32,"2":34,"3":66,"4":34,"5":66,"6":66,"7":66,"8":32,"9":34,"10":29,"11":5,"12":32,"13":33,"14":33,"15":30,"16":3,"17":8},"f":{"0":32,"1":34,"2":34,"3":33,"4":8},"b":{"0":[0],"1":[32,0],"2":[34,0],"3":[66,0],"4":[29,5],"5":[29,0],"6":[66,0],"7":[66,0],"8":[66,2],"9":[29,37],"10":[29,5],"11":[0,29],"12":[0],"13":[33,30],"14":[30,3],"15":[8,5,5],"16":[8,0],"17":[5,0],"18":[5,0]},"_coverageSchema":"1a1c01bbd47fc00a2c39e90264f33305004495a9","hash":"557ef09f3f77020a762d290168008227db29b942"}
,"F:\\AI Projects\\handyman-tracker\\src\\utils\\inventorySkuMatch.js": {"path":"F:\\AI Projects\\handyman-tracker\\src\\utils\\inventorySkuMatch.js","statementMap":{"0":{"start":{"line":5,"column":2},"end":{"line":5,"column":35}},"1":{"start":{"line":9,"column":21},"end":{"line":9,"column":43}},"2":{"start":{"line":10,"column":2},"end":{"line":10,"column":31}},"3":{"start":{"line":10,"column":19},"end":{"line":10,"column":31}},"4":{"start":{"line":11,"column":2},"end":{"line":15,"column":4}},"5":{"start":{"line":13,"column":16},"end":{"line":13,"column":74}}},"fnMap":{"0":{"name":"normalizeSkuCode","decl":{"start":{"line":4,"column":16},"end":{"line":4,"column":32}},"loc":{"start":{"line":4,"column":39},"end":{"line":6,"column":1}},"line":4},"1":{"name":"findItemBySku","decl":{"start":{"line":8,"column":16},"end":{"line":8,"column":29}},"loc":{"start":{"line":8,"column":43},"end":{"line":16,"column":1}},"line":8},"2":{"name":"(anonymous_2)","decl":{"start":{"line":13,"column":6},"end":{"line":13,"column":7}},"loc":{"start":{"line":13,"column":16},"end":{"line":13,"column":74}},"line":13}},"branchMap":{"0":{"loc":{"start":{"line":5,"column":16},"end":{"line":5,"column":26}},"type":"binary-expr","locations":[{"start":{"line":5,"column":16},"end":{"line":5,"column":20}},{"start":{"line":5,"column":24},"end":{"line":5,"column":26}}],"line":5},"1":{"loc":{"start":{"line":10,"column":2},"end":{"line":10,"column":31}},"type":"if","locations":[{"start":{"line":10,"column":2},"end":{"line":10,"column":31}},{"start":{},"end":{}}],"line":10},"2":{"loc":{"start":{"line":12,"column":4},"end":{"line":14,"column":13}},"type":"binary-expr","locations":[{"start":{"line":12,"column":4},"end":{"line":14,"column":5}},{"start":{"line":14,"column":9},"end":{"line":14,"column":13}}],"line":12},"3":{"loc":{"start":{"line":13,"column":16},"end":{"line":13,"column":74}},"type":"binary-expr","locations":[{"start":{"line":13,"column":16},"end":{"line":13,"column":32}},{"start":{"line":13,"column":36},"end":{"line":13,"column":74}}],"line":13}},"s":{"0":6,"1":4,"2":4,"3":1,"4":3,"5":4},"f":{"0":6,"1":4,"2":4},"b":{"0":[6,1],"1":[1,3],"2":[3,1],"3":[4,4]},"_coverageSchema":"1a1c01bbd47fc00a2c39e90264f33305004495a9","hash":"d31974efe4ea922b5092875070b94f2e0aa46a22"}
,"F:\\AI Projects\\handyman-tracker\\src\\utils\\phoneFormat.js": {"path":"F:\\AI Projects\\handyman-tracker\\src\\utils\\phoneFormat.js","statementMap":{"0":{"start":{"line":3,"column":22},"end":{"line":3,"column":54}},"1":{"start":{"line":5,"column":2},"end":{"line":7,"column":3}},"2":{"start":{"line":6,"column":4},"end":{"line":6,"column":23}},"3":{"start":{"line":8,"column":2},"end":{"line":10,"column":3}},"4":{"start":{"line":9,"column":4},"end":{"line":9,"column":64}},"5":{"start":{"line":11,"column":2},"end":{"line":11,"column":93}}},"fnMap":{"0":{"name":"formatPhoneNumber","decl":{"start":{"line":2,"column":16},"end":{"line":2,"column":33}},"loc":{"start":{"line":2,"column":41},"end":{"line":12,"column":1}},"line":2}},"branchMap":{"0":{"loc":{"start":{"line":5,"column":2},"end":{"line":7,"column":3}},"type":"if","locations":[{"start":{"line":5,"column":2},"end":{"line":7,"column":3}},{"start":{},"end":{}}],"line":5},"1":{"loc":{"start":{"line":8,"column":2},"end":{"line":10,"column":3}},"type":"if","locations":[{"start":{"line":8,"column":2},"end":{"line":10,"column":3}},{"start":{},"end":{}}],"line":8}},"s":{"0":30,"1":30,"2":9,"3":21,"4":9,"5":12},"f":{"0":30},"b":{"0":[9,21],"1":[9,12]},"_coverageSchema":"1a1c01bbd47fc00a2c39e90264f33305004495a9","hash":"86d98d78d8cb3ae6084571345163168828e6e391"}
,"F:\\AI Projects\\handyman-tracker\\src\\utils\\purchaseOrders.js": {"path":"F:\\AI Projects\\handyman-tracker\\src\\utils\\purchaseOrders.js","statementMap":{"0":{"start":{"line":6,"column":26},"end":{"line":11,"column":1}},"1":{"start":{"line":13,"column":33},"end":{"line":13,"column":47}},"2":{"start":{"line":16,"column":2},"end":{"line":16,"column":26}},"3":{"start":{"line":20,"column":17},"end":{"line":20,"column":29}},"4":{"start":{"line":21,"column":2},"end":{"line":21,"column":56}},"5":{"start":{"line":21,"column":44},"end":{"line":21,"column":56}},"6":{"start":{"line":22,"column":2},"end":{"line":24,"column":3}},"7":{"start":{"line":23,"column":4},"end":{"line":23,"column":55}},"8":{"start":{"line":25,"column":2},"end":{"line":25,"column":27}},"9":{"start":{"line":29,"column":2},"end":{"line":36,"column":4}},"10":{"start":{"line":31,"column":29},"end":{"line":31,"column":71}},"11":{"start":{"line":32,"column":28},"end":{"line":32,"column":69}},"12":{"start":{"line":33,"column":32},"end":{"line":33,"column":77}},"13":{"start":{"line":34,"column":28},"end":{"line":34,"column":50}},"14":{"start":{"line":35,"column":39},"end":{"line":35,"column":59}},"15":{"start":{"line":40,"column":2},"end":{"line":40,"column":67}},"16":{"start":{"line":40,"column":27},"end":{"line":40,"column":65}},"17":{"start":{"line":45,"column":2},"end":{"line":45,"column":56}},"18":{"start":{"line":45,"column":34},"end":{"line":45,"column":56}},"19":{"start":{"line":46,"column":2},"end":{"line":46,"column":49}},"20":{"start":{"line":46,"column":27},"end":{"line":46,"column":49}},"21":{"start":{"line":47,"column":2},"end":{"line":47,"column":17}}},"fnMap":{"0":{"name":"poStatus","decl":{"start":{"line":15,"column":16},"end":{"line":15,"column":24}},"loc":{"start":{"line":15,"column":29},"end":{"line":17,"column":1}},"line":15},"1":{"name":"matchesPoStatusFilter","decl":{"start":{"line":19,"column":16},"end":{"line":19,"column":37}},"loc":{"start":{"line":19,"column":50},"end":{"line":26,"column":1}},"line":19},"2":{"name":"countPurchaseOrdersByStatus","decl":{"start":{"line":28,"column":16},"end":{"line":28,"column":43}},"loc":{"start":{"line":28,"column":54},"end":{"line":37,"column":1}},"line":28},"3":{"name":"(anonymous_3)","decl":{"start":{"line":31,"column":22},"end":{"line":31,"column":23}},"loc":{"start":{"line":31,"column":29},"end":{"line":31,"column":71}},"line":31},"4":{"name":"(anonymous_4)","decl":{"start":{"line":32,"column":21},"end":{"line":32,"column":22}},"loc":{"start":{"line":32,"column":28},"end":{"line":32,"column":69}},"line":32},"5":{"name":"(anonymous_5)","decl":{"start":{"line":33,"column":25},"end":{"line":33,"column":26}},"loc":{"start":{"line":33,"column":32},"end":{"line":33,"column":77}},"line":33},"6":{"name":"(anonymous_6)","decl":{"start":{"line":34,"column":21},"end":{"line":34,"column":22}},"loc":{"start":{"line":34,"column":28},"end":{"line":34,"column":50}},"line":34},"7":{"name":"(anonymous_7)","decl":{"start":{"line":35,"column":27},"end":{"line":35,"column":28}},"loc":{"start":{"line":35,"column":39},"end":{"line":35,"column":59}},"line":35},"8":{"name":"filterPurchaseOrders","decl":{"start":{"line":39,"column":16},"end":{"line":39,"column":36}},"loc":{"start":{"line":39,"column":81},"end":{"line":41,"column":1}},"line":39},"9":{"name":"(anonymous_9)","decl":{"start":{"line":40,"column":20},"end":{"line":40,"column":21}},"loc":{"start":{"line":40,"column":27},"end":{"line":40,"column":65}},"line":40},"10":{"name":"nextPoStatusFilter","decl":{"start":{"line":44,"column":16},"end":{"line":44,"column":34}},"loc":{"start":{"line":44,"column":53},"end":{"line":48,"column":1}},"line":44}},"branchMap":{"0":{"loc":{"start":{"line":16,"column":9},"end":{"line":16,"column":25}},"type":"binary-expr","locations":[{"start":{"line":16,"column":9},"end":{"line":16,"column":19}},{"start":{"line":16,"column":23},"end":{"line":16,"column":25}}],"line":16},"1":{"loc":{"start":{"line":21,"column":2},"end":{"line":21,"column":56}},"type":"if","locations":[{"start":{"line":21,"column":2},"end":{"line":21,"column":56}},{"start":{},"end":{}}],"line":21},"2":{"loc":{"start":{"line":21,"column":6},"end":{"line":21,"column":42}},"type":"binary-expr","locations":[{"start":{"line":21,"column":6},"end":{"line":21,"column":13}},{"start":{"line":21,"column":17},"end":{"line":21,"column":42}}],"line":21},"3":{"loc":{"start":{"line":22,"column":2},"end":{"line":24,"column":3}},"type":"if","locations":[{"start":{"line":22,"column":2},"end":{"line":24,"column":3}},{"start":{},"end":{}}],"line":22},"4":{"loc":{"start":{"line":23,"column":11},"end":{"line":23,"column":54}},"type":"binary-expr","locations":[{"start":{"line":23,"column":11},"end":{"line":23,"column":28}},{"start":{"line":23,"column":32},"end":{"line":23,"column":54}}],"line":23},"5":{"loc":{"start":{"line":28,"column":44},"end":{"line":28,"column":52}},"type":"default-arg","locations":[{"start":{"line":28,"column":50},"end":{"line":28,"column":52}}],"line":28},"6":{"loc":{"start":{"line":35,"column":46},"end":{"line":35,"column":58}},"type":"binary-expr","locations":[{"start":{"line":35,"column":46},"end":{"line":35,"column":53}},{"start":{"line":35,"column":57},"end":{"line":35,"column":58}}],"line":35},"7":{"loc":{"start":{"line":39,"column":37},"end":{"line":39,"column":45}},"type":"default-arg","locations":[{"start":{"line":39,"column":43},"end":{"line":39,"column":45}}],"line":39},"8":{"loc":{"start":{"line":39,"column":47},"end":{"line":39,"column":79}},"type":"default-arg","locations":[{"start":{"line":39,"column":62},"end":{"line":39,"column":79}}],"line":39},"9":{"loc":{"start":{"line":45,"column":2},"end":{"line":45,"column":56}},"type":"if","locations":[{"start":{"line":45,"column":2},"end":{"line":45,"column":56}},{"start":{},"end":{}}],"line":45},"10":{"loc":{"start":{"line":46,"column":2},"end":{"line":46,"column":49}},"type":"if","locations":[{"start":{"line":46,"column":2},"end":{"line":46,"column":49}},{"start":{},"end":{}}],"line":46}},"s":{"0":2,"1":2,"2":558,"3":454,"4":454,"5":107,"6":347,"7":110,"8":237,"9":71,"10":104,"11":104,"12":104,"13":104,"14":104,"15":80,"16":139,"17":7,"18":2,"19":5,"20":1,"21":4},"f":{"0":558,"1":454,"2":71,"3":104,"4":104,"5":104,"6":104,"7":104,"8":80,"9":139,"10":7},"b":{"0":[558,0],"1":[107,347],"2":[454,454],"3":[110,237],"4":[110,74],"5":[0],"6":[104,0],"7":[0],"8":[1],"9":[2,5],"10":[1,4]},"_coverageSchema":"1a1c01bbd47fc00a2c39e90264f33305004495a9","hash":"03b049649433967517573eed10dec79c4a3fa591"}
}
