{"F:\\AI Projects\\handyman-tracker\\api\\index.js": {"path":"F:\\AI Projects\\handyman-tracker\\api\\index.js","statementMap":{"0":{"start":{"line":8,"column":12},"end":{"line":8,"column":21}},"1":{"start":{"line":11,"column":0},"end":{"line":11,"column":29}},"2":{"start":{"line":14,"column":20},"end":{"line":35,"column":1}},"3":{"start":{"line":16,"column":20},"end":{"line":16,"column":50}},"4":{"start":{"line":17,"column":2},"end":{"line":20,"column":3}},"5":{"start":{"line":19,"column":4},"end":{"line":19,"column":42}},"6":{"start":{"line":23,"column":2},"end":{"line":26,"column":3}},"7":{"start":{"line":25,"column":4},"end":{"line":25,"column":42}},"8":{"start":{"line":29,"column":2},"end":{"line":31,"column":3}},"9":{"start":{"line":30,"column":4},"end":{"line":30,"column":60}},"10":{"start":{"line":34,"column":2},"end":{"line":34,"column":19}},"11":{"start":{"line":38,"column":15},"end":{"line":38,"column":19}},"12":{"start":{"line":39,"column":19},"end":{"line":39,"column":24}},"13":{"start":{"line":41,"column":18},"end":{"line":90,"column":1}},"14":{"start":{"line":42,"column":2},"end":{"line":44,"column":3}},"15":{"start":{"line":43,"column":4},"end":{"line":43,"column":74}},"16":{"start":{"line":47,"column":2},"end":{"line":49,"column":3}},"17":{"start":{"line":48,"column":4},"end":{"line":48,"column":20}},"18":{"start":{"line":52,"column":2},"end":{"line":62,"column":3}},"19":{"start":{"line":53,"column":4},"end":{"line":53,"column":62}},"20":{"start":{"line":54,"column":19},"end":{"line":54,"column":20}},"21":{"start":{"line":55,"column":4},"end":{"line":58,"column":5}},"22":{"start":{"line":56,"column":6},"end":{"line":56,"column":61}},"23":{"start":{"line":56,"column":35},"end":{"line":56,"column":59}},"24":{"start":{"line":57,"column":6},"end":{"line":57,"column":17}},"25":{"start":{"line":59,"column":4},"end":{"line":61,"column":5}},"26":{"start":{"line":60,"column":6},"end":{"line":60,"column":33}},"27":{"start":{"line":64,"column":2},"end":{"line":89,"column":3}},"28":{"start":{"line":65,"column":4},"end":{"line":65,"column":24}},"29":{"start":{"line":66,"column":4},"end":{"line":66,"column":58}},"30":{"start":{"line":69,"column":4},"end":{"line":71,"column":5}},"31":{"start":{"line":70,"column":6},"end":{"line":70,"column":34}},"32":{"start":{"line":73,"column":4},"end":{"line":78,"column":7}},"33":{"start":{"line":80,"column":4},"end":{"line":80,"column":35}},"34":{"start":{"line":81,"column":4},"end":{"line":81,"column":50}},"35":{"start":{"line":82,"column":4},"end":{"line":82,"column":20}},"36":{"start":{"line":84,"column":4},"end":{"line":84,"column":60}},"37":{"start":{"line":85,"column":4},"end":{"line":85,"column":20}},"38":{"start":{"line":86,"column":4},"end":{"line":86,"column":14}},"39":{"start":{"line":88,"column":4},"end":{"line":88,"column":25}},"40":{"start":{"line":93,"column":0},"end":{"line":96,"column":3}},"41":{"start":{"line":94,"column":2},"end":{"line":94,"column":38}},"42":{"start":{"line":95,"column":2},"end":{"line":95,"column":18}},"43":{"start":{"line":98,"column":0},"end":{"line":101,"column":3}},"44":{"start":{"line":99,"column":2},"end":{"line":99,"column":50}},"45":{"start":{"line":100,"column":2},"end":{"line":100,"column":18}},"46":{"start":{"line":104,"column":0},"end":{"line":109,"column":1}},"47":{"start":{"line":105,"column":2},"end":{"line":108,"column":5}},"48":{"start":{"line":106,"column":4},"end":{"line":106,"column":56}},"49":{"start":{"line":107,"column":4},"end":{"line":107,"column":20}},"50":{"start":{"line":111,"column":0},"end":{"line":111,"column":16}},"51":{"start":{"line":112,"column":0},"end":{"line":112,"column":24}},"52":{"start":{"line":115,"column":0},"end":{"line":137,"column":3}},"53":{"start":{"line":116,"column":2},"end":{"line":136,"column":3}},"54":{"start":{"line":117,"column":4},"end":{"line":117,"column":22}},"55":{"start":{"line":118,"column":4},"end":{"line":118,"column":11}},"56":{"start":{"line":120,"column":4},"end":{"line":120,"column":54}},"57":{"start":{"line":121,"column":4},"end":{"line":121,"column":67}},"58":{"start":{"line":123,"column":19},"end":{"line":123,"column":65}},"59":{"start":{"line":124,"column":4},"end":{"line":130,"column":5}},"60":{"start":{"line":125,"column":6},"end":{"line":125,"column":94}},"61":{"start":{"line":126,"column":11},"end":{"line":130,"column":5}},"62":{"start":{"line":127,"column":6},"end":{"line":127,"column":90}},"63":{"start":{"line":128,"column":11},"end":{"line":130,"column":5}},"64":{"start":{"line":129,"column":6},"end":{"line":129,"column":80}},"65":{"start":{"line":132,"column":4},"end":{"line":135,"column":7}},"66":{"start":{"line":140,"column":0},"end":{"line":148,"column":3}},"67":{"start":{"line":141,"column":24},"end":{"line":141,"column":55}},"68":{"start":{"line":142,"column":2},"end":{"line":146,"column":3}},"69":{"start":{"line":143,"column":22},"end":{"line":143,"column":46}},"70":{"start":{"line":144,"column":21},"end":{"line":144,"column":37}},"71":{"start":{"line":145,"column":4},"end":{"line":145,"column":80}},"72":{"start":{"line":147,"column":2},"end":{"line":147,"column":9}},"73":{"start":{"line":151,"column":23},"end":{"line":166,"column":2}},"74":{"start":{"line":167,"column":17},"end":{"line":167,"column":59}},"75":{"start":{"line":169,"column":19},"end":{"line":186,"column":2}},"76":{"start":{"line":187,"column":13},"end":{"line":187,"column":47}},"77":{"start":{"line":190,"column":23},"end":{"line":229,"column":2}},"78":{"start":{"line":230,"column":17},"end":{"line":230,"column":59}},"79":{"start":{"line":233,"column":28},"end":{"line":266,"column":2}},"80":{"start":{"line":267,"column":22},"end":{"line":267,"column":74}},"81":{"start":{"line":270,"column":28},"end":{"line":282,"column":2}},"82":{"start":{"line":283,"column":22},"end":{"line":283,"column":74}},"83":{"start":{"line":286,"column":23},"end":{"line":319,"column":1}},"84":{"start":{"line":287,"column":16},"end":{"line":287,"column":67}},"85":{"start":{"line":288,"column":19},"end":{"line":288,"column":35}},"86":{"start":{"line":289,"column":20},"end":{"line":289,"column":44}},"87":{"start":{"line":290,"column":19},"end":{"line":290,"column":45}},"88":{"start":{"line":292,"column":2},"end":{"line":295,"column":3}},"89":{"start":{"line":293,"column":4},"end":{"line":293,"column":110}},"90":{"start":{"line":294,"column":4},"end":{"line":294,"column":53}},"91":{"start":{"line":297,"column":2},"end":{"line":318,"column":3}},"92":{"start":{"line":298,"column":20},"end":{"line":298,"column":61}},"93":{"start":{"line":301,"column":17},"end":{"line":301,"column":48}},"94":{"start":{"line":302,"column":4},"end":{"line":305,"column":5}},"95":{"start":{"line":303,"column":6},"end":{"line":303,"column":109}},"96":{"start":{"line":304,"column":6},"end":{"line":304,"column":61}},"97":{"start":{"line":307,"column":4},"end":{"line":310,"column":5}},"98":{"start":{"line":308,"column":6},"end":{"line":308,"column":137}},"99":{"start":{"line":309,"column":6},"end":{"line":309,"column":106}},"100":{"start":{"line":312,"column":4},"end":{"line":312,"column":76}},"101":{"start":{"line":313,"column":4},"end":{"line":313,"column":131}},"102":{"start":{"line":314,"column":4},"end":{"line":314,"column":11}},"103":{"start":{"line":316,"column":4},"end":{"line":316,"column":138}},"104":{"start":{"line":317,"column":4},"end":{"line":317,"column":51}},"105":{"start":{"line":322,"column":24},"end":{"line":327,"column":1}},"106":{"start":{"line":323,"column":2},"end":{"line":325,"column":3}},"107":{"start":{"line":324,"column":4},"end":{"line":324,"column":86}},"108":{"start":{"line":326,"column":2},"end":{"line":326,"column":9}},"109":{"start":{"line":330,"column":29},"end":{"line":335,"column":1}},"110":{"start":{"line":331,"column":2},"end":{"line":333,"column":3}},"111":{"start":{"line":332,"column":4},"end":{"line":332,"column":92}},"112":{"start":{"line":334,"column":2},"end":{"line":334,"column":9}},"113":{"start":{"line":340,"column":0},"end":{"line":411,"column":3}},"114":{"start":{"line":341,"column":2},"end":{"line":410,"column":3}},"115":{"start":{"line":342,"column":42},"end":{"line":342,"column":50}},"116":{"start":{"line":343,"column":21},"end":{"line":343,"column":37}},"117":{"start":{"line":344,"column":22},"end":{"line":344,"column":46}},"118":{"start":{"line":347,"column":4},"end":{"line":350,"column":5}},"119":{"start":{"line":348,"column":6},"end":{"line":348,"column":98}},"120":{"start":{"line":349,"column":6},"end":{"line":349,"column":89}},"121":{"start":{"line":352,"column":4},"end":{"line":355,"column":5}},"122":{"start":{"line":353,"column":6},"end":{"line":353,"column":112}},"123":{"start":{"line":354,"column":6},"end":{"line":354,"column":85}},"124":{"start":{"line":357,"column":4},"end":{"line":360,"column":5}},"125":{"start":{"line":358,"column":6},"end":{"line":358,"column":121}},"126":{"start":{"line":359,"column":6},"end":{"line":359,"column":85}},"127":{"start":{"line":363,"column":23},"end":{"line":363,"column":51}},"128":{"start":{"line":364,"column":4},"end":{"line":367,"column":5}},"129":{"start":{"line":365,"column":6},"end":{"line":365,"column":104}},"130":{"start":{"line":366,"column":6},"end":{"line":366,"column":67}},"131":{"start":{"line":370,"column":25},"end":{"line":370,"column":79}},"132":{"start":{"line":371,"column":4},"end":{"line":374,"column":5}},"133":{"start":{"line":372,"column":6},"end":{"line":372,"column":126}},"134":{"start":{"line":373,"column":6},"end":{"line":373,"column":79}},"135":{"start":{"line":377,"column":22},"end":{"line":377,"column":49}},"136":{"start":{"line":378,"column":17},"end":{"line":378,"column":60}},"137":{"start":{"line":379,"column":19},"end":{"line":379,"column":59}},"138":{"start":{"line":382,"column":19},"end":{"line":382,"column":50}},"139":{"start":{"line":383,"column":17},"end":{"line":389,"column":6}},"140":{"start":{"line":390,"column":4},"end":{"line":390,"column":22}},"141":{"start":{"line":392,"column":4},"end":{"line":392,"column":121}},"142":{"start":{"line":394,"column":4},"end":{"line":404,"column":5}},"143":{"start":{"line":395,"column":6},"end":{"line":398,"column":9}},"144":{"start":{"line":400,"column":6},"end":{"line":403,"column":9}},"145":{"start":{"line":406,"column":22},"end":{"line":406,"column":46}},"146":{"start":{"line":407,"column":21},"end":{"line":407,"column":37}},"147":{"start":{"line":408,"column":4},"end":{"line":408,"column":97}},"148":{"start":{"line":409,"column":4},"end":{"line":409,"column":70}},"149":{"start":{"line":413,"column":0},"end":{"line":472,"column":3}},"150":{"start":{"line":414,"column":2},"end":{"line":471,"column":3}},"151":{"start":{"line":415,"column":35},"end":{"line":415,"column":43}},"152":{"start":{"line":416,"column":21},"end":{"line":416,"column":37}},"153":{"start":{"line":417,"column":22},"end":{"line":417,"column":46}},"154":{"start":{"line":420,"column":4},"end":{"line":423,"column":5}},"155":{"start":{"line":421,"column":6},"end":{"line":421,"column":91}},"156":{"start":{"line":422,"column":6},"end":{"line":422,"column":81}},"157":{"start":{"line":425,"column":17},"end":{"line":425,"column":49}},"158":{"start":{"line":427,"column":4},"end":{"line":430,"column":5}},"159":{"start":{"line":428,"column":6},"end":{"line":428,"column":101}},"160":{"start":{"line":429,"column":6},"end":{"line":429,"column":66}},"161":{"start":{"line":432,"column":26},"end":{"line":432,"column":71}},"162":{"start":{"line":433,"column":4},"end":{"line":436,"column":5}},"163":{"start":{"line":434,"column":6},"end":{"line":434,"column":112}},"164":{"start":{"line":435,"column":6},"end":{"line":435,"column":66}},"165":{"start":{"line":439,"column":4},"end":{"line":445,"column":5}},"166":{"start":{"line":440,"column":6},"end":{"line":440,"column":108}},"167":{"start":{"line":441,"column":6},"end":{"line":444,"column":9}},"168":{"start":{"line":447,"column":4},"end":{"line":453,"column":5}},"169":{"start":{"line":448,"column":6},"end":{"line":448,"column":100}},"170":{"start":{"line":449,"column":6},"end":{"line":452,"column":9}},"171":{"start":{"line":455,"column":18},"end":{"line":455,"column":89}},"172":{"start":{"line":456,"column":4},"end":{"line":456,"column":105}},"173":{"start":{"line":457,"column":4},"end":{"line":465,"column":7}},"174":{"start":{"line":467,"column":22},"end":{"line":467,"column":46}},"175":{"start":{"line":468,"column":21},"end":{"line":468,"column":37}},"176":{"start":{"line":469,"column":4},"end":{"line":469,"column":90}},"177":{"start":{"line":470,"column":4},"end":{"line":470,"column":63}},"178":{"start":{"line":475,"column":0},"end":{"line":540,"column":3}},"179":{"start":{"line":476,"column":2},"end":{"line":539,"column":3}},"180":{"start":{"line":477,"column":77},"end":{"line":477,"column":85}},"181":{"start":{"line":480,"column":4},"end":{"line":482,"column":5}},"182":{"start":{"line":481,"column":6},"end":{"line":481,"column":82}},"183":{"start":{"line":484,"column":4},"end":{"line":486,"column":5}},"184":{"start":{"line":485,"column":6},"end":{"line":485,"column":88}},"185":{"start":{"line":489,"column":23},"end":{"line":489,"column":51}},"186":{"start":{"line":490,"column":4},"end":{"line":492,"column":5}},"187":{"start":{"line":491,"column":6},"end":{"line":491,"column":67}},"188":{"start":{"line":495,"column":19},"end":{"line":495,"column":52}},"189":{"start":{"line":497,"column":4},"end":{"line":535,"column":5}},"190":{"start":{"line":499,"column":6},"end":{"line":504,"column":9}},"191":{"start":{"line":505,"column":6},"end":{"line":505,"column":28}},"192":{"start":{"line":506,"column":6},"end":{"line":512,"column":9}},"193":{"start":{"line":515,"column":26},"end":{"line":526,"column":8}},"194":{"start":{"line":527,"column":6},"end":{"line":527,"column":31}},"195":{"start":{"line":528,"column":6},"end":{"line":534,"column":9}},"196":{"start":{"line":537,"column":4},"end":{"line":537,"column":57}},"197":{"start":{"line":538,"column":4},"end":{"line":538,"column":92}},"198":{"start":{"line":544,"column":0},"end":{"line":555,"column":3}},"199":{"start":{"line":545,"column":2},"end":{"line":554,"column":3}},"200":{"start":{"line":546,"column":18},"end":{"line":549,"column":30}},"201":{"start":{"line":550,"column":4},"end":{"line":550,"column":20}},"202":{"start":{"line":552,"column":4},"end":{"line":552,"column":48}},"203":{"start":{"line":553,"column":4},"end":{"line":553,"column":70}},"204":{"start":{"line":558,"column":0},"end":{"line":568,"column":3}},"205":{"start":{"line":559,"column":2},"end":{"line":567,"column":3}},"206":{"start":{"line":560,"column":25},"end":{"line":562,"column":30}},"207":{"start":{"line":563,"column":4},"end":{"line":563,"column":27}},"208":{"start":{"line":565,"column":4},"end":{"line":565,"column":56}},"209":{"start":{"line":566,"column":4},"end":{"line":566,"column":70}},"210":{"start":{"line":571,"column":0},"end":{"line":610,"column":3}},"211":{"start":{"line":572,"column":2},"end":{"line":609,"column":3}},"212":{"start":{"line":573,"column":21},"end":{"line":573,"column":29}},"213":{"start":{"line":574,"column":19},"end":{"line":574,"column":32}},"214":{"start":{"line":576,"column":4},"end":{"line":578,"column":5}},"215":{"start":{"line":577,"column":6},"end":{"line":577,"column":90}},"216":{"start":{"line":580,"column":17},"end":{"line":580,"column":44}},"217":{"start":{"line":581,"column":4},"end":{"line":583,"column":5}},"218":{"start":{"line":582,"column":6},"end":{"line":582,"column":61}},"219":{"start":{"line":585,"column":4},"end":{"line":587,"column":5}},"220":{"start":{"line":586,"column":6},"end":{"line":586,"column":71}},"221":{"start":{"line":589,"column":4},"end":{"line":589,"column":29}},"222":{"start":{"line":590,"column":4},"end":{"line":590,"column":53}},"223":{"start":{"line":591,"column":4},"end":{"line":591,"column":34}},"224":{"start":{"line":592,"column":4},"end":{"line":592,"column":33}},"225":{"start":{"line":593,"column":4},"end":{"line":593,"column":22}},"226":{"start":{"line":595,"column":4},"end":{"line":595,"column":77}},"227":{"start":{"line":596,"column":4},"end":{"line":605,"column":7}},"228":{"start":{"line":607,"column":4},"end":{"line":607,"column":48}},"229":{"start":{"line":608,"column":4},"end":{"line":608,"column":70}},"230":{"start":{"line":613,"column":0},"end":{"line":639,"column":3}},"231":{"start":{"line":614,"column":2},"end":{"line":638,"column":3}},"232":{"start":{"line":615,"column":19},"end":{"line":615,"column":32}},"233":{"start":{"line":617,"column":17},"end":{"line":617,"column":44}},"234":{"start":{"line":618,"column":4},"end":{"line":620,"column":5}},"235":{"start":{"line":619,"column":6},"end":{"line":619,"column":61}},"236":{"start":{"line":622,"column":4},"end":{"line":622,"column":29}},"237":{"start":{"line":623,"column":4},"end":{"line":623,"column":22}},"238":{"start":{"line":625,"column":4},"end":{"line":625,"column":77}},"239":{"start":{"line":626,"column":4},"end":{"line":634,"column":7}},"240":{"start":{"line":636,"column":4},"end":{"line":636,"column":48}},"241":{"start":{"line":637,"column":4},"end":{"line":637,"column":70}},"242":{"start":{"line":642,"column":0},"end":{"line":662,"column":3}},"243":{"start":{"line":643,"column":2},"end":{"line":661,"column":3}},"244":{"start":{"line":644,"column":19},"end":{"line":644,"column":32}},"245":{"start":{"line":647,"column":4},"end":{"line":649,"column":5}},"246":{"start":{"line":648,"column":6},"end":{"line":648,"column":77}},"247":{"start":{"line":651,"column":17},"end":{"line":651,"column":53}},"248":{"start":{"line":652,"column":4},"end":{"line":654,"column":5}},"249":{"start":{"line":653,"column":6},"end":{"line":653,"column":61}},"250":{"start":{"line":656,"column":4},"end":{"line":656,"column":78}},"251":{"start":{"line":657,"column":4},"end":{"line":657,"column":64}},"252":{"start":{"line":659,"column":4},"end":{"line":659,"column":47}},"253":{"start":{"line":660,"column":4},"end":{"line":660,"column":70}},"254":{"start":{"line":665,"column":0},"end":{"line":696,"column":3}},"255":{"start":{"line":666,"column":2},"end":{"line":695,"column":3}},"256":{"start":{"line":667,"column":19},"end":{"line":667,"column":32}},"257":{"start":{"line":669,"column":17},"end":{"line":669,"column":44}},"258":{"start":{"line":670,"column":4},"end":{"line":672,"column":5}},"259":{"start":{"line":671,"column":6},"end":{"line":671,"column":61}},"260":{"start":{"line":674,"column":4},"end":{"line":676,"column":5}},"261":{"start":{"line":675,"column":6},"end":{"line":675,"column":76}},"262":{"start":{"line":678,"column":4},"end":{"line":678,"column":30}},"263":{"start":{"line":679,"column":4},"end":{"line":679,"column":29}},"264":{"start":{"line":680,"column":4},"end":{"line":680,"column":22}},"265":{"start":{"line":682,"column":4},"end":{"line":682,"column":93}},"266":{"start":{"line":683,"column":4},"end":{"line":691,"column":7}},"267":{"start":{"line":693,"column":4},"end":{"line":693,"column":48}},"268":{"start":{"line":694,"column":4},"end":{"line":694,"column":70}},"269":{"start":{"line":699,"column":0},"end":{"line":712,"column":3}},"270":{"start":{"line":700,"column":2},"end":{"line":711,"column":3}},"271":{"start":{"line":701,"column":22},"end":{"line":701,"column":43}},"272":{"start":{"line":703,"column":4},"end":{"line":706,"column":9}},"273":{"start":{"line":703,"column":54},"end":{"line":706,"column":5}},"274":{"start":{"line":707,"column":4},"end":{"line":707,"column":24}},"275":{"start":{"line":709,"column":4},"end":{"line":709,"column":52}},"276":{"start":{"line":710,"column":4},"end":{"line":710,"column":70}},"277":{"start":{"line":714,"column":0},"end":{"line":796,"column":3}},"278":{"start":{"line":715,"column":2},"end":{"line":795,"column":3}},"279":{"start":{"line":716,"column":23},"end":{"line":716,"column":43}},"280":{"start":{"line":717,"column":4},"end":{"line":717,"column":58}},"281":{"start":{"line":718,"column":4},"end":{"line":718,"column":49}},"282":{"start":{"line":719,"column":4},"end":{"line":719,"column":47}},"283":{"start":{"line":722,"column":4},"end":{"line":725,"column":5}},"284":{"start":{"line":723,"column":6},"end":{"line":723,"column":63}},"285":{"start":{"line":724,"column":6},"end":{"line":724,"column":89}},"286":{"start":{"line":728,"column":19},"end":{"line":728,"column":23}},"287":{"start":{"line":731,"column":4},"end":{"line":731,"column":51}},"288":{"start":{"line":734,"column":4},"end":{"line":741,"column":5}},"289":{"start":{"line":735,"column":6},"end":{"line":740,"column":7}},"290":{"start":{"line":736,"column":25},"end":{"line":736,"column":64}},"291":{"start":{"line":737,"column":8},"end":{"line":737,"column":53}},"292":{"start":{"line":739,"column":8},"end":{"line":739,"column":65}},"293":{"start":{"line":744,"column":4},"end":{"line":746,"column":5}},"294":{"start":{"line":745,"column":6},"end":{"line":745,"column":61}},"295":{"start":{"line":749,"column":4},"end":{"line":756,"column":5}},"296":{"start":{"line":750,"column":6},"end":{"line":755,"column":7}},"297":{"start":{"line":751,"column":25},"end":{"line":751,"column":64}},"298":{"start":{"line":752,"column":8},"end":{"line":752,"column":61}},"299":{"start":{"line":754,"column":8},"end":{"line":754,"column":64}},"300":{"start":{"line":758,"column":4},"end":{"line":782,"column":5}},"301":{"start":{"line":759,"column":6},"end":{"line":759,"column":63}},"302":{"start":{"line":761,"column":27},"end":{"line":761,"column":62}},"303":{"start":{"line":762,"column":27},"end":{"line":766,"column":9}},"304":{"start":{"line":762,"column":50},"end":{"line":766,"column":7}},"305":{"start":{"line":767,"column":6},"end":{"line":767,"column":56}},"306":{"start":{"line":768,"column":6},"end":{"line":768,"column":51}},"307":{"start":{"line":769,"column":6},"end":{"line":769,"column":65}},"308":{"start":{"line":769,"column":58},"end":{"line":769,"column":62}},"309":{"start":{"line":772,"column":25},"end":{"line":772,"column":119}},"310":{"start":{"line":772,"column":48},"end":{"line":772,"column":118}},"311":{"start":{"line":773,"column":6},"end":{"line":775,"column":7}},"312":{"start":{"line":774,"column":8},"end":{"line":774,"column":74}},"313":{"start":{"line":777,"column":6},"end":{"line":781,"column":9}},"314":{"start":{"line":785,"column":4},"end":{"line":787,"column":5}},"315":{"start":{"line":786,"column":6},"end":{"line":786,"column":29}},"316":{"start":{"line":788,"column":4},"end":{"line":788,"column":96}},"317":{"start":{"line":789,"column":4},"end":{"line":789,"column":57}},"318":{"start":{"line":790,"column":4},"end":{"line":790,"column":23}},"319":{"start":{"line":792,"column":4},"end":{"line":792,"column":51}},"320":{"start":{"line":793,"column":4},"end":{"line":793,"column":45}},"321":{"start":{"line":794,"column":4},"end":{"line":794,"column":70}},"322":{"start":{"line":798,"column":0},"end":{"line":812,"column":3}},"323":{"start":{"line":799,"column":2},"end":{"line":811,"column":3}},"324":{"start":{"line":800,"column":25},"end":{"line":800,"column":40}},"325":{"start":{"line":802,"column":4},"end":{"line":804,"column":5}},"326":{"start":{"line":803,"column":6},"end":{"line":803,"column":33}},"327":{"start":{"line":805,"column":21},"end":{"line":805,"column":47}},"328":{"start":{"line":806,"column":4},"end":{"line":806,"column":26}},"329":{"start":{"line":807,"column":4},"end":{"line":807,"column":23}},"330":{"start":{"line":809,"column":4},"end":{"line":809,"column":51}},"331":{"start":{"line":810,"column":4},"end":{"line":810,"column":70}},"332":{"start":{"line":814,"column":0},"end":{"line":834,"column":3}},"333":{"start":{"line":815,"column":2},"end":{"line":833,"column":3}},"334":{"start":{"line":816,"column":21},"end":{"line":816,"column":59}},"335":{"start":{"line":817,"column":4},"end":{"line":819,"column":5}},"336":{"start":{"line":818,"column":6},"end":{"line":818,"column":65}},"337":{"start":{"line":822,"column":4},"end":{"line":822,"column":53}},"338":{"start":{"line":822,"column":23},"end":{"line":822,"column":53}},"339":{"start":{"line":823,"column":4},"end":{"line":823,"column":56}},"340":{"start":{"line":823,"column":24},"end":{"line":823,"column":56}},"341":{"start":{"line":824,"column":4},"end":{"line":824,"column":56}},"342":{"start":{"line":824,"column":24},"end":{"line":824,"column":56}},"343":{"start":{"line":825,"column":4},"end":{"line":825,"column":76}},"344":{"start":{"line":825,"column":40},"end":{"line":825,"column":76}},"345":{"start":{"line":827,"column":4},"end":{"line":827,"column":26}},"346":{"start":{"line":828,"column":4},"end":{"line":828,"column":52}},"347":{"start":{"line":829,"column":4},"end":{"line":829,"column":23}},"348":{"start":{"line":831,"column":4},"end":{"line":831,"column":51}},"349":{"start":{"line":832,"column":4},"end":{"line":832,"column":70}},"350":{"start":{"line":836,"column":0},"end":{"line":839,"column":3}},"351":{"start":{"line":837,"column":2},"end":{"line":837,"column":50}},"352":{"start":{"line":838,"column":2},"end":{"line":838,"column":40}},"353":{"start":{"line":842,"column":0},"end":{"line":857,"column":3}},"354":{"start":{"line":843,"column":2},"end":{"line":856,"column":3}},"355":{"start":{"line":844,"column":21},"end":{"line":844,"column":67}},"356":{"start":{"line":845,"column":4},"end":{"line":847,"column":5}},"357":{"start":{"line":846,"column":6},"end":{"line":846,"column":65}},"358":{"start":{"line":848,"column":4},"end":{"line":848,"column":37}},"359":{"start":{"line":849,"column":4},"end":{"line":849,"column":26}},"360":{"start":{"line":851,"column":23},"end":{"line":851,"column":70}},"361":{"start":{"line":852,"column":4},"end":{"line":852,"column":25}},"362":{"start":{"line":854,"column":4},"end":{"line":854,"column":50}},"363":{"start":{"line":855,"column":4},"end":{"line":855,"column":70}},"364":{"start":{"line":859,"column":0},"end":{"line":876,"column":3}},"365":{"start":{"line":860,"column":2},"end":{"line":875,"column":3}},"366":{"start":{"line":861,"column":21},"end":{"line":861,"column":67}},"367":{"start":{"line":862,"column":4},"end":{"line":864,"column":5}},"368":{"start":{"line":863,"column":6},"end":{"line":863,"column":65}},"369":{"start":{"line":867,"column":4},"end":{"line":867,"column":49}},"370":{"start":{"line":868,"column":4},"end":{"line":868,"column":26}},"371":{"start":{"line":870,"column":4},"end":{"line":870,"column":58}},"372":{"start":{"line":871,"column":4},"end":{"line":871,"column":41}},"373":{"start":{"line":873,"column":4},"end":{"line":873,"column":50}},"374":{"start":{"line":874,"column":4},"end":{"line":874,"column":70}},"375":{"start":{"line":878,"column":0},"end":{"line":896,"column":3}},"376":{"start":{"line":879,"column":2},"end":{"line":895,"column":3}},"377":{"start":{"line":880,"column":21},"end":{"line":880,"column":67}},"378":{"start":{"line":881,"column":4},"end":{"line":883,"column":5}},"379":{"start":{"line":882,"column":6},"end":{"line":882,"column":65}},"380":{"start":{"line":884,"column":20},"end":{"line":884,"column":62}},"381":{"start":{"line":885,"column":4},"end":{"line":887,"column":5}},"382":{"start":{"line":886,"column":6},"end":{"line":886,"column":64}},"383":{"start":{"line":888,"column":4},"end":{"line":888,"column":43}},"384":{"start":{"line":889,"column":4},"end":{"line":889,"column":30}},"385":{"start":{"line":890,"column":4},"end":{"line":890,"column":26}},"386":{"start":{"line":891,"column":4},"end":{"line":891,"column":22}},"387":{"start":{"line":893,"column":4},"end":{"line":893,"column":46}},"388":{"start":{"line":894,"column":4},"end":{"line":894,"column":70}},"389":{"start":{"line":898,"column":0},"end":{"line":916,"column":3}},"390":{"start":{"line":899,"column":2},"end":{"line":915,"column":3}},"391":{"start":{"line":900,"column":21},"end":{"line":900,"column":67}},"392":{"start":{"line":901,"column":4},"end":{"line":903,"column":5}},"393":{"start":{"line":902,"column":6},"end":{"line":902,"column":65}},"394":{"start":{"line":904,"column":20},"end":{"line":904,"column":62}},"395":{"start":{"line":905,"column":4},"end":{"line":907,"column":5}},"396":{"start":{"line":906,"column":6},"end":{"line":906,"column":64}},"397":{"start":{"line":908,"column":4},"end":{"line":908,"column":45}},"398":{"start":{"line":909,"column":4},"end":{"line":909,"column":30}},"399":{"start":{"line":910,"column":4},"end":{"line":910,"column":26}},"400":{"start":{"line":911,"column":4},"end":{"line":911,"column":22}},"401":{"start":{"line":913,"column":4},"end":{"line":913,"column":47}},"402":{"start":{"line":914,"column":4},"end":{"line":914,"column":70}},"403":{"start":{"line":918,"column":0},"end":{"line":936,"column":3}},"404":{"start":{"line":919,"column":2},"end":{"line":935,"column":3}},"405":{"start":{"line":920,"column":21},"end":{"line":920,"column":67}},"406":{"start":{"line":921,"column":4},"end":{"line":923,"column":5}},"407":{"start":{"line":922,"column":6},"end":{"line":922,"column":65}},"408":{"start":{"line":924,"column":20},"end":{"line":924,"column":62}},"409":{"start":{"line":925,"column":4},"end":{"line":927,"column":5}},"410":{"start":{"line":926,"column":6},"end":{"line":926,"column":64}},"411":{"start":{"line":928,"column":4},"end":{"line":928,"column":49}},"412":{"start":{"line":929,"column":4},"end":{"line":929,"column":33}},"413":{"start":{"line":930,"column":4},"end":{"line":930,"column":26}},"414":{"start":{"line":931,"column":4},"end":{"line":931,"column":22}},"415":{"start":{"line":933,"column":4},"end":{"line":933,"column":51}},"416":{"start":{"line":934,"column":4},"end":{"line":934,"column":70}},"417":{"start":{"line":938,"column":0},"end":{"line":968,"column":3}},"418":{"start":{"line":939,"column":2},"end":{"line":967,"column":3}},"419":{"start":{"line":940,"column":4},"end":{"line":940,"column":122}},"420":{"start":{"line":942,"column":21},"end":{"line":942,"column":67}},"421":{"start":{"line":943,"column":4},"end":{"line":946,"column":5}},"422":{"start":{"line":944,"column":6},"end":{"line":944,"column":66}},"423":{"start":{"line":945,"column":6},"end":{"line":945,"column":100}},"424":{"start":{"line":948,"column":20},"end":{"line":948,"column":62}},"425":{"start":{"line":949,"column":4},"end":{"line":958,"column":5}},"426":{"start":{"line":950,"column":6},"end":{"line":950,"column":64}},"427":{"start":{"line":951,"column":32},"end":{"line":951,"column":100}},"428":{"start":{"line":951,"column":60},"end":{"line":951,"column":98}},"429":{"start":{"line":952,"column":6},"end":{"line":952,"column":60}},"430":{"start":{"line":953,"column":6},"end":{"line":957,"column":9}},"431":{"start":{"line":960,"column":4},"end":{"line":960,"column":33}},"432":{"start":{"line":961,"column":4},"end":{"line":961,"column":26}},"433":{"start":{"line":962,"column":4},"end":{"line":962,"column":62}},"434":{"start":{"line":963,"column":4},"end":{"line":963,"column":22}},"435":{"start":{"line":965,"column":4},"end":{"line":965,"column":62}},"436":{"start":{"line":966,"column":4},"end":{"line":966,"column":70}},"437":{"start":{"line":970,"column":0},"end":{"line":991,"column":3}},"438":{"start":{"line":971,"column":2},"end":{"line":990,"column":3}},"439":{"start":{"line":972,"column":21},"end":{"line":972,"column":67}},"440":{"start":{"line":973,"column":4},"end":{"line":975,"column":5}},"441":{"start":{"line":974,"column":6},"end":{"line":974,"column":65}},"442":{"start":{"line":977,"column":20},"end":{"line":977,"column":62}},"443":{"start":{"line":978,"column":4},"end":{"line":980,"column":5}},"444":{"start":{"line":979,"column":6},"end":{"line":979,"column":64}},"445":{"start":{"line":982,"column":4},"end":{"line":982,"column":37}},"446":{"start":{"line":983,"column":4},"end":{"line":983,"column":26}},"447":{"start":{"line":985,"column":4},"end":{"line":985,"column":60}},"448":{"start":{"line":986,"column":4},"end":{"line":986,"column":32}},"449":{"start":{"line":988,"column":4},"end":{"line":988,"column":49}},"450":{"start":{"line":989,"column":4},"end":{"line":989,"column":70}},"451":{"start":{"line":993,"column":0},"end":{"line":1015,"column":3}},"452":{"start":{"line":994,"column":2},"end":{"line":1014,"column":3}},"453":{"start":{"line":995,"column":21},"end":{"line":995,"column":67}},"454":{"start":{"line":996,"column":4},"end":{"line":998,"column":5}},"455":{"start":{"line":997,"column":6},"end":{"line":997,"column":65}},"456":{"start":{"line":1000,"column":20},"end":{"line":1000,"column":62}},"457":{"start":{"line":1001,"column":4},"end":{"line":1003,"column":5}},"458":{"start":{"line":1002,"column":6},"end":{"line":1002,"column":64}},"459":{"start":{"line":1006,"column":4},"end":{"line":1006,"column":50}},"460":{"start":{"line":1007,"column":4},"end":{"line":1007,"column":26}},"461":{"start":{"line":1009,"column":4},"end":{"line":1009,"column":60}},"462":{"start":{"line":1010,"column":4},"end":{"line":1010,"column":72}},"463":{"start":{"line":1012,"column":4},"end":{"line":1012,"column":51}},"464":{"start":{"line":1013,"column":4},"end":{"line":1013,"column":70}},"465":{"start":{"line":1020,"column":0},"end":{"line":1064,"column":3}},"466":{"start":{"line":1021,"column":2},"end":{"line":1063,"column":3}},"467":{"start":{"line":1022,"column":44},"end":{"line":1022,"column":53}},"468":{"start":{"line":1024,"column":16},"end":{"line":1024,"column":34}},"469":{"start":{"line":1025,"column":4},"end":{"line":1025,"column":46}},"470":{"start":{"line":1025,"column":18},"end":{"line":1025,"column":46}},"471":{"start":{"line":1026,"column":4},"end":{"line":1026,"column":54}},"472":{"start":{"line":1026,"column":30},"end":{"line":1026,"column":54}},"473":{"start":{"line":1027,"column":4},"end":{"line":1027,"column":63}},"474":{"start":{"line":1027,"column":16},"end":{"line":1027,"column":63}},"475":{"start":{"line":1029,"column":22},"end":{"line":1029,"column":66}},"476":{"start":{"line":1032,"column":27},"end":{"line":1032,"column":43}},"477":{"start":{"line":1033,"column":20},"end":{"line":1035,"column":6}},"478":{"start":{"line":1037,"column":22},"end":{"line":1037,"column":32}},"479":{"start":{"line":1038,"column":4},"end":{"line":1038,"column":25}},"480":{"start":{"line":1039,"column":4},"end":{"line":1039,"column":35}},"481":{"start":{"line":1041,"column":25},"end":{"line":1044,"column":6}},"482":{"start":{"line":1046,"column":26},"end":{"line":1049,"column":6}},"483":{"start":{"line":1051,"column":4},"end":{"line":1059,"column":7}},"484":{"start":{"line":1061,"column":4},"end":{"line":1061,"column":52}},"485":{"start":{"line":1062,"column":4},"end":{"line":1062,"column":70}},"486":{"start":{"line":1067,"column":0},"end":{"line":1084,"column":3}},"487":{"start":{"line":1068,"column":2},"end":{"line":1083,"column":3}},"488":{"start":{"line":1069,"column":21},"end":{"line":1069,"column":59}},"489":{"start":{"line":1070,"column":4},"end":{"line":1072,"column":5}},"490":{"start":{"line":1071,"column":6},"end":{"line":1071,"column":65}},"491":{"start":{"line":1075,"column":19},"end":{"line":1077,"column":16}},"492":{"start":{"line":1079,"column":4},"end":{"line":1079,"column":35}},"493":{"start":{"line":1081,"column":4},"end":{"line":1081,"column":51}},"494":{"start":{"line":1082,"column":4},"end":{"line":1082,"column":70}},"495":{"start":{"line":1087,"column":0},"end":{"line":1096,"column":3}},"496":{"start":{"line":1088,"column":2},"end":{"line":1095,"column":3}},"497":{"start":{"line":1089,"column":21},"end":{"line":1089,"column":43}},"498":{"start":{"line":1090,"column":4},"end":{"line":1090,"column":26}},"499":{"start":{"line":1091,"column":4},"end":{"line":1091,"column":35}},"500":{"start":{"line":1093,"column":4},"end":{"line":1093,"column":51}},"501":{"start":{"line":1094,"column":4},"end":{"line":1094,"column":70}},"502":{"start":{"line":1099,"column":0},"end":{"line":1114,"column":3}},"503":{"start":{"line":1100,"column":2},"end":{"line":1113,"column":3}},"504":{"start":{"line":1101,"column":21},"end":{"line":1105,"column":5}},"505":{"start":{"line":1106,"column":4},"end":{"line":1108,"column":5}},"506":{"start":{"line":1107,"column":6},"end":{"line":1107,"column":65}},"507":{"start":{"line":1109,"column":4},"end":{"line":1109,"column":23}},"508":{"start":{"line":1111,"column":4},"end":{"line":1111,"column":51}},"509":{"start":{"line":1112,"column":4},"end":{"line":1112,"column":70}},"510":{"start":{"line":1117,"column":0},"end":{"line":1132,"column":3}},"511":{"start":{"line":1118,"column":2},"end":{"line":1131,"column":3}},"512":{"start":{"line":1119,"column":21},"end":{"line":1123,"column":5}},"513":{"start":{"line":1124,"column":4},"end":{"line":1126,"column":5}},"514":{"start":{"line":1125,"column":6},"end":{"line":1125,"column":65}},"515":{"start":{"line":1127,"column":4},"end":{"line":1127,"column":43}},"516":{"start":{"line":1129,"column":4},"end":{"line":1129,"column":51}},"517":{"start":{"line":1130,"column":4},"end":{"line":1130,"column":70}},"518":{"start":{"line":1135,"column":0},"end":{"line":1148,"column":3}},"519":{"start":{"line":1136,"column":2},"end":{"line":1147,"column":3}},"520":{"start":{"line":1137,"column":21},"end":{"line":1137,"column":59}},"521":{"start":{"line":1138,"column":4},"end":{"line":1140,"column":5}},"522":{"start":{"line":1139,"column":6},"end":{"line":1139,"column":65}},"523":{"start":{"line":1141,"column":4},"end":{"line":1141,"column":47}},"524":{"start":{"line":1142,"column":4},"end":{"line":1142,"column":26}},"525":{"start":{"line":1143,"column":4},"end":{"line":1143,"column":23}},"526":{"start":{"line":1145,"column":4},"end":{"line":1145,"column":51}},"527":{"start":{"line":1146,"column":4},"end":{"line":1146,"column":70}},"528":{"start":{"line":1153,"column":0},"end":{"line":1169,"column":3}},"529":{"start":{"line":1154,"column":2},"end":{"line":1168,"column":3}},"530":{"start":{"line":1155,"column":35},"end":{"line":1155,"column":44}},"531":{"start":{"line":1156,"column":16},"end":{"line":1156,"column":18}},"532":{"start":{"line":1157,"column":4},"end":{"line":1157,"column":38}},"533":{"start":{"line":1157,"column":16},"end":{"line":1157,"column":38}},"534":{"start":{"line":1158,"column":4},"end":{"line":1158,"column":48}},"535":{"start":{"line":1158,"column":20},"end":{"line":1158,"column":48}},"536":{"start":{"line":1160,"column":16},"end":{"line":1163,"column":30}},"537":{"start":{"line":1164,"column":4},"end":{"line":1164,"column":18}},"538":{"start":{"line":1166,"column":4},"end":{"line":1166,"column":58}},"539":{"start":{"line":1167,"column":4},"end":{"line":1167,"column":70}},"540":{"start":{"line":1173,"column":15},"end":{"line":1173,"column":39}},"541":{"start":{"line":1174,"column":17},"end":{"line":1176,"column":28}},"542":{"start":{"line":1178,"column":2},"end":{"line":1180,"column":3}},"543":{"start":{"line":1179,"column":4},"end":{"line":1179,"column":29}},"544":{"start":{"line":1182,"column":18},"end":{"line":1182,"column":57}},"545":{"start":{"line":1183,"column":18},"end":{"line":1183,"column":59}},"546":{"start":{"line":1184,"column":2},"end":{"line":1184,"column":33}},"547":{"start":{"line":1188,"column":0},"end":{"line":1209,"column":3}},"548":{"start":{"line":1189,"column":2},"end":{"line":1208,"column":3}},"549":{"start":{"line":1190,"column":21},"end":{"line":1190,"column":45}},"550":{"start":{"line":1191,"column":15},"end":{"line":1195,"column":6}},"551":{"start":{"line":1196,"column":4},"end":{"line":1196,"column":20}},"552":{"start":{"line":1199,"column":4},"end":{"line":1202,"column":7}},"553":{"start":{"line":1204,"column":4},"end":{"line":1204,"column":29}},"554":{"start":{"line":1206,"column":4},"end":{"line":1206,"column":57}},"555":{"start":{"line":1207,"column":4},"end":{"line":1207,"column":70}},"556":{"start":{"line":1212,"column":0},"end":{"line":1228,"column":3}},"557":{"start":{"line":1213,"column":2},"end":{"line":1227,"column":3}},"558":{"start":{"line":1214,"column":15},"end":{"line":1218,"column":34}},"559":{"start":{"line":1220,"column":4},"end":{"line":1222,"column":5}},"560":{"start":{"line":1221,"column":6},"end":{"line":1221,"column":71}},"561":{"start":{"line":1223,"column":4},"end":{"line":1223,"column":17}},"562":{"start":{"line":1225,"column":4},"end":{"line":1225,"column":57}},"563":{"start":{"line":1226,"column":4},"end":{"line":1226,"column":70}},"564":{"start":{"line":1233,"column":0},"end":{"line":1256,"column":3}},"565":{"start":{"line":1234,"column":2},"end":{"line":1255,"column":3}},"566":{"start":{"line":1235,"column":25},"end":{"line":1235,"column":34}},"567":{"start":{"line":1236,"column":16},"end":{"line":1236,"column":18}},"568":{"start":{"line":1238,"column":4},"end":{"line":1246,"column":5}},"569":{"start":{"line":1240,"column":20},"end":{"line":1242,"column":46}},"570":{"start":{"line":1244,"column":28},"end":{"line":1244,"column":83}},"571":{"start":{"line":1244,"column":49},"end":{"line":1244,"column":82}},"572":{"start":{"line":1245,"column":6},"end":{"line":1245,"column":37}},"573":{"start":{"line":1248,"column":18},"end":{"line":1250,"column":24}},"574":{"start":{"line":1251,"column":4},"end":{"line":1251,"column":20}},"575":{"start":{"line":1253,"column":4},"end":{"line":1253,"column":52}},"576":{"start":{"line":1254,"column":4},"end":{"line":1254,"column":70}},"577":{"start":{"line":1259,"column":0},"end":{"line":1268,"column":3}},"578":{"start":{"line":1260,"column":2},"end":{"line":1267,"column":3}},"579":{"start":{"line":1261,"column":17},"end":{"line":1261,"column":44}},"580":{"start":{"line":1262,"column":4},"end":{"line":1262,"column":22}},"581":{"start":{"line":1263,"column":4},"end":{"line":1263,"column":31}},"582":{"start":{"line":1265,"column":4},"end":{"line":1265,"column":57}},"583":{"start":{"line":1266,"column":4},"end":{"line":1266,"column":70}},"584":{"start":{"line":1270,"column":0},"end":{"line":1286,"column":3}},"585":{"start":{"line":1271,"column":2},"end":{"line":1285,"column":3}},"586":{"start":{"line":1272,"column":17},"end":{"line":1276,"column":43}},"587":{"start":{"line":1278,"column":4},"end":{"line":1280,"column":5}},"588":{"start":{"line":1279,"column":6},"end":{"line":1279,"column":71}},"589":{"start":{"line":1281,"column":4},"end":{"line":1281,"column":19}},"590":{"start":{"line":1283,"column":4},"end":{"line":1283,"column":57}},"591":{"start":{"line":1284,"column":4},"end":{"line":1284,"column":70}},"592":{"start":{"line":1288,"column":13},"end":{"line":1288,"column":37}},"593":{"start":{"line":1291,"column":0},"end":{"line":1302,"column":1}},"594":{"start":{"line":1292,"column":2},"end":{"line":1301,"column":5}},"595":{"start":{"line":1293,"column":4},"end":{"line":1293,"column":39}},"596":{"start":{"line":1294,"column":4},"end":{"line":1294,"column":73}},"597":{"start":{"line":1295,"column":4},"end":{"line":1295,"column":74}},"598":{"start":{"line":1296,"column":4},"end":{"line":1296,"column":54}},"599":{"start":{"line":1297,"column":4},"end":{"line":1297,"column":57}},"600":{"start":{"line":1298,"column":4},"end":{"line":1298,"column":61}},"601":{"start":{"line":1299,"column":4},"end":{"line":1299,"column":61}},"602":{"start":{"line":1300,"column":4},"end":{"line":1300,"column":39}}},"fnMap":{"0":{"name":"(anonymous_0)","decl":{"start":{"line":14,"column":20},"end":{"line":14,"column":21}},"loc":{"start":{"line":14,"column":29},"end":{"line":35,"column":1}},"line":14},"1":{"name":"(anonymous_1)","decl":{"start":{"line":41,"column":18},"end":{"line":41,"column":19}},"loc":{"start":{"line":41,"column":30},"end":{"line":90,"column":1}},"line":41},"2":{"name":"(anonymous_2)","decl":{"start":{"line":56,"column":24},"end":{"line":56,"column":25}},"loc":{"start":{"line":56,"column":35},"end":{"line":56,"column":59}},"line":56},"3":{"name":"(anonymous_3)","decl":{"start":{"line":93,"column":39},"end":{"line":93,"column":40}},"loc":{"start":{"line":93,"column":45},"end":{"line":96,"column":1}},"line":93},"4":{"name":"(anonymous_4)","decl":{"start":{"line":98,"column":32},"end":{"line":98,"column":33}},"loc":{"start":{"line":98,"column":41},"end":{"line":101,"column":1}},"line":98},"5":{"name":"(anonymous_5)","decl":{"start":{"line":105,"column":20},"end":{"line":105,"column":21}},"loc":{"start":{"line":105,"column":27},"end":{"line":108,"column":3}},"line":105},"6":{"name":"(anonymous_6)","decl":{"start":{"line":115,"column":8},"end":{"line":115,"column":9}},"loc":{"start":{"line":115,"column":34},"end":{"line":137,"column":1}},"line":115},"7":{"name":"(anonymous_7)","decl":{"start":{"line":140,"column":8},"end":{"line":140,"column":9}},"loc":{"start":{"line":140,"column":28},"end":{"line":148,"column":1}},"line":140},"8":{"name":"(anonymous_8)","decl":{"start":{"line":286,"column":23},"end":{"line":286,"column":24}},"loc":{"start":{"line":286,"column":49},"end":{"line":319,"column":1}},"line":286},"9":{"name":"(anonymous_9)","decl":{"start":{"line":322,"column":24},"end":{"line":322,"column":25}},"loc":{"start":{"line":322,"column":44},"end":{"line":327,"column":1}},"line":322},"10":{"name":"(anonymous_10)","decl":{"start":{"line":330,"column":29},"end":{"line":330,"column":30}},"loc":{"start":{"line":330,"column":49},"end":{"line":335,"column":1}},"line":330},"11":{"name":"(anonymous_11)","decl":{"start":{"line":340,"column":26},"end":{"line":340,"column":27}},"loc":{"start":{"line":340,"column":46},"end":{"line":411,"column":1}},"line":340},"12":{"name":"(anonymous_12)","decl":{"start":{"line":413,"column":23},"end":{"line":413,"column":24}},"loc":{"start":{"line":413,"column":43},"end":{"line":472,"column":1}},"line":413},"13":{"name":"(anonymous_13)","decl":{"start":{"line":475,"column":30},"end":{"line":475,"column":31}},"loc":{"start":{"line":475,"column":50},"end":{"line":540,"column":1}},"line":475},"14":{"name":"(anonymous_14)","decl":{"start":{"line":544,"column":61},"end":{"line":544,"column":62}},"loc":{"start":{"line":544,"column":81},"end":{"line":555,"column":1}},"line":544},"15":{"name":"(anonymous_15)","decl":{"start":{"line":558,"column":69},"end":{"line":558,"column":70}},"loc":{"start":{"line":558,"column":89},"end":{"line":568,"column":1}},"line":558},"16":{"name":"(anonymous_16)","decl":{"start":{"line":571,"column":73},"end":{"line":571,"column":74}},"loc":{"start":{"line":571,"column":93},"end":{"line":610,"column":1}},"line":571},"17":{"name":"(anonymous_17)","decl":{"start":{"line":613,"column":72},"end":{"line":613,"column":73}},"loc":{"start":{"line":613,"column":92},"end":{"line":639,"column":1}},"line":613},"18":{"name":"(anonymous_18)","decl":{"start":{"line":642,"column":73},"end":{"line":642,"column":74}},"loc":{"start":{"line":642,"column":93},"end":{"line":662,"column":1}},"line":642},"19":{"name":"(anonymous_19)","decl":{"start":{"line":665,"column":78},"end":{"line":665,"column":79}},"loc":{"start":{"line":665,"column":98},"end":{"line":696,"column":1}},"line":665},"20":{"name":"(anonymous_20)","decl":{"start":{"line":699,"column":42},"end":{"line":699,"column":43}},"loc":{"start":{"line":699,"column":62},"end":{"line":712,"column":1}},"line":699},"21":{"name":"(anonymous_21)","decl":{"start":{"line":703,"column":48},"end":{"line":703,"column":49}},"loc":{"start":{"line":703,"column":54},"end":{"line":706,"column":5}},"line":703},"22":{"name":"(anonymous_22)","decl":{"start":{"line":714,"column":46},"end":{"line":714,"column":47}},"loc":{"start":{"line":714,"column":66},"end":{"line":796,"column":1}},"line":714},"23":{"name":"(anonymous_23)","decl":{"start":{"line":762,"column":44},"end":{"line":762,"column":45}},"loc":{"start":{"line":762,"column":50},"end":{"line":766,"column":7}},"line":762},"24":{"name":"(anonymous_24)","decl":{"start":{"line":769,"column":53},"end":{"line":769,"column":54}},"loc":{"start":{"line":769,"column":58},"end":{"line":769,"column":62}},"line":769},"25":{"name":"(anonymous_25)","decl":{"start":{"line":772,"column":43},"end":{"line":772,"column":44}},"loc":{"start":{"line":772,"column":48},"end":{"line":772,"column":118}},"line":772},"26":{"name":"(anonymous_26)","decl":{"start":{"line":798,"column":43},"end":{"line":798,"column":44}},"loc":{"start":{"line":798,"column":63},"end":{"line":812,"column":1}},"line":798},"27":{"name":"(anonymous_27)","decl":{"start":{"line":814,"column":46},"end":{"line":814,"column":47}},"loc":{"start":{"line":814,"column":66},"end":{"line":834,"column":1}},"line":814},"28":{"name":"(anonymous_28)","decl":{"start":{"line":836,"column":49},"end":{"line":836,"column":50}},"loc":{"start":{"line":836,"column":69},"end":{"line":839,"column":1}},"line":836},"29":{"name":"(anonymous_29)","decl":{"start":{"line":842,"column":64},"end":{"line":842,"column":65}},"loc":{"start":{"line":842,"column":84},"end":{"line":857,"column":1}},"line":842},"30":{"name":"(anonymous_30)","decl":{"start":{"line":859,"column":77},"end":{"line":859,"column":78}},"loc":{"start":{"line":859,"column":97},"end":{"line":876,"column":1}},"line":859},"31":{"name":"(anonymous_31)","decl":{"start":{"line":878,"column":78},"end":{"line":878,"column":79}},"loc":{"start":{"line":878,"column":98},"end":{"line":896,"column":1}},"line":878},"32":{"name":"(anonymous_32)","decl":{"start":{"line":898,"column":79},"end":{"line":898,"column":80}},"loc":{"start":{"line":898,"column":99},"end":{"line":916,"column":1}},"line":898},"33":{"name":"(anonymous_33)","decl":{"start":{"line":918,"column":83},"end":{"line":918,"column":84}},"loc":{"start":{"line":918,"column":103},"end":{"line":936,"column":1}},"line":918},"34":{"name":"(anonymous_34)","decl":{"start":{"line":938,"column":83},"end":{"line":938,"column":84}},"loc":{"start":{"line":938,"column":103},"end":{"line":968,"column":1}},"line":938},"35":{"name":"(anonymous_35)","decl":{"start":{"line":951,"column":54},"end":{"line":951,"column":55}},"loc":{"start":{"line":951,"column":60},"end":{"line":951,"column":98}},"line":951},"36":{"name":"(anonymous_36)","decl":{"start":{"line":970,"column":85},"end":{"line":970,"column":86}},"loc":{"start":{"line":970,"column":105},"end":{"line":991,"column":1}},"line":970},"37":{"name":"(anonymous_37)","decl":{"start":{"line":993,"column":99},"end":{"line":993,"column":100}},"loc":{"start":{"line":993,"column":119},"end":{"line":1015,"column":1}},"line":993},"38":{"name":"(anonymous_38)","decl":{"start":{"line":1020,"column":42},"end":{"line":1020,"column":43}},"loc":{"start":{"line":1020,"column":62},"end":{"line":1064,"column":1}},"line":1020},"39":{"name":"(anonymous_39)","decl":{"start":{"line":1067,"column":46},"end":{"line":1067,"column":47}},"loc":{"start":{"line":1067,"column":66},"end":{"line":1084,"column":1}},"line":1067},"40":{"name":"(anonymous_40)","decl":{"start":{"line":1087,"column":43},"end":{"line":1087,"column":44}},"loc":{"start":{"line":1087,"column":63},"end":{"line":1096,"column":1}},"line":1087},"41":{"name":"(anonymous_41)","decl":{"start":{"line":1099,"column":46},"end":{"line":1099,"column":47}},"loc":{"start":{"line":1099,"column":66},"end":{"line":1114,"column":1}},"line":1099},"42":{"name":"(anonymous_42)","decl":{"start":{"line":1117,"column":49},"end":{"line":1117,"column":50}},"loc":{"start":{"line":1117,"column":69},"end":{"line":1132,"column":1}},"line":1117},"43":{"name":"(anonymous_43)","decl":{"start":{"line":1135,"column":55},"end":{"line":1135,"column":56}},"loc":{"start":{"line":1135,"column":75},"end":{"line":1148,"column":1}},"line":1135},"44":{"name":"(anonymous_44)","decl":{"start":{"line":1153,"column":48},"end":{"line":1153,"column":49}},"loc":{"start":{"line":1153,"column":68},"end":{"line":1169,"column":1}},"line":1153},"45":{"name":"generatePONumber","decl":{"start":{"line":1172,"column":15},"end":{"line":1172,"column":31}},"loc":{"start":{"line":1172,"column":34},"end":{"line":1185,"column":1}},"line":1172},"46":{"name":"(anonymous_46)","decl":{"start":{"line":1188,"column":49},"end":{"line":1188,"column":50}},"loc":{"start":{"line":1188,"column":69},"end":{"line":1209,"column":1}},"line":1188},"47":{"name":"(anonymous_47)","decl":{"start":{"line":1212,"column":52},"end":{"line":1212,"column":53}},"loc":{"start":{"line":1212,"column":72},"end":{"line":1228,"column":1}},"line":1212},"48":{"name":"(anonymous_48)","decl":{"start":{"line":1233,"column":42},"end":{"line":1233,"column":43}},"loc":{"start":{"line":1233,"column":62},"end":{"line":1256,"column":1}},"line":1233},"49":{"name":"(anonymous_49)","decl":{"start":{"line":1244,"column":41},"end":{"line":1244,"column":42}},"loc":{"start":{"line":1244,"column":49},"end":{"line":1244,"column":82}},"line":1244},"50":{"name":"(anonymous_50)","decl":{"start":{"line":1259,"column":43},"end":{"line":1259,"column":44}},"loc":{"start":{"line":1259,"column":63},"end":{"line":1268,"column":1}},"line":1259},"51":{"name":"(anonymous_51)","decl":{"start":{"line":1270,"column":46},"end":{"line":1270,"column":47}},"loc":{"start":{"line":1270,"column":66},"end":{"line":1286,"column":1}},"line":1270},"52":{"name":"(anonymous_52)","decl":{"start":{"line":1292,"column":30},"end":{"line":1292,"column":31}},"loc":{"start":{"line":1292,"column":36},"end":{"line":1301,"column":3}},"line":1292}},"branchMap":{"0":{"loc":{"start":{"line":17,"column":2},"end":{"line":20,"column":3}},"type":"if","locations":[{"start":{"line":17,"column":2},"end":{"line":20,"column":3}},{"start":{},"end":{}}],"line":17},"1":{"loc":{"start":{"line":23,"column":2},"end":{"line":26,"column":3}},"type":"if","locations":[{"start":{"line":23,"column":2},"end":{"line":26,"column":3}},{"start":{},"end":{}}],"line":23},"2":{"loc":{"start":{"line":29,"column":2},"end":{"line":31,"column":3}},"type":"if","locations":[{"start":{"line":29,"column":2},"end":{"line":31,"column":3}},{"start":{},"end":{}}],"line":29},"3":{"loc":{"start":{"line":29,"column":6},"end":{"line":29,"column":44}},"type":"binary-expr","locations":[{"start":{"line":29,"column":6},"end":{"line":29,"column":16}},{"start":{"line":29,"column":20},"end":{"line":29,"column":44}}],"line":29},"4":{"loc":{"start":{"line":42,"column":2},"end":{"line":44,"column":3}},"type":"if","locations":[{"start":{"line":42,"column":2},"end":{"line":44,"column":3}},{"start":{},"end":{}}],"line":42},"5":{"loc":{"start":{"line":47,"column":2},"end":{"line":49,"column":3}},"type":"if","locations":[{"start":{"line":47,"column":2},"end":{"line":49,"column":3}},{"start":{},"end":{}}],"line":47},"6":{"loc":{"start":{"line":47,"column":6},"end":{"line":47,"column":54}},"type":"binary-expr","locations":[{"start":{"line":47,"column":6},"end":{"line":47,"column":14}},{"start":{"line":47,"column":18},"end":{"line":47,"column":54}}],"line":47},"7":{"loc":{"start":{"line":52,"column":2},"end":{"line":62,"column":3}},"type":"if","locations":[{"start":{"line":52,"column":2},"end":{"line":62,"column":3}},{"start":{},"end":{}}],"line":52},"8":{"loc":{"start":{"line":55,"column":11},"end":{"line":55,"column":40}},"type":"binary-expr","locations":[{"start":{"line":55,"column":11},"end":{"line":55,"column":23}},{"start":{"line":55,"column":27},"end":{"line":55,"column":40}}],"line":55},"9":{"loc":{"start":{"line":59,"column":4},"end":{"line":61,"column":5}},"type":"if","locations":[{"start":{"line":59,"column":4},"end":{"line":61,"column":5}},{"start":{},"end":{}}],"line":59},"10":{"loc":{"start":{"line":69,"column":4},"end":{"line":71,"column":5}},"type":"if","locations":[{"start":{"line":69,"column":4},"end":{"line":71,"column":5}},{"start":{},"end":{}}],"line":69},"11":{"loc":{"start":{"line":104,"column":0},"end":{"line":109,"column":1}},"type":"if","locations":[{"start":{"line":104,"column":0},"end":{"line":109,"column":1}},{"start":{},"end":{}}],"line":104},"12":{"loc":{"start":{"line":124,"column":4},"end":{"line":130,"column":5}},"type":"if","locations":[{"start":{"line":124,"column":4},"end":{"line":130,"column":5}},{"start":{"line":126,"column":11},"end":{"line":130,"column":5}}],"line":124},"13":{"loc":{"start":{"line":126,"column":11},"end":{"line":130,"column":5}},"type":"if","locations":[{"start":{"line":126,"column":11},"end":{"line":130,"column":5}},{"start":{"line":128,"column":11},"end":{"line":130,"column":5}}],"line":126},"14":{"loc":{"start":{"line":128,"column":11},"end":{"line":130,"column":5}},"type":"if","locations":[{"start":{"line":128,"column":11},"end":{"line":130,"column":5}},{"start":{},"end":{}}],"line":128},"15":{"loc":{"start":{"line":134,"column":15},"end":{"line":134,"column":103}},"type":"cond-expr","locations":[{"start":{"line":134,"column":56},"end":{"line":134,"column":67}},{"start":{"line":134,"column":70},"end":{"line":134,"column":103}}],"line":134},"16":{"loc":{"start":{"line":142,"column":2},"end":{"line":146,"column":3}},"type":"if","locations":[{"start":{"line":142,"column":2},"end":{"line":146,"column":3}},{"start":{},"end":{}}],"line":142},"17":{"loc":{"start":{"line":290,"column":19},"end":{"line":290,"column":45}},"type":"binary-expr","locations":[{"start":{"line":290,"column":19},"end":{"line":290,"column":34}},{"start":{"line":290,"column":38},"end":{"line":290,"column":45}}],"line":290},"18":{"loc":{"start":{"line":292,"column":2},"end":{"line":295,"column":3}},"type":"if","locations":[{"start":{"line":292,"column":2},"end":{"line":295,"column":3}},{"start":{},"end":{}}],"line":292},"19":{"loc":{"start":{"line":302,"column":4},"end":{"line":305,"column":5}},"type":"if","locations":[{"start":{"line":302,"column":4},"end":{"line":305,"column":5}},{"start":{},"end":{}}],"line":302},"20":{"loc":{"start":{"line":307,"column":4},"end":{"line":310,"column":5}},"type":"if","locations":[{"start":{"line":307,"column":4},"end":{"line":310,"column":5}},{"start":{},"end":{}}],"line":307},"21":{"loc":{"start":{"line":323,"column":2},"end":{"line":325,"column":3}},"type":"if","locations":[{"start":{"line":323,"column":2},"end":{"line":325,"column":3}},{"start":{},"end":{}}],"line":323},"22":{"loc":{"start":{"line":323,"column":6},"end":{"line":323,"column":66}},"type":"binary-expr","locations":[{"start":{"line":323,"column":6},"end":{"line":323,"column":31}},{"start":{"line":323,"column":35},"end":{"line":323,"column":66}}],"line":323},"23":{"loc":{"start":{"line":331,"column":2},"end":{"line":333,"column":3}},"type":"if","locations":[{"start":{"line":331,"column":2},"end":{"line":333,"column":3}},{"start":{},"end":{}}],"line":331},"24":{"loc":{"start":{"line":347,"column":4},"end":{"line":350,"column":5}},"type":"if","locations":[{"start":{"line":347,"column":4},"end":{"line":350,"column":5}},{"start":{},"end":{}}],"line":347},"25":{"loc":{"start":{"line":347,"column":8},"end":{"line":347,"column":40}},"type":"binary-expr","locations":[{"start":{"line":347,"column":8},"end":{"line":347,"column":17}},{"start":{"line":347,"column":21},"end":{"line":347,"column":30}},{"start":{"line":347,"column":34},"end":{"line":347,"column":40}}],"line":347},"26":{"loc":{"start":{"line":352,"column":4},"end":{"line":355,"column":5}},"type":"if","locations":[{"start":{"line":352,"column":4},"end":{"line":355,"column":5}},{"start":{},"end":{}}],"line":352},"27":{"loc":{"start":{"line":357,"column":4},"end":{"line":360,"column":5}},"type":"if","locations":[{"start":{"line":357,"column":4},"end":{"line":360,"column":5}},{"start":{},"end":{}}],"line":357},"28":{"loc":{"start":{"line":364,"column":4},"end":{"line":367,"column":5}},"type":"if","locations":[{"start":{"line":364,"column":4},"end":{"line":367,"column":5}},{"start":{},"end":{}}],"line":364},"29":{"loc":{"start":{"line":371,"column":4},"end":{"line":374,"column":5}},"type":"if","locations":[{"start":{"line":371,"column":4},"end":{"line":374,"column":5}},{"start":{},"end":{}}],"line":371},"30":{"loc":{"start":{"line":378,"column":17},"end":{"line":378,"column":60}},"type":"cond-expr","locations":[{"start":{"line":378,"column":35},"end":{"line":378,"column":48}},{"start":{"line":378,"column":51},"end":{"line":378,"column":60}}],"line":378},"31":{"loc":{"start":{"line":379,"column":19},"end":{"line":379,"column":59}},"type":"cond-expr","locations":[{"start":{"line":379,"column":37},"end":{"line":379,"column":47}},{"start":{"line":379,"column":50},"end":{"line":379,"column":59}}],"line":379},"32":{"loc":{"start":{"line":394,"column":4},"end":{"line":404,"column":5}},"type":"if","locations":[{"start":{"line":394,"column":4},"end":{"line":404,"column":5}},{"start":{"line":399,"column":11},"end":{"line":404,"column":5}}],"line":394},"33":{"loc":{"start":{"line":420,"column":4},"end":{"line":423,"column":5}},"type":"if","locations":[{"start":{"line":420,"column":4},"end":{"line":423,"column":5}},{"start":{},"end":{}}],"line":420},"34":{"loc":{"start":{"line":420,"column":8},"end":{"line":420,"column":30}},"type":"binary-expr","locations":[{"start":{"line":420,"column":8},"end":{"line":420,"column":17}},{"start":{"line":420,"column":21},"end":{"line":420,"column":30}}],"line":420},"35":{"loc":{"start":{"line":427,"column":4},"end":{"line":430,"column":5}},"type":"if","locations":[{"start":{"line":427,"column":4},"end":{"line":430,"column":5}},{"start":{},"end":{}}],"line":427},"36":{"loc":{"start":{"line":433,"column":4},"end":{"line":436,"column":5}},"type":"if","locations":[{"start":{"line":433,"column":4},"end":{"line":436,"column":5}},{"start":{},"end":{}}],"line":433},"37":{"loc":{"start":{"line":439,"column":4},"end":{"line":445,"column":5}},"type":"if","locations":[{"start":{"line":439,"column":4},"end":{"line":445,"column":5}},{"start":{},"end":{}}],"line":439},"38":{"loc":{"start":{"line":447,"column":4},"end":{"line":453,"column":5}},"type":"if","locations":[{"start":{"line":447,"column":4},"end":{"line":453,"column":5}},{"start":{},"end":{}}],"line":447},"39":{"loc":{"start":{"line":480,"column":4},"end":{"line":482,"column":5}},"type":"if","locations":[{"start":{"line":480,"column":4},"end":{"line":482,"column":5}},{"start":{},"end":{}}],"line":480},"40":{"loc":{"start":{"line":480,"column":8},"end":{"line":480,"column":33}},"type":"binary-expr","locations":[{"start":{"line":480,"column":8},"end":{"line":480,"column":13}},{"start":{"line":480,"column":17},"end":{"line":480,"column":23}},{"start":{"line":480,"column":27},"end":{"line":480,"column":33}}],"line":480},"41":{"loc":{"start":{"line":484,"column":4},"end":{"line":486,"column":5}},"type":"if","locations":[{"start":{"line":484,"column":4},"end":{"line":486,"column":5}},{"start":{},"end":{}}],"line":484},"42":{"loc":{"start":{"line":484,"column":8},"end":{"line":484,"column":43}},"type":"binary-expr","locations":[{"start":{"line":484,"column":8},"end":{"line":484,"column":20}},{"start":{"line":484,"column":24},"end":{"line":484,"column":43}}],"line":484},"43":{"loc":{"start":{"line":490,"column":4},"end":{"line":492,"column":5}},"type":"if","locations":[{"start":{"line":490,"column":4},"end":{"line":492,"column":5}},{"start":{},"end":{}}],"line":490},"44":{"loc":{"start":{"line":497,"column":4},"end":{"line":535,"column":5}},"type":"if","locations":[{"start":{"line":497,"column":4},"end":{"line":535,"column":5}},{"start":{"line":513,"column":11},"end":{"line":535,"column":5}}],"line":497},"45":{"loc":{"start":{"line":519,"column":17},"end":{"line":519,"column":30}},"type":"binary-expr","locations":[{"start":{"line":519,"column":17},"end":{"line":519,"column":24}},{"start":{"line":519,"column":28},"end":{"line":519,"column":30}}],"line":519},"46":{"loc":{"start":{"line":576,"column":4},"end":{"line":578,"column":5}},"type":"if","locations":[{"start":{"line":576,"column":4},"end":{"line":578,"column":5}},{"start":{},"end":{}}],"line":576},"47":{"loc":{"start":{"line":581,"column":4},"end":{"line":583,"column":5}},"type":"if","locations":[{"start":{"line":581,"column":4},"end":{"line":583,"column":5}},{"start":{},"end":{}}],"line":581},"48":{"loc":{"start":{"line":585,"column":4},"end":{"line":587,"column":5}},"type":"if","locations":[{"start":{"line":585,"column":4},"end":{"line":587,"column":5}},{"start":{},"end":{}}],"line":585},"49":{"loc":{"start":{"line":590,"column":16},"end":{"line":590,"column":52}},"type":"cond-expr","locations":[{"start":{"line":590,"column":35},"end":{"line":590,"column":42}},{"start":{"line":590,"column":45},"end":{"line":590,"column":52}}],"line":590},"50":{"loc":{"start":{"line":618,"column":4},"end":{"line":620,"column":5}},"type":"if","locations":[{"start":{"line":618,"column":4},"end":{"line":620,"column":5}},{"start":{},"end":{}}],"line":618},"51":{"loc":{"start":{"line":647,"column":4},"end":{"line":649,"column":5}},"type":"if","locations":[{"start":{"line":647,"column":4},"end":{"line":649,"column":5}},{"start":{},"end":{}}],"line":647},"52":{"loc":{"start":{"line":652,"column":4},"end":{"line":654,"column":5}},"type":"if","locations":[{"start":{"line":652,"column":4},"end":{"line":654,"column":5}},{"start":{},"end":{}}],"line":652},"53":{"loc":{"start":{"line":670,"column":4},"end":{"line":672,"column":5}},"type":"if","locations":[{"start":{"line":670,"column":4},"end":{"line":672,"column":5}},{"start":{},"end":{}}],"line":670},"54":{"loc":{"start":{"line":674,"column":4},"end":{"line":676,"column":5}},"type":"if","locations":[{"start":{"line":674,"column":4},"end":{"line":676,"column":5}},{"start":{},"end":{}}],"line":674},"55":{"loc":{"start":{"line":722,"column":4},"end":{"line":725,"column":5}},"type":"if","locations":[{"start":{"line":722,"column":4},"end":{"line":725,"column":5}},{"start":{},"end":{}}],"line":722},"56":{"loc":{"start":{"line":734,"column":4},"end":{"line":741,"column":5}},"type":"if","locations":[{"start":{"line":734,"column":4},"end":{"line":741,"column":5}},{"start":{},"end":{}}],"line":734},"57":{"loc":{"start":{"line":744,"column":4},"end":{"line":746,"column":5}},"type":"if","locations":[{"start":{"line":744,"column":4},"end":{"line":746,"column":5}},{"start":{},"end":{}}],"line":744},"58":{"loc":{"start":{"line":749,"column":4},"end":{"line":756,"column":5}},"type":"if","locations":[{"start":{"line":749,"column":4},"end":{"line":756,"column":5}},{"start":{},"end":{}}],"line":749},"59":{"loc":{"start":{"line":758,"column":4},"end":{"line":782,"column":5}},"type":"if","locations":[{"start":{"line":758,"column":4},"end":{"line":782,"column":5}},{"start":{},"end":{}}],"line":758},"60":{"loc":{"start":{"line":772,"column":48},"end":{"line":772,"column":118}},"type":"binary-expr","locations":[{"start":{"line":772,"column":48},"end":{"line":772,"column":67}},{"start":{"line":772,"column":71},"end":{"line":772,"column":118}}],"line":772},"61":{"loc":{"start":{"line":773,"column":6},"end":{"line":775,"column":7}},"type":"if","locations":[{"start":{"line":773,"column":6},"end":{"line":775,"column":7}},{"start":{},"end":{}}],"line":773},"62":{"loc":{"start":{"line":785,"column":4},"end":{"line":787,"column":5}},"type":"if","locations":[{"start":{"line":785,"column":4},"end":{"line":787,"column":5}},{"start":{},"end":{}}],"line":785},"63":{"loc":{"start":{"line":802,"column":4},"end":{"line":804,"column":5}},"type":"if","locations":[{"start":{"line":802,"column":4},"end":{"line":804,"column":5}},{"start":{},"end":{}}],"line":802},"64":{"loc":{"start":{"line":817,"column":4},"end":{"line":819,"column":5}},"type":"if","locations":[{"start":{"line":817,"column":4},"end":{"line":819,"column":5}},{"start":{},"end":{}}],"line":817},"65":{"loc":{"start":{"line":822,"column":4},"end":{"line":822,"column":53}},"type":"if","locations":[{"start":{"line":822,"column":4},"end":{"line":822,"column":53}},{"start":{},"end":{}}],"line":822},"66":{"loc":{"start":{"line":823,"column":4},"end":{"line":823,"column":56}},"type":"if","locations":[{"start":{"line":823,"column":4},"end":{"line":823,"column":56}},{"start":{},"end":{}}],"line":823},"67":{"loc":{"start":{"line":824,"column":4},"end":{"line":824,"column":56}},"type":"if","locations":[{"start":{"line":824,"column":4},"end":{"line":824,"column":56}},{"start":{},"end":{}}],"line":824},"68":{"loc":{"start":{"line":825,"column":4},"end":{"line":825,"column":76}},"type":"if","locations":[{"start":{"line":825,"column":4},"end":{"line":825,"column":76}},{"start":{},"end":{}}],"line":825},"69":{"loc":{"start":{"line":845,"column":4},"end":{"line":847,"column":5}},"type":"if","locations":[{"start":{"line":845,"column":4},"end":{"line":847,"column":5}},{"start":{},"end":{}}],"line":845},"70":{"loc":{"start":{"line":862,"column":4},"end":{"line":864,"column":5}},"type":"if","locations":[{"start":{"line":862,"column":4},"end":{"line":864,"column":5}},{"start":{},"end":{}}],"line":862},"71":{"loc":{"start":{"line":881,"column":4},"end":{"line":883,"column":5}},"type":"if","locations":[{"start":{"line":881,"column":4},"end":{"line":883,"column":5}},{"start":{},"end":{}}],"line":881},"72":{"loc":{"start":{"line":885,"column":4},"end":{"line":887,"column":5}},"type":"if","locations":[{"start":{"line":885,"column":4},"end":{"line":887,"column":5}},{"start":{},"end":{}}],"line":885},"73":{"loc":{"start":{"line":901,"column":4},"end":{"line":903,"column":5}},"type":"if","locations":[{"start":{"line":901,"column":4},"end":{"line":903,"column":5}},{"start":{},"end":{}}],"line":901},"74":{"loc":{"start":{"line":905,"column":4},"end":{"line":907,"column":5}},"type":"if","locations":[{"start":{"line":905,"column":4},"end":{"line":907,"column":5}},{"start":{},"end":{}}],"line":905},"75":{"loc":{"start":{"line":921,"column":4},"end":{"line":923,"column":5}},"type":"if","locations":[{"start":{"line":921,"column":4},"end":{"line":923,"column":5}},{"start":{},"end":{}}],"line":921},"76":{"loc":{"start":{"line":925,"column":4},"end":{"line":927,"column":5}},"type":"if","locations":[{"start":{"line":925,"column":4},"end":{"line":927,"column":5}},{"start":{},"end":{}}],"line":925},"77":{"loc":{"start":{"line":943,"column":4},"end":{"line":946,"column":5}},"type":"if","locations":[{"start":{"line":943,"column":4},"end":{"line":946,"column":5}},{"start":{},"end":{}}],"line":943},"78":{"loc":{"start":{"line":949,"column":4},"end":{"line":958,"column":5}},"type":"if","locations":[{"start":{"line":949,"column":4},"end":{"line":958,"column":5}},{"start":{},"end":{}}],"line":949},"79":{"loc":{"start":{"line":973,"column":4},"end":{"line":975,"column":5}},"type":"if","locations":[{"start":{"line":973,"column":4},"end":{"line":975,"column":5}},{"start":{},"end":{}}],"line":973},"80":{"loc":{"start":{"line":978,"column":4},"end":{"line":980,"column":5}},"type":"if","locations":[{"start":{"line":978,"column":4},"end":{"line":980,"column":5}},{"start":{},"end":{}}],"line":978},"81":{"loc":{"start":{"line":996,"column":4},"end":{"line":998,"column":5}},"type":"if","locations":[{"start":{"line":996,"column":4},"end":{"line":998,"column":5}},{"start":{},"end":{}}],"line":996},"82":{"loc":{"start":{"line":1001,"column":4},"end":{"line":1003,"column":5}},"type":"if","locations":[{"start":{"line":1001,"column":4},"end":{"line":1003,"column":5}},{"start":{},"end":{}}],"line":1001},"83":{"loc":{"start":{"line":1025,"column":4},"end":{"line":1025,"column":46}},"type":"if","locations":[{"start":{"line":1025,"column":4},"end":{"line":1025,"column":46}},{"start":{},"end":{}}],"line":1025},"84":{"loc":{"start":{"line":1026,"column":4},"end":{"line":1026,"column":54}},"type":"if","locations":[{"start":{"line":1026,"column":4},"end":{"line":1026,"column":54}},{"start":{},"end":{}}],"line":1026},"85":{"loc":{"start":{"line":1027,"column":4},"end":{"line":1027,"column":63}},"type":"if","locations":[{"start":{"line":1027,"column":4},"end":{"line":1027,"column":63}},{"start":{},"end":{}}],"line":1027},"86":{"loc":{"start":{"line":1056,"column":22},"end":{"line":1056,"column":49}},"type":"binary-expr","locations":[{"start":{"line":1056,"column":22},"end":{"line":1056,"column":44}},{"start":{"line":1056,"column":48},"end":{"line":1056,"column":49}}],"line":1056},"87":{"loc":{"start":{"line":1070,"column":4},"end":{"line":1072,"column":5}},"type":"if","locations":[{"start":{"line":1070,"column":4},"end":{"line":1072,"column":5}},{"start":{},"end":{}}],"line":1070},"88":{"loc":{"start":{"line":1106,"column":4},"end":{"line":1108,"column":5}},"type":"if","locations":[{"start":{"line":1106,"column":4},"end":{"line":1108,"column":5}},{"start":{},"end":{}}],"line":1106},"89":{"loc":{"start":{"line":1124,"column":4},"end":{"line":1126,"column":5}},"type":"if","locations":[{"start":{"line":1124,"column":4},"end":{"line":1126,"column":5}},{"start":{},"end":{}}],"line":1124},"90":{"loc":{"start":{"line":1138,"column":4},"end":{"line":1140,"column":5}},"type":"if","locations":[{"start":{"line":1138,"column":4},"end":{"line":1140,"column":5}},{"start":{},"end":{}}],"line":1138},"91":{"loc":{"start":{"line":1157,"column":4},"end":{"line":1157,"column":38}},"type":"if","locations":[{"start":{"line":1157,"column":4},"end":{"line":1157,"column":38}},{"start":{},"end":{}}],"line":1157},"92":{"loc":{"start":{"line":1158,"column":4},"end":{"line":1158,"column":48}},"type":"if","locations":[{"start":{"line":1158,"column":4},"end":{"line":1158,"column":48}},{"start":{},"end":{}}],"line":1158},"93":{"loc":{"start":{"line":1178,"column":2},"end":{"line":1180,"column":3}},"type":"if","locations":[{"start":{"line":1178,"column":2},"end":{"line":1180,"column":3}},{"start":{},"end":{}}],"line":1178},"94":{"loc":{"start":{"line":1220,"column":4},"end":{"line":1222,"column":5}},"type":"if","locations":[{"start":{"line":1220,"column":4},"end":{"line":1222,"column":5}},{"start":{},"end":{}}],"line":1220},"95":{"loc":{"start":{"line":1238,"column":4},"end":{"line":1246,"column":5}},"type":"if","locations":[{"start":{"line":1238,"column":4},"end":{"line":1246,"column":5}},{"start":{},"end":{}}],"line":1238},"96":{"loc":{"start":{"line":1278,"column":4},"end":{"line":1280,"column":5}},"type":"if","locations":[{"start":{"line":1278,"column":4},"end":{"line":1280,"column":5}},{"start":{},"end":{}}],"line":1278},"97":{"loc":{"start":{"line":1288,"column":13},"end":{"line":1288,"column":37}},"type":"binary-expr","locations":[{"start":{"line":1288,"column":13},"end":{"line":1288,"column":29}},{"start":{"line":1288,"column":33},"end":{"line":1288,"column":37}}],"line":1288},"98":{"loc":{"start":{"line":1291,"column":0},"end":{"line":1302,"column":1}},"type":"if","locations":[{"start":{"line":1291,"column":0},"end":{"line":1302,"column":1}},{"start":{},"end":{}}],"line":1291}},"s":{"0":0,"1":0,"2":0,"3":0,"4":0,"5":0,"6":0,"7":0,"8":0,"9":0,"10":0,"11":0,"12":0,"13":0,"14":0,"15":0,"16":0,"17":0,"18":0,"19":0,"20":0,"21":0,"22":0,"23":0,"24":0,"25":0,"26":0,"27":0,"28":0,"29":0,"30":0,"31":0,"32":0,"33":0,"34":0,"35":0,"36":0,"37":0,"38":0,"39":0,"40":0,"41":0,"42":0,"43":0,"44":0,"45":0,"46":0,"47":0,"48":0,"49":0,"50":0,"51":0,"52":0,"53":0,"54":0,"55":0,"56":0,"57":0,"58":0,"59":0,"60":0,"61":0,"62":0,"63":0,"64":0,"65":0,"66":0,"67":0,"68":0,"69":0,"70":0,"71":0,"72":0,"73":0,"74":0,"75":0,"76":0,"77":0,"78":0,"79":0,"80":0,"81":0,"82":0,"83":0,"84":0,"85":0,"86":0,"87":0,"88":0,"89":0,"90":0,"91":0,"92":0,"93":0,"94":0,"95":0,"96":0,"97":0,"98":0,"99":0,"100":0,"101":0,"102":0,"103":0,"104":0,"105":0,"106":0,"107":0,"108":0,"109":0,"110":0,"111":0,"112":0,"113":0,"114":0,"115":0,"116":0,"117":0,"118":0,"119":0,"120":0,"121":0,"122":0,"123":0,"124":0,"125":0,"126":0,"127":0,"128":0,"129":0,"130":0,"131":0,"132":0,"133":0,"134":0,"135":0,"136":0,"137":0,"138":0,"139":0,"140":0,"141":0,"142":0,"143":0,"144":0,"145":0,"146":0,"147":0,"148":0,"149":0,"150":0,"151":0,"152":0,"153":0,"154":0,"155":0,"156":0,"157":0,"158":0,"159":0,"160":0,"161":0,"162":0,"163":0,"164":0,"165":0,"166":0,"167":0,"168":0,"169":0,"170":0,"171":0,"172":0,"173":0,"174":0,"175":0,"176":0,"177":0,"178":0,"179":0,"180":0,"181":0,"182":0,"183":0,"184":0,"185":0,"186":0,"187":0,"188":0,"189":0,"190":0,"191":0,"192":0,"193":0,"194":0,"195":0,"196":0,"197":0,"198":0,"199":0,"200":0,"201":0,"202":0,"203":0,"204":0,"205":0,"206":0,"207":0,"208":0,"209":0,"210":0,"211":0,"212":0,"213":0,"214":0,"215":0,"216":0,"217":0,"218":0,"219":0,"220":0,"221":0,"222":0,"223":0,"224":0,"225":0,"226":0,"227":0,"228":0,"229":0,"230":0,"231":0,"232":0,"233":0,"234":0,"235":0,"236":0,"237":0,"238":0,"239":0,"240":0,"241":0,"242":0,"243":0,"244":0,"245":0,"246":0,"247":0,"248":0,"249":0,"250":0,"251":0,"252":0,"253":0,"254":0,"255":0,"256":0,"257":0,"258":0,"259":0,"260":0,"261":0,"262":0,"263":0,"264":0,"265":0,"266":0,"267":0,"268":0,"269":0,"270":0,"271":0,"272":0,"273":0,"274":0,"275":0,"276":0,"277":0,"278":0,"279":0,"280":0,"281":0,"282":0,"283":0,"284":0,"285":0,"286":0,"287":0,"288":0,"289":0,"290":0,"291":0,"292":0,"293":0,"294":0,"295":0,"296":0,"297":0,"298":0,"299":0,"300":0,"301":0,"302":0,"303":0,"304":0,"305":0,"306":0,"307":0,"308":0,"309":0,"310":0,"311":0,"312":0,"313":0,"314":0,"315":0,"316":0,"317":0,"318":0,"319":0,"320":0,"321":0,"322":0,"323":0,"324":0,"325":0,"326":0,"327":0,"328":0,"329":0,"330":0,"331":0,"332":0,"333":0,"334":0,"335":0,"336":0,"337":0,"338":0,"339":0,"340":0,"341":0,"342":0,"343":0,"344":0,"345":0,"346":0,"347":0,"348":0,"349":0,"350":0,"351":0,"352":0,"353":0,"354":0,"355":0,"356":0,"357":0,"358":0,"359":0,"360":0,"361":0,"362":0,"363":0,"364":0,"365":0,"366":0,"367":0,"368":0,"369":0,"370":0,"371":0,"372":0,"373":0,"374":0,"375":0,"376":0,"377":0,"378":0,"379":0,"380":0,"381":0,"382":0,"383":0,"384":0,"385":0,"386":0,"387":0,"388":0,"389":0,"390":0,"391":0,"392":0,"393":0,"394":0,"395":0,"396":0,"397":0,"398":0,"399":0,"400":0,"401":0,"402":0,"403":0,"404":0,"405":0,"406":0,"407":0,"408":0,"409":0,"410":0,"411":0,"412":0,"413":0,"414":0,"415":0,"416":0,"417":0,"418":0,"419":0,"420":0,"421":0,"422":0,"423":0,"424":0,"425":0,"426":0,"427":0,"428":0,"429":0,"430":0,"431":0,"432":0,"433":0,"434":0,"435":0,"436":0,"437":0,"438":0,"439":0,"440":0,"441":0,"442":0,"443":0,"444":0,"445":0,"446":0,"447":0,"448":0,"449":0,"450":0,"451":0,"452":0,"453":0,"454":0,"455":0,"456":0,"457":0,"458":0,"459":0,"460":0,"461":0,"462":0,"463":0,"464":0,"465":0,"466":0,"467":0,"468":0,"469":0,"470":0,"471":0,"472":0,"473":0,"474":0,"475":0,"476":0,"477":0,"478":0,"479":0,"480":0,"481":0,"482":0,"483":0,"484":0,"485":0,"486":0,"487":0,"488":0,"489":0,"490":0,"491":0,"492":0,"493":0,"494":0,"495":0,"496":0,"497":0,"498":0,"499":0,"500":0,"501":0,"502":0,"503":0,"504":0,"505":0,"506":0,"507":0,"508":0,"509":0,"510":0,"511":0,"512":0,"513":0,"514":0,"515":0,"516":0,"517":0,"518":0,"519":0,"520":0,"521":0,"522":0,"523":0,"524":0,"525":0,"526":0,"527":0,"528":0,"529":0,"530":0,"531":0,"532":0,"533":0,"534":0,"535":0,"536":0,"537":0,"538":0,"539":0,"540":0,"541":0,"542":0,"543":0,"544":0,"545":0,"546":0,"547":0,"548":0,"549":0,"550":0,"551":0,"552":0,"553":0,"554":0,"555":0,"556":0,"557":0,"558":0,"559":0,"560":0,"561":0,"562":0,"563":0,"564":0,"565":0,"566":0,"567":0,"568":0,"569":0,"570":0,"571":0,"572":0,"573":0,"574":0,"575":0,"576":0,"577":0,"578":0,"579":0,"580":0,"581":0,"582":0,"583":0,"584":0,"585":0,"586":0,"587":0,"588":0,"589":0,"590":0,"591":0,"592":0,"593":0,"594":0,"595":0,"596":0,"597":0,"598":0,"599":0,"600":0,"601":0,"602":0},"f":{"0":0,"1":0,"2":0,"3":0,"4":0,"5":0,"6":0,"7":0,"8":0,"9":0,"10":0,"11":0,"12":0,"13":0,"14":0,"15":0,"16":0,"17":0,"18":0,"19":0,"20":0,"21":0,"22":0,"23":0,"24":0,"25":0,"26":0,"27":0,"28":0,"29":0,"30":0,"31":0,"32":0,"33":0,"34":0,"35":0,"36":0,"37":0,"38":0,"39":0,"40":0,"41":0,"42":0,"43":0,"44":0,"45":0,"46":0,"47":0,"48":0,"49":0,"50":0,"51":0,"52":0},"b":{"0":[0,0],"1":[0,0],"2":[0,0],"3":[0,0],"4":[0,0],"5":[0,0],"6":[0,0],"7":[0,0],"8":[0,0],"9":[0,0],"10":[0,0],"11":[0,0],"12":[0,0],"13":[0,0],"14":[0,0],"15":[0,0],"16":[0,0],"17":[0,0],"18":[0,0],"19":[0,0],"20":[0,0],"21":[0,0],"22":[0,0],"23":[0,0],"24":[0,0],"25":[0,0,0],"26":[0,0],"27":[0,0],"28":[0,0],"29":[0,0],"30":[0,0],"31":[0,0],"32":[0,0],"33":[0,0],"34":[0,0],"35":[0,0],"36":[0,0],"37":[0,0],"38":[0,0],"39":[0,0],"40":[0,0,0],"41":[0,0],"42":[0,0],"43":[0,0],"44":[0,0],"45":[0,0],"46":[0,0],"47":[0,0],"48":[0,0],"49":[0,0],"50":[0,0],"51":[0,0],"52":[0,0],"53":[0,0],"54":[0,0],"55":[0,0],"56":[0,0],"57":[0,0],"58":[0,0],"59":[0,0],"60":[0,0],"61":[0,0],"62":[0,0],"63":[0,0],"64":[0,0],"65":[0,0],"66":[0,0],"67":[0,0],"68":[0,0],"69":[0,0],"70":[0,0],"71":[0,0],"72":[0,0],"73":[0,0],"74":[0,0],"75":[0,0],"76":[0,0],"77":[0,0],"78":[0,0],"79":[0,0],"80":[0,0]
[...]
82":{"start":{"line":159,"column":4},"end":{"line":159,"column":54}},"83":{"start":{"line":162,"column":2},"end":{"line":169,"column":3}},"84":{"start":{"line":163,"column":4},"end":{"line":168,"column":6}},"85":{"start":{"line":171,"column":2},"end":{"line":182,"column":3}},"86":{"start":{"line":172,"column":4},"end":{"line":181,"column":6}},"87":{"start":{"line":184,"column":2},"end":{"line":316,"column":4}},"88":{"start":{"line":197,"column":25},"end":{"line":197,"column":48}},"89":{"start":{"line":203,"column":25},"end":{"line":203,"column":44}},"90":{"start":{"line":221,"column":16},"end":{"line":245,"column":22}},"91":{"start":{"line":232,"column":39},"end":{"line":232,"column":77}},"92":{"start":{"line":238,"column":39},"end":{"line":238,"column":76}},"93":{"start":{"line":270,"column":18},"end":{"line":308,"column":23}},"94":{"start":{"line":290,"column":43},"end":{"line":290,"column":81}},"95":{"start":{"line":299,"column":43},"end":{"line":299,"column":80}}},"fnMap":{"0":{"name":"UserManagement","decl":{"start":{"line":7,"column":24},"end":{"line":7,"column":38}},"loc":{"start":{"line":7,"column":41},"end":{"line":317,"column":1}},"line":7},"1":{"name":"(anonymous_1)","decl":{"start":{"line":15,"column":12},"end":{"line":15,"column":13}},"loc":{"start":{"line":15,"column":18},"end":{"line":19,"column":3}},"line":15},"2":{"name":"(anonymous_2)","decl":{"start":{"line":21,"column":27},"end":{"line":21,"column":28}},"loc":{"start":{"line":21,"column":33},"end":{"line":33,"column":3}},"line":21},"3":{"name":"(anonymous_3)","decl":{"start":{"line":35,"column":21},"end":{"line":35,"column":22}},"loc":{"start":{"line":35,"column":33},"end":{"line":50,"column":3}},"line":35},"4":{"name":"(anonymous_4)","decl":{"start":{"line":52,"column":28},"end":{"line":52,"column":29}},"loc":{"start":{"line":52,"column":40},"end":{"line":68,"column":3}},"line":52},"5":{"name":"(anonymous_5)","decl":{"start":{"line":70,"column":24},"end":{"line":70,"column":25}},"loc":{"start":{"line":70,"column":52},"end":{"line":87,"column":3}},"line":70},"6":{"name":"(anonymous_6)","decl":{"start":{"line":89,"column":23},"end":{"line":89,"column":24}},"loc":{"start":{"line":89,"column":51},"end":{"line":106,"column":3}},"line":89},"7":{"name":"(anonymous_7)","decl":{"start":{"line":108,"column":24},"end":{"line":108,"column":25}},"loc":{"start":{"line":108,"column":52},"end":{"line":124,"column":3}},"line":108},"8":{"name":"(anonymous_8)","decl":{"start":{"line":126,"column":23},"end":{"line":126,"column":24}},"loc":{"start":{"line":126,"column":51},"end":{"line":142,"column":3}},"line":126},"9":{"name":"(anonymous_9)","decl":{"start":{"line":144,"column":23},"end":{"line":144,"column":24}},"loc":{"start":{"line":144,"column":33},"end":{"line":151,"column":3}},"line":144},"10":{"name":"(anonymous_10)","decl":{"start":{"line":153,"column":25},"end":{"line":153,"column":26}},"loc":{"start":{"line":153,"column":37},"end":{"line":160,"column":3}},"line":153},"11":{"name":"(anonymous_11)","decl":{"start":{"line":197,"column":19},"end":{"line":197,"column":20}},"loc":{"start":{"line":197,"column":25},"end":{"line":197,"column":48}},"line":197},"12":{"name":"(anonymous_12)","decl":{"start":{"line":203,"column":19},"end":{"line":203,"column":20}},"loc":{"start":{"line":203,"column":25},"end":{"line":203,"column":44}},"line":203},"13":{"name":"(anonymous_13)","decl":{"start":{"line":220,"column":32},"end":{"line":220,"column":33}},"loc":{"start":{"line":221,"column":16},"end":{"line":245,"column":22}},"line":221},"14":{"name":"(anonymous_14)","decl":{"start":{"line":232,"column":33},"end":{"line":232,"column":34}},"loc":{"start":{"line":232,"column":39},"end":{"line":232,"column":77}},"line":232},"15":{"name":"(anonymous_15)","decl":{"start":{"line":238,"column":33},"end":{"line":238,"column":34}},"loc":{"start":{"line":238,"column":39},"end":{"line":238,"column":76}},"line":238},"16":{"name":"(anonymous_16)","decl":{"start":{"line":269,"column":27},"end":{"line":269,"column":28}},"loc":{"start":{"line":270,"column":18},"end":{"line":308,"column":23}},"line":270},"17":{"name":"(anonymous_17)","decl":{"start":{"line":290,"column":37},"end":{"line":290,"column":38}},"loc":{"start":{"line":290,"column":43},"end":{"line":290,"column":81}},"line":290},"18":{"name":"(anonymous_18)","decl":{"start":{"line":299,"column":37},"end":{"line":299,"column":38}},"loc":{"start":{"line":299,"column":43},"end":{"line":299,"column":80}},"line":299}},"branchMap":{"0":{"loc":{"start":{"line":23,"column":4},"end":{"line":32,"column":5}},"type":"if","locations":[{"start":{"line":23,"column":4},"end":{"line":32,"column":5}},{"start":{},"end":{}}],"line":23},"1":{"loc":{"start":{"line":44,"column":6},"end":{"line":48,"column":7}},"type":"if","locations":[{"start":{"line":44,"column":6},"end":{"line":48,"column":7}},{"start":{"line":46,"column":13},"end":{"line":48,"column":7}}],"line":44},"2":{"loc":{"start":{"line":62,"column":6},"end":{"line":64,"column":7}},"type":"if","locations":[{"start":{"line":62,"column":6},"end":{"line":64,"column":7}},{"start":{},"end":{}}],"line":62},"3":{"loc":{"start":{"line":71,"column":4},"end":{"line":71,"column":61}},"type":"if","locations":[{"start":{"line":71,"column":4},"end":{"line":71,"column":61}},{"start":{},"end":{}}],"line":71},"4":{"loc":{"start":{"line":85,"column":41},"end":{"line":85,"column":79}},"type":"binary-expr","locations":[{"start":{"line":85,"column":41},"end":{"line":85,"column":64}},{"start":{"line":85,"column":68},"end":{"line":85,"column":79}}],"line":85},"5":{"loc":{"start":{"line":90,"column":4},"end":{"line":90,"column":64}},"type":"if","locations":[{"start":{"line":90,"column":4},"end":{"line":90,"column":64}},{"start":{},"end":{}}],"line":90},"6":{"loc":{"start":{"line":104,"column":40},"end":{"line":104,"column":78}},"type":"binary-expr","locations":[{"start":{"line":104,"column":40},"end":{"line":104,"column":63}},{"start":{"line":104,"column":67},"end":{"line":104,"column":78}}],"line":104},"7":{"loc":{"start":{"line":109,"column":4},"end":{"line":109,"column":100}},"type":"if","locations":[{"start":{"line":109,"column":4},"end":{"line":109,"column":100}},{"start":{},"end":{}}],"line":109},"8":{"loc":{"start":{"line":122,"column":41},"end":{"line":122,"column":79}},"type":"binary-expr","locations":[{"start":{"line":122,"column":41},"end":{"line":122,"column":64}},{"start":{"line":122,"column":68},"end":{"line":122,"column":79}}],"line":122},"9":{"loc":{"start":{"line":127,"column":4},"end":{"line":127,"column":83}},"type":"if","locations":[{"start":{"line":127,"column":4},"end":{"line":127,"column":83}},{"start":{},"end":{}}],"line":127},"10":{"loc":{"start":{"line":140,"column":40},"end":{"line":140,"column":78}},"type":"binary-expr","locations":[{"start":{"line":140,"column":40},"end":{"line":140,"column":63}},{"start":{"line":140,"column":67},"end":{"line":140,"column":78}}],"line":140},"11":{"loc":{"start":{"line":150,"column":11},"end":{"line":150,"column":51}},"type":"binary-expr","locations":[{"start":{"line":150,"column":11},"end":{"line":150,"column":23}},{"start":{"line":150,"column":27},"end":{"line":150,"column":51}}],"line":150},"12":{"loc":{"start":{"line":159,"column":11},"end":{"line":159,"column":53}},"type":"binary-expr","locations":[{"start":{"line":159,"column":11},"end":{"line":159,"column":25}},{"start":{"line":159,"column":29},"end":{"line":159,"column":53}}],"line":159},"13":{"loc":{"start":{"line":162,"column":2},"end":{"line":169,"column":3}},"type":"if","locations":[{"start":{"line":162,"column":2},"end":{"line":169,"column":3}},{"start":{},"end":{}}],"line":162},"14":{"loc":{"start":{"line":171,"column":2},"end":{"line":182,"column":3}},"type":"if","locations":[{"start":{"line":171,"column":2},"end":{"line":182,"column":3}},{"start":{},"end":{}}],"line":171},"15":{"loc":{"start":{"line":198,"column":34},"end":{"line":198,"column":154}},"type":"cond-expr","locations":[{"start":{"line":198,"column":60},"end":{"line":198,"column":116}},{"start":{"line":198,"column":119},"end":{"line":198,"column":154}}],"line":198},"16":{"loc":{"start":{"line":204,"column":34},"end":{"line":204,"column":150}},"type":"cond-expr","locations":[{"start":{"line":204,"column":56},"end":{"line":204,"column":112}},{"start":{"line":204,"column":115},"end":{"line":204,"column":150}}],"line":204},"17":{"loc":{"start":{"line":211,"column":7},"end":{"line":250,"column":7}},"type":"binary-expr","locations":[{"start":{"line":211,"column":7},"end":{"line":211,"column":30}},{"start":{"line":212,"column":8},"end":{"line":249,"column":14}}],"line":211},"18":{"loc":{"start":{"line":214,"column":11},"end":{"line":248,"column":11}},"type":"cond-expr","locations":[{"start":{"line":215,"column":12},"end":{"line":217,"column":18}},{"start":{"line":219,"column":12},"end":{"line":247,"column":18}}],"line":214},"19":{"loc":{"start":{"line":253,"column":7},"end":{"line":314,"column":7}},"type":"binary-expr","locations":[{"start":{"line":253,"column":7},"end":{"line":253,"column":26}},{"start":{"line":254,"column":8},"end":{"line":313,"column":14}}],"line":253},"20":{"loc":{"start":{"line":288,"column":25},"end":{"line":296,"column":25}},"type":"binary-expr","locations":[{"start":{"line":288,"column":25},"end":{"line":288,"column":52}},{"start":{"line":288,"column":56},"end":{"line":288,"column":82}},{"start":{"line":289,"column":26},"end":{"line":295,"column":35}}],"line":288},"21":{"loc":{"start":{"line":297,"column":25},"end":{"line":305,"column":25}},"type":"binary-expr","locations":[{"start":{"line":297,"column":25},"end":{"line":297,"column":53}},{"start":{"line":298,"column":26},"end":{"line":304,"column":35}}],"line":297}},"s":{"0":2,"1":2,"2":2,"3":2,"4":2,"5":2,"6":2,"7":2,"8":2,"9":2,"10":2,"11":2,"12":2,"13":2,"14":2,"15":2,"16":0,"17":0,"18":2,"19":2,"20":2,"21":2,"22":2,"23":0,"24":0,"25":0,"26":0,"27":0,"28":2,"29":2,"30":2,"31":2,"32":2,"33":0,"34":0,"35":0,"36":0,"37":0,"38":2,"39":0,"40":0,"41":0,"42":0,"43":0,"44":0,"45":0,"46":0,"47":0,"48":2,"49":0,"50":0,"51":0,"52":0,"53":0,"54":0,"55":0,"56":0,"57":0,"58":2,"59":0,"60":0,"61":0,"62":0,"63":0,"64":0,"65":0,"66":0,"67":2,"68":0,"69":0,"70":0,"71":0,"72":0,"73":0,"74":0,"75":0,"76":0,"77":2,"78":0,"79":0,"80":2,"81":0,"82":0,"83":2,"84":2,"85":0,"86":0,"87":0,"88":0,"89":0,"90":0,"91":0,"92":0,"93":0,"94":0,"95":0},"f":{"0":2,"1":2,"2":2,"3":2,"4":2,"5":0,"6":0,"7":0,"8":0,"9":0,"10":0,"11":0,"12":0,"13":0,"14":0,"15":0,"16":0,"17":0,"18":0},"b":{"0":[2,0],"1":[0,0],"2":[0,0],"3":[0,0],"4":[0,0],"5":[0,0],"6":[0,0],"7":[0,0],"8":[0,0],"9":[0,0],"10":[0,0],"11":[0,0],"12":[0,0],"13":[2,0],"14":[0,0],"15":[0,0],"16":[0,0],"17":[0,0],"18":[0,0],"19":[0,0],"20":[0,0,0],"21":[0,0]},"_coverageSchema":"1a1c01bbd47fc00a2c39e90264f33305004495a9","hash":"11aa819306b3a0cf25bb4cfcc0619278e9e42b60"}
,"F:\\AI Projects\\handyman-tracker\\src\\config\\api.js": {"path":"F:\\AI Projects\\handyman-tracker\\src\\config\\api.js","statementMap":{"0":{"start":{"line":4,"column":21},"end":{"line":5,"column":76}}},"fnMap":{},"branchMap":{"0":{"loc":{"start":{"line":4,"column":21},"end":{"line":5,"column":76}},"type":"binary-expr","locations":[{"start":{"line":4,"column":21},"end":{"line":4,"column":49}},{"start":{"line":5,"column":3},"end":{"line":5,"column":75}}],"line":4},"1":{"loc":{"start":{"line":5,"column":3},"end":{"line":5,"column":75}},"type":"cond-expr","locations":[{"start":{"line":5,"column":43},"end":{"line":5,"column":45}},{"start":{"line":5,"column":48},"end":{"line":5,"column":75}}],"line":5}},"s":{"0":0},"f":{},"b":{"0":[0,0],"1":[0,0]}}
,"F:\\AI Projects\\handyman-tracker\\src\\utils\\errorHandler.js": {"path":"F:\\AI Projects\\handyman-tracker\\src\\utils\\errorHandler.js","statementMap":{"0":{"start":{"line":3,"column":30},"end":{"line":114,"column":1}},"1":{"start":{"line":5,"column":2},"end":{"line":48,"column":3}},"2":{"start":{"line":7,"column":4},"end":{"line":47,"column":5}},"3":{"start":{"line":8,"column":6},"end":{"line":19,"column":8}},"4":{"start":{"line":20,"column":11},"end":{"line":47,"column":5}},"5":{"start":{"line":21,"column":6},"end":{"line":29,"column":8}},"6":{"start":{"line":30,"column":11},"end":{"line":47,"column":5}},"7":{"start":{"line":31,"column":6},"end":{"line":39,"column":8}},"8":{"start":{"line":41,"column":6},"end":{"line":46,"column":8}},"9":{"start":{"line":51,"column":17},"end":{"line":51,"column":36}},"10":{"start":{"line":52,"column":24},"end":{"line":52,"column":78}},"11":{"start":{"line":54,"column":2},"end":{"line":113,"column":3}},"12":{"start":{"line":55,"column":4},"end":{"line":60,"column":6}},"13":{"start":{"line":61,"column":9},"end":{"line":113,"column":3}},"14":{"start":{"line":62,"column":4},"end":{"line":67,"column":6}},"15":{"start":{"line":68,"column":9},"end":{"line":113,"column":3}},"16":{"start":{"line":69,"column":4},"end":{"line":74,"column":6}},"17":{"start":{"line":75,"column":9},"end":{"line":113,"column":3}},"18":{"start":{"line":76,"column":4},"end":{"line":81,"column":6}},"19":{"start":{"line":82,"column":9},"end":{"line":113,"column":3}},"20":{"start":{"line":83,"column":4},"end":{"line":88,"column":6}},"21":{"start":{"line":89,"column":9},"end":{"line":113,"column":3}},"22":{"start":{"line":90,"column":4},"end":{"line":98,"column":6}},"23":{"start":{"line":99,"column":9},"end":{"line":113,"column":3}},"24":{"start":{"line":100,"column":4},"end":{"line":105,"column":6}},"25":{"start":{"line":107,"column":4},"end":{"line":112,"column":6}},"26":{"start":{"line":117,"column":32},"end":{"line":119,"column":1}},"27":{"start":{"line":118,"column":2},"end":{"line":118,"column":56}},"28":{"start":{"line":122,"column":24},"end":{"line":132,"column":1}},"29":{"start":{"line":123,"column":2},"end":{"line":131,"column":5}}},"fnMap":{"0":{"name":"(anonymous_0)","decl":{"start":{"line":3,"column":30},"end":{"line":3,"column":31}},"loc":{"start":{"line":3,"column":61},"end":{"line":114,"column":1}},"line":3},"1":{"name":"(anonymous_1)","decl":{"start":{"line":117,"column":32},"end":{"line":117,"column":33}},"loc":{"start":{"line":117,"column":47},"end":{"line":119,"column":1}},"line":117},"2":{"name":"(anonymous_2)","decl":{"start":{"line":122,"column":24},"end":{"line":122,"column":25}},"loc":{"start":{"line":122,"column":53},"end":{"line":132,"column":1}},"line":122}},"branchMap":{"0":{"loc":{"start":{"line":3,"column":36},"end":{"line":3,"column":56}},"type":"default-arg","locations":[{"start":{"line":3,"column":47},"end":{"line":3,"column":56}}],"line":3},"1":{"loc":{"start":{"line":5,"column":2},"end":{"line":48,"column":3}},"type":"if","locations":[{"start":{"line":5,"column":2},"end":{"line":48,"column":3}},{"start":{},"end":{}}],"line":5},"2":{"loc":{"start":{"line":7,"column":4},"end":{"line":47,"column":5}},"type":"if","locations":[{"start":{"line":7,"column":4},"end":{"line":47,"column":5}},{"start":{"line":20,"column":11},"end":{"line":47,"column":5}}],"line":7},"3":{"loc":{"start":{"line":7,"column":8},"end":{"line":7,"column":75}},"type":"binary-expr","locations":[{"start":{"line":7,"column":8},"end":{"line":7,"column":34}},{"start":{"line":7,"column":38},"end":{"line":7,"column":75}}],"line":7},"4":{"loc":{"start":{"line":20,"column":11},"end":{"line":47,"column":5}},"type":"if","locations":[{"start":{"line":20,"column":11},"end":{"line":47,"column":5}},{"start":{"line":30,"column":11},"end":{"line":47,"column":5}}],"line":20},"5":{"loc":{"start":{"line":30,"column":11},"end":{"line":47,"column":5}},"type":"if","locations":[{"start":{"line":30,"column":11},"end":{"line":47,"column":5}},{"start":{"line":40,"column":11},"end":{"line":47,"column":5}}],"line":30},"6":{"loc":{"start":{"line":30,"column":15},"end":{"line":30,"column":77}},"type":"binary-expr","locations":[{"start":{"line":30,"column":15},"end":{"line":30,"column":42}},{"start":{"line":30,"column":46},"end":{"line":30,"column":77}}],"line":30},"7":{"loc":{"start":{"line":52,"column":24},"end":{"line":52,"column":78}},"type":"binary-expr","locations":[{"start":{"line":52,"column":24},"end":{"line":52,"column":47}},{"start":{"line":52,"column":51},"end":{"line":52,"column":78}}],"line":52},"8":{"loc":{"start":{"line":54,"column":2},"end":{"line":113,"column":3}},"type":"if","locations":[{"start":{"line":54,"column":2},"end":{"line":113,"column":3}},{"start":{"line":61,"column":9},"end":{"line":113,"column":3}}],"line":54},"9":{"loc":{"start":{"line":58,"column":15},"end":{"line":58,"column":78}},"type":"binary-expr","locations":[{"start":{"line":58,"column":15},"end":{"line":58,"column":28}},{"start":{"line":58,"column":32},"end":{"line":58,"column":78}}],"line":58},"10":{"loc":{"start":{"line":61,"column":9},"end":{"line":113,"column":3}},"type":"if","locations":[{"start":{"line":61,"column":9},"end":{"line":113,"column":3}},{"start":{"line":68,"column":9},"end":{"line":113,"column":3}}],"line":61},"11":{"loc":{"start":{"line":65,"column":15},"end":{"line":65,"column":73}},"type":"binary-expr","locations":[{"start":{"line":65,"column":15},"end":{"line":65,"column":28}},{"start":{"line":65,"column":32},"end":{"line":65,"column":73}}],"line":65},"12":{"loc":{"start":{"line":68,"column":9},"end":{"line":113,"column":3}},"type":"if","locations":[{"start":{"line":68,"column":9},"end":{"line":113,"column":3}},{"start":{"line":75,"column":9},"end":{"line":113,"column":3}}],"line":68},"13":{"loc":{"start":{"line":72,"column":15},"end":{"line":72,"column":84}},"type":"binary-expr","locations":[{"start":{"line":72,"column":15},"end":{"line":72,"column":28}},{"start":{"line":72,"column":32},"end":{"line":72,"column":84}}],"line":72},"14":{"loc":{"start":{"line":75,"column":9},"end":{"line":113,"column":3}},"type":"if","locations":[{"start":{"line":75,"column":9},"end":{"line":113,"column":3}},{"start":{"line":82,"column":9},"end":{"line":113,"column":3}}],"line":75},"15":{"loc":{"start":{"line":79,"column":15},"end":{"line":79,"column":71}},"type":"binary-expr","locations":[{"start":{"line":79,"column":15},"end":{"line":79,"column":28}},{"start":{"line":79,"column":32},"end":{"line":79,"column":71}}],"line":79},"16":{"loc":{"start":{"line":82,"column":9},"end":{"line":113,"column":3}},"type":"if","locations":[{"start":{"line":82,"column":9},"end":{"line":113,"column":3}},{"start":{"line":89,"column":9},"end":{"line":113,"column":3}}],"line":82},"17":{"loc":{"start":{"line":86,"column":15},"end":{"line":86,"column":90}},"type":"binary-expr","locations":[{"start":{"line":86,"column":15},"end":{"line":86,"column":28}},{"start":{"line":86,"column":32},"end":{"line":86,"column":90}}],"line":86},"18":{"loc":{"start":{"line":89,"column":9},"end":{"line":113,"column":3}},"type":"if","locations":[{"start":{"line":89,"column":9},"end":{"line":113,"column":3}},{"start":{"line":99,"column":9},"end":{"line":113,"column":3}}],"line":89},"19":{"loc":{"start":{"line":99,"column":9},"end":{"line":113,"column":3}},"type":"if","locations":[{"start":{"line":99,"column":9},"end":{"line":113,"column":3}},{"start":{"line":106,"column":9},"end":{"line":113,"column":3}}],"line":99},"20":{"loc":{"start":{"line":110,"column":15},"end":{"line":110,"column":78}},"type":"binary-expr","locations":[{"start":{"line":110,"column":15},"end":{"line":110,"column":28}},{"start":{"line":110,"column":32},"end":{"line":110,"column":43}},{"start":{"line":110,"column":47},"end":{"line":110,"column":78}}],"line":110}},"s":{"0":1,"1":28,"2":9,"3":4,"4":5,"5":1,"6":4,"7":2,"8":2,"9":19,"10":19,"11":19,"12":5,"13":14,"14":2,"15":12,"16":2,"17":10,"18":2,"19":8,"20":3,"21":5,"22":1,"23":4,"24":1,"25":3,"26":1,"27":5,"28":1,"29":5},"f":{"0":28,"1":5,"2":5},"b":{"0":[27],"1":[9,19],"2":[4,5],"3":[9,6],"4":[1,4],"5":[2,2],"6":[4,3],"7":[19,13],"8":[5,14],"9":[5,3],"10":[2,12],"11":[2,1],"12":[2,10],"13":[2,1],"14":[2,8],"15":[2,1],"16":[3,5],"17":[3,2],"18":[1,4],"19":[1,3],"20":[3,2,0]},"_coverageSchema":"1a1c01bbd47fc00a2c39e90264f33305004495a9","hash":"efbed5d034c7041401f8d4db4845ecf46b9128a7"}
}
