TN:
SF:api\index.js
FN:14,(anonymous_0)
FN:41,(anonymous_1)
FN:56,(anonymous_2)
FN:93,(anonymous_3)
FN:98,(anonymous_4)
FN:105,(anonymous_5)
FN:115,(anonymous_6)
FN:140,(anonymous_7)
FN:286,(anonymous_8)
FN:322,(anonymous_9)
FN:330,(anonymous_10)
FN:340,(anonymous_11)
FN:413,(anonymous_12)
FN:475,(anonymous_13)
FN:544,(anonymous_14)
FN:558,(anonymous_15)
FN:571,(anonymous_16)
FN:613,(anonymous_17)
FN:642,(anonymous_18)
FN:665,(anonymous_19)
FN:699,(anonymous_20)
FN:703,(anonymous_21)
FN:714,(anonymous_22)
FN:762,(anonymous_23)
FN:769,(anonymous_24)
FN:772,(anonymous_25)
FN:798,(anonymous_26)
FN:814,(anonymous_27)
FN:836,(anonymous_28)
FN:842,(anonymous_29)
FN:859,(anonymous_30)
FN:878,(anonymous_31)
FN:898,(anonymous_32)
FN:918,(anonymous_33)
FN:938,(anonymous_34)
FN:951,(anonymous_35)
FN:970,(anonymous_36)
FN:993,(anonymous_37)
FN:1020,(anonymous_38)
FN:1067,(anonymous_39)
FN:1087,(anonymous_40)
FN:1099,(anonymous_41)
FN:1117,(anonymous_42)
FN:1135,(anonymous_43)
FN:1153,(anonymous_44)
FN:1172,generatePONumber
FN:1188,(anonymous_46)
FN:1212,(anonymous_47)
FN:1233,(anonymous_48)
FN:1244,(anonymous_49)
FN:1259,(anonymous_50)
FN:1270,(anonymous_51)
FN:1292,(anonymous_52)
FNF:53
FNH:0
FNDA:0,(anonymous_0)
FNDA:0,(anonymous_1)
FNDA:0,(anonymous_2)
FNDA:0,(anonymous_3)
FNDA:0,(anonymous_4)
FNDA:0,(anonymous_5)
FNDA:0,(anonymous_6)
FNDA:0,(anonymous_7)
FNDA:0,(anonymous_8)
FNDA:0,(anonymous_9)
FNDA:0,(anonymous_10)
FNDA:0,(anonymous_11)
FNDA:0,(anonymous_12)
FNDA:0,(anonymous_13)
FNDA:0,(anonymous_14)
FNDA:0,(anonymous_15)
FNDA:0,(anonymous_16)
FNDA:0,(anonymous_17)
FNDA:0,(anonymous_18)
FNDA:0,(anonymous_19)
FNDA:0,(anonymous_20)
FNDA:0,(anonymous_21)
FNDA:0,(anonymous_22)
FNDA:0,(anonymous_23)
FNDA:0,(anonymous_24)
FNDA:0,(anonymous_25)
FNDA:0,(anonymous_26)
FNDA:0,(anonymous_27)
FNDA:0,(anonymous_28)
FNDA:0,(anonymous_29)
FNDA:0,(anonymous_30)
FNDA:0,(anonymous_31)
FNDA:0,(anonymous_32)
FNDA:0,(anonymous_33)
FNDA:0,(anonymous_34)
FNDA:0,(anonymous_35)
FNDA:0,(anonymous_36)
FNDA:0,(anonymous_37)
FNDA:0,(anonymous_38)
FNDA:0,(anonymous_39)
FNDA:0,(anonymous_40)
FNDA:0,(anonymous_41)
FNDA:0,(anonymous_42)
FNDA:0,(anonymous_43)
FNDA:0,(anonymous_44)
FNDA:0,generatePONumber
FNDA:0,(anonymous_46)
FNDA:0,(anonymous_47)
FNDA:0,(anonymous_48)
FNDA:0,(anonymous_49)
FNDA:0,(anonymous_50)
FNDA:0,(anonymous_51)
FNDA:0,(anonymous_52)
DA:8,0
DA:11,0
DA:14,0
DA:16,0
DA:17,0
DA:19,0
DA:23,0
DA:25,0
DA:29,0
DA:30,0
DA:34,0
DA:38,0
DA:39,0
DA:41,0
DA:42,0
DA:43,0
DA:47,0
DA:48,0
DA:52,0
DA:53,0
DA:54,0
DA:55,0
DA:56,0
DA:57,0
DA:59,0
DA:60,0
DA:64,0
DA:65,0
DA:66,0
DA:69,0
DA:70,0
DA:73,0
DA:80,0
DA:81,0
DA:82,0
DA:84,0
DA:85,0
DA:86,0
DA:88,0
DA:93,0
DA:94,0
DA:95,0
DA:98,0
DA:99,0
DA:100,0
DA:104,0
DA:105,0
DA:106,0
DA:107,0
DA:111,0
DA:112,0
DA:115,0
DA:116,0
DA:117,0
DA:118,0
DA:120,0
DA:121,0
DA:123,0
DA:124,0
DA:125,0
DA:126,0
DA:127,0
DA:128,0
DA:129,0
DA:132,0
DA:140,0
DA:141,0
DA:142,0
DA:143,0
DA:144,0
DA:145,0
DA:147,0
DA:151,0
DA:167,0
DA:169,0
DA:187,0
DA:190,0
DA:230,0
DA:233,0
DA:267,0
DA:270,0
DA:283,0
DA:286,0
DA:287,0
DA:288,0
DA:289,0
DA:290,0
DA:292,0
DA:293,0
DA:294,0
DA:297,0
DA:298,0
DA:301,0
DA:302,0
DA:303,0
DA:304,0
DA:307,0
DA:308,0
DA:309,0
DA:312,0
DA:313,0
DA:314,0
DA:316,0
DA:317,0
DA:322,0
DA:323,0
DA:324,0
DA:326,0
DA:330,0
DA:331,0
DA:332,0
DA:334,0
DA:340,0
DA:341,0
DA:342,0
DA:343,0
DA:344,0
DA:347,0
DA:348,0
DA:349,0
DA:352,0
DA:353,0
DA:354,0
DA:357,0
DA:358,0
DA:359,0
DA:363,0
DA:364,0
DA:365,0
DA:366,0
DA:370,0
DA:371,0
DA:372,0
DA:373,0
DA:377,0
DA:378,0
DA:379,0
DA:382,0
DA:383,0
DA:390,0
DA:392,0
DA:394,0
DA:395,0
DA:400,0
DA:406,0
DA:407,0
DA:408,0
DA:409,0
DA:413,0
DA:414,0
DA:415,0
DA:416,0
DA:417,0
DA:420,0
DA:421,0
DA:422,0
DA:425,0
DA:427,0
DA:428,0
DA:429,0
DA:432,0
DA:433,0
DA:434,0
DA:435,0
DA:439,0
DA:440,0
DA:441,0
DA:447,0
DA:448,0
DA:449,0
DA:455,0
DA:456,0
DA:457,0
DA:467,0
DA:468,0
DA:469,0
DA:470,0
DA:475,0
DA:476,0
DA:477,0
DA:480,0
DA:481,0
DA:484,0
DA:485,0
DA:489,0
DA:490,0
DA:491,0
DA:495,0
DA:497,0
DA:499,0
DA:505,0
DA:506,0
DA:515,0
DA:527,0
DA:528,0
DA:537,0
DA:538,0
DA:544,0
DA:545,0
DA:546,0
DA:550,0
DA:552,0
DA:553,0
DA:558,0
DA:559,0
DA:560,0
DA:563,0
DA:565,0
DA:566,0
DA:571,0
DA:572,0
DA:573,0
DA:574,0
DA:576,0
DA:577,0
DA:580,0
DA:581,0
DA:582,0
DA:585,0
DA:586,0
DA:589,0
DA:590,0
DA:591,0
DA:592,0
DA:593,0
DA:595,0
DA:596,0
DA:607,0
DA:608,0
DA:613,0
DA:614,0
DA:615,0
DA:617,0
DA:618,0
DA:619,0
DA:622,0
DA:623,0
DA:625,0
DA:626,0
DA:636,0
DA:637,0
DA:642,0
DA:643,0
DA:644,0
DA:647,0
DA:648,0
DA:651,0
DA:652,0
DA:653,0
DA:656,0
DA:657,0
DA:659,0
DA:660,0
DA:665,0
DA:666,0
DA:667,0
DA:669,0
DA:670,0
DA:671,0
DA:674,0
DA:675,0
DA:678,0
DA:679,0
DA:680,0
DA:682,0
DA:683,0
DA:693,0
DA:694,0
DA:699,0
DA:700,0
DA:701,0
DA:703,0
DA:707,0
DA:709,0
DA:710,0
DA:714,0
DA:715,0
DA:716,0
DA:717,0
DA:718,0
DA:719,0
DA:722,0
DA:723,0
DA:724,0
DA:728,0
DA:731,0
DA:734,0
DA:735,0
DA:736,0
DA:737,0
DA:739,0
DA:744,0
DA:745,0
DA:749,0
DA:750,0
DA:751,0
DA:752,0
DA:754,0
DA:758,0
DA:759,0
DA:761,0
DA:762,0
DA:767,0
DA:768,0
DA:769,0
DA:772,0
DA:773,0
DA:774,0
DA:777,0
DA:785,0
DA:786,0
DA:788,0
DA:789,0
DA:790,0
DA:792,0
DA:793,0
DA:794,0
DA:798,0
DA:799,0
DA:800,0
DA:802,0
DA:803,0
DA:805,0
DA:806,0
DA:807,0
DA:809,0
DA:810,0
DA:814,0
DA:815,0
DA:816,0
DA:817,0
DA:818,0
DA:822,0
DA:823,0
DA:824,0
DA:825,0
DA:827,0
DA:828,0
DA:829,0
DA:831,0
DA:832,0
DA:836,0
DA:837,0
DA:838,0
DA:842,0
DA:843,0
DA:844,0
DA:845,0
DA:846,0
DA:848,0
DA:849,0
DA:851,0
DA:852,0
DA:854,0
DA:855,0
DA:859,0
DA:860,0
DA:861,0
DA:862,0
DA:863,0
DA:867,0
DA:868,0
DA:870,0
DA:871,0
DA:873,0
DA:874,0
DA:878,0
DA:879,0
DA:880,0
DA:881,0
DA:882,0
DA:884,0
DA:885,0
DA:886,0
DA:888,0
DA:889,0
DA:890,0
DA:891,0
DA:893,0
DA:894,0
DA:898,0
DA:899,0
DA:900,0
DA:901,0
DA:902,0
DA:904,0
DA:905,0
DA:906,0
DA:908,0
DA:909,0
DA:910,0
DA:911,0
DA:913,0
DA:914,0
DA:918,0
DA:919,0
DA:920,0
DA:921,0
DA:922,0
DA:924,0
DA:925,0
DA:926,0
DA:928,0
DA:929,0
DA:930,0
DA:931,0
DA:933,0
DA:934,0
DA:938,0
DA:939,0
DA:940,0
DA:942,0
DA:943,0
DA:944,0
DA:945,0
DA:948,0
DA:949,0
DA:950,0
DA:951,0
DA:952,0
DA:953,0
DA:960,0
DA:961,0
DA:962,0
DA:963,0
DA:965,0
DA:966,0
DA:970,0
DA:971,0
DA:972,0
DA:973,0
DA:974,0
DA:977,0
DA:978,0
DA:979,0
DA:982,0
DA:983,0
DA:985,0
DA:986,0
DA:988,0
DA:989,0
DA:993,0
DA:994,0
DA:995,0
DA:996,0
DA:997,0
DA:1000,0
DA:1001,0
DA:1002,0
DA:1006,0
DA:1007,0
DA:1009,0
DA:1010,0
DA:1012,0
DA:1013,0
DA:1020,0
DA:1021,0
DA:1022,0
DA:1024,0
DA:1025,0
DA:1026,0
DA:1027,0
DA:1029,0
DA:1032,0
DA:1033,0
DA:1037,0
DA:1038,0
DA:1039,0
DA:1041,0
DA:1046,0
DA:1051,0
DA:1061,0
DA:1062,0
DA:1067,0
DA:1068,0
DA:1069,0
DA:1070,0
DA:1071,0
DA:1075,0
DA:1079,0
DA:1081,0
DA:1082,0
DA:1087,0
DA:1088,0
DA:1089,0
DA:1090,0
DA:1091,0
DA:1093,0
DA:1094,0
DA:1099,0
DA:1100,0
DA:1101,0
DA:1106,0
DA:1107,0
DA:1109,0
DA:1111,0
DA:1112,0
DA:1117,0
DA:1118,0
DA:1119,0
DA:1124,0
DA:1125,0
DA:1127,0
DA:1129,0
DA:1130,0
DA:1135,0
DA:1136,0
DA:1137,0
DA:1138,0
DA:1139,0
DA:1141,0
DA:1142,0
DA:1143,0
DA:1145,0
DA:1146,0
DA:1153,0
DA:1154,0
DA:1155,0
DA:1156,0
DA:1157,0
DA:1158,0
DA:1160,0
DA:1164,0
DA:1166,0
DA:1167,0
DA:1173,0
DA:1174,0
DA:1178,0
DA:1179,0
DA:1182,0
DA:1183,0
DA:1184,0
DA:1188,0
DA:1189,0
DA:1190,0
DA:1191,0
DA:1196,0
DA:1199,0
DA:1204,0
DA:1206,0
DA:1207,0
DA:1212,0
DA:1213,0
DA:1214,0
DA:1220,0
DA:1221,0
DA:1223,0
DA:1225,0
DA:1226,0
DA:1233,0
DA:1234,0
DA:1235,0
DA:1236,0
DA:1238,0
DA:1240,0
DA:1244,0
DA:1245,0
DA:1248,0
DA:1251,0
DA:1253,0
DA:1254,0
DA:1259,0
DA:1260,0
DA:1261,0
DA:1262,0
DA:1263,0
DA:1265,0
DA:1266,0
DA:1270,0
DA:1271,0
DA:1272,0
DA:1278,0
DA:1279,0
DA:1281,0
DA:1283,0
DA:1284,0
DA:1288,0
DA:1291,0
DA:1292,0
DA:1293,0
DA:1294,0
DA:1295,0
DA:1296,0
DA:1297,0
DA:1298,0
DA:1299,0
DA:1300,0
LF:587
LH:0
BRDA:17,0,0,0
BRDA:17,0,1,0
BRDA:23,1,0,0
BRDA:23,1,1,0
BRDA:29,2,0,0
BRDA:29,2,1,0
BRDA:29,3,0,0
BRDA:29,3,1,0
BRDA:42,4,0,0
BRDA:42,4,1,0
BRDA:47,5,0,0
BRDA:47,5,1,0
BRDA:47,6,0,0
BRDA:47,6,1,0
BRDA:52,7,0,0
BRDA:52,7,1,0
BRDA:55,8,0,0
BRDA:55,8,1,0
BRDA:59,9,0,0
BRDA:59,9,1,0
BRDA:69,10,0,0
BRDA:69,10,1,0
BRDA:104,11,0,0
BRDA:104,11,1,0
BRDA:124,12,0,0
BRDA:124,12,1,0
BRDA:126,13,0,0
BRDA:126,13,1,0
BRDA:128,14,0,0
BRDA:128,14,1,0
BRDA:134,15,0,0
BRDA:134,15,1,0
BRDA:142,16,0,0
BRDA:142,16,1,0
BRDA:290,17,0,0
BRDA:290,17,1,0
BRDA:292,18,0,0
BRDA:292,18,1,0
BRDA:302,19,0,0
BRDA:302,19,1,0
BRDA:307,20,0,0
BRDA:307,20,1,0
BRDA:323,21,0,0
BRDA:323,21,1,0
BRDA:323,22,0,0
BRDA:323,22,1,0
BRDA:331,23,0,0
BRDA:331,23,1,0
BRDA:347,24,0,0
BRDA:347,24,1,0
BRDA:347,25,0,0
BRDA:347,25,1,0
BRDA:347,25,2,0
BRDA:352,26,0,0
BRDA:352,26,1,0
BRDA:357,27,0,0
BRDA:357,27,1,0
BRDA:364,28,0,0
BRDA:364,28,1,0
BRDA:371,29,0,0
BRDA:371,29,1,0
BRDA:378,30,0,0
BRDA:378,30,1,0
BRDA:379,31,0,0
BRDA:379,31,1,0
BRDA:394,32,0,0
BRDA:394,32,1,0
BRDA:420,33,0,0
BRDA:420,33,1,0
BRDA:420,34,0,0
BRDA:420,34,1,0
BRDA:427,35,0,0
BRDA:427,35,1,0
BRDA:433,36,0,0
BRDA:433,36,1,0
BRDA:439,37,0,0
BRDA:439,37,1,0
BRDA:447,38,0,0
BRDA:447,38,1,0
BRDA:480,39,0,0
BRDA:480,39,1,0
BRDA:480,40,0,0
BRDA:480,40,1,0
BRDA:480,40,2,0
BRDA:484,41,0,0
BRDA:484,41,1,0
BRDA:484,42,0,0
BRDA:484,42,1,0
BRDA:490,43,0,0
BRDA:490,43,1,0
BRDA:497,44,0,0
BRDA:497,44,1,0
BRDA:519,45,0,0
BRDA:519,45,1,0
BRDA:576,46,0,0
BRDA:576,46,1,0
BRDA:581,47,0,0
BRDA:581,47,1,0
BRDA:585,48,0,0
BRDA:585,48,1,0
BRDA:590,49,0,0
BRDA:590,49,1,0
BRDA:618,50,0,0
BRDA:618,50,1,0
BRDA:647,51,0,0
BRDA:647,51,1,0
BRDA:652,52,0,0
BRDA:652,52,1,0
BRDA:670,53,0,0
BRDA:670,53,1,0
BRDA:674,54,0,0
BRDA:674,54,1,0
BRDA:722,55,0,0
BRDA:722,55,1,0
BRDA:734,56,0,0
BRDA:734,56,1,0
BRDA:744,57,0,0
BRDA:744,57,1,0
BRDA:749,58,0,0
BRDA:749,58,1,0
BRDA:758,59,0,0
BRDA:758,59,1,0
BRDA:772,60,0,0
BRDA:772,60,1,0
BRDA:773,61,0,0
BRDA:773,61,1,0
BRDA:785,62,0,0
BRDA:785,62,1,0
BRDA:802,63,0,0
BRDA:802,63,1,0
BRDA:817,64,0,0
BRDA:817,64,1,0
BRDA:822,65,0,0
BRDA:822,65,1,0
BRDA:823,66,0,0
BRDA:823,66,1,0
BRDA:824,67,0,0
BRDA:824,67,1,0
BRDA:825,68,0,0
BRDA:825,68,1,0
BRDA:845,69,0,0
BRDA:845,69,1,0
BRDA:862,70,0,0
BRDA:862,70,1,0
BRDA:881,71,0,0
BRDA:881,71,1,0
BRDA:885,72,0,0
BRDA:885,72,1,0
BRDA:901,73,0,0
BRDA:901,73,1,0
BRDA:905,74,0,0
BRDA:905,74,1,0
BRDA:921,75,0,0
BRDA:921,75,1,0
BRDA:925,76,0,0
BRDA:925,76,1,0
BRDA:943,77,0,0
BRDA:943,77,1,0
BRDA:949,78,0,0
BRDA:949,78,1,0
BRDA:973,79,0,0
BRDA:973,79,1,0
BRDA:978,80,0,0
BRDA:978,80,1,0
BRDA:996,81,0,0
BRDA:996,81,1,0
BRDA:1001,82,0,0
BRDA:1001,82,1,0
BRDA:1025,83,0,0
BRDA:1025,83,1,0
BRDA:1026,84,0,0
BRDA:1026,84,1,0
BRDA:1027,85,0,0
BRDA:1027,85,1,0
BRDA:1056,86,0,0
BRDA:1056,86,1,0
BRDA:1070,87,0,0
BRDA:1070,87,1,0
BRDA:1106,88,0,0
BRDA:1106,88,1,0
BRDA:1124,89,0,0
BRDA:1124,89,1,0
BRDA:1138,90,0,0
BRDA:1138,90,1,0
BRDA:1157,91,0,0
BRDA:1157,91,1,0
BRDA:1158,92,0,0
BRDA:1158,92,1,0
BRDA:1178,93,0,0
BRDA:1178,93,1,0
BRDA:1220,94,0,0
BRDA:1220,94,1,0
BRDA:1238,95,0,0
BRDA:1238,95,1,0
BRDA:1278,96,0,0
BRDA:1278,96,1,0
BRDA:1288,97,0,0
BRDA:1288,97,1,0
BRDA:1291,98,0,0
BRDA:1291,98,1,0
BRF:200
BRH:0
end_of_record
TN:
SF:api\server.js
FN:14,(anonymous_0)
FN:41,(anonymous_1)
FN:52,(anonymous_2)
FN:67,(anonymous_3)
FN:71,(anonymous_4)
FN:104,(anonymous_5)
FN:129,(anonymous_6)
FN:173,(anonymous_7)
FN:210,(anonymous_8)
FN:278,(anonymous_9)
FN:282,(anonymous_10)
FN:293,(anonymous_11)
FN:341,(anonymous_12)
FN:348,(anonymous_13)
FN:351,(anonymous_14)
FN:377,(anonymous_15)
FN:393,(anonymous_16)
FN:415,(anonymous_17)
FN:421,(anonymous_18)
FN:438,(anonymous_19)
FN:457,(anonymous_20)
FN:477,(anonymous_21)
FN:497,(anonymous_22)
FN:517,(anonymous_23)
FN:530,(anonymous_24)
FN:549,(anonymous_25)
FN:572,(anonymous_26)
FN:600,(anonymous_27)
FNF:28
FNH:0
FNDA:0,(anonymous_0)
FNDA:0,(anonymous_1)
FNDA:0,(anonymous_2)
FNDA:0,(anonymous_3)
FNDA:0,(anonymous_4)
FNDA:0,(anonymous_5)
FNDA:0,(anonymous_6)
FNDA:0,(anonymous_7)
FNDA:0,(anonymous_8)
FNDA:0,(anonymous_9)
FNDA:0,(anonymous_10)
FNDA:0,(anonymous_11)
FNDA:0,(anonymous_12)
FNDA:0,(anonymous_13)
FNDA:0,(anonymous_14)
FNDA:0,(anonymous_15)
FNDA:0,(anonymous_16)
FNDA:0,(anonymous_17)
FNDA:0,(anonymous_18)
FNDA:0,(anonymous_19)
FNDA:0,(anonymous_20)
FNDA:0,(anonymous_21)
FNDA:0,(anonymous_22)
FNDA:0,(anonymous_23)
FNDA:0,(anonymous_24)
FNDA:0,(anonymous_25)
FNDA:0,(anonymous_26)
FNDA:0,(anonymous_27)
DA:8,0
DA:11,0
DA:14,0
DA:16,0
DA:17,0
DA:19,0
DA:23,0
DA:25,0
DA:29,0
DA:30,0
DA:34,0
DA:37,0
DA:38,0
DA:41,0
DA:42,0
DA:43,0
DA:44,0
DA:45,0
DA:46,0
DA:48,0
DA:52,0
DA:53,0
DA:54,0
DA:55,0
DA:58,0
DA:59,0
DA:61,0
DA:62,0
DA:67,0
DA:68,0
DA:71,0
DA:72,0
DA:76,0
DA:79,0
DA:95,0
DA:97,0
DA:101,0
DA:104,0
DA:105,0
DA:106,0
DA:107,0
DA:108,0
DA:110,0
DA:111,0
DA:112,0
DA:115,0
DA:116,0
DA:117,0
DA:118,0
DA:119,0
DA:121,0
DA:122,0
DA:129,0
DA:130,0
DA:131,0
DA:132,0
DA:133,0
DA:136,0
DA:137,0
DA:138,0
DA:141,0
DA:142,0
DA:143,0
DA:146,0
DA:147,0
DA:148,0
DA:152,0
DA:153,0
DA:154,0
DA:155,0
DA:159,0
DA:160,0
DA:161,0
DA:163,0
DA:164,0
DA:166,0
DA:167,0
DA:168,0
DA:169,0
DA:173,0
DA:174,0
DA:175,0
DA:176,0
DA:177,0
DA:180,0
DA:181,0
DA:182,0
DA:185,0
DA:187,0
DA:188,0
DA:189,0
DA:192,0
DA:193,0
DA:194,0
DA:195,0
DA:198,0
DA:199,0
DA:200,0
DA:202,0
DA:203,0
DA:204,0
DA:205,0
DA:210,0
DA:211,0
DA:212,0
DA:215,0
DA:216,0
DA:219,0
DA:220,0
DA:224,0
DA:225,0
DA:226,0
DA:230,0
DA:232,0
DA:234,0
DA:240,0
DA:241,0
DA:250,0
DA:262,0
DA:263,0
DA:272,0
DA:273,0
DA:278,0
DA:279,0
DA:280,0
DA:282,0
DA:286,0
DA:288,0
DA:289,0
DA:293,0
DA:294,0
DA:295,0
DA:296,0
DA:297,0
DA:298,0
DA:301,0
DA:302,0
DA:303,0
DA:307,0
DA:310,0
DA:313,0
DA:314,0
DA:315,0
DA:316,0
DA:318,0
DA:323,0
DA:324,0
DA:328,0
DA:329,0
DA:330,0
DA:331,0
DA:333,0
DA:337,0
DA:338,0
DA:340,0
DA:341,0
DA:346,0
DA:347,0
DA:348,0
DA:351,0
DA:352,0
DA:353,0
DA:356,0
DA:364,0
DA:365,0
DA:367,0
DA:368,0
DA:369,0
DA:371,0
DA:372,0
DA:373,0
DA:377,0
DA:378,0
DA:379,0
DA:381,0
DA:382,0
DA:384,0
DA:385,0
DA:386,0
DA:388,0
DA:389,0
DA:393,0
DA:394,0
DA:395,0
DA:396,0
DA:397,0
DA:401,0
DA:402,0
DA:403,0
DA:404,0
DA:406,0
DA:407,0
DA:408,0
DA:410,0
DA:411,0
DA:415,0
DA:416,0
DA:417,0
DA:421,0
DA:422,0
DA:423,0
DA:424,0
DA:425,0
DA:427,0
DA:428,0
DA:430,0
DA:431,0
DA:433,0
DA:434,0
DA:438,0
DA:439,0
DA:440,0
DA:441,0
DA:442,0
DA:446,0
DA:447,0
DA:449,0
DA:450,0
DA:452,0
DA:453,0
DA:457,0
DA:458,0
DA:459,0
DA:460,0
DA:461,0
DA:463,0
DA:464,0
DA:465,0
DA:467,0
DA:468,0
DA:469,0
DA:470,0
DA:472,0
DA:473,0
DA:477,0
DA:478,0
DA:479,0
DA:480,0
DA:481,0
DA:483,0
DA:484,0
DA:485,0
DA:487,0
DA:488,0
DA:489,0
DA:490,0
DA:492,0
DA:493,0
DA:497,0
DA:498,0
DA:499,0
DA:500,0
DA:501,0
DA:503,0
DA:504,0
DA:505,0
DA:507,0
DA:508,0
DA:509,0
DA:510,0
DA:512,0
DA:513,0
DA:517,0
DA:518,0
DA:519,0
DA:521,0
DA:522,0
DA:523,0
DA:524,0
DA:527,0
DA:528,0
DA:529,0
DA:530,0
DA:531,0
DA:532,0
DA:539,0
DA:540,0
DA:541,0
DA:542,0
DA:544,0
DA:545,0
DA:549,0
DA:550,0
DA:551,0
DA:552,0
DA:553,0
DA:556,0
DA:557,0
DA:558,0
DA:561,0
DA:562,0
DA:564,0
DA:565,0
DA:567,0
DA:568,0
DA:572,0
DA:573,0
DA:574,0
DA:575,0
DA:576,0
DA:579,0
DA:580,0
DA:581,0
DA:585,0
DA:586,0
DA:588,0
DA:589,0
DA:591,0
DA:592,0
DA:596,0
DA:599,0
DA:600,0
DA:601,0
DA:602,0
DA:603,0
DA:604,0
DA:605,0
DA:606,0
DA:607,0
DA:608,0
LF:320
LH:0
BRDA:17,0,0,0
BRDA:17,0,1,0
BRDA:23,1,0,0
BRDA:23,1,1,0
BRDA:29,2,0,0
BRDA:29,2,1,0
BRDA:29,3,0,0
BRDA:29,3,1,0
BRDA:43,4,0,0
BRDA:43,4,1,0
BRDA:54,5,0,0
BRDA:54,5,1,0
BRDA:108,6,0,0
BRDA:108,6,1,0
BRDA:110,7,0,0
BRDA:110,7,1,0
BRDA:136,8,0,0
BRDA:136,8,1,0
BRDA:136,9,0,0
BRDA:136,9,1,0
BRDA:141,10,0,0
BRDA:141,10,1,0
BRDA:146,11,0,0
BRDA:146,11,1,0
BRDA:153,12,0,0
BRDA:153,12,1,0
BRDA:180,13,0,0
BRDA:180,13,1,0
BRDA:180,14,0,0
BRDA:180,14,1,0
BRDA:187,15,0,0
BRDA:187,15,1,0
BRDA:193,16,0,0
BRDA:193,16,1,0
BRDA:215,17,0,0
BRDA:215,17,1,0
BRDA:215,18,0,0
BRDA:215,18,1,0
BRDA:215,18,2,0
BRDA:219,19,0,0
BRDA:219,19,1,0
BRDA:219,20,0,0
BRDA:219,20,1,0
BRDA:225,21,0,0
BRDA:225,21,1,0
BRDA:232,22,0,0
BRDA:232,22,1,0
BRDA:254,23,0,0
BRDA:254,23,1,0
BRDA:301,24,0,0
BRDA:301,24,1,0
BRDA:313,25,0,0
BRDA:313,25,1,0
BRDA:323,26,0,0
BRDA:323,26,1,0
BRDA:328,27,0,0
BRDA:328,27,1,0
BRDA:337,28,0,0
BRDA:337,28,1,0
BRDA:351,29,0,0
BRDA:351,29,1,0
BRDA:352,30,0,0
BRDA:352,30,1,0
BRDA:364,31,0,0
BRDA:364,31,1,0
BRDA:381,32,0,0
BRDA:381,32,1,0
BRDA:396,33,0,0
BRDA:396,33,1,0
BRDA:401,34,0,0
BRDA:401,34,1,0
BRDA:402,35,0,0
BRDA:402,35,1,0
BRDA:403,36,0,0
BRDA:403,36,1,0
BRDA:404,37,0,0
BRDA:404,37,1,0
BRDA:424,38,0,0
BRDA:424,38,1,0
BRDA:441,39,0,0
BRDA:441,39,1,0
BRDA:460,40,0,0
BRDA:460,40,1,0
BRDA:464,41,0,0
BRDA:464,41,1,0
BRDA:480,42,0,0
BRDA:480,42,1,0
BRDA:484,43,0,0
BRDA:484,43,1,0
BRDA:500,44,0,0
BRDA:500,44,1,0
BRDA:504,45,0,0
BRDA:504,45,1,0
BRDA:522,46,0,0
BRDA:522,46,1,0
BRDA:528,47,0,0
BRDA:528,47,1,0
BRDA:552,48,0,0
BRDA:552,48,1,0
BRDA:557,49,0,0
BRDA:557,49,1,0
BRDA:575,50,0,0
BRDA:575,50,1,0
BRDA:580,51,0,0
BRDA:580,51,1,0
BRDA:596,52,0,0
BRDA:596,52,1,0
BRDA:599,53,0,0
BRDA:599,53,1,0
BRF:109
BRH:0
end_of_record
TN:
SF:api\__tests__\auth-routes.test.js
FN:19,(anonymous_0)
FN:35,(anonymous_1)
FN:40,(anonymous_2)
FN:48,(anonymous_3)
FN:49,(anonymous_4)
FN:50,(anonymous_5)
FN:73,(anonymous_6)
FN:91,(anonymous_7)
FN:102,(anonymous_8)
FN:113,(anonymous_9)
FN:126,(anonymous_10)
FN:127,(anonymous_11)
FN:138,(anonymous_12)
FN:149,(anonymous_13)
FN:158,(anonymous_14)
FN:170,(anonymous_15)
FN:182,(anonymous_16)
FN:194,(anonymous_17)
FN:207,(anonymous_18)
FN:208,(anonymous_19)
FN:218,(anonymous_20)
FN:230,(anonymous_21)
FN:244,(anonymous_22)
FN:245,(anonymous_23)
FN:256,(anonymous_24)
FN:267,(anonymous_25)
FN:278,(anonymous_26)
FN:292,(anonymous_27)
FN:298,(anonymous_28)
FN:305,(anonymous_29)
FN:306,(anonymous_30)
FN:317,(anonymous_31)
FN:334,(anonymous_32)
FN:348,(anonymous_33)
FN:364,(anonymous_34)
FN:365,(anonymous_35)
FN:376,(anonymous_36)
FN:387,(anonymous_37)
FN:399,(anonymous_38)
FN:411,(anonymous_39)
FN:433,(anonymous_40)
FN:446,(anonymous_41)
FN:447,(anonymous_42)
FN:456,(anonymous_43)
FN:479,(anonymous_44)
FN:480,(anonymous_45)
FN:494,(anonymous_46)
FN:495,(anonymous_47)
FN:496,(anonymous_48)
FN:524,(anonymous_49)
FN:563,(anonymous_50)
FN:584,(anonymous_51)
FN:585,(anonymous_52)
FN:599,(anonymous_53)
FN:613,(anonymous_54)
FN:627,(anonymous_55)
FN:641,(anonymous_56)
FN:655,(anonymous_57)
FN:680,(anonymous_58)
FN:704,(anonymous_59)
FN:705,(anonymous_60)
FN:721,(anonymous_61)
FNF:62
FNH:0
FNDA:0,(anonymous_0)
FNDA:0,(anonymous_1)
FNDA:0,(anonymous_2)
FNDA:0,(anonymous_3)
FNDA:0,(anonymous_4)
FNDA:0,(anonymous_5)
FNDA:0,(anonymous_6)
FNDA:0,(anonymous_7)
FNDA:0,(anonymous_8)
FNDA:0,(anonymous_9)
FNDA:0,(anonymous_10)
FNDA:0,(anonymous_11)
FNDA:0,(anonymous_12)
FNDA:0,(anonymous_13)
FNDA:0,(anonymous_14)
FNDA:0,(anonymous_15)
FNDA:0,(anonymous_16)
FNDA:0,(anonymous_17)
FNDA:0,(anonymous_18)
FNDA:0,(anonymous_19)
FNDA:0,(anonymous_20)
FNDA:0,(anonymous_21)
FNDA:0,(anonymous_22)
FNDA:0,(anonymous_23)
FNDA:0,(anonymous_24)
FNDA:0,(anonymous_25)
FNDA:0,(anonymous_26)
FNDA:0,(anonymous_27)
FNDA:0,(anonymous_28)
FNDA:0,(anonymous_29)
FNDA:0,(anonymous_30)
FNDA:0,(anonymous_31)
FNDA:0,(anonymous_32)
FNDA:0,(anonymous_33)
FNDA:0,(anonymous_34)
FNDA:0,(anonymous_35)
FNDA:0,(anonymous_36)
FNDA:0,(anonymous_37)
FNDA:0,(anonymous_38)
FNDA:0,(anonymous_39)
FNDA:0,(anonymous_40)
FNDA:0,(anonymous_41)
FNDA:0,(anonymous_42)
FNDA:0,(anonymous_43)
FNDA:0,(anonymous_44)
FNDA:0,(anonymous_45)
FNDA:0,(anonymous_46)
FNDA:0,(anonymous_47)
FNDA:0,(anonymous_48)
FNDA:0,(anonymous_49)
FNDA:0,(anonymous_50)
FNDA:0,(anonymous_51)
FNDA:0,(anonymous_52)
FNDA:0,(anonymous_53)
FNDA:0,(anonymous_54)
FNDA:0,(anonymous_55)
FNDA:0,(anonymous_56)
FNDA:0,(anonymous_57)
FNDA:0,(anonymous_58)
FNDA:0,(anonymous_59)
FNDA:0,(anonymous_60)
FNDA:0,(anonymous_61)
DA:13,0
DA:14,0
DA:19,0
DA:21,0
DA:22,0
DA:25,0
DA:28,0
DA:31,0
DA:32,0
DA:35,0
DA:36,0
DA:37,0
DA:40,0
DA:42,0
DA:43,0
DA:44,0
DA:48,0
DA:49,0
DA:50,0
DA:51,0
DA:58,0
DA:59,0
DA:62,0
DA:63,0
DA:64,0
DA:65,0
DA:68,0
DA:69,0
DA:70,0
DA:73,0
DA:74,0
DA:76,0
DA:83,0
DA:84,0
DA:87,0
DA:88,0
DA:91,0
DA:92,0
DA:99,0
DA:102,0
DA:103,0
DA:110,0
DA:113,0
DA:114,0
DA:115,0
DA:122,0
DA:126,0
DA:127,0
DA:128,0
DA:134,0
DA:135,0
DA:138,0
DA:139,0
DA:145,0
DA:146,0
DA:149,0
DA:150,0
DA:154,0
DA:155,0
DA:158,0
DA:159,0
DA:166,0
DA:167,0
DA:170,0
DA:171,0
DA:178,0
DA:179,0
DA:182,0
DA:183,0
DA:190,0
DA:191,0
DA:194,0
DA:195,0
DA:202,0
DA:203,0
DA:207,0
DA:208,0
DA:210,0
DA:218,0
DA:219,0
DA:226,0
DA:227,0
DA:230,0
DA:232,0
DA:240,0
DA:244,0
DA:245,0
DA:246,0
DA:253,0
DA:256,0
DA:257,0
DA:264,0
DA:267,0
DA:268,0
DA:275,0
DA:278,0
DA:279,0
DA:287,0
DA:292,0
DA:293,0
DA:298,0
DA:300,0
DA:305,0
DA:306,0
DA:307,0
DA:311,0
DA:312,0
DA:313,0
DA:314,0
DA:317,0
DA:318,0
DA:322,0
DA:325,0
DA:328,0
DA:329,0
DA:330,0
DA:331,0
DA:334,0
DA:335,0
DA:339,0
DA:342,0
DA:343,0
DA:345,0
DA:348,0
DA:349,0
DA:353,0
DA:355,0
DA:356,0
DA:357,0
DA:360,0
DA:364,0
DA:365,0
DA:366,0
DA:372,0
DA:373,0
DA:376,0
DA:377,0
DA:383,0
DA:384,0
DA:387,0
DA:388,0
DA:395,0
DA:396,0
DA:399,0
DA:400,0
DA:407,0
DA:408,0
DA:411,0
DA:413,0
DA:421,0
DA:429,0
DA:430,0
DA:433,0
DA:434,0
DA:441,0
DA:442,0
DA:446,0
DA:447,0
DA:448,0
DA:452,0
DA:453,0
DA:456,0
DA:457,0
DA:465,0
DA:466,0
DA:473,0
DA:474,0
DA:479,0
DA:480,0
DA:481,0
DA:488,0
DA:489,0
DA:494,0
DA:495,0
DA:496,0
DA:497,0
DA:506,0
DA:510,0
DA:511,0
DA:512,0
DA:513,0
DA:516,0
DA:517,0
DA:518,0
DA:519,0
DA:520,0
DA:521,0
DA:524,0
DA:525,0
DA:535,0
DA:540,0
DA:549,0
DA:553,0
DA:554,0
DA:557,0
DA:558,0
DA:559,0
DA:560,0
DA:563,0
DA:564,0
DA:572,0
DA:576,0
DA:578,0
DA:579,0
DA:580,0
DA:584,0
DA:585,0
DA:586,0
DA:595,0
DA:596,0
DA:599,0
DA:600,0
DA:609,0
DA:610,0
DA:613,0
DA:614,0
DA:623,0
DA:624,0
DA:627,0
DA:628,0
DA:637,0
DA:638,0
DA:641,0
DA:642,0
DA:651,0
DA:652,0
DA:655,0
DA:656,0
DA:664,0
DA:665,0
DA:675,0
DA:676,0
DA:680,0
DA:681,0
DA:688,0
DA:689,0
DA:699,0
DA:704,0
DA:705,0
DA:706,0
DA:716,0
DA:717,0
DA:718,0
DA:721,0
DA:722,0
DA:724,0
DA:734,0
DA:736,0
DA:737,0
DA:738,0
DA:740,0
DA:741,0
LF:252
LH:0
BRF:0
BRH:0
end_of_record
TN:
SF:api\__tests__\customer-routes.test.js
FN:20,(anonymous_0)
FN:37,(anonymous_1)
FN:42,(anonymous_2)
FN:49,(anonymous_3)
FN:50,(anonymous_4)
FN:57,(anonymous_5)
FN:66,(anonymous_6)
FN:86,(anonymous_7)
FN:109,(anonymous_8)
FN:112,(anonymous_9)
FN:123,(anonymous_10)
FN:129,(anonymous_11)
FN:140,(anonymous_12)
FN:151,(anonymous_13)
FN:160,(anonymous_14)
FN:170,(anonymous_15)
FN:191,(anonymous_16)
FN:192,(anonymous_17)
FN:200,(anonymous_18)
FN:225,(anonymous_19)
FN:240,(anonymous_20)
FN:259,(anonymous_21)
FN:272,(anonymous_22)
FN:275,(anonymous_23)
FN:286,(anonymous_24)
FN:294,(anonymous_25)
FN:309,(anonymous_26)
FN:319,(anonymous_27)
FN:329,(anonymous_28)
FN:339,(anonymous_29)
FN:357,(anonymous_30)
FN:369,(anonymous_31)
FN:382,(anonymous_32)
FN:385,(anonymous_33)
FN:395,(anonymous_34)
FN:401,(anonymous_35)
FN:415,(anonymous_36)
FN:427,(anonymous_37)
FN:430,(anonymous_38)
FN:441,(anonymous_39)
FN:449,(anonymous_40)
FN:472,(anonymous_41)
FN:484,(anonymous_42)
FN:504,(anonymous_43)
FN:508,(anonymous_44)
FN:523,(anonymous_45)
FN:530,(anonymous_46)
FN:544,(anonymous_47)
FN:556,(anonymous_48)
FN:560,(anonymous_49)
FN:576,(anonymous_50)
FN:587,(anonymous_51)
FN:599,(anonymous_52)
FN:612,(anonymous_53)
FN:616,(anonymous_54)
FN:631,(anonymous_55)
FN:645,(anonymous_56)
FN:649,(anonymous_57)
FN:664,(anonymous_58)
FN:674,(anonymous_59)
FN:678,(anonymous_60)
FN:693,(anonymous_61)
FN:711,(anonymous_62)
FN:716,(anonymous_63)
FN:736,(anonymous_64)
FNF:65
FNH:0
FNDA:0,(anonymous_0)
FNDA:0,(anonymous_1)
FNDA:0,(anonymous_2)
FNDA:0,(anonymous_3)
FNDA:0,(anonymous_4)
FNDA:0,(anonymous_5)
FNDA:0,(anonymous_6)
FNDA:0,(anonymous_7)
FNDA:0,(anonymous_8)
FNDA:0,(anonymous_9)
FNDA:0,(anonymous_10)
FNDA:0,(anonymous_11)
FNDA:0,(anonymous_12)
FNDA:0,(anonymous_13)
FNDA:0,(anonymous_14)
FNDA:0,(anonymous_15)
FNDA:0,(anonymous_16)
FNDA:0,(anonymous_17)
FNDA:0,(anonymous_18)
FNDA:0,(anonymous_19)
FNDA:0,(anonymous_20)
FNDA:0,(anonymous_21)
FNDA:0,(anonymous_22)
FNDA:0,(anonymous_23)
FNDA:0,(anonymous_24)
FNDA:0,(anonymous_25)
FNDA:0,(anonymous_26)
FNDA:0,(anonymous_27)
FNDA:0,(anonymous_28)
FNDA:0,(anonymous_29)
FNDA:0,(anonymous_30)
FNDA:0,(anonymous_31)
FNDA:0,(anonymous_32)
FNDA:0,(anonymous_33)
FNDA:0,(anonymous_34)
FNDA:0,(anonymous_35)
FNDA:0,(anonymous_36)
FNDA:0,(anonymous_37)
FNDA:0,(anonymous_38)
FNDA:0,(anonymous_39)
FNDA:0,(anonymous_40)
FNDA:0,(anonymous_41)
FNDA:0,(anonymous_42)
FNDA:0,(anonymous_43)
FNDA:0,(anonymous_44)
FNDA:0,(anonymous_45)
FNDA:0,(anonymous_46)
FNDA:0,(anonymous_47)
FNDA:0,(anonymous_48)
FNDA:0,(anonymous_49)
FNDA:0,(anonymous_50)
FNDA:0,(anonymous_51)
FNDA:0,(anonymous_52)
FNDA:0,(anonymous_53)
FNDA:0,(anonymous_54)
FNDA:0,(anonymous_55)
FNDA:0,(anonymous_56)
FNDA:0,(anonymous_57)
FNDA:0,(anonymous_58)
FNDA:0,(anonymous_59)
FNDA:0,(anonymous_60)
FNDA:0,(anonymous_61)
FNDA:0,(anonymous_62)
FNDA:0,(anonymous_63)
FNDA:0,(anonymous_64)
DA:12,0
DA:13,0
DA:20,0
DA:22,0
DA:23,0
DA:25,0
DA:26,0
DA:29,0
DA:30,0
DA:33,0
DA:34,0
DA:37,0
DA:38,0
DA:39,0
DA:42,0
DA:43,0
DA:44,0
DA:45,0
DA:49,0
DA:50,0
DA:51,0
DA:53,0
DA:54,0
DA:57,0
DA:58,0
DA:62,0
DA:63,0
DA:66,0
DA:68,0
DA:69,0
DA:75,0
DA:79,0
DA:80,0
DA:81,0
DA:82,0
DA:83,0
DA:86,0
DA:87,0
DA:88,0
DA:99,0
DA:103,0
DA:104,0
DA:105,0
DA:109,0
DA:112,0
DA:113,0
DA:114,0
DA:120,0
DA:123,0
DA:124,0
DA:126,0
DA:129,0
DA:130,0
DA:134,0
DA:135,0
DA:136,0
DA:137,0
DA:140,0
DA:141,0
DA:143,0
DA:147,0
DA:148,0
DA:151,0
DA:152,0
DA:156,0
DA:157,0
DA:160,0
DA:161,0
DA:165,0
DA:166,0
DA:167,0
DA:170,0
DA:171,0
DA:172,0
DA:182,0
DA:186,0
DA:187,0
DA:191,0
DA:192,0
DA:193,0
DA:197,0
DA:200,0
DA:201,0
DA:208,0
DA:213,0
DA:214,0
DA:215,0
DA:216,0
DA:219,0
DA:220,0
DA:221,0
DA:222,0
DA:225,0
DA:226,0
DA:235,0
DA:236,0
DA:237,0
DA:240,0
DA:241,0
DA:250,0
DA:255,0
DA:256,0
DA:259,0
DA:260,0
DA:267,0
DA:268,0
DA:272,0
DA:275,0
DA:276,0
DA:277,0
DA:283,0
DA:286,0
DA:287,0
DA:291,0
DA:294,0
DA:295,0
DA:300,0
DA:301,0
DA:304,0
DA:305,0
DA:306,0
DA:309,0
DA:310,0
DA:315,0
DA:316,0
DA:319,0
DA:320,0
DA:325,0
DA:326,0
DA:329,0
DA:330,0
DA:335,0
DA:336,0
DA:339,0
DA:340,0
DA:350,0
DA:351,0
DA:352,0
DA:353,0
DA:354,0
DA:357,0
DA:358,0
DA:360,0
DA:365,0
DA:366,0
DA:369,0
DA:370,0
DA:375,0
DA:376,0
DA:377,0
DA:378,0
DA:382,0
DA:385,0
DA:386,0
DA:387,0
DA:392,0
DA:395,0
DA:396,0
DA:398,0
DA:401,0
DA:402,0
DA:406,0
DA:407,0
DA:410,0
DA:411,0
DA:412,0
DA:415,0
DA:416,0
DA:418,0
DA:423,0
DA:427,0
DA:430,0
DA:431,0
DA:432,0
DA:438,0
DA:441,0
DA:442,0
DA:446,0
DA:449,0
DA:450,0
DA:456,0
DA:461,0
DA:462,0
DA:463,0
DA:466,0
DA:467,0
DA:468,0
DA:469,0
DA:472,0
DA:473,0
DA:475,0
DA:480,0
DA:481,0
DA:484,0
DA:486,0
DA:492,0
DA:498,0
DA:499,0
DA:500,0
DA:504,0
DA:508,0
DA:509,0
DA:510,0
DA:519,0
DA:520,0
DA:523,0
DA:524,0
DA:527,0
DA:530,0
DA:531,0
DA:535,0
DA:536,0
DA:539,0
DA:540,0
DA:541,0
DA:544,0
DA:545,0
DA:547,0
DA:551,0
DA:552,0
DA:556,0
DA:560,0
DA:561,0
DA:562,0
DA:572,0
DA:573,0
DA:576,0
DA:577,0
DA:582,0
DA:583,0
DA:584,0
DA:587,0
DA:588,0
DA:590,0
DA:595,0
DA:596,0
DA:599,0
DA:600,0
DA:602,0
DA:607,0
DA:608,0
DA:612,0
DA:616,0
DA:617,0
DA:618,0
DA:627,0
DA:628,0
DA:631,0
DA:632,0
DA:634,0
DA:639,0
DA:640,0
DA:641,0
DA:645,0
DA:649,0
DA:650,0
DA:651,0
DA:660,0
DA:661,0
DA:664,0
DA:665,0
DA:669,0
DA:670,0
DA:674,0
DA:678,0
DA:679,0
DA:680,0
DA:689,0
DA:690,0
DA:693,0
DA:694,0
DA:700,0
DA:705,0
DA:706,0
DA:707,0
DA:711,0
DA:716,0
DA:717,0
DA:718,0
DA:731,0
DA:732,0
DA:733,0
DA:736,0
DA:737,0
DA:741,0
DA:742,0
DA:743,0
LF:287
LH:0
BRF:0
BRH:0
end_of_record
TN:
SF:api\__tests__\server-utils.test.js
FN:11,(anonymous_0)
FN:30,(anonymous_1)
FN:31,(anonymous_2)
FN:34,(anonymous_3)
FN:44,(anonymous_4)
FN:54,(anonymous_5)
FN:64,(anonymous_6)
FN:74,(anonymous_7)
FN:84,(anonymous_8)
FN:88,(anonymous_9)
FN:93,(anonymous_10)
FN:101,(anonymous_11)
FN:110,(anonymous_12)
FN:119,(anonymous_13)
FN:128,(anonymous_14)
FN:137,(anonymous_15)
FN:153,(anonymous_16)
FN:168,(anonymous_17)
FN:184,(anonymous_18)
FN:193,(anonymous_19)
FN:203,(anonymous_20)
FN:217,(anonymous_21)
FN:226,(anonymous_22)
FN:241,(anonymous_23)
FN:242,(anonymous_24)
FN:253,(anonymous_25)
FN:263,(anonymous_26)
FNF:27
FNH:0
FNDA:0,(anonymous_0)
FNDA:0,(anonymous_1)
FNDA:0,(anonymous_2)
FNDA:0,(anonymous_3)
FNDA:0,(anonymous_4)
FNDA:0,(anonymous_5)
FNDA:0,(anonymous_6)
FNDA:0,(anonymous_7)
FNDA:0,(anonymous_8)
FNDA:0,(anonymous_9)
FNDA:0,(anonymous_10)
FNDA:0,(anonymous_11)
FNDA:0,(anonymous_12)
FNDA:0,(anonymous_13)
FNDA:0,(anonymous_14)
FNDA:0,(anonymous_15)
FNDA:0,(anonymous_16)
FNDA:0,(anonymous_17)
FNDA:0,(anonymous_18)
FNDA:0,(anonymous_19)
FNDA:0,(anonymous_20)
FNDA:0,(anonymous_21)
FNDA:0,(anonymous_22)
FNDA:0,(anonymous_23)
FNDA:0,(anonymous_24)
FNDA:0,(anonymous_25)
FNDA:0,(anonymous_26)
DA:10,0
DA:11,0
DA:12,0
DA:13,0
DA:23,0
DA:24,0
DA:25,0
DA:30,0
DA:31,0
DA:34,0
DA:35,0
DA:41,0
DA:44,0
DA:45,0
DA:51,0
DA:54,0
DA:55,0
DA:61,0
DA:64,0
DA:66,0
DA:71,0
DA:74,0
DA:75,0
DA:80,0
DA:84,0
DA:85,0
DA:88,0
DA:90,0
DA:93,0
DA:94,0
DA:97,0
DA:98,0
DA:101,0
DA:102,0
DA:106,0
DA:107,0
DA:110,0
DA:111,0
DA:115,0
DA:116,0
DA:119,0
DA:120,0
DA:124,0
DA:125,0
DA:128,0
DA:129,0
DA:133,0
DA:134,0
DA:137,0
DA:139,0
DA:145,0
DA:149,0
DA:150,0
DA:153,0
DA:154,0
DA:160,0
DA:164,0
DA:165,0
DA:168,0
DA:170,0
DA:171,0
DA:172,0
DA:174,0
DA:179,0
DA:184,0
DA:185,0
DA:190,0
DA:193,0
DA:195,0
DA:200,0
DA:203,0
DA:204,0
DA:206,0
DA:212,0
DA:214,0
DA:217,0
DA:218,0
DA:222,0
DA:223,0
DA:226,0
DA:228,0
DA:233,0
DA:236,0
DA:237,0
DA:241,0
DA:242,0
DA:243,0
DA:249,0
DA:250,0
DA:253,0
DA:254,0
DA:255,0
DA:260,0
DA:263,0
DA:265,0
DA:266,0
DA:269,0
DA:270,0
DA:273,0
LF:99
LH:0
BRF:0
BRH:0
end_of_record
TN:
SF:src\App.jsx
FN:12,App
FNF:1
FNH:1
FNDA:43,App
DA:13,43
DA:15,43
LF:2
LH:2
BRDA:19,0,0,21
BRDA:19,0,1,22
BRDA:20,1,0,21
BRDA:20,1,1,22
BRDA:21,2,0,21
BRDA:21,2,1,22
BRDA:22,3,0,21
BRDA:22,3,1,22
BRDA:23,4,0,21
BRDA:23,4,1,22
BRDA:24,5,0,21
BRDA:24,5,1,22
BRDA:25,6,0,21
BRDA:25,6,1,22
BRF:14
BRH:14
end_of_record
TN:
SF:src\components\Customers.jsx
FN:6,Customers
FN:15,(anonymous_1)
FN:19,(anonymous_2)
FN:23,(anonymous_3)
FN:27,(anonymous_4)
FN:39,(anonymous_5)
FN:44,(anonymous_6)
FN:67,(anonymous_7)
FN:79,(anonymous_8)
FN:84,(anonymous_9)
FN:98,(anonymous_10)
FN:103,(anonymous_11)
FN:108,(anonymous_12)
FN:118,(anonymous_13)
FN:123,(anonymous_14)
FN:137,(anonymous_15)
FN:147,(anonymous_16)
FN:186,(anonymous_17)
FN:192,(anonymous_18)
FN:205,(anonymous_19)
FN:228,(anonymous_20)
FN:235,(anonymous_21)
FN:242,(anonymous_22)
FN:257,(anonymous_23)
FN:266,(anonymous_24)
FN:283,(anonymous_25)
FN:294,(anonymous_26)
FN:297,(anonymous_27)
FN:358,(anonymous_28)
FN:379,(anonymous_29)
FN:385,(anonymous_30)
FNF:31
FNH:22
FNDA:115,Customers
FNDA:17,(anonymous_1)
FNDA:21,(anonymous_2)
FNDA:23,(anonymous_3)
FNDA:3,(anonymous_4)
FNDA:1,(anonymous_5)
FNDA:0,(anonymous_6)
FNDA:0,(anonymous_7)
FNDA:1,(anonymous_8)
FNDA:17,(anonymous_9)
FNDA:17,(anonymous_10)
FNDA:0,(anonymous_11)
FNDA:2,(anonymous_12)
FNDA:0,(anonymous_13)
FNDA:1,(anonymous_14)
FNDA:12,(anonymous_15)
FNDA:15,(anonymous_16)
FNDA:20,(anonymous_17)
FNDA:15,(anonymous_18)
FNDA:0,(anonymous_19)
FNDA:77,(anonymous_20)
FNDA:13,(anonymous_21)
FNDA:0,(anonymous_22)
FNDA:0,(anonymous_23)
FNDA:1,(anonymous_24)
FNDA:23,(anonymous_25)
FNDA:2,(anonymous_26)
FNDA:1,(anonymous_27)
FNDA:9,(anonymous_28)
FNDA:0,(anonymous_29)
FNDA:0,(anonymous_30)
DA:7,115
DA:8,115
DA:9,115
DA:10,115
DA:11,115
DA:12,115
DA:13,115
DA:15,115
DA:16,17
DA:19,115
DA:20,21
DA:21,21
DA:23,23
DA:24,21
DA:27,115
DA:28,3
DA:29,3
DA:31,2
DA:32,2
DA:34,1
DA:35,1
DA:39,115
DA:40,1
DA:41,1
DA:44,115
DA:45,0
DA:46,0
DA:47,0
DA:48,0
DA:51,0
DA:57,0
DA:60,0
DA:63,0
DA:64,0
DA:67,0
DA:68,0
DA:69,0
DA:70,0
DA:74,0
DA:75,0
DA:79,115
DA:80,1
DA:81,1
DA:84,115
DA:86,17
DA:89,17
DA:90,6
DA:91,11
DA:92,6
DA:94,5
DA:98,115
DA:99,17
DA:100,17
DA:103,115
DA:104,0
DA:105,0
DA:108,115
DA:109,2
DA:110,2
DA:118,115
DA:119,0
DA:120,0
DA:123,115
DA:124,1
DA:125,1
DA:128,1
DA:129,1
DA:130,1
DA:132,0
DA:133,0
DA:137,115
DA:138,12
DA:139,12
DA:141,12
DA:142,0
DA:143,0
DA:147,12
DA:148,15
DA:151,12
DA:152,12
DA:153,12
DA:155,0
DA:159,115
DA:186,20
DA:192,15
DA:205,0
DA:229,77
DA:235,13
DA:242,0
DA:257,0
DA:266,1
DA:284,23
DA:294,2
DA:297,1
DA:359,9
DA:379,0
DA:385,0
LF:97
LH:68
BRDA:23,0,0,23
BRDA:23,0,1,12
BRDA:35,1,0,1
BRDA:35,1,1,0
BRDA:46,2,0,0
BRDA:46,2,1,0
BRDA:46,3,0,0
BRDA:46,3,1,0
BRDA:63,4,0,0
BRDA:63,4,1,0
BRDA:68,5,0,0
BRDA:68,5,1,0
BRDA:75,6,0,0
BRDA:75,6,1,0
BRDA:89,7,0,6
BRDA:89,7,1,11
BRDA:91,8,0,6
BRDA:91,8,1,5
BRDA:133,9,0,0
BRDA:133,9,1,0
BRDA:141,10,0,0
BRDA:141,10,1,12
BRDA:151,11,0,12
BRDA:151,11,1,0
BRDA:230,12,0,15
BRDA:230,12,1,62
BRDA:282,13,0,23
BRDA:282,13,1,39
BRDA:282,14,0,62
BRDA:282,14,1,61
BRDA:330,15,0,12
BRDA:330,15,1,103
BRDA:354,16,0,12
BRDA:354,16,1,12
BRDA:354,16,2,9
BRDA:400,17,0,0
BRDA:400,17,1,103
BRF:37
BRH:21
end_of_record
TN:
SF:src\components\Dashboard.jsx
FN:7,Dashboard
FN:11,(anonymous_1)
FN:15,(anonymous_2)
FN:23,(anonymous_3)
FN:25,(anonymous_4)
FN:36,(anonymous_5)
FN:91,(anonymous_6)
FN:97,(anonymous_7)
FN:103,(anonymous_8)
FN:130,(anonymous_9)
FNF:10
FNH:9
FNDA:9,Dashboard
FNDA:5,(anonymous_1)
FNDA:5,(anonymous_2)
FNDA:2,(anonymous_3)
FNDA:2,(anonymous_4)
FNDA:0,(anonymous_5)
FNDA:1,(anonymous_6)
FNDA:1,(anonymous_7)
FNDA:1,(anonymous_8)
FNDA:1,(anonymous_9)
DA:8,9
DA:9,9
DA:11,9
DA:12,5
DA:15,9
DA:16,5
DA:17,5
DA:22,4
DA:23,4
DA:24,2
DA:25,2
DA:26,2
DA:36,4
DA:37,0
DA:38,0
DA:39,0
DA:42,4
DA:43,4
DA:45,1
DA:46,1
DA:50,9
DA:51,5
DA:59,4
DA:91,1
DA:97,1
DA:103,1
DA:131,1
LF:27
LH:24
BRDA:24,0,0,2
BRDA:24,0,1,0
BRDA:24,1,0,2
BRDA:24,1,1,2
BRDA:37,2,0,0
BRDA:37,2,1,0
BRDA:38,3,0,0
BRDA:38,3,1,0
BRDA:50,4,0,5
BRDA:50,4,1,4
BRDA:103,5,0,1
BRDA:103,5,1,1
BRDA:112,6,0,3
BRDA:112,6,1,1
BRDA:131,7,0,1
BRDA:131,7,1,0
BRDA:136,8,0,0
BRDA:136,8,1,1
BRDA:137,9,0,0
BRDA:137,9,1,1
BRDA:138,10,0,0
BRDA:138,10,1,1
BRDA:139,11,0,0
BRDA:139,11,1,1
BRDA:142,12,0,1
BRDA:142,12,1,0
BRDA:146,13,0,0
BRDA:146,13,1,1
BRDA:149,14,0,0
BRDA:149,14,1,1
BRDA:152,15,0,0
BRDA:152,15,1,1
BRDA:155,16,0,1
BRDA:155,16,1,0
BRF:34
BRH:19
end_of_record
TN:
SF:src\components\Inventory.jsx
FN:7,Inventory
FN:20,(anonymous_1)
FN:25,(anonymous_2)
FN:37,(anonymous_3)
FN:53,(anonymous_4)
FN:59,(anonymous_5)
FN:68,(anonymous_6)
FN:77,(anonymous_7)
FN:99,(anonymous_8)
FN:100,(anonymous_9)
FN:101,(anonymous_10)
FN:102,(anonymous_11)
FN:103,(anonymous_12)
FN:106,(anonymous_13)
FN:111,(anonymous_14)
FN:139,(anonymous_15)
FN:171,(anonymous_16)
FN:175,(anonymous_17)
FN:202,(anonymous_18)
FN:212,(anonymous_19)
FN:216,(anonymous_20)
FN:227,(anonymous_21)
FN:237,(anonymous_22)
FN:259,(anonymous_23)
FN:294,(anonymous_24)
FN:300,(anonymous_25)
FN:319,(anonymous_26)
FN:346,(anonymous_27)
FN:366,(anonymous_28)
FN:370,(anonymous_29)
FN:382,(anonymous_30)
FN:386,(anonymous_31)
FN:398,ItemModal
FN:414,(anonymous_33)
FN:466,(anonymous_34)
FN:478,(anonymous_35)
FN:491,(anonymous_36)
FN:504,(anonymous_37)
FN:508,(anonymous_38)
FN:519,(anonymous_39)
FN:522,(anonymous_40)
FN:537,(anonymous_41)
FN:552,(anonymous_42)
FN:565,(anonymous_43)
FN:569,(anonymous_44)
FN:580,(anonymous_45)
FN:614,StockAdjustModal
FN:623,(anonymous_47)
FN:675,(anonymous_48)
FN:685,(anonymous_49)
FN:702,(anonymous_50)
FN:718,(anonymous_51)
FNF:52
FNH:4
FNDA:2,Inventory
FNDA:2,(anonymous_1)
FNDA:2,(anonymous_2)
FNDA:2,(anonymous_3)
FNDA:0,(anonymous_4)
FNDA:0,(anonymous_5)
FNDA:0,(anonymous_6)
FNDA:0,(anonymous_7)
FNDA:0,(anonymous_8)
FNDA:0,(anonymous_9)
FNDA:0,(anonymous_10)
FNDA:0,(anonymous_11)
FNDA:0,(anonymous_12)
FNDA:0,(anonymous_13)
FNDA:0,(anonymous_14)
FNDA:0,(anonymous_15)
FNDA:0,(anonymous_16)
FNDA:0,(anonymous_17)
FNDA:0,(anonymous_18)
FNDA:0,(anonymous_19)
FNDA:0,(anonymous_20)
FNDA:0,(anonymous_21)
FNDA:0,(anonymous_22)
FNDA:0,(anonymous_23)
FNDA:0,(anonymous_24)
FNDA:0,(anonymous_25)
FNDA:0,(anonymous_26)
FNDA:0,(anonymous_27)
FNDA:0,(anonymous_28)
FNDA:0,(anonymous_29)
FNDA:0,(anonymous_30)
FNDA:0,(anonymous_31)
FNDA:0,ItemModal
FNDA:0,(anonymous_33)
FNDA:0,(anonymous_34)
FNDA:0,(anonymous_35)
FNDA:0,(anonymous_36)
FNDA:0,(anonymous_37)
FNDA:0,(anonymous_38)
FNDA:0,(anonymous_39)
FNDA:0,(anonymous_40)
FNDA:0,(anonymous_41)
FNDA:0,(anonymous_42)
FNDA:0,(anonymous_43)
FNDA:0,(anonymous_44)
FNDA:0,(anonymous_45)
FNDA:0,StockAdjustModal
FNDA:0,(anonymous_47)
FNDA:0,(anonymous_48)
FNDA:0,(anonymous_49)
FNDA:0,(anonymous_50)
FNDA:0,(anonymous_51)
DA:8,2
DA:9,2
DA:10,2
DA:11,2
DA:12,2
DA:13,2
DA:14,2
DA:15,2
DA:16,2
DA:18,2
DA:20,2
DA:21,2
DA:22,2
DA:25,2
DA:26,2
DA:27,2
DA:28,2
DA:31,0
DA:33,0
DA:37,2
DA:38,2
DA:39,2
DA:40,2
DA:41,2
DA:44,0
DA:46,0
DA:47,0
DA:49,0
DA:53,2
DA:54,0
DA:55,0
DA:56,0
DA:59,2
DA:60,0
DA:65,0
DA:68,2
DA:69,0
DA:74,0
DA:77,2
DA:79,0
DA:80,0
DA:83,0
DA:84,0
DA:87,0
DA:88,0
DA:90,0
DA:91,0
DA:93,0
DA:97,2
DA:99,0
DA:100,0
DA:101,0
DA:102,0
DA:103,0
DA:106,2
DA:107,0
DA:108,0
DA:111,2
DA:112,0
DA:113,0
DA:116,2
DA:117,2
DA:125,0
DA:140,0
DA:150,0
DA:171,0
DA:175,0
DA:202,0
DA:212,0
DA:217,0
DA:227,0
DA:238,0
DA:239,0
DA:240,0
DA:260,0
DA:270,0
DA:295,0
DA:296,0
DA:300,0
DA:319,0
DA:346,0
DA:367,0
DA:368,0
DA:371,0
DA:372,0
DA:373,0
DA:383,0
DA:384,0
DA:387,0
DA:388,0
DA:389,0
DA:399,0
DA:411,0
DA:412,0
DA:414,0
DA:415,0
DA:416,0
DA:417,0
DA:420,0
DA:421,0
DA:422,0
DA:423,0
DA:426,0
DA:428,0
DA:431,0
DA:433,0
DA:435,0
DA:436,0
DA:440,0
DA:466,0
DA:478,0
DA:491,0
DA:504,0
DA:509,0
DA:519,0
DA:523,0
DA:537,0
DA:552,0
DA:565,0
DA:570,0
DA:580,0
DA:615,0
DA:616,0
DA:617,0
DA:619,0
DA:623,0
DA:624,0
DA:625,0
DA:626,0
DA:629,0
DA:630,0
DA:631,0
DA:638,0
DA:639,0
DA:641,0
DA:642,0
DA:646,0
DA:675,0
DA:685,0
DA:702,0
DA:718,0
LF:141
LH:31
BRDA:31,0,0,0
BRDA:31,0,1,0
BRDA:54,1,0,0
BRDA:54,1,1,0
BRDA:55,2,0,0
BRDA:55,2,1,0
BRDA:55,3,0,0
BRDA:55,3,1,0
BRDA:65,4,0,0
BRDA:65,4,1,0
BRDA:74,5,0,0
BRDA:74,5,1,0
BRDA:79,6,0,0
BRDA:79,6,1,0
BRDA:79,7,0,0
BRDA:79,7,1,0
BRDA:83,8,0,0
BRDA:83,8,1,0
BRDA:83,9,0,0
BRDA:83,9,1,0
BRDA:87,10,0,0
BRDA:87,10,1,0
BRDA:87,11,0,0
BRDA:87,11,1,0
BRDA:90,12,0,0
BRDA:90,12,1,0
BRDA:90,13,0,0
BRDA:90,13,1,0
BRDA:103,14,0,0
BRDA:103,14,1,0
BRDA:116,15,0,2
BRDA:116,15,1,0
BRDA:252,16,0,0
BRDA:252,16,1,0
BRDA:255,17,0,0
BRDA:255,17,1,0
BRDA:257,18,0,0
BRDA:257,18,1,0
BRDA:306,19,0,0
BRDA:306,19,1,0
BRDA:308,20,0,0
BRDA:308,20,1,0
BRDA:327,21,0,0
BRDA:327,21,1,0
BRDA:334,22,0,0
BRDA:334,22,1,0
BRDA:337,23,0,0
BRDA:337,23,1,0
BRDA:362,24,0,0
BRDA:362,24,1,0
BRDA:362,24,2,0
BRDA:379,25,0,0
BRDA:379,25,1,0
BRDA:379,25,2,0
BRDA:400,26,0,0
BRDA:400,26,1,0
BRDA:401,27,0,0
BRDA:401,27,1,0
BRDA:402,28,0,0
BRDA:402,28,1,0
BRDA:403,29,0,0
BRDA:403,29,1,0
BRDA:404,30,0,0
BRDA:404,30,1,0
BRDA:405,31,0,0
BRDA:405,31,1,0
BRDA:406,32,0,0
BRDA:406,32,1,0
BRDA:407,33,0,0
BRDA:407,33,1,0
BRDA:408,34,0,0
BRDA:408,34,1,0
BRDA:415,35,0,0
BRDA:415,35,1,0
BRDA:422,36,0,0
BRDA:422,36,1,0
BRDA:446,37,0,0
BRDA:446,37,1,0
BRDA:537,38,0,0
BRDA:537,38,1,0
BRDA:552,39,0,0
BRDA:552,39,1,0
BRDA:605,40,0,0
BRDA:605,40,1,0
BRDA:619,41,0,0
BRDA:619,41,1,0
BRDA:624,42,0,0
BRDA:624,42,1,0
BRDA:633,43,0,0
BRDA:633,43,1,0
BRDA:638,44,0,0
BRDA:638,44,1,0
BRDA:695,45,0,0
BRDA:695,45,1,0
BRDA:702,46,0,0
BRDA:702,46,1,0
BRDA:726,47,0,0
BRDA:726,47,1,0
BRDA:733,48,0,0
BRDA:733,48,1,0
BRDA:738,49,0,0
BRDA:738,49,1,0
BRDA:740,50,0,0
BRDA:740,50,1,0
BRDA:757,51,0,0
BRDA:757,51,1,0
BRDA:762,52,0,0
BRDA:762,52,1,0
BRF:108
BRH:1
end_of_record
TN:
SF:src\components\Login.jsx
FN:5,Login
FN:24,(anonymous_1)
FN:73,(anonymous_2)
FN:126,(anonymous_3)
FN:140,(anonymous_4)
FN:145,(anonymous_5)
FN:201,(anonymous_6)
FN:208,(anonymous_7)
FN:223,(anonymous_8)
FN:230,(anonymous_9)
FN:236,(anonymous_10)
FN:257,(anonymous_11)
FN:264,(anonymous_12)
FN:275,(anonymous_13)
FN:295,(anonymous_14)
FN:302,(anonymous_15)
FN:309,(anonymous_16)
FN:316,(anonymous_17)
FNF:18
FNH:18
FNDA:706,Login
FNDA:7,(anonymous_1)
FNDA:8,(anonymous_2)
FNDA:78,(anonymous_3)
FNDA:78,(anonymous_4)
FNDA:4,(anonymous_5)
FNDA:20,(anonymous_6)
FNDA:55,(anonymous_7)
FNDA:17,(anonymous_8)
FNDA:36,(anonymous_9)
FNDA:43,(anonymous_10)
FNDA:77,(anonymous_11)
FNDA:76,(anonymous_12)
FNDA:12,(anonymous_13)
FNDA:42,(anonymous_14)
FNDA:91,(anonymous_15)
FNDA:62,(anonymous_16)
FNDA:63,(anonymous_17)
DA:6,706
DA:7,706
DA:8,706
DA:11,706
DA:12,706
DA:13,706
DA:14,706
DA:17,706
DA:18,706
DA:19,706
DA:20,706
DA:21,706
DA:22,706
DA:24,706
DA:25,7
DA:26,7
DA:27,1
DA:28,1
DA:29,1
DA:32,6
DA:34,3
DA:35,1
DA:42,2
DA:43,1
DA:48,1
DA:50,3
DA:52,1
DA:53,2
DA:55,1
DA:56,1
DA:57,1
DA:59,1
DA:62,0
DA:64,6
DA:73,706
DA:75,8
DA:76,1
DA:77,1
DA:80,7
DA:81,1
DA:82,1
DA:85,6
DA:86,1
DA:87,1
DA:90,5
DA:91,1
DA:92,1
DA:95,4
DA:96,4
DA:102,2
DA:105,2
DA:106,2
DA:107,2
DA:108,2
DA:109,2
DA:112,2
DA:113,1
DA:116,2
DA:117,1
DA:119,1
DA:120,1
DA:122,2
DA:126,706
DA:128,78
DA:131,78
DA:132,32
DA:133,46
DA:134,22
DA:136,24
DA:140,706
DA:141,78
DA:142,78
DA:145,706
DA:146,4
DA:147,4
DA:155,2
DA:157,2
DA:158,2
DA:159,2
DA:160,2
DA:161,2
DA:162,2
DA:164,2
DA:166,1
DA:169,1
DA:171,1
DA:172,1
DA:177,706
DA:201,20
DA:208,55
DA:223,17
DA:230,36
DA:236,43
DA:257,77
DA:264,76
DA:275,12
DA:295,42
DA:302,91
DA:309,62
DA:316,63
LF:100
LH:99
BRDA:32,0,0,3
BRDA:32,0,1,3
BRDA:34,1,0,1
BRDA:34,1,1,2
BRDA:34,2,0,3
BRDA:34,2,1,2
BRDA:42,3,0,1
BRDA:42,3,1,1
BRDA:50,4,0,1
BRDA:50,4,1,2
BRDA:53,5,0,1
BRDA:53,5,1,1
BRDA:55,6,0,1
BRDA:55,6,1,0
BRDA:57,7,0,1
BRDA:57,7,1,0
BRDA:62,8,0,0
BRDA:62,8,1,0
BRDA:75,9,0,1
BRDA:75,9,1,7
BRDA:75,10,0,8
BRDA:75,10,1,7
BRDA:75,10,2,7
BRDA:80,11,0,1
BRDA:80,11,1,6
BRDA:85,12,0,1
BRDA:85,12,1,5
BRDA:90,13,0,1
BRDA:90,13,1,4
BRDA:112,14,0,1
BRDA:112,14,1,1
BRDA:116,15,0,1
BRDA:116,15,1,1
BRDA:119,16,0,1
BRDA:119,16,1,0
BRDA:131,17,0,32
BRDA:131,17,1,46
BRDA:133,18,0,22
BRDA:133,18,1,24
BRDA:164,19,0,1
BRDA:164,19,1,1
BRDA:171,20,0,1
BRDA:171,20,1,0
BRDA:278,21,0,268
BRDA:278,21,1,438
BRDA:284,22,0,706
BRDA:284,22,1,268
BRF:47
BRH:41
end_of_record
TN:
SF:src\components\ProjectDetails.jsx
FN:7,ProjectDetails
FN:18,(anonymous_1)
FN:46,(anonymous_2)
FN:48,(anonymous_3)
FN:54,(anonymous_4)
FN:68,(anonymous_5)
FN:83,(anonymous_6)
FN:87,(anonymous_7)
FN:105,(anonymous_8)
FN:123,(anonymous_9)
FN:141,(anonymous_10)
FN:156,(anonymous_11)
FN:178,(anonymous_12)
FN:192,(anonymous_13)
FN:222,(anonymous_14)
FN:240,(anonymous_15)
FN:311,(anonymous_16)
FN:327,(anonymous_17)
FN:341,(anonymous_18)
FN:373,(anonymous_19)
FN:379,(anonymous_20)
FN:394,(anonymous_21)
FN:409,(anonymous_22)
FN:417,(anonymous_23)
FN:425,(anonymous_24)
FNF:25
FNH:12
FNDA:33,ProjectDetails
FNDA:11,(anonymous_1)
FNDA:7,(anonymous_2)
FNDA:7,(anonymous_3)
FNDA:1,(anonymous_4)
FNDA:0,(anonymous_5)
FNDA:9,(anonymous_6)
FNDA:1,(anonymous_7)
FNDA:0,(anonymous_8)
FNDA:0,(anonymous_9)
FNDA:0,(anonymous_10)
FNDA:1,(anonymous_11)
FNDA:0,(anonymous_12)
FNDA:0,(anonymous_13)
FNDA:0,(anonymous_14)
FNDA:0,(anonymous_15)
FNDA:4,(anonymous_16)
FNDA:0,(anonymous_17)
FNDA:0,(anonymous_18)
FNDA:0,(anonymous_19)
FNDA:0,(anonymous_20)
FNDA:0,(anonymous_21)
FNDA:6,(anonymous_22)
FNDA:3,(anonymous_23)
FNDA:3,(anonymous_24)
DA:8,33
DA:9,33
DA:10,33
DA:11,33
DA:12,33
DA:13,33
DA:14,33
DA:15,33
DA:16,33
DA:18,33
DA:19,11
DA:20,11
DA:21,11
DA:22,11
DA:23,11
DA:24,1
DA:25,1
DA:29,10
DA:30,10
DA:32,10
DA:36,8
DA:39,8
DA:40,1
DA:41,1
DA:45,7
DA:46,7
DA:48,7
DA:50,7
DA:53,7
DA:54,1
DA:55,1
DA:57,6
DA:60,1
DA:61,1
DA:62,0
DA:63,0
DA:64,0
DA:65,1
DA:66,0
DA:67,0
DA:68,0
DA:69,0
DA:71,0
DA:73,1
DA:74,0
DA:76,1
DA:79,10
DA:83,33
DA:84,9
DA:87,33
DA:88,1
DA:89,0
DA:90,0
DA:92,1
DA:93,1
DA:97,1
DA:98,1
DA:100,0
DA:101,0
DA:105,33
DA:106,0
DA:107,0
DA:108,0
DA:110,0
DA:111,0
DA:115,0
DA:116,0
DA:118,0
DA:119,0
DA:123,33
DA:124,0
DA:125,0
DA:126,0
DA:128,0
DA:129,0
DA:133,0
DA:134,0
DA:136,0
DA:137,0
DA:141,33
DA:142,0
DA:143,0
DA:144,0
DA:148,0
DA:150,0
DA:151,0
DA:156,33
DA:157,1
DA:158,0
DA:159,0
DA:161,1
DA:162,1
DA:170,1
DA:171,1
DA:173,0
DA:174,0
DA:178,33
DA:179,0
DA:180,0
DA:181,0
DA:184,0
DA:186,0
DA:187,0
DA:192,33
DA:193,0
DA:194,0
DA:195,0
DA:196,0
DA:198,0
DA:199,0
DA:204,33
DA:205,9
DA:213,24
DA:214,4
DA:222,0
DA:231,20
DA:232,0
DA:240,0
DA:249,20
DA:311,4
DA:327,0
DA:341,0
DA:374,0
DA:379,0
DA:394,0
DA:409,6
DA:417,3
DA:425,3
LF:128
LH:67
BRDA:23,0,0,1
BRDA:23,0,1,10
BRDA:39,1,0,1
BRDA:39,1,1,7
BRDA:39,2,0,8
BRDA:39,2,1,7
BRDA:50,3,0,7
BRDA:50,3,1,1
BRDA:53,4,0,1
BRDA:53,4,1,6
BRDA:61,5,0,0
BRDA:61,5,1,1
BRDA:65,6,0,0
BRDA:65,6,1,1
BRDA:67,7,0,0
BRDA:67,7,1,0
BRDA:73,8,0,0
BRDA:73,8,1,1
BRDA:76,9,0,1
BRDA:76,9,1,1
BRDA:76,9,2,1
BRDA:88,10,0,0
BRDA:88,10,1,1
BRDA:88,11,0,1
BRDA:88,11,1,1
BRDA:101,12,0,0
BRDA:101,12,1,0
BRDA:106,13,0,0
BRDA:106,13,1,0
BRDA:106,14,0,0
BRDA:106,14,1,0
BRDA:119,15,0,0
BRDA:119,15,1,0
BRDA:124,16,0,0
BRDA:124,16,1,0
BRDA:137,17,0,0
BRDA:137,17,1,0
BRDA:142,18,0,0
BRDA:142,18,1,0
BRDA:151,19,0,0
BRDA:151,19,1,0
BRDA:157,20,0,0
BRDA:157,20,1,1
BRDA:157,21,0,1
BRDA:157,21,1,1
BRDA:157,21,2,1
BRDA:174,22,0,0
BRDA:174,22,1,0
BRDA:179,23,0,0
BRDA:179,23,1,0
BRDA:187,24,0,0
BRDA:187,24,1,0
BRDA:193,25,0,0
BRDA:193,25,1,0
BRDA:204,26,0,9
BRDA:204,26,1,24
BRDA:213,27,0,4
BRDA:213,27,1,20
BRDA:231,28,0,0
BRDA:231,28,1,20
BRDA:265,29,0,20
BRDA:265,29,1,0
BRDA:271,30,0,0
BRDA:271,30,1,20
BRDA:272,31,0,0
BRDA:272,31,1,20
BRDA:273,32,0,0
BRDA:273,32,1,20
BRDA:274,33,0,0
BRDA:274,33,1,20
BRDA:277,34,0,20
BRDA:277,34,1,0
BRDA:283,35,0,0
BRDA:283,35,1,20
BRDA:287,36,0,0
BRDA:287,36,1,20
BRDA:292,37,0,0
BRDA:292,37,1,20
BRDA:355,38,0,0
BRDA:355,38,1,20
BRDA:372,39,0,0
BRDA:372,39,1,20
BRDA:372,40,0,20
BRDA:372,40,1,20
BRDA:389,41,0,20
BRDA:389,41,1,20
BRDA:389,41,2,0
BRDA:394,42,0,0
BRDA:394,42,1,0
BRF:89
BRH:43
end_of_record
TN:
SF:src\components\PurchaseOrders.jsx
FN:8,(anonymous_0)
FN:20,(anonymous_1)
FN:32,PurchaseOrders
FN:41,(anonymous_3)
FN:45,(anonymous_4)
FN:66,(anonymous_5)
FN:75,(anonymous_6)
FN:76,(anonymous_7)
FN:77,(anonymous_8)
FN:78,(anonymous_9)
FN:79,(anonymous_10)
FN:145,(anonymous_11)
FN:149,(anonymous_12)
FN:155,(anonymous_13)
FN:190,(anonymous_14)
FN:194,(anonymous_15)
FN:217,(anonymous_16)
FN:234,(anonymous_17)
FN:238,(anonymous_18)
FN:250,PODetailModal
FN:275,(anonymous_20)
FN:288,(anonymous_21)
FN:316,(anonymous_22)
FN:336,(anonymous_23)
FN:344,(anonymous_24)
FN:345,(anonymous_25)
FN:392,(anonymous_26)
FN:483,(anonymous_27)
FN:504,(anonymous_28)
FN:517,(anonymous_29)
FN:531,(anonymous_30)
FN:539,(anonymous_31)
FN:547,(anonymous_32)
FN:555,(anonymous_33)
FN:563,(anonymous_34)
FN:592,(anonymous_35)
FN:634,(anonymous_36)
FNF:37
FNH:3
FNDA:0,(anonymous_0)
FNDA:0,(anonymous_1)
FNDA:2,PurchaseOrders
FNDA:2,(anonymous_3)
FNDA:2,(anonymous_4)
FNDA:0,(anonymous_5)
FNDA:0,(anonymous_6)
FNDA:0,(anonymous_7)
FNDA:0,(anonymous_8)
FNDA:0,(anonymous_9)
FNDA:0,(anonymous_10)
FNDA:0,(anonymous_11)
FNDA:0,(anonymous_12)
FNDA:0,(anonymous_13)
FNDA:0,(anonymous_14)
FNDA:0,(anonymous_15)
FNDA:0,(anonymous_16)
FNDA:0,(anonymous_17)
FNDA:0,(anonymous_18)
FNDA:0,PODetailModal
FNDA:0,(anonymous_20)
FNDA:0,(anonymous_21)
FNDA:0,(anonymous_22)
FNDA:0,(anonymous_23)
FNDA:0,(anonymous_24)
FNDA:0,(anonymous_25)
FNDA:0,(anonymous_26)
FNDA:0,(anonymous_27)
FNDA:0,(anonymous_28)
FNDA:0,(anonymous_29)
FNDA:0,(anonymous_30)
FNDA:0,(anonymous_31)
FNDA:0,(anonymous_32)
FNDA:0,(anonymous_33)
FNDA:0,(anonymous_34)
FNDA:0,(anonymous_35)
FNDA:0,(anonymous_36)
DA:8,1
DA:9,0
DA:17,0
DA:20,1
DA:21,0
DA:29,0
DA:33,2
DA:34,2
DA:35,2
DA:36,2
DA:37,2
DA:39,2
DA:41,2
DA:42,2
DA:45,2
DA:46,2
DA:47,2
DA:48,2
DA:49,2
DA:50,2
DA:52,2
DA:57,0
DA:59,0
DA:60,0
DA:62,0
DA:66,2
DA:67,0
DA:68,0
DA:69,0
DA:73,2
DA:75,0
DA:76,0
DA:77,0
DA:78,0
DA:79,0
DA:82,2
DA:83,2
DA:91,0
DA:145,0
DA:150,0
DA:155,0
DA:191,0
DA:194,0
DA:217,0
DA:235,0
DA:236,0
DA:239,0
DA:240,0
DA:241,0
DA:251,0
DA:254,0
DA:255,0
DA:271,0
DA:272,0
DA:275,0
DA:276,0
DA:277,0
DA:278,0
DA:280,0
DA:284,0
DA:285,0
DA:286,0
DA:288,0
DA:289,0
DA:290,0
DA:291,0
DA:294,0
DA:295,0
DA:296,0
DA:298,0
DA:299,0
DA:300,0
DA:303,0
DA:307,0
DA:308,0
DA:309,0
DA:311,0
DA:312,0
DA:316,0
DA:317,0
DA:318,0
DA:319,0
DA:328,0
DA:329,0
DA:331,0
DA:332,0
DA:336,0
DA:337,0
DA:338,0
DA:339,0
DA:340,0
DA:341,0
DA:344,0
DA:345,0
DA:346,0
DA:347,0
DA:348,0
DA:350,0
DA:354,0
DA:392,0
DA:440,0
DA:483,0
DA:504,0
DA:517,0
DA:531,0
DA:539,0
DA:547,0
DA:555,0
DA:564,0
DA:565,0
DA:593,0
DA:634,0
LF:112
LH:21
BRDA:17,0,0,0
BRDA:17,0,1,0
BRDA:29,1,0,0
BRDA:29,1,1,0
BRDA:50,2,0,0
BRDA:50,2,1,2
BRDA:76,3,0,0
BRDA:76,3,1,0
BRDA:79,4,0,0
BRDA:79,4,1,0
BRDA:82,5,0,2
BRDA:82,5,1,0
BRDA:153,6,0,0
BRDA:153,6,1,0
BRDA:166,7,0,0
BRDA:166,7,1,0
BRDA:200,8,0,0
BRDA:200,8,1,0
BRDA:210,9,0,0
BRDA:210,9,1,0
BRDA:231,10,0,0
BRDA:231,10,1,0
BRDA:231,10,2,0
BRDA:254,11,0,0
BRDA:254,11,1,0
BRDA:254,12,0,0
BRDA:254,12,1,0
BRDA:254,12,2,0
BRDA:271,13,0,0
BRDA:271,13,1,0
BRDA:272,14,0,0
BRDA:272,14,1,0
BRDA:276,15,0,0
BRDA:276,15,1,0
BRDA:294,16,0,0
BRDA:294,16,1,0
BRDA:294,17,0,0
BRDA:294,17,1,0
BRDA:298,18,0,0
BRDA:298,18,1,0
BRDA:298,19,0,0
BRDA:298,19,1,0
BRDA:321,20,0,0
BRDA:321,20,1,0
BRDA:322,21,0,0
BRDA:322,21,1,0
BRDA:323,22,0,0
BRDA:323,22,1,0
BRDA:346,23,0,0
BRDA:346,23,1,0
BRDA:374,24,0,0
BRDA:374,24,1,0
BRDA:376,25,0,0
BRDA:376,25,1,0
BRDA:377,26,0,0
BRDA:377,26,1,0
BRDA:394,27,0,0
BRDA:394,27,1,0
BRDA:395,28,0,0
BRDA:395,28,1,0
BRDA:396,29,0,0
BRDA:396,29,1,0
BRDA:397,30,0,0
BRDA:397,30,1,0
BRDA:398,31,0,0
BRDA:398,31,1,0
BRDA:399,32,0,0
BRDA:399,32,1,0
BRDA:406,33,0,0
BRDA:406,33,1,0
BRDA:410,34,0,0
BRDA:410,34,1,0
BRDA:412,35,0,0
BRDA:412,35,1,0
BRDA:412,36,0,0
BRDA:412,36,1,0
BRDA:415,37,0,0
BRDA:415,37,1,0
BRDA:420,38,0,0
BRDA:420,38,1,0
BRDA:425,39,0,0
BRDA:425,39,1,0
BRDA:448,40,0,0
BRDA:448,40,1,0
BRDA:448,41,0,0
BRDA:448,41,1,0
BRDA:467,42,0,0
BRDA:467,42,1,0
BRDA:473,43,0,0
BRDA:473,43,1,0
BRDA:496,44,0,0
BRDA:496,44,1,0
BRDA:496,45,0,0
BRDA:496,45,1,0
BRDA:509,46,0,0
BRDA:509,46,1,0
BRDA:529,47,0,0
BRDA:529,47,1,0
BRDA:537,48,0,0
BRDA:537,48,1,0
BRDA:545,49,0,0
BRDA:545,49,1,0
BRDA:545,49,2,0
BRDA:553,50,0,0
BRDA:553,50,1,0
BRDA:561,51,0,0
BRDA:561,51,1,0
BRDA:561,51,2,0
BRDA:564,52,0,0
BRDA:564,52,1,0
BRDA:594,53,0,0
BRDA:594,53,1,0
BRDA:595,54,0,0
BRDA:595,54,1,0
BRDA:596,55,0,0
BRDA:596,55,1,0
BRDA:597,56,0,0
BRDA:597,56,1,0
BRDA:598,57,0,0
BRDA:598,57,1,0
BRDA:599,58,0,0
BRDA:599,58,1,0
BRDA:606,59,0,0
BRDA:606,59,1,0
BRDA:610,60,0,0
BRDA:610,60,1,0
BRDA:612,61,0,0
BRDA:612,61,1,0
BRDA:612,62,0,0
BRDA:612,62,1,0
BRDA:615,63,0,0
BRDA:615,63,1,0
BRDA:620,64,0,0
BRDA:620,64,1,0
BRF:134
BRH:2
end_of_record
TN:
SF:src\components\QuickReorder.jsx
FN:5,QuickReorder
FN:11,(anonymous_1)
FN:16,(anonymous_2)
FN:29,(anonymous_3)
FN:41,(anonymous_4)
FN:42,(anonymous_5)
FN:44,(anonymous_6)
FN:58,(anonymous_7)
FN:59,(anonymous_8)
FN:62,(anonymous_9)
FN:67,(anonymous_10)
FN:72,(anonymous_11)
FN:80,(anonymous_12)
FN:95,(anonymous_13)
FN:101,(anonymous_14)
FN:121,(anonymous_15)
FN:143,(anonymous_16)
FN:148,(anonymous_17)
FN:158,(anonymous_18)
FN:182,(anonymous_19)
FN:197,(anonymous_20)
FN:216,(anonymous_21)
FN:217,(anonymous_22)
FN:233,(anonymous_23)
FNF:24
FNH:4
FNDA:2,QuickReorder
FNDA:2,(anonymous_1)
FNDA:2,(anonymous_2)
FNDA:2,(anonymous_3)
FNDA:0,(anonymous_4)
FNDA:0,(anonymous_5)
FNDA:0,(anonymous_6)
FNDA:0,(anonymous_7)
FNDA:0,(anonymous_8)
FNDA:0,(anonymous_9)
FNDA:0,(anonymous_10)
FNDA:0,(anonymous_11)
FNDA:0,(anonymous_12)
FNDA:0,(anonymous_13)
FNDA:0,(anonymous_14)
FNDA:0,(anonymous_15)
FNDA:0,(anonymous_16)
FNDA:0,(anonymous_17)
FNDA:0,(anonymous_18)
FNDA:0,(anonymous_19)
FNDA:0,(anonymous_20)
FNDA:0,(anonymous_21)
FNDA:0,(anonymous_22)
FNDA:0,(anonymous_23)
DA:6,2
DA:7,2
DA:8,2
DA:9,2
DA:11,2
DA:12,2
DA:13,2
DA:16,2
DA:17,2
DA:18,2
DA:19,2
DA:23,0
DA:25,0
DA:29,2
DA:30,2
DA:31,2
DA:32,2
DA:35,0
DA:37,0
DA:41,2
DA:42,0
DA:43,0
DA:44,0
DA:45,0
DA:50,0
DA:58,2
DA:59,0
DA:62,2
DA:63,0
DA:64,0
DA:65,0
DA:67,0
DA:68,0
DA:72,2
DA:73,0
DA:74,0
DA:75,0
DA:79,0
DA:80,0
DA:81,0
DA:82,0
DA:83,0
DA:88,0
DA:91,0
DA:92,0
DA:95,2
DA:97,2
DA:101,0
DA:121,0
DA:144,0
DA:148,0
DA:158,0
DA:183,0
DA:197,0
DA:217,0
DA:218,0
DA:233,0
LF:57
LH:21
BRDA:43,0,0,0
BRDA:43,0,1,0
BRDA:45,1,0,0
BRDA:45,1,1,0
BRDA:46,2,0,0
BRDA:46,2,1,0
BRDA:52,3,0,0
BRDA:52,3,1,0
BRDA:63,4,0,0
BRDA:63,4,1,0
BRDA:68,5,0,0
BRDA:68,5,1,0
BRDA:73,6,0,0
BRDA:73,6,1,0
BRDA:81,7,0,0
BRDA:81,7,1,0
BRDA:82,8,0,0
BRDA:82,8,1,0
BRDA:98,9,0,2
BRDA:98,9,1,0
BRDA:104,10,0,2
BRDA:104,10,1,0
BRDA:107,11,0,2
BRDA:107,11,1,2
BRDA:116,12,0,2
BRDA:116,12,1,0
BRDA:139,13,0,2
BRDA:139,13,1,0
BRDA:158,14,0,0
BRDA:158,14,1,0
BRDA:164,15,0,0
BRDA:164,15,1,0
BRDA:176,16,0,2
BRDA:176,16,1,0
BRDA:190,17,0,0
BRDA:190,17,1,0
BRDA:212,18,0,2
BRDA:212,18,1,0
BRDA:226,19,0,0
BRDA:226,19,1,0
BRDA:236,20,0,0
BRDA:236,20,1,0
BRDA:241,21,0,0
BRDA:241,21,1,0
BRF:44
BRH:8
end_of_record
TN:
SF:src\components\Suppliers.jsx
FN:8,Suppliers
FN:23,(anonymous_1)
FN:24,(anonymous_2)
FN:28,(anonymous_3)
FN:31,(anonymous_4)
FN:55,(anonymous_5)
FN:70,(anonymous_6)
FN:85,(anonymous_7)
FN:113,(anonymous_8)
FN:159,(anonymous_9)
FN:167,(anonymous_10)
FN:171,(anonymous_11)
FN:181,(anonymous_12)
FN:189,(anonymous_13)
FN:224,(anonymous_14)
FN:228,(anonymous_15)
FN:236,(anonymous_16)
FN:257,(anonymous_17)
FN:279,(anonymous_18)
FN:296,(anonymous_19)
FN:309,(anonymous_20)
FN:313,(anonymous_21)
FN:328,SupplierModal
FN:343,(anonymous_23)
FN:383,(anonymous_24)
FN:391,(anonymous_25)
FN:397,(anonymous_26)
FN:416,(anonymous_27)
FN:425,(anonymous_28)
FN:437,(anonymous_29)
FN:446,(anonymous_30)
FN:457,(anonymous_31)
FN:469,(anonymous_32)
FN:478,(anonymous_33)
FN:489,(anonymous_34)
FN:499,(anonymous_35)
FN:509,(anonymous_36)
FN:520,(anonymous_37)
FN:568,POCreationModal
FN:574,(anonymous_39)
FN:579,(anonymous_40)
FN:586,(anonymous_41)
FN:589,(anonymous_42)
FN:596,(anonymous_43)
FN:597,(anonymous_44)
FN:602,(anonymous_45)
FN:603,(anonymous_46)
FN:606,(anonymous_47)
FN:612,(anonymous_48)
FN:627,(anonymous_49)
FN:656,(anonymous_50)
FN:679,(anonymous_51)
FN:683,(anonymous_52)
FN:708,(anonymous_53)
FN:717,(anonymous_54)
FN:763,(anonymous_55)
FN:789,(anonymous_56)
FN:817,CatalogTab
FN:824,(anonymous_58)
FN:829,(anonymous_59)
FN:855,(anonymous_60)
FN:860,(anonymous_61)
FN:878,(anonymous_62)
FN:890,(anonymous_63)
FN:893,(anonymous_64)
FN:893,(anonymous_65)
FN:896,(anonymous_66)
FN:899,(anonymous_67)
FN:936,(anonymous_68)
FN:944,(anonymous_69)
FN:951,(anonymous_70)
FN:990,(anonymous_71)
FN:1021,(anonymous_72)
FN:1033,(anonymous_73)
FN:1044,(anonymous_74)
FN:1064,(anonymous_75)
FN:1072,(anonymous_76)
FN:1097,(anonymous_77)
FN:1125,(anonymous_78)
FN:1136,(anonymous_79)
FN:1166,(anonymous_80)
FNF:81
FNH:3
FNDA:2,Suppliers
FNDA:2,(anonymous_1)
FNDA:0,(anonymous_2)
FNDA:2,(anonymous_3)
FNDA:0,(anonymous_4)
FNDA:0,(anonymous_5)
FNDA:0,(anonymous_6)
FNDA:0,(anonymous_7)
FNDA:0,(anonymous_8)
FNDA:0,(anonymous_9)
FNDA:0,(anonymous_10)
FNDA:0,(anonymous_11)
FNDA:0,(anonymous_12)
FNDA:0,(anonymous_13)
FNDA:0,(anonymous_14)
FNDA:0,(anonymous_15)
FNDA:0,(anonymous_16)
FNDA:0,(anonymous_17)
FNDA:0,(anonymous_18)
FNDA:0,(anonymous_19)
FNDA:0,(anonymous_20)
FNDA:0,(anonymous_21)
FNDA:0,SupplierModal
FNDA:0,(anonymous_23)
FNDA:0,(anonymous_24)
FNDA:0,(anonymous_25)
FNDA:0,(anonymous_26)
FNDA:0,(anonymous_27)
FNDA:0,(anonymous_28)
FNDA:0,(anonymous_29)
FNDA:0,(anonymous_30)
FNDA:0,(anonymous_31)
FNDA:0,(anonymous_32)
FNDA:0,(anonymous_33)
FNDA:0,(anonymous_34)
FNDA:0,(anonymous_35)
FNDA:0,(anonymous_36)
FNDA:0,(anonymous_37)
FNDA:0,POCreationModal
FNDA:0,(anonymous_39)
FNDA:0,(anonymous_40)
FNDA:0,(anonymous_41)
FNDA:0,(anonymous_42)
FNDA:0,(anonymous_43)
FNDA:0,(anonymous_44)
FNDA:0,(anonymous_45)
FNDA:0,(anonymous_46)
FNDA:0,(anonymous_47)
FNDA:0,(anonymous_48)
FNDA:0,(anonymous_49)
FNDA:0,(anonymous_50)
FNDA:0,(anonymous_51)
FNDA:0,(anonymous_52)
FNDA:0,(anonymous_53)
FNDA:0,(anonymous_54)
FNDA:0,(anonymous_55)
FNDA:0,(anonymous_56)
FNDA:0,CatalogTab
FNDA:0,(anonymous_58)
FNDA:0,(anonymous_59)
FNDA:0,(anonymous_60)
FNDA:0,(anonymous_61)
FNDA:0,(anonymous_62)
FNDA:0,(anonymous_63)
FNDA:0,(anonymous_64)
FNDA:0,(anonymous_65)
FNDA:0,(anonymous_66)
FNDA:0,(anonymous_67)
FNDA:0,(anonymous_68)
FNDA:0,(anonymous_69)
FNDA:0,(anonymous_70)
FNDA:0,(anonymous_71)
FNDA:0,(anonymous_72)
FNDA:0,(anonymous_73)
FNDA:0,(anonymous_74)
FNDA:0,(anonymous_75)
FNDA:0,(anonymous_76)
FNDA:0,(anonymous_77)
FNDA:0,(anonymous_78)
FNDA:0,(anonymous_79)
FNDA:0,(anonymous_80)
DA:9,2
DA:10,2
DA:11,2
DA:12,2
DA:13,2
DA:14,2
DA:15,2
DA:16,2
DA:17,2
DA:18,2
DA:20,2
DA:23,2
DA:24,2
DA:25,0
DA:28,2
DA:31,2
DA:32,0
DA:33,0
DA:34,0
DA:35,0
DA:36,0
DA:37,0
DA:38,0
DA:40,0
DA:45,0
DA:46,0
DA:48,0
DA:49,0
DA:51,0
DA:55,2
DA:56,0
DA:57,0
DA:58,0
DA:63,0
DA:65,0
DA:66,0
DA:70,2
DA:71,0
DA:72,0
DA:73,0
DA:77,0
DA:78,0
DA:80,0
DA:81,0
DA:85,2
DA:86,0
DA:87,0
DA:90,2
DA:91,2
DA:99,0
DA:114,0
DA:115,0
DA:159,0
DA:167,0
DA:172,0
DA:181,0
DA:190,0
DA:191,0
DA:192,0
DA:225,0
DA:228,0
DA:236,0
DA:258,0
DA:279,0
DA:297,0
DA:298,0
DA:299,0
DA:310,0
DA:311,0
DA:314,0
DA:315,0
DA:316,0
DA:329,0
DA:341,0
DA:343,0
DA:344,0
DA:345,0
DA:346,0
DA:347,0
DA:350,0
DA:352,0
DA:355,0
DA:357,0
DA:359,0
DA:360,0
DA:364,0
DA:383,0
DA:391,0
DA:397,0
DA:416,0
DA:425,0
DA:437,0
DA:446,0
DA:457,0
DA:469,0
DA:478,0
DA:489,0
DA:499,0
DA:521,0
DA:569,0
DA:570,0
DA:571,0
DA:572,0
DA:574,0
DA:576,0
DA:577,0
DA:578,0
DA:579,0
DA:586,0
DA:587,0
DA:588,0
DA:589,0
DA:596,0
DA:597,0
DA:598,0
DA:602,0
DA:603,0
DA:606,0
DA:607,0
DA:608,0
DA:609,0
DA:612,0
DA:613,0
DA:614,0
DA:618,0
DA:619,0
DA:620,0
DA:621,0
DA:622,0
DA:623,0
DA:625,0
DA:627,0
DA:644,0
DA:648,0
DA:649,0
DA:651,0
DA:652,0
DA:656,0
DA:658,0
DA:679,0
DA:684,0
DA:709,0
DA:717,0
DA:763,0
DA:789,0
DA:818,0
DA:819,0
DA:820,0
DA:821,0
DA:822,0
DA:824,0
DA:825,0
DA:829,0
DA:830,0
DA:831,0
DA:832,0
DA:835,0
DA:836,0
DA:837,0
DA:839,0
DA:845,0
DA:846,0
DA:847,0
DA:848,0
DA:850,0
DA:851,0
DA:855,0
DA:856,0
DA:858,0
DA:859,0
DA:860,0
DA:861,0
DA:864,0
DA:870,0
DA:871,0
DA:873,0
DA:874,0
DA:878,0
DA:879,0
DA:880,0
DA:882,0
DA:883,0
DA:884,0
DA:887,0
DA:888,0
DA:890,0
DA:891,0
DA:892,0
DA:893,0
DA:896,0
DA:899,0
DA:907,0
DA:908,0
DA:909,0
DA:910,0
DA:913,0
DA:914,0
DA:916,0
DA:922,0
DA:923,0
DA:925,0
DA:926,0
DA:928,0
DA:929,0
DA:933,0
DA:936,0
DA:937,0
DA:938,0
DA:939,0
DA:942,0
DA:944,0
DA:951,0
DA:953,0
DA:954,0
DA:955,0
DA:956,0
DA:957,0
DA:958,0
DA:959,0
DA:962,0
DA:990,0
DA:1021,0
DA:1033,0
DA:1044,0
DA:1064,0
DA:1073,0
DA:1074,0
DA:1097,0
DA:1126,0
DA:1136,0
DA:1166,0
LF:231
LH:20
BRDA:36,0,0,0
BRDA:36,0,1,0
BRDA:37,1,0,0
BRDA:37,1,1,0
BRDA:38,2,0,0
BRDA:38,2,1,0
BRDA:90,3,0,2
BRDA:90,3,1,0
BRDA:109,4,0,0
BRDA:109,4,1,0
BRDA:129,5,0,0
BRDA:129,5,1,0
BRDA:133,6,0,0
BRDA:133,6,1,0
BRDA:138,7,0,0
BRDA:138,7,1,0
BRDA:144,8,0,0
BRDA:144,8,1,0
BRDA:145,9,0,0
BRDA:145,9,1,0
BRDA:204,10,0,0
BRDA:204,10,1,0
BRDA:206,11,0,0
BRDA:206,11,1,0
BRDA:231,12,0,0
BRDA:231,12,1,0
BRDA:243,13,0,0
BRDA:243,13,1,0
BRDA:244,14,0,0
BRDA:244,14,1,0
BRDA:249,15,0,0
BRDA:249,15,1,0
BRDA:262,16,0,0
BRDA:262,16,1,0
BRDA:269,17,0,0
BRDA:269,17,1,0
BRDA:272,18,0,0
BRDA:272,18,1,0
BRDA:275,19,0,0
BRDA:275,19,1,0
BRDA:293,20,0,0
BRDA:293,20,1,0
BRDA:293,20,2,0
BRDA:305,21,0,0
BRDA:305,21,1,0
BRDA:305,21,2,0
BRDA:330,22,0,0
BRDA:330,22,1,0
BRDA:330,22,2,0
BRDA:331,23,0,0
BRDA:331,23,1,0
BRDA:331,23,2,0
BRDA:332,24,0,0
BRDA:332,24,1,0
BRDA:332,24,2,0
BRDA:333,25,0,0
BRDA:333,25,1,0
BRDA:333,25,2,0
BRDA:334,26,0,0
BRDA:334,26,1,0
BRDA:334,26,2,0
BRDA:335,27,0,0
BRDA:335,27,1,0
BRDA:335,27,2,0
BRDA:336,28,0,0
BRDA:336,28,1,0
BRDA:336,28,2,0
BRDA:337,29,0,0
BRDA:337,29,1,0
BRDA:337,29,2,0
BRDA:338,30,0,0
BRDA:338,30,1,0
BRDA:338,30,2,0
BRDA:339,31,0,0
BRDA:339,31,1,0
BRDA:339,31,2,0
BRDA:346,32,0,0
BRDA:346,32,1,0
BRDA:352,33,0,0
BRDA:352,33,1,0
BRDA:370,34,0,0
BRDA:370,34,1,0
BRDA:384,35,0,0
BRDA:384,35,1,0
BRDA:388,36,0,0
BRDA:388,36,1,0
BRDA:392,37,0,0
BRDA:392,37,1,0
BRDA:398,38,0,0
BRDA:398,38,1,0
BRDA:408,39,0,0
BRDA:408,39,1,0
BRDA:469,40,0,0
BRDA:469,40,1,0
BRDA:478,41,0,0
BRDA:478,41,1,0
BRDA:506,42,0,0
BRDA:506,42,1,0
BRDA:506,42,2,0
BRDA:508,43,0,0
BRDA:508,43,1,0
BRDA:515,44,0,0
BRDA:515,44,1,0
BRDA:515,44,2,0
BRDA:518,45,0,0
BRDA:518,45,1,0
BRDA:525,46,0,0
BRDA:525,46,1,0
BRDA:526,47,0,0
BRDA:526,47,1,0
BRDA:559,48,0,0
BRDA:559,48,1,0
BRDA:577,49,0,0
BRDA:577,49,1,0
BRDA:577,50,0,0
BRDA:577,50,1,0
BRDA:588,51,0,0
BRDA:588,51,1,0
BRDA:598,52,0,0
BRDA:598,52,1,0
BRDA:598,53,0,0
BRDA:598,53,1,0
BRDA:607,54,0,0
BRDA:607,54,1,0
BRDA:612,55,0,0
BRDA:612,55,1,0
BRDA:613,56,0,0
BRDA:613,56,1,0
BRDA:628,57,0,0
BRDA:628,57,1,0
BRDA:640,58,0,0
BRDA:640,58,1,0
BRDA:652,59,0,0
BRDA:652,59,1,0
BRDA:684,60,0,0
BRDA:684,60,1,0
BRDA:687,61,0,0
BRDA:687,61,1,0
BRDA:693,62,0,0
BRDA:693,62,1,0
BRDA:818,63,0,0
BRDA:818,63,1,0
BRDA:825,64,0,0
BRDA:825,64,1,0
BRDA:830,65,0,0
BRDA:830,65,1,0
BRDA:830,66,0,0
BRDA:830,66,1,0
BRDA:856,67,0,0
BRDA:856,67,1,0
BRDA:861,68,0,0
BRDA:861,68,1,0
BRDA:880,69,0,0
BRDA:880,69,1,0
BRDA:882,70,0,0
BRDA:882,70,1,0
BRDA:896,71,0,0
BRDA:896,71,1,0
BRDA:900,72,0,0
BRDA:900,72,1,0
BRDA:901,73,0,0
BRDA:901,73,1,0
BRDA:902,74,0,0
BRDA:902,74,1,0
BRDA:903,75,0,0
BRDA:903,75,1,0
BRDA:907,76,0,0
BRDA:907,76,1,0
BRDA:937,77,0,0
BRDA:937,77,1,0
BRDA:945,78,0,0
BRDA:945,78,1,0
BRDA:946,79,0,0
BRDA:946,79,1,0
BRDA:947,80,0,0
BRDA:947,80,1,0
BRDA:948,81,0,0
BRDA:948,81,1,0
BRDA:949,82,0,0
BRDA:949,82,1,0
BRDA:981,83,0,0
BRDA:981,83,1,0
BRDA:993,84,0,0
BRDA:993,84,1,0
BRDA:1010,85,0,0
BRDA:1010,85,1,0
BRDA:1064,86,0,0
BRDA:1064,86,1,0
BRDA:1091,87,0,0
BRDA:1091,87,1,0
BRDA:1104,88,0,0
BRDA:1104,88,1,0
BRDA:1127,89,0,0
BRDA:1127,89,1,0
BRDA:1132,90,0,0
BRDA:1132,90,1,0
BRDA:1147,91,0,0
BRDA:1147,91,1,0
BRDA:1147,91,2,0
BRDA:1156,92,0,0
BRDA:1156,92,1,0
BRDA:1165,93,0,0
BRDA:1165,93,1,0
BRDA:1166,94,0,0
BRDA:1166,94,1,0
BRDA:1174,95,0,0
BRDA:1174,95,1,0
BRDA:1174,96,0,0
BRDA:1174,96,1,0
BRF:209
BRH:1
end_of_record
TN:
SF:src\components\UserManagement.jsx
FN:7,UserManagement
FN:15,(anonymous_1)
FN:21,(anonymous_2)
FN:35,(anonymous_3)
FN:52,(anonymous_4)
FN:70,(anonymous_5)
FN:89,(anonymous_6)
FN:108,(anonymous_7)
FN:126,(anonymous_8)
FN:144,(anonymous_9)
FN:153,(anonymous_10)
FN:197,(anonymous_11)
FN:203,(anonymous_12)
FN:220,(anonymous_13)
FN:232,(anonymous_14)
FN:238,(anonymous_15)
FN:269,(anonymous_16)
FN:290,(anonymous_17)
FN:299,(anonymous_18)
FNF:19
FNH:5
FNDA:2,UserManagement
FNDA:2,(anonymous_1)
FNDA:2,(anonymous_2)
FNDA:2,(anonymous_3)
FNDA:2,(anonymous_4)
FNDA:0,(anonymous_5)
FNDA:0,(anonymous_6)
FNDA:0,(anonymous_7)
FNDA:0,(anonymous_8)
FNDA:0,(anonymous_9)
FNDA:0,(anonymous_10)
FNDA:0,(anonymous_11)
FNDA:0,(anonymous_12)
FNDA:0,(anonymous_13)
FNDA:0,(anonymous_14)
FNDA:0,(anonymous_15)
FNDA:0,(anonymous_16)
FNDA:0,(anonymous_17)
FNDA:0,(anonymous_18)
DA:8,2
DA:9,2
DA:10,2
DA:11,2
DA:12,2
DA:13,2
DA:15,2
DA:16,2
DA:17,2
DA:18,2
DA:21,2
DA:22,2
DA:23,2
DA:24,2
DA:25,2
DA:26,2
DA:27,0
DA:28,0
DA:30,2
DA:35,2
DA:36,2
DA:37,2
DA:38,2
DA:41,0
DA:43,0
DA:44,0
DA:45,0
DA:47,0
DA:52,2
DA:53,2
DA:54,2
DA:55,2
DA:56,2
DA:59,0
DA:61,0
DA:62,0
DA:63,0
DA:66,0
DA:70,2
DA:71,0
DA:73,0
DA:74,0
DA:75,0
DA:81,0
DA:82,0
DA:83,0
DA:85,0
DA:89,2
DA:90,0
DA:92,0
DA:93,0
DA:94,0
DA:100,0
DA:101,0
DA:102,0
DA:104,0
DA:108,2
DA:109,0
DA:111,0
DA:112,0
DA:113,0
DA:119,0
DA:120,0
DA:122,0
DA:126,2
DA:127,0
DA:129,0
DA:130,0
DA:131,0
DA:136,0
DA:137,0
DA:138,0
DA:140,0
DA:144,2
DA:145,0
DA:150,0
DA:153,2
DA:154,0
DA:159,0
DA:162,2
DA:163,2
DA:171,0
DA:172,0
DA:184,0
DA:197,0
DA:203,0
DA:221,0
DA:232,0
DA:238,0
DA:270,0
DA:290,0
DA:299,0
LF:92
LH:34
BRDA:23,0,0,2
BRDA:23,0,1,0
BRDA:44,1,0,0
BRDA:44,1,1,0
BRDA:62,2,0,0
BRDA:62,2,1,0
BRDA:71,3,0,0
BRDA:71,3,1,0
BRDA:85,4,0,0
BRDA:85,4,1,0
BRDA:90,5,0,0
BRDA:90,5,1,0
BRDA:104,6,0,0
BRDA:104,6,1,0
BRDA:109,7,0,0
BRDA:109,7,1,0
BRDA:122,8,0,0
BRDA:122,8,1,0
BRDA:127,9,0,0
BRDA:127,9,1,0
BRDA:140,10,0,0
BRDA:140,10,1,0
BRDA:150,11,0,0
BRDA:150,11,1,0
BRDA:159,12,0,0
BRDA:159,12,1,0
BRDA:162,13,0,2
BRDA:162,13,1,0
BRDA:171,14,0,0
BRDA:171,14,1,0
BRDA:198,15,0,0
BRDA:198,15,1,0
BRDA:204,16,0,0
BRDA:204,16,1,0
BRDA:211,17,0,0
BRDA:211,17,1,0
BRDA:214,18,0,0
BRDA:214,18,1,0
BRDA:253,19,0,0
BRDA:253,19,1,0
BRDA:288,20,0,0
BRDA:288,20,1,0
BRDA:288,20,2,0
BRDA:297,21,0,0
BRDA:297,21,1,0
BRF:45
BRH:2
end_of_record
TN:
SF:src\config\api.js
FNF:0
FNH:0
DA:4,0
LF:1
LH:0
BRDA:4,0,0,0
BRDA:4,0,1,0
BRDA:5,1,0,0
BRDA:5,1,1,0
BRF:4
BRH:0
end_of_record
TN:
SF:src\utils\errorHandler.js
FN:3,(anonymous_0)
FN:117,(anonymous_1)
FN:122,(anonymous_2)
FNF:3
FNH:3
FNDA:28,(anonymous_0)
FNDA:5,(anonymous_1)
FNDA:5,(anonymous_2)
DA:3,1
DA:5,28
DA:7,9
DA:8,4
DA:20,5
DA:21,1
DA:30,4
DA:31,2
DA:41,2
DA:51,19
DA:52,19
DA:54,19
DA:55,5
DA:61,14
DA:62,2
DA:68,12
DA:69,2
DA:75,10
DA:76,2
DA:82,8
DA:83,3
DA:89,5
DA:90,1
DA:99,4
DA:100,1
DA:107,3
DA:117,1
DA:118,5
DA:122,1
DA:123,5
LF:30
LH:30
BRDA:3,0,0,27
BRDA:5,1,0,9
BRDA:5,1,1,19
BRDA:7,2,0,4
BRDA:7,2,1,5
BRDA:7,3,0,9
BRDA:7,3,1,6
BRDA:20,4,0,1
BRDA:20,4,1,4
BRDA:30,5,0,2
BRDA:30,5,1,2
BRDA:30,6,0,4
BRDA:30,6,1,3
BRDA:52,7,0,19
BRDA:52,7,1,13
BRDA:54,8,0,5
BRDA:54,8,1,14
BRDA:58,9,0,5
BRDA:58,9,1,3
BRDA:61,10,0,2
BRDA:61,10,1,12
BRDA:65,11,0,2
BRDA:65,11,1,1
BRDA:68,12,0,2
BRDA:68,12,1,10
BRDA:72,13,0,2
BRDA:72,13,1,1
BRDA:75,14,0,2
BRDA:75,14,1,8
BRDA:79,15,0,2
BRDA:79,15,1,1
BRDA:82,16,0,3
BRDA:82,16,1,5
BRDA:86,17,0,3
BRDA:86,17,1,2
BRDA:89,18,0,1
BRDA:89,18,1,4
BRDA:99,19,0,1
BRDA:99,19,1,3
BRDA:110,20,0,3
BRDA:110,20,1,2
BRDA:110,20,2,0
BRF:42
BRH:41
end_of_record
