TN:
SF:api\catchall.js
FNF:0
FNH:0
LF:0
LH:0
BRF:0
BRH:0
end_of_record
TN:
SF:src\App.jsx
FN:19,App
FNF:1
FNH:1
FNDA:35,App
DA:20,35
DA:21,35
DA:22,35
DA:23,35
DA:24,35
DA:26,35
LF:6
LH:6
BRDA:24,0,0,35
BRDA:24,0,1,12
BRDA:24,0,2,10
BRDA:28,1,0,35
BRDA:28,1,1,10
BRDA:36,2,0,12
BRDA:36,2,1,23
BRDA:37,3,0,0
BRDA:37,3,1,12
BRDA:50,4,0,12
BRDA:50,4,1,23
BRDA:51,5,0,0
BRDA:51,5,1,12
BRDA:64,6,0,12
BRDA:64,6,1,23
BRDA:65,7,0,12
BRDA:65,7,1,0
BRDA:78,8,0,12
BRDA:78,8,1,23
BRDA:79,9,0,12
BRDA:79,9,1,0
BRDA:92,10,0,12
BRDA:92,10,1,23
BRDA:93,11,0,12
BRDA:93,11,1,0
BRDA:106,12,0,12
BRDA:106,12,1,23
BRDA:107,13,0,12
BRDA:107,13,1,0
BRDA:120,14,0,12
BRDA:120,14,1,23
BRDA:121,15,0,12
BRDA:121,15,1,0
BRDA:134,16,0,12
BRDA:134,16,1,23
BRDA:135,17,0,12
BRDA:135,17,1,0
BRDA:148,18,0,12
BRDA:148,18,1,23
BRDA:149,19,0,12
BRDA:149,19,1,0
BRDA:162,20,0,12
BRDA:162,20,1,23
BRDA:163,21,0,12
BRDA:163,21,1,0
BRF:45
BRH:35
end_of_record
TN:
SF:src\components\Accounting.jsx
FN:15,(anonymous_0)
FN:21,(anonymous_1)
FN:26,(anonymous_2)
FN:30,asList
FN:34,Accounting
FN:60,(anonymous_5)
FN:73,(anonymous_6)
FN:76,(anonymous_7)
FN:77,(anonymous_8)
FN:84,(anonymous_9)
FN:86,(anonymous_10)
FN:94,(anonymous_11)
FN:97,(anonymous_12)
FN:100,(anonymous_13)
FN:102,(anonymous_14)
FN:103,(anonymous_15)
FN:113,(anonymous_16)
FN:122,(anonymous_17)
FN:146,(anonymous_18)
FN:208,(anonymous_19)
FN:218,(anonymous_20)
FN:315,(anonymous_21)
FN:337,(anonymous_22)
FN:341,(anonymous_23)
FN:369,(anonymous_24)
FN:401,(anonymous_25)
FN:413,(anonymous_26)
FN:422,(anonymous_27)
FN:425,(anonymous_28)
FN:436,(anonymous_29)
FN:444,(anonymous_30)
FN:448,(anonymous_31)
FN:459,(anonymous_32)
FN:480,(anonymous_33)
FN:492,(anonymous_34)
FN:505,(anonymous_35)
FN:513,(anonymous_36)
FN:516,(anonymous_37)
FN:516,(anonymous_38)
FN:527,(anonymous_39)
FNF:40
FNH:20
FNDA:237,(anonymous_0)
FNDA:9,(anonymous_1)
FNDA:4,(anonymous_2)
FNDA:23,asList
FNDA:12,Accounting
FNDA:4,(anonymous_5)
FNDA:3,(anonymous_6)
FNDA:0,(anonymous_7)
FNDA:0,(anonymous_8)
FNDA:3,(anonymous_9)
FNDA:0,(anonymous_10)
FNDA:8,(anonymous_11)
FNDA:2,(anonymous_12)
FNDA:6,(anonymous_13)
FNDA:0,(anonymous_14)
FNDA:0,(anonymous_15)
FNDA:0,(anonymous_16)
FNDA:1,(anonymous_17)
FNDA:0,(anonymous_18)
FNDA:0,(anonymous_19)
FNDA:0,(anonymous_20)
FNDA:6,(anonymous_21)
FNDA:1,(anonymous_22)
FNDA:27,(anonymous_23)
FNDA:10,(anonymous_24)
FNDA:0,(anonymous_25)
FNDA:3,(anonymous_26)
FNDA:0,(anonymous_27)
FNDA:30,(anonymous_28)
FNDA:0,(anonymous_29)
FNDA:0,(anonymous_30)
FNDA:0,(anonymous_31)
FNDA:0,(anonymous_32)
FNDA:0,(anonymous_33)
FNDA:0,(anonymous_34)
FNDA:0,(anonymous_35)
FNDA:0,(anonymous_36)
FNDA:54,(anonymous_37)
FNDA:18,(anonymous_38)
FNDA:0,(anonymous_39)
DA:15,1
DA:16,237
DA:21,1
DA:22,9
DA:23,6
DA:26,4
DA:31,23
DA:35,12
DA:36,12
DA:37,12
DA:38,12
DA:39,12
DA:40,12
DA:41,12
DA:42,12
DA:43,12
DA:51,12
DA:58,12
DA:60,12
DA:61,4
DA:62,4
DA:63,4
DA:64,4
DA:65,4
DA:66,4
DA:70,4
DA:73,12
DA:74,3
DA:75,3
DA:76,0
DA:77,0
DA:79,3
DA:80,3
DA:81,3
DA:84,12
DA:85,3
DA:86,3
DA:87,0
DA:88,0
DA:94,12
DA:95,8
DA:96,8
DA:97,2
DA:100,12
DA:101,6
DA:102,6
DA:103,0
DA:104,0
DA:110,6
DA:113,12
DA:114,0
DA:115,0
DA:116,0
DA:118,0
DA:122,12
DA:123,1
DA:124,1
DA:125,1
DA:126,1
DA:133,1
DA:134,0
DA:135,0
DA:136,0
DA:138,1
DA:139,1
DA:140,1
DA:142,0
DA:146,12
DA:147,0
DA:148,0
DA:149,0
DA:150,0
DA:156,0
DA:157,0
DA:158,0
DA:159,0
DA:161,0
DA:165,12
DA:166,0
DA:174,12
DA:175,3
DA:183,9
DA:184,9
DA:185,9
DA:187,9
DA:208,0
DA:218,0
DA:316,6
DA:337,1
DA:342,27
DA:370,10
DA:401,0
DA:413,3
DA:422,0
DA:426,30
DA:436,0
DA:444,0
DA:449,0
DA:459,0
DA:480,0
DA:492,0
DA:505,0
DA:513,0
DA:516,54
DA:517,18
DA:527,0
LF:106
LH:69
BRDA:16,0,0,237
BRDA:16,0,1,75
BRDA:22,1,0,3
BRDA:22,1,1,6
BRDA:22,2,0,9
BRDA:22,2,1,6
BRDA:31,3,0,18
BRDA:31,3,1,5
BRDA:60,4,0,0
BRDA:63,5,0,4
BRDA:63,5,1,0
BRDA:64,6,0,4
BRDA:64,6,1,0
BRDA:67,7,0,4
BRDA:67,7,1,0
BRDA:80,8,0,1
BRDA:80,8,1,2
BRDA:87,9,0,0
BRDA:87,9,1,0
BRDA:88,10,0,0
BRDA:88,10,1,0
BRDA:96,11,0,7
BRDA:96,11,1,1
BRDA:103,12,0,0
BRDA:103,12,1,0
BRDA:106,13,0,0
BRDA:106,13,1,0
BRDA:106,14,0,0
BRDA:106,14,1,0
BRDA:118,15,0,0
BRDA:118,15,1,0
BRDA:133,16,0,0
BRDA:133,16,1,1
BRDA:142,17,0,0
BRDA:142,17,1,0
BRDA:156,18,0,0
BRDA:156,18,1,0
BRDA:161,19,0,0
BRDA:161,19,1,0
BRDA:165,20,0,0
BRDA:165,20,1,12
BRDA:165,21,0,12
BRDA:165,21,1,0
BRDA:174,22,0,3
BRDA:174,22,1,9
BRDA:183,23,0,9
BRDA:183,23,1,1
BRDA:184,24,0,9
BRDA:184,24,1,1
BRDA:185,25,0,9
BRDA:185,25,1,1
BRDA:226,26,0,0
BRDA:226,26,1,9
BRDA:295,27,0,3
BRDA:295,27,1,6
BRDA:301,28,0,6
BRDA:301,28,1,3
BRDA:317,29,0,6
BRDA:317,29,1,0
BRDA:349,30,0,0
BRDA:349,30,1,9
BRDA:370,31,0,10
BRDA:370,31,1,10
BRDA:373,32,0,10
BRDA:373,32,1,1
BRDA:380,33,0,10
BRDA:380,33,1,1
BRDA:425,34,0,9
BRDA:425,34,1,0
BRDA:537,35,0,0
BRDA:537,35,1,9
BRF:71
BRH:41
end_of_record
TN:
SF:src\components\AuthShell.jsx
FN:8,AuthShell
FNF:1
FNH:1
FNDA:666,AuthShell
DA:16,666
LF:1
LH:1
BRDA:39,0,0,666
BRDA:39,0,1,0
BRDA:45,1,0,666
BRDA:45,1,1,0
BRF:4
BRH:2
end_of_record
TN:
SF:src\components\BarcodeScanner.jsx
FN:4,tryApplyContinuousFocus
FN:7,(anonymous_1)
FN:8,(anonymous_2)
FN:21,tryApplySingleShotFocus
FN:24,(anonymous_4)
FN:25,(anonymous_5)
FN:37,tryApplyCameraZoom
FN:51,getVideoTrackFromStream
FN:58,(anonymous_8)
FN:63,BarcodeScanner
FN:81,(anonymous_10)
FN:89,(anonymous_11)
FN:93,(anonymous_12)
FN:94,(anonymous_13)
FN:99,(anonymous_14)
FN:116,(anonymous_15)
FN:129,(anonymous_16)
FN:135,(anonymous_17)
FN:141,(anonymous_18)
FN:163,(anonymous_19)
FN:174,(anonymous_20)
FN:238,(anonymous_21)
FN:246,(anonymous_22)
FN:251,(anonymous_23)
FN:257,(anonymous_24)
FN:266,(anonymous_25)
FN:286,(anonymous_26)
FN:296,(anonymous_27)
FN:361,(anonymous_28)
FN:385,(anonymous_29)
FN:418,(anonymous_30)
FN:419,(anonymous_31)
FNF:32
FNH:23
FNDA:5,tryApplyContinuousFocus
FNDA:5,(anonymous_1)
FNDA:0,(anonymous_2)
FNDA:0,tryApplySingleShotFocus
FNDA:0,(anonymous_4)
FNDA:0,(anonymous_5)
FNDA:2,tryApplyCameraZoom
FNDA:5,getVideoTrackFromStream
FNDA:5,(anonymous_8)
FNDA:47,BarcodeScanner
FNDA:20,(anonymous_10)
FNDA:26,(anonymous_11)
FNDA:0,(anonymous_12)
FNDA:5,(anonymous_13)
FNDA:26,(anonymous_14)
FNDA:1,(anonymous_15)
FNDA:28,(anonymous_16)
FNDA:0,(anonymous_17)
FNDA:7,(anonymous_18)
FNDA:6,(anonymous_19)
FNDA:14,(anonymous_20)
FNDA:8,(anonymous_21)
FNDA:1,(anonymous_22)
FNDA:0,(anonymous_23)
FNDA:4,(anonymous_24)
FNDA:2,(anonymous_25)
FNDA:0,(anonymous_26)
FNDA:6,(anonymous_27)
FNDA:0,(anonymous_28)
FNDA:1,(anonymous_29)
FNDA:3,(anonymous_30)
FNDA:1,(anonymous_31)
DA:5,5
DA:6,5
DA:7,5
DA:8,0
DA:10,5
DA:11,5
DA:12,5
DA:13,5
DA:22,0
DA:23,0
DA:24,0
DA:25,0
DA:27,0
DA:28,0
DA:29,0
DA:30,0
DA:38,2
DA:39,2
DA:40,2
DA:41,2
DA:43,0
DA:44,0
DA:52,5
DA:53,5
DA:54,0
DA:56,5
DA:57,5
DA:58,5
DA:60,0
DA:64,47
DA:65,47
DA:66,47
DA:67,47
DA:68,47
DA:69,47
DA:70,47
DA:71,47
DA:72,47
DA:73,47
DA:76,47
DA:77,47
DA:78,47
DA:79,47
DA:81,47
DA:82,20
DA:83,20
DA:85,0
DA:89,47
DA:90,26
DA:91,26
DA:92,5
DA:93,5
DA:94,5
DA:95,5
DA:99,47
DA:100,26
DA:101,21
DA:102,21
DA:103,21
DA:104,21
DA:106,5
DA:107,5
DA:108,5
DA:109,0
DA:110,0
DA:111,0
DA:113,5
DA:114,5
DA:115,1
DA:116,1
DA:117,1
DA:118,0
DA:120,1
DA:123,4
DA:124,4
DA:126,5
DA:129,47
DA:130,28
DA:131,28
DA:132,2
DA:135,47
DA:136,0
DA:137,0
DA:138,0
DA:141,47
DA:142,7
DA:143,7
DA:151,6
DA:153,6
DA:154,6
DA:157,1
DA:158,1
DA:159,1
DA:163,47
DA:164,6
DA:166,6
DA:167,6
DA:171,6
DA:172,6
DA:174,6
DA:175,14
DA:176,14
DA:177,14
DA:178,13
DA:179,13
DA:182,1
DA:183,0
DA:184,0
DA:187,1
DA:188,1
DA:189,1
DA:190,1
DA:192,1
DA:193,0
DA:194,0
DA:195,0
DA:196,0
DA:197,0
DA:198,0
DA:199,0
DA:200,0
DA:201,0
DA:202,0
DA:203,0
DA:204,0
DA:206,0
DA:207,0
DA:208,0
DA:209,0
DA:210,0
DA:211,0
DA:215,1
DA:217,1
DA:218,0
DA:219,0
DA:220,0
DA:221,0
DA:227,1
DA:228,1
DA:232,6
DA:234,0
DA:238,47
DA:239,8
DA:240,8
DA:241,8
DA:242,1
DA:243,1
DA:245,8
DA:246,1
DA:247,1
DA:251,47
DA:252,0
DA:253,0
DA:254,0
DA:257,47
DA:258,4
DA:259,1
DA:260,1
DA:262,3
DA:263,3
DA:266,47
DA:267,2
DA:268,2
DA:271,47
DA:286,0
DA:297,6
DA:298,6
DA:361,0
DA:385,1
DA:418,3
DA:419,1
LF:171
LH:120
BRDA:5,0,0,0
BRDA:5,0,1,5
BRDA:22,1,0,0
BRDA:22,1,1,0
BRDA:38,2,0,0
BRDA:38,2,1,2
BRDA:38,3,0,2
BRDA:38,3,1,2
BRDA:38,3,2,2
BRDA:52,4,0,0
BRDA:52,4,1,5
BRDA:53,5,0,0
BRDA:53,5,1,5
BRDA:54,6,0,0
BRDA:54,6,1,0
BRDA:56,7,0,5
BRDA:56,7,1,0
BRDA:58,8,0,5
BRDA:58,8,1,5
BRDA:58,8,2,0
BRDA:63,9,0,46
BRDA:82,10,0,20
BRDA:82,10,1,0
BRDA:91,11,0,21
BRDA:91,11,1,5
BRDA:91,12,0,26
BRDA:91,12,1,5
BRDA:100,13,0,21
BRDA:100,13,1,5
BRDA:107,14,0,5
BRDA:107,14,1,0
BRDA:108,15,0,0
BRDA:108,15,1,5
BRDA:108,16,0,5
BRDA:108,16,1,5
BRDA:113,17,0,5
BRDA:113,17,1,0
BRDA:114,18,0,1
BRDA:114,18,1,4
BRDA:114,19,0,5
BRDA:114,19,1,1
BRDA:114,19,2,1
BRDA:117,20,0,0
BRDA:117,20,1,1
BRDA:131,21,0,26
BRDA:131,21,1,2
BRDA:131,22,0,28
BRDA:131,22,1,7
BRDA:131,22,2,2
BRDA:153,23,0,6
BRDA:153,23,1,0
BRDA:164,24,0,0
BRDA:164,24,1,6
BRDA:175,25,0,0
BRDA:175,25,1,14
BRDA:177,26,0,13
BRDA:177,26,1,1
BRDA:182,27,0,0
BRDA:182,27,1,1
BRDA:192,28,0,0
BRDA:192,28,1,1
BRDA:192,29,0,1
BRDA:192,29,1,0
BRDA:192,29,2,0
BRDA:192,29,3,0
BRDA:202,30,0,0
BRDA:202,30,1,0
BRDA:209,31,0,0
BRDA:209,31,1,0
BRDA:217,32,0,0
BRDA:217,32,1,1
BRDA:227,33,0,1
BRDA:227,33,1,0
BRDA:241,34,0,1
BRDA:241,34,1,7
BRDA:245,35,0,1
BRDA:245,35,1,7
BRDA:258,36,0,1
BRDA:258,36,1,3
BRDA:288,37,0,31
BRDA:288,37,1,16
BRDA:301,38,0,16
BRDA:301,38,1,31
BRDA:311,39,0,31
BRDA:311,39,1,16
BRDA:313,40,0,22
BRDA:313,40,1,9
BRDA:342,41,0,9
BRDA:342,41,1,0
BRDA:369,42,0,9
BRDA:369,42,1,2
BRDA:369,42,2,2
BRDA:383,43,0,2
BRDA:383,43,1,0
BRDA:383,44,0,2
BRDA:383,44,1,2
BRDA:419,45,0,1
BRDA:419,45,1,1
BRF:98
BRH:67
end_of_record
TN:
SF:src\components\CameraCapture.jsx
FN:3,CameraCapture
FN:9,(anonymous_1)
FN:23,(anonymous_2)
FN:27,(anonymous_3)
FN:34,(anonymous_4)
FN:36,(anonymous_5)
FN:41,(anonymous_6)
FN:58,(anonymous_7)
FN:63,(anonymous_8)
FN:71,(anonymous_9)
FN:77,(anonymous_10)
FN:78,(anonymous_11)
FN:80,(anonymous_12)
FNF:13
FNH:13
FNDA:29,CameraCapture
FNDA:12,(anonymous_1)
FNDA:28,(anonymous_2)
FNDA:28,(anonymous_3)
FNDA:6,(anonymous_4)
FNDA:5,(anonymous_5)
FNDA:4,(anonymous_6)
FNDA:1,(anonymous_7)
FNDA:1,(anonymous_8)
FNDA:1,(anonymous_9)
FNDA:28,(anonymous_10)
FNDA:28,(anonymous_11)
FNDA:8,(anonymous_12)
DA:4,29
DA:5,29
DA:6,29
DA:7,29
DA:9,29
DA:10,12
DA:11,12
DA:15,10
DA:17,2
DA:18,2
DA:23,29
DA:24,28
DA:25,8
DA:27,28
DA:28,28
DA:29,0
DA:34,29
DA:35,6
DA:36,5
DA:37,5
DA:41,29
DA:42,4
DA:44,4
DA:45,4
DA:47,4
DA:48,4
DA:50,4
DA:51,4
DA:53,4
DA:54,4
DA:55,4
DA:58,29
DA:59,1
DA:60,1
DA:63,29
DA:64,1
DA:65,1
DA:66,1
DA:67,1
DA:71,29
DA:72,1
DA:73,1
DA:77,29
DA:78,28
DA:79,28
DA:80,8
DA:85,29
LF:47
LH:46
BRDA:3,0,0,28
BRDA:24,1,0,8
BRDA:24,1,1,20
BRDA:24,2,0,28
BRDA:24,2,1,8
BRDA:28,3,0,0
BRDA:28,3,1,28
BRDA:28,4,0,28
BRDA:28,4,1,8
BRDA:35,5,0,5
BRDA:35,5,1,1
BRDA:42,6,0,0
BRDA:42,6,1,4
BRDA:42,7,0,4
BRDA:42,7,1,4
BRDA:64,8,0,1
BRDA:64,8,1,0
BRDA:79,9,0,8
BRDA:79,9,1,20
BRDA:101,10,0,29
BRDA:101,10,1,21
BRDA:101,10,2,17
BRDA:112,11,0,29
BRDA:112,11,1,8
BRDA:112,11,2,8
BRDA:131,12,0,29
BRDA:131,12,1,4
BRDA:146,13,0,4
BRDA:146,13,1,25
BRF:29
BRH:26
end_of_record
TN:
SF:src\components\CompanyHeader.jsx
FN:11,CompanyHeader
FNF:1
FNH:1
FNDA:1,CompanyHeader
DA:12,1
LF:1
LH:1
BRF:0
BRH:0
end_of_record
TN:
SF:src\components\CustomerMyInfo.jsx
FN:12,CustomerMyInfo
FN:27,(anonymous_1)
FN:37,(anonymous_2)
FN:45,(anonymous_3)
FN:53,(anonymous_4)
FN:56,(anonymous_5)
FN:75,(anonymous_6)
FN:81,(anonymous_7)
FN:104,(anonymous_8)
FN:107,(anonymous_9)
FN:158,(anonymous_10)
FN:158,(anonymous_11)
FN:165,(anonymous_12)
FN:165,(anonymous_13)
FN:172,(anonymous_14)
FN:183,(anonymous_15)
FN:212,(anonymous_16)
FN:222,(anonymous_17)
FN:232,(anonymous_18)
FN:241,(anonymous_19)
FN:261,(anonymous_20)
FNF:21
FNH:11
FNDA:27,CustomerMyInfo
FNDA:5,(anonymous_1)
FNDA:4,(anonymous_2)
FNDA:0,(anonymous_3)
FNDA:4,(anonymous_4)
FNDA:1,(anonymous_5)
FNDA:0,(anonymous_6)
FNDA:0,(anonymous_7)
FNDA:0,(anonymous_8)
FNDA:0,(anonymous_9)
FNDA:7,(anonymous_10)
FNDA:7,(anonymous_11)
FNDA:8,(anonymous_12)
FNDA:8,(anonymous_13)
FNDA:0,(anonymous_14)
FNDA:1,(anonymous_15)
FNDA:0,(anonymous_16)
FNDA:0,(anonymous_17)
FNDA:0,(anonymous_18)
FNDA:0,(anonymous_19)
FNDA:2,(anonymous_20)
DA:13,27
DA:14,27
DA:15,27
DA:16,27
DA:17,27
DA:18,27
DA:19,27
DA:21,27
DA:22,27
DA:23,27
DA:24,27
DA:25,27
DA:27,27
DA:28,5
DA:29,5
DA:30,1
DA:31,1
DA:33,4
DA:38,4
DA:39,4
DA:40,4
DA:41,4
DA:42,4
DA:43,4
DA:46,0
DA:47,0
DA:48,0
DA:50,0
DA:51,0
DA:53,4
DA:56,27
DA:57,1
DA:58,1
DA:59,1
DA:60,1
DA:65,1
DA:66,1
DA:67,1
DA:69,0
DA:71,1
DA:75,27
DA:76,0
DA:77,0
DA:78,0
DA:81,27
DA:82,0
DA:83,0
DA:84,0
DA:86,0
DA:87,0
DA:88,0
DA:89,0
DA:99,0
DA:100,0
DA:101,0
DA:102,0
DA:105,0
DA:109,0
DA:111,0
DA:115,27
DA:116,22
DA:118,22
DA:158,7
DA:165,8
DA:172,0
DA:183,1
DA:212,0
DA:222,0
DA:232,0
DA:241,0
DA:262,2
LF:71
LH:43
BRDA:29,0,0,1
BRDA:29,0,1,4
BRDA:39,1,0,4
BRDA:39,1,1,0
BRDA:42,2,0,4
BRDA:42,2,1,2
BRDA:43,3,0,4
BRDA:43,3,1,2
BRDA:46,4,0,0
BRDA:46,4,1,0
BRDA:51,5,0,0
BRDA:51,5,1,0
BRDA:65,6,0,1
BRDA:65,6,1,0
BRDA:66,7,0,1
BRDA:66,7,1,0
BRDA:69,8,0,0
BRDA:69,8,1,0
BRDA:82,9,0,0
BRDA:82,9,1,0
BRDA:82,10,0,0
BRDA:82,10,1,0
BRDA:94,11,0,0
BRDA:94,11,1,0
BRDA:95,12,0,0
BRDA:95,12,1,0
BRDA:99,13,0,0
BRDA:99,13,1,0
BRDA:109,14,0,0
BRDA:109,14,1,0
BRDA:115,15,0,5
BRDA:115,15,1,22
BRDA:116,16,0,0
BRDA:116,16,1,22
BRDA:145,17,0,22
BRDA:145,17,1,21
BRDA:146,18,0,22
BRDA:146,18,1,21
BRDA:152,19,0,17
BRDA:152,19,1,5
BRDA:170,20,0,1
BRDA:170,20,1,16
BRDA:180,21,0,5
BRDA:180,21,1,2
BRDA:181,22,0,5
BRDA:181,22,1,2
BRDA:252,23,0,0
BRDA:252,23,1,22
BRDA:257,24,0,22
BRDA:257,24,1,22
BRDA:257,24,2,1
BRDA:263,25,0,2
BRDA:263,25,1,0
BRDA:264,26,0,2
BRDA:264,26,1,1
BRDA:264,26,2,1
BRF:56
BRH:32
end_of_record
TN:
SF:src\components\Customers.jsx
FN:12,Customers
FN:34,(anonymous_1)
FN:38,(anonymous_2)
FN:42,(anonymous_3)
FN:46,(anonymous_4)
FN:58,(anonymous_5)
FN:63,(anonymous_6)
FN:104,(anonymous_7)
FN:123,(anonymous_8)
FN:128,(anonymous_9)
FN:142,(anonymous_10)
FN:147,(anonymous_11)
FN:152,(anonymous_12)
FN:162,(anonymous_13)
FN:167,(anonymous_14)
FN:181,(anonymous_15)
FN:191,(anonymous_16)
FN:207,(anonymous_17)
FN:208,(anonymous_18)
FN:242,(anonymous_19)
FN:255,(anonymous_20)
FN:267,(anonymous_21)
FN:276,(anonymous_22)
FN:295,(anonymous_23)
FN:313,(anonymous_24)
FN:322,(anonymous_25)
FN:330,(anonymous_26)
FN:338,(anonymous_27)
FN:355,(anonymous_28)
FN:360,(anonymous_29)
FN:390,(anonymous_30)
FN:402,(anonymous_31)
FN:405,(anonymous_32)
FN:429,(anonymous_33)
FN:436,(anonymous_34)
FN:443,(anonymous_35)
FN:458,(anonymous_36)
FN:467,(anonymous_37)
FN:484,(anonymous_38)
FN:495,(anonymous_39)
FN:498,(anonymous_40)
FN:522,(anonymous_41)
FN:570,(anonymous_42)
FN:593,(anonymous_43)
FN:602,(anonymous_44)
FN:610,(anonymous_45)
FN:613,(anonymous_46)
FN:621,(anonymous_47)
FN:631,(anonymous_48)
FNF:49
FNH:34
FNDA:154,Customers
FNDA:24,(anonymous_1)
FNDA:29,(anonymous_2)
FNDA:29,(anonymous_3)
FNDA:3,(anonymous_4)
FNDA:1,(anonymous_5)
FNDA:1,(anonymous_6)
FNDA:1,(anonymous_7)
FNDA:1,(anonymous_8)
FNDA:17,(anonymous_9)
FNDA:17,(anonymous_10)
FNDA:0,(anonymous_11)
FNDA:2,(anonymous_12)
FNDA:0,(anonymous_13)
FNDA:1,(anonymous_14)
FNDA:20,(anonymous_15)
FNDA:23,(anonymous_16)
FNDA:2,(anonymous_17)
FNDA:2,(anonymous_18)
FNDA:0,(anonymous_19)
FNDA:1,(anonymous_20)
FNDA:20,(anonymous_21)
FNDA:15,(anonymous_22)
FNDA:0,(anonymous_23)
FNDA:0,(anonymous_24)
FNDA:129,(anonymous_25)
FNDA:13,(anonymous_26)
FNDA:0,(anonymous_27)
FNDA:0,(anonymous_28)
FNDA:1,(anonymous_29)
FNDA:49,(anonymous_30)
FNDA:2,(anonymous_31)
FNDA:1,(anonymous_32)
FNDA:129,(anonymous_33)
FNDA:0,(anonymous_34)
FNDA:0,(anonymous_35)
FNDA:0,(anonymous_36)
FNDA:0,(anonymous_37)
FNDA:49,(anonymous_38)
FNDA:0,(anonymous_39)
FNDA:0,(anonymous_40)
FNDA:1,(anonymous_41)
FNDA:33,(anonymous_42)
FNDA:13,(anonymous_43)
FNDA:0,(anonymous_44)
FNDA:0,(anonymous_45)
FNDA:108,(anonymous_46)
FNDA:180,(anonymous_47)
FNDA:2,(anonymous_48)
DA:13,154
DA:14,154
DA:15,154
DA:22,154
DA:23,154
DA:24,154
DA:25,154
DA:27,154
DA:34,154
DA:35,24
DA:38,154
DA:39,29
DA:40,29
DA:42,29
DA:43,29
DA:46,154
DA:47,3
DA:48,3
DA:50,2
DA:51,2
DA:53,1
DA:54,1
DA:58,154
DA:59,1
DA:60,1
DA:63,154
DA:64,1
DA:65,1
DA:66,0
DA:67,0
DA:70,1
DA:88,1
DA:97,1
DA:100,1
DA:101,1
DA:104,1
DA:105,1
DA:106,1
DA:107,1
DA:118,0
DA:119,0
DA:123,154
DA:124,1
DA:125,1
DA:128,154
DA:130,17
DA:133,17
DA:134,6
DA:135,11
DA:136,6
DA:138,5
DA:142,154
DA:143,17
DA:144,17
DA:147,154
DA:148,0
DA:149,0
DA:152,154
DA:153,2
DA:154,2
DA:162,154
DA:163,0
DA:164,0
DA:167,154
DA:168,1
DA:169,1
DA:172,1
DA:173,1
DA:174,1
DA:176,0
DA:177,0
DA:181,154
DA:182,20
DA:183,20
DA:185,20
DA:186,0
DA:187,0
DA:191,20
DA:192,23
DA:195,20
DA:196,20
DA:197,20
DA:203,0
DA:207,154
DA:208,2
DA:214,154
DA:242,0
DA:255,1
DA:267,20
DA:276,15
DA:295,0
DA:313,0
DA:323,129
DA:330,13
DA:338,0
DA:355,0
DA:360,1
DA:391,49
DA:402,2
DA:405,1
DA:430,129
DA:436,0
DA:443,0
DA:458,0
DA:467,0
DA:485,49
DA:495,0
DA:498,0
DA:522,1
DA:571,33
DA:593,13
DA:602,0
DA:610,0
DA:614,108
DA:622,180
DA:632,2
LF:116
LH:90
BRDA:42,0,0,29
BRDA:42,0,1,15
BRDA:54,1,0,1
BRDA:54,1,1,0
BRDA:65,2,0,0
BRDA:65,2,1,1
BRDA:65,3,0,1
BRDA:65,3,1,1
BRDA:82,4,0,1
BRDA:82,4,1,0
BRDA:100,5,0,1
BRDA:100,5,1,0
BRDA:105,6,0,1
BRDA:105,6,1,0
BRDA:119,7,0,0
BRDA:119,7,1,0
BRDA:133,8,0,6
BRDA:133,8,1,11
BRDA:135,9,0,6
BRDA:135,9,1,5
BRDA:177,10,0,0
BRDA:177,10,1,0
BRDA:185,11,0,0
BRDA:185,11,1,20
BRDA:195,12,0,20
BRDA:195,12,1,0
BRDA:200,13,0,14
BRDA:200,13,1,6
BRDA:248,14,0,154
BRDA:248,14,1,0
BRDA:260,15,0,1
BRDA:260,15,1,153
BRDA:319,16,0,154
BRDA:319,16,1,0
BRDA:324,17,0,15
BRDA:324,17,1,114
BRDA:384,18,0,114
BRDA:384,18,1,1
BRDA:388,19,0,49
BRDA:388,19,1,65
BRDA:388,20,0,114
BRDA:388,20,1,113
BRDA:431,21,0,15
BRDA:431,21,1,114
BRDA:483,22,0,49
BRDA:483,22,1,65
BRDA:483,23,0,114
BRDA:483,23,1,113
BRDA:528,24,0,2
BRDA:528,24,1,152
BRDA:542,25,0,36
BRDA:542,25,1,118
BRDA:566,26,0,36
BRDA:566,26,1,36
BRDA:566,26,2,33
BRDA:609,27,0,36
BRDA:609,27,1,0
BRDA:661,28,0,0
BRDA:661,28,1,118
BRF:59
BRH:44
end_of_record
TN:
SF:src\components\Dashboard.jsx
FN:28,Dashboard
FN:35,(anonymous_1)
FN:39,(anonymous_2)
FN:45,(anonymous_3)
FN:52,(anonymous_4)
FN:54,(anonymous_5)
FN:72,(anonymous_6)
FN:74,(anonymous_7)
FN:78,(anonymous_8)
FN:131,(anonymous_9)
FN:140,(anonymous_10)
FN:149,(anonymous_11)
FN:158,(anonymous_12)
FN:176,(anonymous_13)
FN:185,(anonymous_14)
FN:213,(anonymous_15)
FN:300,(anonymous_16)
FNF:17
FNH:13
FNDA:21,Dashboard
FNDA:8,(anonymous_1)
FNDA:0,(anonymous_2)
FNDA:8,(anonymous_3)
FNDA:5,(anonymous_4)
FNDA:7,(anonymous_5)
FNDA:14,(anonymous_6)
FNDA:20,(anonymous_7)
FNDA:52,(anonymous_8)
FNDA:1,(anonymous_9)
FNDA:0,(anonymous_10)
FNDA:1,(anonymous_11)
FNDA:0,(anonymous_12)
FNDA:4,(anonymous_13)
FNDA:0,(anonymous_14)
FNDA:12,(anonymous_15)
FNDA:12,(anonymous_16)
DA:15,1
DA:21,1
DA:29,21
DA:30,21
DA:31,21
DA:32,21
DA:33,21
DA:35,21
DA:36,8
DA:39,21
DA:40,0
DA:41,0
DA:42,0
DA:45,21
DA:46,8
DA:47,8
DA:51,7
DA:52,7
DA:53,5
DA:54,5
DA:55,7
DA:64,7
DA:65,7
DA:67,1
DA:68,1
DA:72,21
DA:73,21
DA:74,20
DA:78,21
DA:79,52
DA:85,21
DA:86,8
DA:94,13
DA:131,1
DA:140,0
DA:149,1
DA:158,0
DA:176,4
DA:185,0
DA:214,12
DA:301,12
LF:41
LH:35
BRDA:53,0,0,5
BRDA:53,0,1,0
BRDA:53,1,0,5
BRDA:53,1,1,5
BRDA:80,2,0,13
BRDA:80,2,1,39
BRDA:85,3,0,8
BRDA:85,3,1,13
BRDA:197,4,0,6
BRDA:197,4,1,7
BRDA:202,5,0,3
BRDA:202,5,1,10
BRDA:206,6,0,0
BRDA:206,6,1,10
BRDA:214,7,0,12
BRDA:214,7,1,0
BRDA:219,8,0,5
BRDA:219,8,1,7
BRDA:221,9,0,0
BRDA:221,9,1,7
BRDA:223,10,0,2
BRDA:223,10,1,5
BRDA:225,11,0,0
BRDA:225,11,1,5
BRDA:230,12,0,12
BRDA:230,12,1,0
BRDA:242,13,0,0
BRDA:242,13,1,12
BRDA:250,14,0,0
BRDA:250,14,1,12
BRDA:258,15,0,0
BRDA:258,15,1,12
BRDA:266,16,0,12
BRDA:266,16,1,0
BRDA:301,17,0,12
BRDA:301,17,1,0
BRDA:307,18,0,5
BRDA:307,18,1,7
BRDA:309,19,0,0
BRDA:309,19,1,7
BRDA:311,20,0,2
BRDA:311,20,1,5
BRDA:313,21,0,0
BRDA:313,21,1,5
BRDA:318,22,0,12
BRDA:318,22,1,0
BRDA:322,23,0,0
BRDA:322,23,1,12
BRDA:327,24,0,0
BRDA:327,24,1,12
BRDA:332,25,0,0
BRDA:332,25,1,12
BRDA:337,26,0,12
BRDA:337,26,1,0
BRF:54
BRH:36
end_of_record
TN:
SF:src\components\FormStatus.jsx
FN:4,FormStatus
FNF:1
FNH:1
FNDA:667,FormStatus
DA:5,667
DA:8,17
DA:12,17
LF:3
LH:3
BRDA:4,0,0,2
BRDA:5,1,0,650
BRDA:5,1,1,17
BRDA:8,2,0,3
BRDA:8,2,1,14
BRF:5
BRH:5
end_of_record
TN:
SF:src\components\InstallationHistory.jsx
FN:14,(anonymous_0)
FN:15,(anonymous_1)
FN:17,InstallationHistory
FN:27,(anonymous_3)
FN:36,(anonymous_4)
FN:52,(anonymous_5)
FN:56,(anonymous_6)
FN:60,(anonymous_7)
FN:61,(anonymous_8)
FN:65,(anonymous_9)
FN:72,(anonymous_10)
FN:83,(anonymous_11)
FN:99,(anonymous_12)
FN:116,(anonymous_13)
FN:124,(anonymous_14)
FN:126,(anonymous_15)
FN:128,(anonymous_16)
FN:161,(anonymous_17)
FN:165,(anonymous_18)
FN:195,(anonymous_19)
FN:212,(anonymous_20)
FN:218,(anonymous_21)
FN:229,(anonymous_22)
FN:230,(anonymous_23)
FN:251,(anonymous_24)
FN:251,(anonymous_25)
FN:259,(anonymous_26)
FN:259,(anonymous_27)
FN:268,(anonymous_28)
FN:268,(anonymous_29)
FN:277,(anonymous_30)
FN:289,(anonymous_31)
FNF:32
FNH:7
FNDA:4,(anonymous_0)
FNDA:4,(anonymous_1)
FNDA:4,InstallationHistory
FNDA:2,(anonymous_3)
FNDA:2,(anonymous_4)
FNDA:2,(anonymous_5)
FNDA:2,(anonymous_6)
FNDA:0,(anonymous_7)
FNDA:0,(anonymous_8)
FNDA:0,(anonymous_9)
FNDA:0,(anonymous_10)
FNDA:0,(anonymous_11)
FNDA:0,(anonymous_12)
FNDA:0,(anonymous_13)
FNDA:0,(anonymous_14)
FNDA:0,(anonymous_15)
FNDA:0,(anonymous_16)
FNDA:0,(anonymous_17)
FNDA:0,(anonymous_18)
FNDA:0,(anonymous_19)
FNDA:0,(anonymous_20)
FNDA:0,(anonymous_21)
FNDA:0,(anonymous_22)
FNDA:0,(anonymous_23)
FNDA:0,(anonymous_24)
FNDA:0,(anonymous_25)
FNDA:0,(anonymous_26)
FNDA:0,(anonymous_27)
FNDA:0,(anonymous_28)
FNDA:0,(anonymous_29)
FNDA:0,(anonymous_30)
FNDA:0,(anonymous_31)
DA:14,4
DA:15,4
DA:18,4
DA:19,4
DA:20,4
DA:21,4
DA:22,4
DA:23,4
DA:24,4
DA:25,4
DA:27,4
DA:28,2
DA:29,2
DA:30,2
DA:32,0
DA:36,4
DA:37,2
DA:38,2
DA:39,2
DA:42,2
DA:43,2
DA:45,0
DA:46,0
DA:48,2
DA:52,4
DA:53,2
DA:56,4
DA:57,2
DA:60,4
DA:61,0
DA:62,0
DA:65,4
DA:66,0
DA:67,0
DA:68,0
DA:69,0
DA:72,4
DA:73,0
DA:74,0
DA:83,4
DA:84,0
DA:85,0
DA:86,0
DA:87,0
DA:88,0
DA:89,0
DA:90,0
DA:91,0
DA:93,0
DA:95,0
DA:99,4
DA:100,0
DA:101,0
DA:104,0
DA:105,0
DA:106,0
DA:107,0
DA:108,0
DA:109,0
DA:110,0
DA:112,0
DA:116,4
DA:117,0
DA:118,0
DA:119,0
DA:121,0
DA:124,4
DA:126,4
DA:128,4
DA:129,0
DA:130,0
DA:131,0
DA:134,4
DA:135,2
DA:143,2
DA:161,0
DA:166,0
DA:195,0
DA:213,0
DA:218,0
DA:229,0
DA:230,0
DA:251,0
DA:259,0
DA:268,0
DA:278,0
DA:289,0
LF:87
LH:37
BRDA:39,0,0,0
BRDA:39,0,1,2
BRDA:46,1,0,0
BRDA:46,1,1,0
BRDA:61,2,0,0
BRDA:61,2,1,0
BRDA:67,3,0,0
BRDA:67,3,1,0
BRDA:75,4,0,0
BRDA:75,4,1,0
BRDA:76,5,0,0
BRDA:76,5,1,0
BRDA:77,6,0,0
BRDA:77,6,1,0
BRDA:84,7,0,0
BRDA:84,7,1,0
BRDA:88,8,0,0
BRDA:88,8,1,0
BRDA:93,9,0,0
BRDA:93,9,1,0
BRDA:99,10,0,0
BRDA:101,11,0,0
BRDA:101,11,1,0
BRDA:101,12,0,0
BRDA:101,12,1,0
BRDA:112,13,0,0
BRDA:112,13,1,0
BRDA:117,14,0,0
BRDA:117,14,1,0
BRDA:134,15,0,2
BRDA:134,15,1,2
BRDA:134,16,0,4
BRDA:134,16,1,2
BRDA:194,17,0,2
BRDA:194,17,1,0
BRDA:209,18,0,2
BRDA:209,18,1,0
BRDA:226,19,0,0
BRDA:226,19,1,0
BRDA:227,20,0,0
BRDA:227,20,1,0
BRDA:240,21,0,2
BRDA:240,21,1,0
BRDA:273,22,0,0
BRDA:273,22,1,0
BRDA:273,22,2,0
BRDA:287,23,0,0
BRDA:287,23,1,0
BRF:48
BRH:8
end_of_record
TN:
SF:src\components\Inventory.jsx
FN:11,Inventory
FN:26,(anonymous_1)
FN:32,(anonymous_2)
FN:38,(anonymous_3)
FN:50,(anonymous_4)
FN:62,(anonymous_5)
FN:78,(anonymous_6)
FN:84,(anonymous_7)
FN:93,(anonymous_8)
FN:102,(anonymous_9)
FN:133,(anonymous_10)
FN:134,(anonymous_11)
FN:135,(anonymous_12)
FN:136,(anonymous_13)
FN:138,(anonymous_14)
FN:143,(anonymous_15)
FN:148,(anonymous_16)
FN:153,(anonymous_17)
FN:207,(anonymous_18)
FN:214,(anonymous_19)
FN:247,(anonymous_20)
FN:251,(anonymous_21)
FN:281,(anonymous_22)
FN:291,(anonymous_23)
FN:295,(anonymous_24)
FN:306,(anonymous_25)
FN:316,(anonymous_26)
FN:338,(anonymous_27)
FN:362,(anonymous_28)
FN:368,(anonymous_29)
FN:398,(anonymous_30)
FN:436,(anonymous_31)
FN:465,(anonymous_32)
FN:471,(anonymous_33)
FN:490,(anonymous_34)
FN:522,(anonymous_35)
FN:545,(anonymous_36)
FN:549,(anonymous_37)
FN:562,(anonymous_38)
FN:566,(anonymous_39)
FN:579,(anonymous_40)
FN:605,unitPriceTextFromItem
FN:612,ItemModal
FN:625,(anonymous_43)
FN:627,(anonymous_44)
FN:633,(anonymous_45)
FN:691,(anonymous_46)
FN:706,(anonymous_47)
FN:713,(anonymous_48)
FN:732,(anonymous_49)
FN:745,(anonymous_50)
FN:749,(anonymous_51)
FN:760,(anonymous_52)
FN:763,(anonymous_53)
FN:778,(anonymous_54)
FN:793,(anonymous_55)
FN:813,(anonymous_56)
FN:826,(anonymous_57)
FN:830,(anonymous_58)
FN:841,(anonymous_59)
FN:874,(anonymous_60)
FN:875,(anonymous_61)
FN:878,(anonymous_62)
FN:888,StockAdjustModal
FN:902,(anonymous_64)
FN:903,(anonymous_65)
FN:920,(anonymous_66)
FN:995,(anonymous_67)
FN:1005,(anonymous_68)
FN:1015,(anonymous_69)
FN:1025,(anonymous_70)
FN:1043,(anonymous_71)
FN:1061,(anonymous_72)
FN:1080,(anonymous_73)
FN:1093,(anonymous_74)
FN:1099,(anonymous_75)
FN:1106,(anonymous_76)
FN:1130,(anonymous_77)
FNF:78
FNH:49
FNDA:74,Inventory
FNDA:27,(anonymous_1)
FNDA:0,(anonymous_2)
FNDA:27,(anonymous_3)
FNDA:27,(anonymous_4)
FNDA:35,(anonymous_5)
FNDA:698,(anonymous_6)
FNDA:272,(anonymous_7)
FNDA:272,(anonymous_8)
FNDA:141,(anonymous_9)
FNDA:141,(anonymous_10)
FNDA:141,(anonymous_11)
FNDA:141,(anonymous_12)
FNDA:141,(anonymous_13)
FNDA:141,(anonymous_14)
FNDA:3,(anonymous_15)
FNDA:12,(anonymous_16)
FNDA:0,(anonymous_17)
FNDA:0,(anonymous_18)
FNDA:0,(anonymous_19)
FNDA:0,(anonymous_20)
FNDA:0,(anonymous_21)
FNDA:1,(anonymous_22)
FNDA:1,(anonymous_23)
FNDA:235,(anonymous_24)
FNDA:1,(anonymous_25)
FNDA:0,(anonymous_26)
FNDA:0,(anonymous_27)
FNDA:136,(anonymous_28)
FNDA:0,(anonymous_29)
FNDA:12,(anonymous_30)
FNDA:0,(anonymous_31)
FNDA:136,(anonymous_32)
FNDA:0,(anonymous_33)
FNDA:0,(anonymous_34)
FNDA:3,(anonymous_35)
FNDA:0,(anonymous_36)
FNDA:2,(anonymous_37)
FNDA:0,(anonymous_38)
FNDA:6,(anonymous_39)
FNDA:0,(anonymous_40)
FNDA:6,unitPriceTextFromItem
FNDA:7,ItemModal
FNDA:3,(anonymous_43)
FNDA:3,(anonymous_44)
FNDA:2,(anonymous_45)
FNDA:0,(anonymous_46)
FNDA:0,(anonymous_47)
FNDA:0,(anonymous_48)
FNDA:0,(anonymous_49)
FNDA:0,(anonymous_50)
FNDA:35,(anonymous_51)
FNDA:0,(anonymous_52)
FNDA:63,(anonymous_53)
FNDA:0,(anonymous_54)
FNDA:1,(anonymous_55)
FNDA:0,(anonymous_56)
FNDA:0,(anonymous_57)
FNDA:14,(anonymous_58)
FNDA:1,(anonymous_59)
FNDA:0,(anonymous_60)
FNDA:0,(anonymous_61)
FNDA:0,(anonymous_62)
FNDA:30,StockAdjustModal
FNDA:59,(anonymous_64)
FNDA:59,(anonymous_65)
FNDA:6,(anonymous_66)
FNDA:0,(anonymous_67)
FNDA:5,(anonymous_68)
FNDA:2,(anonymous_69)
FNDA:1,(anonymous_70)
FNDA:2,(anonymous_71)
FNDA:5,(anonymous_72)
FNDA:1,(anonymous_73)
FNDA:2,(anonymous_74)
FNDA:14,(anonymous_75)
FNDA:19,(anonymous_76)
FNDA:0,(anonymous_77)
DA:12,74
DA:13,74
DA:14,74
DA:15,74
DA:16,74
DA:17,74
DA:18,74
DA:19,74
DA:20,74
DA:21,74
DA:22,74
DA:24,74
DA:26,74
DA:27,27
DA:28,27
DA:29,27
DA:32,74
DA:33,0
DA:34,0
DA:35,0
DA:38,74
DA:39,27
DA:40,27
DA:41,27
DA:44,27
DA:46,0
DA:50,74
DA:51,27
DA:52,27
DA:53,27
DA:56,27
DA:58,0
DA:62,74
DA:63,35
DA:64,35
DA:65,35
DA:66,35
DA:69,35
DA:71,0
DA:72,0
DA:74,35
DA:78,74
DA:79,698
DA:80,466
DA:81,234
DA:84,74
DA:85,272
DA:90,272
DA:93,74
DA:94,272
DA:99,272
DA:102,74
DA:104,141
DA:105,3
DA:106,3
DA:107,3
DA:108,3
DA:109,2
DA:113,139
DA:114,2
DA:117,137
DA:118,3
DA:120,3
DA:121,1
DA:124,136
DA:125,0
DA:127,136
DA:131,74
DA:133,141
DA:134,141
DA:135,141
DA:136,141
DA:138,141
DA:143,74
DA:144,3
DA:145,3
DA:148,74
DA:149,12
DA:150,12
DA:153,74
DA:154,0
DA:155,0
DA:157,0
DA:159,0
DA:160,0
DA:161,0
DA:162,0
DA:166,0
DA:179,0
DA:182,74
DA:183,27
DA:191,47
DA:207,0
DA:215,0
DA:226,0
DA:247,0
DA:251,0
DA:281,1
DA:291,1
DA:296,235
DA:306,1
DA:317,0
DA:318,0
DA:319,0
DA:339,0
DA:350,0
DA:363,136
DA:364,136
DA:368,0
DA:398,12
DA:436,0
DA:466,136
DA:467,136
DA:471,0
DA:490,0
DA:522,3
DA:546,0
DA:547,0
DA:550,2
DA:551,2
DA:552,2
DA:563,0
DA:564,0
DA:567,6
DA:568,6
DA:569,6
DA:579,0
DA:606,6
DA:607,6
DA:608,6
DA:613,7
DA:614,7
DA:625,7
DA:627,7
DA:628,3
DA:631,7
DA:633,7
DA:634,2
DA:635,0
DA:636,0
DA:639,2
DA:640,2
DA:641,2
DA:642,2
DA:646,2
DA:647,0
DA:650,0
DA:652,2
DA:655,2
DA:657,2
DA:659,0
DA:660,0
DA:664,7
DA:691,0
DA:706,0
DA:713,0
DA:732,0
DA:745,0
DA:750,35
DA:760,0
DA:764,63
DA:778,0
DA:793,1
DA:813,0
DA:826,0
DA:831,14
DA:841,1
DA:875,0
DA:876,0
DA:878,0
DA:889,30
DA:890,30
DA:891,30
DA:892,30
DA:893,30
DA:894,30
DA:896,30
DA:897,30
DA:898,30
DA:899,30
DA:900,30
DA:901,30
DA:902,59
DA:903,59
DA:904,30
DA:906,30
DA:914,30
DA:920,30
DA:921,6
DA:922,0
DA:923,0
DA:925,6
DA:926,0
DA:927,0
DA:930,6
DA:931,0
DA:932,0
DA:935,6
DA:940,6
DA:941,2
DA:942,2
DA:943,2
DA:946,6
DA:947,6
DA:948,6
DA:952,6
DA:959,6
DA:960,6
DA:962,0
DA:963,0
DA:967,30
DA:995,0
DA:1005,5
DA:1015,2
DA:1025,1
DA:1043,2
DA:1061,5
DA:1080,1
DA:1093,2
DA:1100,14
DA:1107,19
DA:1130,0
LF:222
LH:158
BRDA:44,0,0,27
BRDA:44,0,1,0
BRDA:56,1,0,27
BRDA:56,1,1,0
BRDA:79,2,0,232
BRDA:79,2,1,466
BRDA:80,3,0,232
BRDA:80,3,1,234
BRDA:80,4,0,466
BRDA:80,4,1,232
BRDA:90,5,0,272
BRDA:90,5,1,0
BRDA:99,6,0,272
BRDA:99,6,1,0
BRDA:104,7,0,3
BRDA:104,7,1,138
BRDA:107,8,0,3
BRDA:107,8,1,3
BRDA:108,9,0,2
BRDA:108,9,1,1
BRDA:108,10,0,3
BRDA:108,10,1,2
BRDA:113,11,0,2
BRDA:113,11,1,137
BRDA:113,12,0,139
BRDA:113,12,1,3
BRDA:117,13,0,3
BRDA:117,13,1,134
BRDA:120,14,0,1
BRDA:120,14,1,2
BRDA:120,15,0,3
BRDA:120,15,1,2
BRDA:124,16,0,0
BRDA:124,16,1,136
BRDA:124,17,0,136
BRDA:124,17,1,0
BRDA:138,18,0,141
BRDA:138,18,1,0
BRDA:155,19,0,0
BRDA:155,19,1,0
BRDA:160,20,0,0
BRDA:160,20,1,0
BRDA:182,21,0,27
BRDA:182,21,1,47
BRDA:331,22,0,0
BRDA:331,22,1,47
BRDA:334,23,0,0
BRDA:334,23,1,0
BRDA:336,24,0,0
BRDA:336,24,1,0
BRDA:379,25,0,136
BRDA:379,25,1,136
BRDA:385,26,0,136
BRDA:385,26,1,136
BRDA:408,27,0,136
BRDA:408,27,1,0
BRDA:413,28,0,136
BRDA:413,28,1,0
BRDA:413,29,0,136
BRDA:413,29,1,0
BRDA:414,30,0,136
BRDA:414,30,1,0
BRDA:418,31,0,136
BRDA:418,31,1,91
BRDA:426,32,0,91
BRDA:426,32,1,45
BRDA:477,33,0,136
BRDA:477,33,1,0
BRDA:479,34,0,136
BRDA:479,34,1,136
BRDA:498,35,0,136
BRDA:498,35,1,0
BRDA:500,36,0,136
BRDA:500,36,1,0
BRDA:500,37,0,136
BRDA:500,37,1,0
BRDA:501,38,0,136
BRDA:501,38,1,0
BRDA:510,39,0,136
BRDA:510,39,1,45
BRDA:513,40,0,91
BRDA:513,40,1,45
BRDA:540,41,0,47
BRDA:540,41,1,3
BRDA:540,41,2,3
BRDA:558,42,0,47
BRDA:558,42,1,12
BRDA:558,42,2,12
BRDA:575,43,0,47
BRDA:575,43,1,0
BRDA:607,44,0,0
BRDA:607,44,1,6
BRDA:607,45,0,6
BRDA:607,45,1,6
BRDA:615,46,0,7
BRDA:615,46,1,0
BRDA:616,47,0,7
BRDA:616,47,1,0
BRDA:617,48,0,7
BRDA:617,48,1,0
BRDA:618,49,0,7
BRDA:618,49,1,0
BRDA:619,50,0,7
BRDA:619,50,1,0
BRDA:620,51,0,7
BRDA:620,51,1,0
BRDA:621,52,0,7
BRDA:621,52,1,0
BRDA:622,53,0,7
BRDA:622,53,1,0
BRDA:623,54,0,7
BRDA:623,54,1,0
BRDA:634,55,0,0
BRDA:634,55,1,2
BRDA:641,56,0,2
BRDA:641,56,1,0
BRDA:646,57,0,0
BRDA:646,57,1,2
BRDA:670,58,0,0
BRDA:670,58,1,7
BRDA:778,59,0,0
BRDA:778,59,1,0
BRDA:793,60,0,1
BRDA:793,60,1,0
BRDA:866,61,0,0
BRDA:866,61,1,7
BRDA:871,62,0,7
BRDA:871,62,1,0
BRDA:875,63,0,0
BRDA:875,63,1,0
BRDA:888,64,0,0
BRDA:890,65,0,30
BRDA:890,65,1,0
BRDA:896,66,0,30
BRDA:896,66,1,0
BRDA:898,67,0,30
BRDA:898,67,1,0
BRDA:904,68,0,30
BRDA:904,68,1,20
BRDA:904,68,2,16
BRDA:906,69,0,13
BRDA:906,69,1,17
BRDA:908,70,0,10
BRDA:908,70,1,7
BRDA:910,71,0,3
BRDA:910,71,1,4
BRDA:914,72,0,10
BRDA:914,72,1,20
BRDA:916,73,0,4
BRDA:916,73,1,16
BRDA:921,74,0,0
BRDA:921,74,1,6
BRDA:921,75,0,6
BRDA:921,75,1,5
BRDA:921,75,2,5
BRDA:925,76,0,0
BRDA:925,76,1,6
BRDA:925,77,0,6
BRDA:925,77,1,1
BRDA:925,77,2,1
BRDA:930,78,0,0
BRDA:930,78,1,6
BRDA:930,79,0,6
BRDA:930,79,1,1
BRDA:936,80,0,1
BRDA:936,80,1,5
BRDA:937,81,0,1
BRDA:937,81,1,5
BRDA:940,82,0,2
BRDA:940,82,1,4
BRDA:940,83,0,6
BRDA:940,83,1,2
BRDA:940,83,2,5
BRDA:952,84,0,1
BRDA:952,84,1,5
BRDA:954,85,0,3
BRDA:954,85,1,2
BRDA:956,86,0,1
BRDA:956,86,1,1
BRDA:963,87,0,0
BRDA:963,87,1,0
BRDA:1033,88,0,4
BRDA:1033,88,1,26
BRDA:1043,89,0,0
BRDA:1043,89,1,2
BRDA:1052,90,0,3
BRDA:1052,90,1,23
BRDA:1054,91,0,13
BRDA:1054,91,1,10
BRDA:1061,92,0,5
BRDA:1061,92,1,0
BRDA:1069,93,0,30
BRDA:1069,93,1,17
BRDA:1097,94,0,17
BRDA:1097,94,1,14
BRDA:1104,95,0,17
BRDA:1104,95,1,17
BRDA:1113,96,0,3
BRDA:1113,96,1,14
BRDA:1137,97,0,13
BRDA:1137,97,1,17
BRDA:1137,98,0,30
BRDA:1137,98,1,17
BRDA:1137,98,2,4
BRDA:1147,99,0,13
BRDA:1147,99,1,17
BRDA:1147,100,0,30
BRDA:1147,100,1,17
BRDA:1147,100,2,4
BRDA:1154,101,0,4
BRDA:1154,101,1,26
BRDA:1155,102,0,2
BRDA:1155,102,1,2
BRDA:1156,103,0,2
BRDA:1156,103,1,2
BRDA:1156,104,0,0
BRDA:1156,104,1,2
BRDA:1158,105,0,3
BRDA:1158,105,1,23
BRDA:1160,106,0,3
BRDA:1160,106,1,1
BRDA:1164,107,0,13
BRDA:1164,107,1,10
BRDA:1166,108,0,13
BRDA:1166,108,1,10
BRDA:1183,109,0,13
BRDA:1183,109,1,17
BRDA:1188,110,0,13
BRDA:1188,110,1,17
BRDA:1188,111,0,10
BRDA:1188,111,1,7
BRDA:1188,112,0,3
BRDA:1188,112,1,4
BRF:233
BRH:174
end_of_record
TN:
SF:src\components\Login.jsx
FN:13,Login
FN:23,(anonymous_1)
FN:46,(anonymous_2)
FN:47,(anonymous_3)
FN:49,(anonymous_4)
FN:86,(anonymous_5)
FN:132,(anonymous_6)
FN:154,(anonymous_7)
FN:209,(anonymous_8)
FN:224,(anonymous_9)
FN:239,(anonymous_10)
FN:250,(anonymous_11)
FN:257,(anonymous_12)
FN:264,(anonymous_13)
FN:271,(anonymous_14)
FN:277,(anonymous_15)
FN:283,(anonymous_16)
FN:290,(anonymous_17)
FN:298,(anonymous_18)
FN:307,(anonymous_19)
FN:339,(anonymous_20)
FN:354,(anonymous_21)
FN:366,(anonymous_22)
FN:373,(anonymous_23)
FN:396,(anonymous_24)
FN:403,(anonymous_25)
FN:410,(anonymous_26)
FN:417,(anonymous_27)
FNF:28
FNH:23
FNDA:573,Login
FNDA:28,(anonymous_1)
FNDA:12,(anonymous_2)
FNDA:2,(anonymous_3)
FNDA:8,(anonymous_4)
FNDA:8,(anonymous_5)
FNDA:1,(anonymous_6)
FNDA:1,(anonymous_7)
FNDA:13,(anonymous_8)
FNDA:7,(anonymous_9)
FNDA:1,(anonymous_10)
FNDA:4,(anonymous_11)
FNDA:16,(anonymous_12)
FNDA:10,(anonymous_13)
FNDA:0,(anonymous_14)
FNDA:0,(anonymous_15)
FNDA:0,(anonymous_16)
FNDA:8,(anonymous_17)
FNDA:0,(anonymous_18)
FNDA:22,(anonymous_19)
FNDA:97,(anonymous_20)
FNDA:83,(anonymous_21)
FNDA:12,(anonymous_22)
FNDA:0,(anonymous_23)
FNDA:42,(anonymous_24)
FNDA:91,(anonymous_25)
FNDA:62,(anonymous_26)
FNDA:63,(anonymous_27)
DA:14,573
DA:15,573
DA:16,573
DA:17,573
DA:19,573
DA:20,573
DA:21,573
DA:23,573
DA:24,28
DA:25,0
DA:26,0
DA:30,573
DA:31,573
DA:32,573
DA:33,573
DA:35,573
DA:36,573
DA:37,573
DA:38,573
DA:39,573
DA:40,573
DA:41,573
DA:42,573
DA:43,573
DA:44,573
DA:46,573
DA:47,573
DA:49,573
DA:50,8
DA:51,8
DA:52,2
DA:53,2
DA:54,2
DA:55,2
DA:58,6
DA:59,3
DA:60,1
DA:63,2
DA:64,1
DA:66,1
DA:68,3
DA:69,1
DA:70,2
DA:71,1
DA:72,1
DA:73,1
DA:75,0
DA:77,6
DA:86,573
DA:87,8
DA:88,1
DA:89,1
DA:91,7
DA:92,1
DA:93,1
DA:95,6
DA:96,1
DA:97,1
DA:99,5
DA:100,1
DA:101,1
DA:104,4
DA:105,4
DA:111,2
DA:112,2
DA:113,2
DA:114,2
DA:115,2
DA:117,2
DA:118,1
DA:120,1
DA:123,2
DA:124,1
DA:126,1
DA:128,2
DA:132,573
DA:133,1
DA:134,1
DA:138,1
DA:139,1
DA:140,1
DA:141,1
DA:143,0
DA:144,0
DA:145,0
DA:147,0
DA:148,0
DA:149,0
DA:150,0
DA:154,573
DA:155,1
DA:156,0
DA:157,0
DA:159,1
DA:160,0
DA:161,0
DA:163,1
DA:164,1
DA:173,1
DA:174,1
DA:175,1
DA:176,1
DA:178,0
DA:182,573
DA:209,13
DA:224,7
DA:239,1
DA:250,4
DA:257,16
DA:264,10
DA:271,0
DA:277,0
DA:283,0
DA:290,8
DA:298,0
DA:308,22
DA:309,22
DA:339,97
DA:354,83
DA:366,12
DA:374,0
DA:375,0
DA:376,0
DA:396,42
DA:403,91
DA:410,62
DA:417,63
LF:127
LH:105
BRDA:24,0,0,0
BRDA:24,0,1,28
BRDA:53,1,0,2
BRDA:53,1,1,0
BRDA:56,2,0,1
BRDA:56,2,1,1
BRDA:58,3,0,3
BRDA:58,3,1,3
BRDA:59,4,0,1
BRDA:59,4,1,2
BRDA:59,5,0,3
BRDA:59,5,1,2
BRDA:63,6,0,1
BRDA:63,6,1,1
BRDA:68,7,0,1
BRDA:68,7,1,2
BRDA:70,8,0,1
BRDA:70,8,1,1
BRDA:71,9,0,1
BRDA:71,9,1,0
BRDA:72,10,0,1
BRDA:72,10,1,0
BRDA:75,11,0,0
BRDA:75,11,1,0
BRDA:87,12,0,1
BRDA:87,12,1,7
BRDA:87,13,0,8
BRDA:87,13,1,7
BRDA:87,13,2,7
BRDA:91,14,0,1
BRDA:91,14,1,6
BRDA:95,15,0,1
BRDA:95,15,1,5
BRDA:99,16,0,1
BRDA:99,16,1,4
BRDA:117,17,0,1
BRDA:117,17,1,1
BRDA:123,18,0,1
BRDA:123,18,1,1
BRDA:126,19,0,1
BRDA:126,19,1,0
BRDA:139,20,0,1
BRDA:139,20,1,0
BRDA:143,21,0,0
BRDA:143,21,1,0
BRDA:147,22,0,0
BRDA:147,22,1,0
BRDA:148,23,0,0
BRDA:148,23,1,0
BRDA:149,24,0,0
BRDA:149,24,1,0
BRDA:150,25,0,0
BRDA:150,25,1,0
BRDA:155,26,0,0
BRDA:155,26,1,1
BRDA:155,27,0,1
BRDA:155,27,1,1
BRDA:155,27,2,1
BRDA:155,27,3,1
BRDA:159,28,0,0
BRDA:159,28,1,1
BRDA:169,29,0,1
BRDA:169,29,1,1
BRDA:170,30,0,1
BRDA:170,30,1,1
BRDA:178,31,0,0
BRDA:178,31,1,0
BRDA:185,32,0,486
BRDA:185,32,1,87
BRDA:185,33,0,39
BRDA:185,33,1,48
BRDA:187,34,0,486
BRDA:187,34,1,87
BRDA:195,35,0,573
BRDA:195,35,1,87
BRDA:197,36,0,48
BRDA:197,36,1,39
BRDA:318,37,0,573
BRDA:318,37,1,486
BRDA:320,38,0,486
BRDA:320,38,1,0
BRDA:369,39,0,274
BRDA:369,39,1,212
BRDA:385,40,0,573
BRDA:385,40,1,486
BRDA:385,40,2,274
BRF:86
BRH:63
end_of_record
TN:
SF:src\components\MarketingHome.jsx
FN:135,MarketingHome
FN:286,(anonymous_1)
FN:356,(anonymous_2)
FN:422,(anonymous_3)
FNF:4
FNH:4
FNDA:5,MarketingHome
FNDA:20,(anonymous_1)
FNDA:15,(anonymous_2)
FNDA:20,(anonymous_3)
DA:17,1
DA:115,1
DA:137,5
DA:288,20
DA:358,15
DA:424,20
LF:6
LH:6
BRF:0
BRH:0
end_of_record
TN:
SF:src\components\MobileNav.jsx
FN:4,MobileNav
FN:19,(anonymous_1)
FN:38,(anonymous_2)
FN:61,(anonymous_3)
FN:68,(anonymous_4)
FN:72,(anonymous_5)
FN:84,(anonymous_6)
FNF:7
FNH:7
FNDA:52,MobileNav
FNDA:120,(anonymous_1)
FNDA:15,(anonymous_2)
FNDA:1,(anonymous_3)
FNDA:120,(anonymous_4)
FNDA:2,(anonymous_5)
FNDA:1,(anonymous_6)
DA:5,52
DA:6,52
DA:8,52
DA:19,52
DA:20,120
DA:21,113
DA:22,109
DA:25,52
DA:38,15
DA:61,1
DA:69,120
DA:72,2
DA:85,1
DA:86,1
DA:87,1
LF:15
LH:15
BRDA:20,0,0,7
BRDA:20,0,1,113
BRDA:20,1,0,120
BRDA:20,1,1,15
BRDA:21,2,0,4
BRDA:21,2,1,109
BRDA:21,3,0,113
BRDA:21,3,1,105
BRDA:43,4,0,15
BRDA:43,4,1,37
BRDA:56,5,0,52
BRDA:56,5,1,15
BRDA:74,6,0,11
BRDA:74,6,1,109
BRF:14
BRH:14
end_of_record
TN:
SF:src\components\ProjectDetails.jsx
FN:37,extractDocxPlainText
FN:45,(anonymous_1)
FN:46,(anonymous_2)
FN:56,classifyContractLine
FN:72,getLastIssuedQuoteFromNotes
FN:87,layoutBidPdfHeader
FN:117,(anonymous_6)
FN:122,(anonymous_7)
FN:134,ProjectDetails
FN:181,(anonymous_9)
FN:210,(anonymous_10)
FN:212,(anonymous_11)
FN:218,(anonymous_12)
FN:226,(anonymous_13)
FN:227,(anonymous_14)
FN:241,(anonymous_15)
FN:256,(anonymous_16)
FN:261,(anonymous_17)
FN:267,(anonymous_18)
FN:285,(anonymous_19)
FN:303,(anonymous_20)
FN:322,(anonymous_21)
FN:341,(anonymous_22)
FN:359,(anonymous_23)
FN:374,(anonymous_24)
FN:397,(anonymous_25)
FN:430,(anonymous_26)
FN:462,(anonymous_27)
FN:463,(anonymous_28)
FN:468,(anonymous_29)
FN:476,(anonymous_30)
FN:486,(anonymous_31)
FN:487,(anonymous_32)
FN:505,(anonymous_33)
FN:519,(anonymous_34)
FN:530,(anonymous_35)
FN:535,(anonymous_36)
FN:536,(anonymous_37)
FN:547,(anonymous_38)
FN:583,(anonymous_39)
FN:597,(anonymous_40)
FN:603,(anonymous_41)
FN:610,(anonymous_42)
FN:616,(anonymous_43)
FN:620,(anonymous_44)
FN:623,(anonymous_45)
FN:635,(anonymous_46)
FN:635,(anonymous_47)
FN:637,(anonymous_48)
FN:638,(anonymous_49)
FN:642,(anonymous_50)
FN:655,(anonymous_51)
FN:710,(anonymous_52)
FN:740,(anonymous_53)
FN:769,(anonymous_54)
FN:788,(anonymous_55)
FN:865,(anonymous_56)
FN:867,(anonymous_57)
FN:884,(anonymous_58)
FN:953,(anonymous_59)
FN:977,(anonymous_60)
FN:994,(anonymous_61)
FN:1006,(anonymous_62)
FN:1091,(anonymous_63)
FN:1115,(anonymous_64)
FN:1120,(anonymous_65)
FN:1125,(anonymous_66)
FN:1146,(anonymous_67)
FN:1162,(anonymous_68)
FN:1174,(anonymous_69)
FN:1185,(anonymous_70)
FN:1195,(anonymous_71)
FN:1243,(anonymous_72)
FN:1261,(anonymous_73)
FN:1343,(anonymous_74)
FN:1353,(anonymous_75)
FN:1360,(anonymous_76)
FN:1370,(anonymous_77)
FN:1391,(anonymous_78)
FN:1394,(anonymous_79)
FN:1415,(anonymous_80)
FN:1489,(anonymous_81)
FN:1505,(anonymous_82)
FN:1520,(anonymous_83)
FN:1537,(anonymous_84)
FN:1553,(anonymous_85)
FN:1584,(anonymous_86)
FN:1592,(anonymous_87)
FN:1602,(anonymous_88)
FN:1611,(anonymous_89)
FN:1620,(anonymous_90)
FN:1628,(anonymous_91)
FN:1635,(anonymous_92)
FN:1649,(anonymous_93)
FN:1670,(anonymous_94)
FN:1694,(anonymous_95)
FN:1701,(anonymous_96)
FN:1708,(anonymous_97)
FN:1724,(anonymous_98)
FN:1731,(anonymous_99)
FN:1747,(anonymous_100)
FN:1784,(anonymous_101)
FN:1788,(anonymous_102)
FN:1810,(anonymous_103)
FN:1821,(anonymous_104)
FN:1832,(anonymous_105)
FN:1843,(anonymous_106)
FN:1863,(anonymous_107)
FN:1878,(anonymous_108)
FN:1888,(anonymous_109)
FN:1896,(anonymous_110)
FN:1899,(anonymous_111)
FN:1908,(anonymous_112)
FN:1925,(anonymous_113)
FN:1927,(anonymous_114)
FN:1940,(anonymous_115)
FN:1950,(anonymous_116)
FN:1961,(anonymous_117)
FN:1969,(anonymous_118)
FN:1972,(anonymous_119)
FN:1974,(anonymous_120)
FN:1992,(anonymous_121)
FN:2000,(anonymous_122)
FN:2006,(anonymous_123)
FN:2026,(anonymous_124)
FN:2033,(anonymous_125)
FN:2054,(anonymous_126)
FNF:127
FNH:93
FNDA:1,extractDocxPlainText
FNDA:0,(anonymous_1)
FNDA:0,(anonymous_2)
FNDA:1,classifyContractLine
FNDA:16,getLastIssuedQuoteFromNotes
FNDA:16,layoutBidPdfHeader
FNDA:16,(anonymous_6)
FNDA:16,(anonymous_7)
FNDA:193,ProjectDetails
FNDA:72,(anonymous_9)
FNDA:68,(anonymous_10)
FNDA:68,(anonymous_11)
FNDA:1,(anonymous_12)
FNDA:0,(anonymous_13)
FNDA:0,(anonymous_14)
FNDA:0,(anonymous_15)
FNDA:49,(anonymous_16)
FNDA:96,(anonymous_17)
FNDA:1,(anonymous_18)
FNDA:0,(anonymous_19)
FNDA:1,(anonymous_20)
FNDA:1,(anonymous_21)
FNDA:0,(anonymous_22)
FNDA:0,(anonymous_23)
FNDA:2,(anonymous_24)
FNDA:0,(anonymous_25)
FNDA:1,(anonymous_26)
FNDA:1,(anonymous_27)
FNDA:1,(anonymous_28)
FNDA:1,(anonymous_29)
FNDA:1,(anonymous_30)
FNDA:1,(anonymous_31)
FNDA:1,(anonymous_32)
FNDA:0,(anonymous_33)
FNDA:1,(anonymous_34)
FNDA:1,(anonymous_35)
FNDA:1,(anonymous_36)
FNDA:1,(anonymous_37)
FNDA:1,(anonymous_38)
FNDA:1,(anonymous_39)
FNDA:304,(anonymous_40)
FNDA:304,(anonymous_41)
FNDA:193,(anonymous_42)
FNDA:193,(anonymous_43)
FNDA:193,(anonymous_44)
FNDA:193,(anonymous_45)
FNDA:16,(anonymous_46)
FNDA:16,(anonymous_47)
FNDA:3,(anonymous_48)
FNDA:13,(anonymous_49)
FNDA:14,(anonymous_50)
FNDA:457,(anonymous_51)
FNDA:2,(anonymous_52)
FNDA:17,(anonymous_53)
FNDA:78,(anonymous_54)
FNDA:78,(anonymous_55)
FNDA:42,(anonymous_56)
FNDA:42,(anonymous_57)
FNDA:14,(anonymous_58)
FNDA:1,(anonymous_59)
FNDA:1,(anonymous_60)
FNDA:2,(anonymous_61)
FNDA:14,(anonymous_62)
FNDA:0,(anonymous_63)
FNDA:1,(anonymous_64)
FNDA:1,(anonymous_65)
FNDA:1,(anonymous_66)
FNDA:1,(anonymous_67)
FNDA:0,(anonymous_68)
FNDA:1,(anonymous_69)
FNDA:0,(anonymous_70)
FNDA:1,(anonymous_71)
FNDA:0,(anonymous_72)
FNDA:0,(anonymous_73)
FNDA:0,(anonymous_74)
FNDA:14,(anonymous_75)
FNDA:80,(anonymous_76)
FNDA:1,(anonymous_77)
FNDA:0,(anonymous_78)
FNDA:48,(anonymous_79)
FNDA:124,(anonymous_80)
FNDA:4,(anonymous_81)
FNDA:0,(anonymous_82)
FNDA:3,(anonymous_83)
FNDA:4,(anonymous_84)
FNDA:0,(anonymous_85)
FNDA:304,(anonymous_86)
FNDA:0,(anonymous_87)
FNDA:2,(anonymous_88)
FNDA:3,(anonymous_89)
FNDA:0,(anonymous_90)
FNDA:0,(anonymous_91)
FNDA:1,(anonymous_92)
FNDA:0,(anonymous_93)
FNDA:1,(anonymous_94)
FNDA:1,(anonymous_95)
FNDA:1,(anonymous_96)
FNDA:0,(anonymous_97)
FNDA:12,(anonymous_98)
FNDA:2,(anonymous_99)
FNDA:1,(anonymous_100)
FNDA:1,(anonymous_101)
FNDA:4,(anonymous_102)
FNDA:6,(anonymous_103)
FNDA:3,(anonymous_104)
FNDA:3,(anonymous_105)
FNDA:2,(anonymous_106)
FNDA:0,(anonymous_107)
FNDA:0,(anonymous_108)
FNDA:0,(anonymous_109)
FNDA:0,(anonymous_110)
FNDA:1120,(anonymous_111)
FNDA:0,(anonymous_112)
FNDA:0,(anonymous_113)
FNDA:0,(anonymous_114)
FNDA:0,(anonymous_115)
FNDA:1,(anonymous_116)
FNDA:2,(anonymous_117)
FNDA:0,(anonymous_118)
FNDA:560,(anonymous_119)
FNDA:1400,(anonymous_120)
FNDA:25,(anonymous_121)
FNDA:18,(anonymous_122)
FNDA:1,(anonymous_123)
FNDA:1,(anonymous_124)
FNDA:1,(anonymous_125)
FNDA:0,(anonymous_126)
DA:25,1
DA:35,1
DA:38,1
DA:39,1
DA:40,1
DA:41,1
DA:42,0
DA:43,0
DA:44,0
DA:46,0
DA:47,0
DA:51,0
DA:52,0
DA:57,1
DA:58,1
DA:59,1
DA:60,1
DA:61,1
DA:67,0
DA:69,1
DA:73,16
DA:74,16
DA:75,3
DA:76,3
DA:77,3
DA:78,3
DA:79,3
DA:80,3
DA:81,3
DA:84,13
DA:88,16
DA:89,16
DA:90,16
DA:91,16
DA:93,16
DA:94,3
DA:95,3
DA:96,3
DA:97,3
DA:98,3
DA:99,3
DA:102,16
DA:103,16
DA:104,16
DA:106,16
DA:107,16
DA:108,16
DA:109,16
DA:110,16
DA:111,16
DA:112,16
DA:113,16
DA:114,16
DA:115,16
DA:116,16
DA:117,16
DA:118,16
DA:119,16
DA:121,16
DA:122,16
DA:123,16
DA:124,16
DA:126,16
DA:127,16
DA:129,16
DA:130,16
DA:131,16
DA:135,193
DA:136,193
DA:137,193
DA:138,193
DA:139,193
DA:140,193
DA:141,193
DA:142,193
DA:143,193
DA:144,193
DA:145,193
DA:146,193
DA:147,193
DA:148,193
DA:149,193
DA:150,193
DA:151,193
DA:152,193
DA:153,193
DA:154,193
DA:155,193
DA:156,193
DA:157,193
DA:158,193
DA:164,193
DA:165,193
DA:166,193
DA:173,193
DA:181,193
DA:182,72
DA:183,72
DA:184,72
DA:185,72
DA:186,72
DA:187,1
DA:188,1
DA:192,71
DA:193,71
DA:195,71
DA:199,69
DA:202,69
DA:203,1
DA:204,1
DA:205,1
DA:209,68
DA:210,68
DA:212,68
DA:214,68
DA:217,68
DA:218,1
DA:219,1
DA:220,1
DA:222,67
DA:223,67
DA:224,67
DA:225,67
DA:226,0
DA:227,0
DA:229,67
DA:230,67
DA:233,1
DA:234,1
DA:235,0
DA:236,0
DA:237,0
DA:238,1
DA:239,0
DA:240,0
DA:241,0
DA:242,0
DA:244,0
DA:246,1
DA:247,0
DA:249,1
DA:252,71
DA:256,193
DA:257,49
DA:261,193
DA:262,96
DA:263,1
DA:267,193
DA:268,1
DA:269,0
DA:270,0
DA:272,1
DA:273,1
DA:277,1
DA:278,1
DA:280,0
DA:281,0
DA:285,193
DA:286,0
DA:287,0
DA:288,0
DA:290,0
DA:291,0
DA:295,0
DA:296,0
DA:298,0
DA:299,0
DA:303,193
DA:304,1
DA:305,0
DA:306,0
DA:308,1
DA:309,1
DA:314,1
DA:315,1
DA:317,0
DA:318,0
DA:322,193
DA:323,1
DA:324,0
DA:325,0
DA:327,1
DA:328,1
DA:333,1
DA:334,1
DA:336,0
DA:337,0
DA:341,193
DA:342,0
DA:343,0
DA:344,0
DA:346,0
DA:347,0
DA:351,0
DA:352,0
DA:354,0
DA:355,0
DA:359,193
DA:360,0
DA:361,0
DA:362,0
DA:366,0
DA:368,0
DA:369,0
DA:374,193
DA:375,2
DA:376,0
DA:377,0
DA:379,2
DA:380,2
DA:389,2
DA:390,2
DA:392,0
DA:393,0
DA:397,193
DA:398,0
DA:399,0
DA:400,0
DA:402,0
DA:403,0
DA:416,0
DA:423,0
DA:425,0
DA:426,0
DA:430,193
DA:431,1
DA:432,0
DA:433,0
DA:435,1
DA:436,1
DA:444,1
DA:445,1
DA:448,1
DA:455,1
DA:457,0
DA:458,0
DA:462,193
DA:463,1
DA:464,1
DA:465,1
DA:468,1
DA:476,193
DA:477,1
DA:478,1
DA:479,1
DA:480,1
DA:481,1
DA:482,1
DA:485,1
DA:486,1
DA:487,1
DA:496,1
DA:498,0
DA:499,0
DA:501,1
DA:505,193
DA:506,0
DA:507,0
DA:508,0
DA:511,0
DA:513,0
DA:514,0
DA:519,193
DA:520,1
DA:521,1
DA:530,193
DA:531,1
DA:532,1
DA:535,193
DA:536,1
DA:537,1
DA:538,1
DA:539,0
DA:541,1
DA:543,1
DA:547,193
DA:548,1
DA:549,0
DA:550,0
DA:553,1
DA:554,1
DA:555,1
DA:557,1
DA:558,0
DA:559,0
DA:562,1
DA:563,1
DA:575,1
DA:576,1
DA:578,0
DA:579,0
DA:583,193
DA:584,1
DA:585,1
DA:590,1
DA:592,0
DA:593,0
DA:597,193
DA:598,304
DA:599,304
DA:600,304
DA:601,304
DA:603,193
DA:604,304
DA:605,303
DA:606,303
DA:607,303
DA:608,303
DA:610,193
DA:611,193
DA:612,193
DA:613,193
DA:615,193
DA:616,193
DA:617,193
DA:618,193
DA:620,193
DA:621,193
DA:623,193
DA:624,193
DA:625,193
DA:626,193
DA:628,193
DA:635,193
DA:636,16
DA:637,16
DA:638,16
DA:639,16
DA:642,193
DA:643,14
DA:644,14
DA:645,14
DA:646,14
DA:647,14
DA:648,14
DA:649,14
DA:650,14
DA:651,14
DA:653,14
DA:654,14
DA:655,14
DA:656,457
DA:657,13
DA:658,13
DA:663,14
DA:664,14
DA:667,14
DA:669,12
DA:670,12
DA:675,12
DA:677,0
DA:680,14
DA:681,14
DA:682,14
DA:683,14
DA:684,14
DA:685,14
DA:687,14
DA:688,14
DA:689,14
DA:690,14
DA:691,14
DA:693,14
DA:694,14
DA:695,14
DA:696,14
DA:697,14
DA:698,14
DA:699,14
DA:700,14
DA:701,14
DA:702,14
DA:703,14
DA:704,2
DA:705,2
DA:706,2
DA:707,2
DA:708,2
DA:709,2
DA:710,2
DA:711,2
DA:712,2
DA:713,2
DA:715,2
DA:718,14
DA:719,14
DA:720,14
DA:721,14
DA:722,14
DA:724,14
DA:725,14
DA:726,14
DA:727,14
DA:728,14
DA:729,14
DA:730,14
DA:731,14
DA:732,14
DA:733,14
DA:734,14
DA:735,14
DA:736,14
DA:737,14
DA:738,14
DA:740,14
DA:741,17
DA:743,17
DA:744,17
DA:745,17
DA:746,17
DA:747,17
DA:748,17
DA:749,17
DA:750,17
DA:751,17
DA:752,17
DA:753,17
DA:754,17
DA:755,17
DA:757,14
DA:759,14
DA:760,0
DA:761,0
DA:762,0
DA:763,0
DA:764,0
DA:765,0
DA:766,0
DA:767,0
DA:769,14
DA:770,78
DA:771,78
DA:772,78
DA:773,78
DA:774,3
DA:775,3
DA:776,3
DA:779,78
DA:780,46
DA:781,46
DA:783,78
DA:784,78
DA:785,78
DA:787,78
DA:788,78
DA:789,78
DA:791,78
DA:792,78
DA:796,14
DA:797,14
DA:798,14
DA:799,14
DA:800,14
DA:801,14
DA:802,14
DA:803,14
DA:804,14
DA:805,14
DA:806,14
DA:807,14
DA:808,14
DA:809,14
DA:810,14
DA:811,14
DA:812,14
DA:813,14
DA:814,14
DA:815,14
DA:816,14
DA:817,14
DA:818,14
DA:819,14
DA:820,14
DA:821,14
DA:822,14
DA:823,14
DA:824,14
DA:825,14
DA:826,14
DA:827,14
DA:828,14
DA:829,14
DA:830,14
DA:831,14
DA:832,14
DA:833,14
DA:834,14
DA:835,14
DA:836,14
DA:837,14
DA:838,14
DA:839,14
DA:840,14
DA:841,14
DA:842,14
DA:843,14
DA:844,14
DA:845,14
DA:846,14
DA:847,14
DA:848,14
DA:849,14
DA:850,14
DA:851,14
DA:852,14
DA:854,14
DA:855,14
DA:856,14
DA:857,14
DA:858,14
DA:860,14
DA:865,14
DA:866,42
DA:867,42
DA:868,42
DA:869,42
DA:870,42
DA:872,42
DA:874,14
DA:876,14
DA:877,14
DA:878,14
DA:879,14
DA:880,14
DA:881,14
DA:882,14
DA:883,14
DA:884,14
DA:885,14
DA:886,14
DA:887,14
DA:889,14
DA:891,14
DA:892,14
DA:893,14
DA:894,14
DA:895,14
DA:896,14
DA:897,14
DA:898,14
DA:899,14
DA:900,14
DA:901,14
DA:902,14
DA:903,14
DA:904,14
DA:905,14
DA:906,14
DA:908,14
DA:909,1
DA:910,1
DA:911,1
DA:912,1
DA:913,1
DA:914,1
DA:916,0
DA:919,0
DA:922,1
DA:923,1
DA:926,1
DA:927,1
DA:928,1
DA:929,1
DA:930,1
DA:931,1
DA:932,1
DA:933,1
DA:934,1
DA:935,1
DA:936,1
DA:937,1
DA:938,1
DA:939,1
DA:940,1
DA:942,1
DA:943,1
DA:944,1
DA:945,1
DA:946,1
DA:947,1
DA:949,1
DA:953,1
DA:954,1
DA:955,1
DA:956,0
DA:957,0
DA:960,1
DA:961,0
DA:962,0
DA:963,0
DA:964,0
DA:965,0
DA:966,0
DA:967,0
DA:968,0
DA:971,1
DA:974,1
DA:975,1
DA:976,1
DA:977,1
DA:978,1
DA:979,1
DA:980,1
DA:982,1
DA:986,14
DA:987,14
DA:988,14
DA:994,193
DA:995,2
DA:996,2
DA:997,2
DA:998,2
DA:999,2
DA:1000,2
DA:1001,2
DA:1002,2
DA:1004,2
DA:1005,2
DA:1006,2
DA:1007,14
DA:1008,0
DA:1009,0
DA:1014,2
DA:1015,2
DA:1016,2
DA:1017,2
DA:1018,2
DA:1019,2
DA:1020,2
DA:1021,2
DA:1023,2
DA:1024,2
DA:1025,2
DA:1026,2
DA:1028,2
DA:1029,2
DA:1030,2
DA:1031,2
DA:1032,2
DA:1033,2
DA:1034,2
DA:1035,2
DA:1036,2
DA:1038,2
DA:1039,2
DA:1040,2
DA:1041,2
DA:1046,2
DA:1047,2
DA:1052,2
DA:1053,2
DA:1058,2
DA:1059,2
DA:1064,2
DA:1065,2
DA:1066,2
DA:1071,2
DA:1072,2
DA:1073,2
DA:1074,2
DA:1075,2
DA:1076,2
DA:1077,2
DA:1079,2
DA:1080,2
DA:1081,2
DA:1082,2
DA:1083,2
DA:1084,2
DA:1086,2
DA:1087,2
DA:1088,2
DA:1091,193
DA:1092,0
DA:1093,0
DA:1094,0
DA:1095,0
DA:1097,0
DA:1098,0
DA:1103,0
DA:1104,0
DA:1106,0
DA:1107,0
DA:1108,0
DA:1111,0
DA:1115,193
DA:1116,1
DA:1117,1
DA:1120,193
DA:1121,1
DA:1122,1
DA:1125,193
DA:1126,1
DA:1127,1
DA:1128,0
DA:1129,0
DA:1132,1
DA:1133,1
DA:1138,1
DA:1139,1
DA:1141,0
DA:1142,0
DA:1146,193
DA:1147,1
DA:1148,1
DA:1152,1
DA:1153,0
DA:1155,1
DA:1157,0
DA:1158,0
DA:1162,193
DA:1163,0
DA:1164,0
DA:1165,0
DA:1166,0
DA:1168,0
DA:1169,0
DA:1174,193
DA:1175,1
DA:1176,1
DA:1182,1
DA:1185,193
DA:1186,0
DA:1187,0
DA:1195,193
DA:1196,1
DA:1197,0
DA:1198,0
DA:1200,1
DA:1201,1
DA:1217,1
DA:1218,1
DA:1220,0
DA:1221,0
DA:1225,193
DA:1226,49
DA:1234,144
DA:1235,4
DA:1243,0
DA:1252,140
DA:1253,0
DA:1261,0
DA:1270,140
DA:1271,140
DA:1273,140
DA:1343,0
DA:1353,14
DA:1361,80
DA:1371,1
DA:1391,0
DA:1395,48
DA:1415,124
DA:1489,4
DA:1505,0
DA:1520,3
DA:1537,4
DA:1553,0
DA:1585,304
DA:1592,0
DA:1602,2
DA:1611,3
DA:1620,0
DA:1628,0
DA:1635,1
DA:1649,0
DA:1670,1
DA:1694,1
DA:1701,1
DA:1708,0
DA:1724,12
DA:1731,2
DA:1747,1
DA:1784,1
DA:1789,4
DA:1810,6
DA:1821,3
DA:1832,3
DA:1843,2
DA:1864,0
DA:1878,0
DA:1888,0
DA:1896,0
DA:1900,1120
DA:1908,0
DA:1926,0
DA:1927,0
DA:1940,0
DA:1950,1
DA:1961,2
DA:1969,0
DA:1973,560
DA:1974,1400
DA:1993,25
DA:2000,18
DA:2006,1
DA:2026,1
DA:2033,1
DA:2054,0
LF:798
LH:633
BRDA:41,0,0,1
BRDA:41,0,1,0
BRDA:43,1,0,0
BRDA:43,1,1,0
BRDA:46,2,0,0
BRDA:46,2,1,0
BRDA:57,3,0,1
BRDA:57,3,1,0
BRDA:58,4,0,0
BRDA:58,4,1,1
BRDA:59,5,0,0
BRDA:59,5,1,1
BRDA:60,6,0,0
BRDA:60,6,1,1
BRDA:61,7,0,0
BRDA:61,7,1,1
BRDA:62,8,0,1
BRDA:62,8,1,1
BRDA:62,8,2,1
BRDA:62,8,3,0
BRDA:72,9,0,13
BRDA:73,10,0,0
BRDA:73,10,1,16
BRDA:76,11,0,0
BRDA:76,11,1,3
BRDA:77,12,0,0
BRDA:77,12,1,3
BRDA:79,13,0,3
BRDA:79,13,1,0
BRDA:81,14,0,3
BRDA:81,14,1,0
BRDA:93,15,0,3
BRDA:93,15,1,13
BRDA:93,16,0,16
BRDA:93,16,1,3
BRDA:186,17,0,1
BRDA:186,17,1,71
BRDA:202,18,0,1
BRDA:202,18,1,68
BRDA:202,19,0,69
BRDA:202,19,1,68
BRDA:214,20,0,68
BRDA:214,20,1,1
BRDA:217,21,0,1
BRDA:217,21,1,67
BRDA:223,22,0,67
BRDA:223,22,1,58
BRDA:223,23,0,67
BRDA:223,23,1,58
BRDA:229,24,0,3
BRDA:229,24,1,64
BRDA:230,25,0,4
BRDA:230,25,1,63
BRDA:234,26,0,0
BRDA:234,26,1,1
BRDA:238,27,0,0
BRDA:238,27,1,1
BRDA:240,28,0,0
BRDA:240,28,1,0
BRDA:246,29,0,0
BRDA:246,29,1,1
BRDA:249,30,0,1
BRDA:249,30,1,1
BRDA:249,30,2,1
BRDA:262,31,0,1
BRDA:262,31,1,95
BRDA:262,32,0,96
BRDA:262,32,1,47
BRDA:268,33,0,0
BRDA:268,33,1,1
BRDA:268,34,0,1
BRDA:268,34,1,1
BRDA:281,35,0,0
BRDA:281,35,1,0
BRDA:286,36,0,0
BRDA:286,36,1,0
BRDA:286,37,0,0
BRDA:286,37,1,0
BRDA:299,38,0,0
BRDA:299,38,1,0
BRDA:304,39,0,0
BRDA:304,39,1,1
BRDA:304,40,0,1
BRDA:304,40,1,1
BRDA:318,41,0,0
BRDA:318,41,1,0
BRDA:323,42,0,0
BRDA:323,42,1,1
BRDA:323,43,0,1
BRDA:323,43,1,1
BRDA:337,44,0,0
BRDA:337,44,1,0
BRDA:342,45,0,0
BRDA:342,45,1,0
BRDA:355,46,0,0
BRDA:355,46,1,0
BRDA:360,47,0,0
BRDA:360,47,1,0
BRDA:369,48,0,0
BRDA:369,48,1,0
BRDA:375,49,0,0
BRDA:375,49,1,2
BRDA:375,50,0,2
BRDA:375,50,1,2
BRDA:375,50,2,2
BRDA:385,51,0,2
BRDA:385,51,1,1
BRDA:393,52,0,0
BRDA:393,52,1,0
BRDA:398,53,0,0
BRDA:398,53,1,0
BRDA:426,54,0,0
BRDA:426,54,1,0
BRDA:431,55,0,0
BRDA:431,55,1,1
BRDA:444,56,0,1
BRDA:444,56,1,0
BRDA:458,57,0,0
BRDA:458,57,1,0
BRDA:464,58,0,0
BRDA:464,58,1,1
BRDA:465,59,0,1
BRDA:465,59,1,0
BRDA:471,60,0,0
BRDA:471,60,1,1
BRDA:471,61,0,1
BRDA:471,61,1,0
BRDA:477,62,0,0
BRDA:477,62,1,1
BRDA:477,63,0,1
BRDA:477,63,1,1
BRDA:481,64,0,0
BRDA:481,64,1,1
BRDA:485,65,0,0
BRDA:485,65,1,1
BRDA:485,66,0,1
BRDA:485,66,1,0
BRDA:487,67,0,1
BRDA:487,67,1,0
BRDA:488,68,0,1
BRDA:488,68,1,0
BRDA:488,68,2,0
BRDA:489,69,0,1
BRDA:489,69,1,0
BRDA:490,70,0,1
BRDA:490,70,1,0
BRDA:491,71,0,1
BRDA:491,71,1,0
BRDA:492,72,0,1
BRDA:492,72,1,0
BRDA:493,73,0,1
BRDA:493,73,1,0
BRDA:506,74,0,0
BRDA:506,74,1,0
BRDA:514,75,0,0
BRDA:514,75,1,0
BRDA:522,76,0,1
BRDA:522,76,1,0
BRDA:523,77,0,1
BRDA:523,77,1,0
BRDA:524,78,0,1
BRDA:524,78,1,0
BRDA:525,79,0,1
BRDA:525,79,1,1
BRDA:538,80,0,0
BRDA:538,80,1,1
BRDA:548,81,0,0
BRDA:548,81,1,1
BRDA:548,82,0,1
BRDA:548,82,1,1
BRDA:555,83,0,1
BRDA:555,83,1,0
BRDA:557,84,0,0
BRDA:557,84,1,1
BRDA:557,85,0,1
BRDA:557,85,1,1
BRDA:557,85,2,1
BRDA:579,86,0,0
BRDA:579,86,1,0
BRDA:593,87,0,0
BRDA:593,87,1,0
BRDA:597,88,0,193
BRDA:597,88,1,53
BRDA:598,89,0,304
BRDA:598,89,1,0
BRDA:599,90,0,304
BRDA:599,90,1,0
BRDA:600,91,0,304
BRDA:600,91,1,298
BRDA:603,92,0,193
BRDA:603,92,1,53
BRDA:604,93,0,1
BRDA:604,93,1,303
BRDA:605,94,0,303
BRDA:605,94,1,0
BRDA:606,95,0,303
BRDA:606,95,1,0
BRDA:607,96,0,303
BRDA:607,96,1,297
BRDA:611,97,0,193
BRDA:611,97,1,191
BRDA:612,98,0,0
BRDA:612,98,1,193
BRDA:612,99,0,193
BRDA:612,99,1,193
BRDA:617,100,0,193
BRDA:617,100,1,193
BRDA:618,101,0,0
BRDA:618,101,1,193
BRDA:624,102,0,193
BRDA:624,102,1,192
BRDA:625,103,0,0
BRDA:625,103,1,193
BRDA:625,104,0,193
BRDA:625,104,1,193
BRDA:642,105,0,0
BRDA:643,106,0,0
BRDA:655,107,0,0
BRDA:656,108,0,13
BRDA:656,108,1,444
BRDA:664,109,0,12
BRDA:664,109,1,2
BRDA:666,110,0,2
BRDA:666,110,1,1
BRDA:667,111,0,12
BRDA:667,111,1,2
BRDA:690,112,0,14
BRDA:690,112,1,0
BRDA:695,113,0,14
BRDA:695,113,1,0
BRDA:696,114,0,14
BRDA:696,114,1,10
BRDA:697,115,0,14
BRDA:697,115,1,10
BRDA:698,116,0,14
BRDA:698,116,1,0
BRDA:703,117,0,2
BRDA:703,117,1,12
BRDA:724,118,0,14
BRDA:724,118,1,0
BRDA:759,119,0,0
BRDA:759,119,1,14
BRDA:770,120,0,78
BRDA:770,120,1,0
BRDA:773,121,0,3
BRDA:773,121,1,75
BRDA:779,122,0,46
BRDA:779,122,1,32
BRDA:791,123,0,78
BRDA:791,123,1,0
BRDA:908,124,0,1
BRDA:908,124,1,13
BRDA:912,125,0,1
BRDA:912,125,1,0
BRDA:949,126,0,0
BRDA:949,126,1,1
BRDA:955,127,0,0
BRDA:955,127,1,1
BRDA:960,128,0,0
BRDA:960,128,1,1
BRDA:971,129,0,0
BRDA:971,129,1,1
BRDA:974,130,0,0
BRDA:974,130,1,1
BRDA:974,131,0,1
BRDA:974,131,1,1
BRDA:975,132,0,0
BRDA:975,132,1,1
BRDA:975,133,0,1
BRDA:975,133,1,1
BRDA:1006,134,0,0
BRDA:1007,135,0,0
BRDA:1007,135,1,14
BRDA:1015,136,0,2
BRDA:1015,136,1,0
BRDA:1025,137,0,2
BRDA:1025,137,1,0
BRDA:1030,138,0,2
BRDA:1030,138,1,0
BRDA:1031,139,0,2
BRDA:1031,139,1,1
BRDA:1032,140,0,2
BRDA:1032,140,1,1
BRDA:1033,141,0,2
BRDA:1033,141,1,0
BRDA:1092,142,0,0
BRDA:1092,142,1,0
BRDA:1093,143,0,0
BRDA:1093,143,1,0
BRDA:1107,144,0,0
BRDA:1107,144,1,0
BRDA:1108,145,0,0
BRDA:1108,145,1,0
BRDA:1108,146,0,0
BRDA:1108,146,1,0
BRDA:1111,147,0,0
BRDA:1111,147,1,0
BRDA:1116,148,0,1
BRDA:1116,148,1,0
BRDA:1117,149,0,1
BRDA:1117,149,1,0
BRDA:1126,150,0,1
BRDA:1126,150,1,0
BRDA:1127,151,0,0
BRDA:1127,151,1,1
BRDA:1142,152,0,0
BRDA:1142,152,1,0
BRDA:1152,153,0,0
BRDA:1152,153,1,1
BRDA:1158,154,0,0
BRDA:1158,154,1,0
BRDA:1163,155,0,0
BRDA:1163,155,1,0
BRDA:1175,156,0,0
BRDA:1175,156,1,1
BRDA:1177,157,0,1
BRDA:1177,157,1,0
BRDA:1178,158,0,1
BRDA:1178,158,1,0
BRDA:1196,159,0,0
BRDA:1196,159,1,1
BRDA:1221,160,0,0
BRDA:1221,160,1,0
BRDA:1225,161,0,49
BRDA:1225,161,1,144
BRDA:1234,162,0,4
BRDA:1234,162,1,140
BRDA:1252,163,0,0
BRDA:1252,163,1,140
BRDA:1282,164,0,16
BRDA:1282,164,1,124
BRDA:1282,165,0,16
BRDA:1282,165,1,0
BRDA:1289,166,0,124
BRDA:1289,166,1,16
BRDA:1320,167,0,140
BRDA:1320,167,1,140
BRDA:1324,168,0,140
BRDA:1324,168,1,0
BRDA:1328,169,0,140
BRDA:1328,169,1,131
BRDA:1332,170,0,140
BRDA:1332,170,1,131
BRDA:1336,171,0,16
BRDA:1336,171,1,124
BRDA:1390,172,0,16
BRDA:1390,172,1,0
BRDA:1404,173,0,124
BRDA:1404,173,1,0
BRDA:1409,174,0,7
BRDA:1409,174,1,117
BRDA:1415,175,0,124
BRDA:1415,175,1,0
BRDA:1425,176,0,0
BRDA:1425,176,1,140
BRDA:1426,177,0,0
BRDA:1426,177,1,140
BRDA:1427,178,0,0
BRDA:1427,178,1,140
BRDA:1428,179,0,0
BRDA:1428,179,1,140
BRDA:1431,180,0,140
BRDA:1431,180,1,0
BRDA:1437,181,0,0
BRDA:1437,181,1,140
BRDA:1441,182,0,0
BRDA:1441,182,1,140
BRDA:1446,183,0,140
BRDA:1446,183,1,139
BRDA:1470,184,0,0
BRDA:1470,184,1,140
BRDA:1567,185,0,0
BRDA:1567,185,1,140
BRDA:1573,186,0,140
BRDA:1573,186,1,7
BRDA:1582,187,0,47
BRDA:1582,187,1,93
BRDA:1582,188,0,140
BRDA:1582,188,1,140
BRDA:1586,189,0,6
BRDA:1586,189,1,298
BRDA:1659,190,0,1
BRDA:1659,190,1,297
BRDA:1666,191,0,298
BRDA:1666,191,1,298
BRDA:1666,191,2,265
BRDA:1673,192,0,1
BRDA:1673,192,1,264
BRDA:1684,193,0,298
BRDA:1684,193,1,292
BRDA:1687,194,0,1
BRDA:1687,194,1,297
BRDA:1704,195,0,1
BRDA:1704,195,1,297
BRDA:1769,196,0,140
BRDA:1769,196,1,139
BRDA:1772,197,0,4
BRDA:1772,197,1,136
BRDA:1772,198,0,1
BRDA:1772,198,1,135
BRDA:1775,199,0,140
BRDA:1775,199,1,4
BRDA:1790,200,0,4
BRDA:1790,200,1,0
BRDA:1861,201,0,0
BRDA:1861,201,1,140
BRDA:1865,202,0,0
BRDA:1865,202,1,0
BRDA:1865,203,0,0
BRDA:1865,203,1,0
BRDA:1865,203,2,0
BRDA:1923,204,0,0
BRDA:1923,204,1,140
BRDA:1927,205,0,0
BRDA:1927,205,1,0
BRDA:1927,206,0,0
BRDA:1927,206,1,0
BRDA:1974,207,0,560
BRDA:1974,207,1,0
BRDA:1990,208,0,24
BRDA:1990,208,1,116
BRDA:1990,209,0,140
BRDA:1990,209,1,24
BRDA:1993,210,0,23
BRDA:1993,210,1,2
BRDA:1994,211,0,19
BRDA:1994,211,1,6
BRDA:2039,212,0,6
BRDA:2039,212,1,2
BRF:429
BRH:256
end_of_record
TN:
SF:src\components\PublicNav.jsx
FN:13,PublicNav
FN:16,(anonymous_1)
FNF:2
FNH:2
FNDA:673,PublicNav
FNDA:2019,(anonymous_1)
DA:14,673
DA:16,673
DA:17,2019
DA:23,673
LF:4
LH:4
BRDA:18,0,0,673
BRDA:18,0,1,1346
BRF:2
BRH:2
end_of_record
TN:
SF:src\components\PurchaseOrders.jsx
FN:29,(anonymous_0)
FN:41,(anonymous_1)
FN:53,PurchaseOrders
FN:62,(anonymous_3)
FN:66,(anonymous_4)
FN:72,(anonymous_5)
FN:89,(anonymous_6)
FN:95,(anonymous_7)
FN:97,(anonymous_8)
FN:101,(anonymous_9)
FN:146,(anonymous_10)
FN:155,(anonymous_11)
FN:164,(anonymous_12)
FN:173,(anonymous_13)
FN:199,(anonymous_14)
FN:203,(anonymous_15)
FN:209,(anonymous_16)
FN:246,(anonymous_17)
FN:250,(anonymous_18)
FN:281,(anonymous_19)
FN:306,(anonymous_20)
FN:310,(anonymous_21)
FN:333,(anonymous_22)
FN:352,(anonymous_23)
FN:356,(anonymous_24)
FN:384,PODetailModal
FN:394,(anonymous_26)
FN:436,(anonymous_27)
FN:448,(anonymous_28)
FN:456,(anonymous_29)
FN:475,(anonymous_30)
FN:497,(anonymous_31)
FN:509,(anonymous_32)
FN:533,(anonymous_33)
FN:552,(anonymous_34)
FN:562,(anonymous_35)
FN:643,(anonymous_36)
FN:688,(anonymous_37)
FN:716,(anonymous_38)
FN:742,(anonymous_39)
FN:750,(anonymous_40)
FN:751,(anonymous_41)
FN:798,(anonymous_42)
FN:889,(anonymous_43)
FN:910,(anonymous_44)
FN:923,(anonymous_45)
FN:937,(anonymous_46)
FN:945,(anonymous_47)
FN:953,(anonymous_48)
FN:961,(anonymous_49)
FN:969,(anonymous_50)
FN:994,(anonymous_51)
FN:1007,(anonymous_52)
FN:1020,(anonymous_53)
FN:1084,(anonymous_54)
FN:1126,(anonymous_55)
FN:1137,(anonymous_56)
FN:1146,(anonymous_57)
FN:1154,(anonymous_58)
FN:1154,(anonymous_59)
FN:1174,(anonymous_60)
FN:1178,(anonymous_61)
FNF:62
FNH:44
FNDA:428,(anonymous_0)
FNDA:428,(anonymous_1)
FNDA:102,PurchaseOrders
FNDA:37,(anonymous_3)
FNDA:0,(anonymous_4)
FNDA:41,(anonymous_5)
FNDA:22,(anonymous_6)
FNDA:70,(anonymous_7)
FNDA:75,(anonymous_8)
FNDA:260,(anonymous_9)
FNDA:1,(anonymous_10)
FNDA:1,(anonymous_11)
FNDA:1,(anonymous_12)
FNDA:1,(anonymous_13)
FNDA:1,(anonymous_14)
FNDA:390,(anonymous_15)
FNDA:0,(anonymous_16)
FNDA:187,(anonymous_17)
FNDA:22,(anonymous_18)
FNDA:0,(anonymous_19)
FNDA:187,(anonymous_20)
FNDA:0,(anonymous_21)
FNDA:0,(anonymous_22)
FNDA:1,(anonymous_23)
FNDA:4,(anonymous_24)
FNDA:55,PODetailModal
FNDA:165,(anonymous_26)
FNDA:7,(anonymous_27)
FNDA:1,(anonymous_28)
FNDA:1,(anonymous_29)
FNDA:5,(anonymous_30)
FNDA:6,(anonymous_31)
FNDA:5,(anonymous_32)
FNDA:5,(anonymous_33)
FNDA:5,(anonymous_34)
FNDA:5,(anonymous_35)
FNDA:1,(anonymous_36)
FNDA:2,(anonymous_37)
FNDA:2,(anonymous_38)
FNDA:1,(anonymous_39)
FNDA:1,(anonymous_40)
FNDA:2,(anonymous_41)
FNDA:1,(anonymous_42)
FNDA:0,(anonymous_43)
FNDA:0,(anonymous_44)
FNDA:0,(anonymous_45)
FNDA:2,(anonymous_46)
FNDA:0,(anonymous_47)
FNDA:0,(anonymous_48)
FNDA:0,(anonymous_49)
FNDA:0,(anonymous_50)
FNDA:7,(anonymous_51)
FNDA:7,(anonymous_52)
FNDA:1,(anonymous_53)
FNDA:54,(anonymous_54)
FNDA:2,(anonymous_55)
FNDA:0,(anonymous_56)
FNDA:0,(anonymous_57)
FNDA:0,(anonymous_58)
FNDA:0,(anonymous_59)
FNDA:0,(anonymous_60)
FNDA:0,(anonymous_61)
DA:21,1
DA:29,1
DA:30,428
DA:38,428
DA:41,1
DA:42,428
DA:50,428
DA:54,102
DA:55,102
DA:56,102
DA:57,102
DA:58,102
DA:60,102
DA:62,102
DA:63,37
DA:66,102
DA:67,0
DA:68,0
DA:69,0
DA:72,102
DA:73,41
DA:74,41
DA:75,41
DA:76,41
DA:80,41
DA:82,0
DA:83,0
DA:85,41
DA:89,102
DA:90,22
DA:91,22
DA:92,22
DA:95,102
DA:96,102
DA:97,75
DA:101,102
DA:102,260
DA:108,102
DA:109,37
DA:117,65
DA:146,1
DA:155,1
DA:164,1
DA:173,1
DA:199,1
DA:204,390
DA:209,0
DA:247,187
DA:250,22
DA:281,0
DA:307,187
DA:310,0
DA:333,0
DA:353,1
DA:354,1
DA:357,4
DA:358,4
DA:359,4
DA:385,55
DA:387,55
DA:388,55
DA:390,55
DA:391,55
DA:394,55
DA:395,165
DA:396,53
DA:397,53
DA:399,0
DA:403,55
DA:404,55
DA:405,55
DA:406,55
DA:407,55
DA:408,55
DA:409,55
DA:410,55
DA:411,55
DA:412,55
DA:419,55
DA:420,1
DA:436,54
DA:437,7
DA:438,0
DA:439,0
DA:441,7
DA:442,0
DA:443,0
DA:445,7
DA:448,54
DA:449,1
DA:451,1
DA:452,1
DA:453,1
DA:456,1
DA:462,1
DA:463,1
DA:464,1
DA:465,1
DA:466,1
DA:468,0
DA:469,0
DA:471,1
DA:475,54
DA:477,5
DA:480,5
DA:481,0
DA:484,5
DA:485,5
DA:486,5
DA:487,5
DA:488,5
DA:489,5
DA:491,0
DA:494,0
DA:497,54
DA:498,6
DA:499,6
DA:504,6
DA:505,6
DA:509,54
DA:533,54
DA:534,5
DA:544,5
DA:545,35
DA:546,35
DA:547,35
DA:549,1
DA:552,54
DA:553,5
DA:555,5
DA:556,5
DA:557,5
DA:562,5
DA:569,5
DA:570,5
DA:571,5
DA:573,5
DA:575,5
DA:576,5
DA:577,4
DA:580,4
DA:585,4
DA:586,4
DA:587,4
DA:589,4
DA:594,4
DA:596,4
DA:606,4
DA:609,1
DA:610,1
DA:611,1
DA:612,1
DA:613,1
DA:618,1
DA:619,1
DA:630,1
DA:631,1
DA:634,5
DA:636,0
DA:637,0
DA:639,5
DA:643,54
DA:644,1
DA:645,1
DA:646,0
DA:647,0
DA:650,1
DA:651,1
DA:652,1
DA:658,1
DA:659,1
DA:660,1
DA:661,1
DA:663,1
DA:664,1
DA:669,1
DA:670,1
DA:679,1
DA:681,0
DA:682,0
DA:684,1
DA:688,54
DA:689,2
DA:690,2
DA:691,2
DA:694,2
DA:695,0
DA:696,0
DA:698,2
DA:699,0
DA:700,0
DA:703,2
DA:707,2
DA:708,2
DA:709,2
DA:711,0
DA:712,0
DA:716,54
DA:717,2
DA:718,2
DA:719,2
DA:734,2
DA:735,2
DA:737,0
DA:738,0
DA:742,54
DA:743,1
DA:744,1
DA:745,1
DA:746,1
DA:747,1
DA:750,54
DA:751,1
DA:752,2
DA:753,2
DA:754,2
DA:756,0
DA:760,1
DA:798,1
DA:846,54
DA:889,0
DA:910,0
DA:923,0
DA:937,2
DA:945,0
DA:953,0
DA:961,0
DA:970,0
DA:971,0
DA:994,7
DA:1007,7
DA:1020,1
DA:1085,54
DA:1126,2
DA:1137,0
DA:1147,0
DA:1154,0
DA:1175,0
DA:1176,0
DA:1178,0
LF:240
LH:192
BRDA:38,0,0,428
BRDA:38,0,1,0
BRDA:50,1,0,428
BRDA:50,1,1,0
BRDA:103,2,0,65
BRDA:103,2,1,195
BRDA:108,3,0,37
BRDA:108,3,1,65
BRDA:198,4,0,61
BRDA:198,4,1,4
BRDA:199,5,0,1
BRDA:199,5,1,0
BRDA:207,6,0,65
BRDA:207,6,1,4
BRDA:221,7,0,65
BRDA:221,7,1,0
BRDA:222,8,0,4
BRDA:222,8,1,61
BRDA:226,9,0,0
BRDA:226,9,1,65
BRDA:236,10,0,0
BRDA:236,10,1,65
BRDA:263,11,0,187
BRDA:263,11,1,0
BRDA:271,12,0,125
BRDA:271,12,1,62
BRDA:316,13,0,187
BRDA:316,13,1,0
BRDA:326,14,0,125
BRDA:326,14,1,62
BRDA:349,15,0,65
BRDA:349,15,1,22
BRDA:349,15,2,22
BRDA:390,16,0,55
BRDA:390,16,1,0
BRDA:391,17,0,55
BRDA:391,17,1,8
BRDA:395,18,0,112
BRDA:395,18,1,53
BRDA:406,19,0,55
BRDA:406,19,1,8
BRDA:407,20,0,55
BRDA:407,20,1,8
BRDA:408,21,0,55
BRDA:408,21,1,8
BRDA:411,22,0,55
BRDA:411,22,1,8
BRDA:413,23,0,55
BRDA:413,23,1,8
BRDA:414,24,0,55
BRDA:414,24,1,8
BRDA:415,25,0,55
BRDA:415,25,1,8
BRDA:419,26,0,1
BRDA:419,26,1,54
BRDA:419,27,0,55
BRDA:419,27,1,55
BRDA:419,27,2,54
BRDA:437,28,0,0
BRDA:437,28,1,7
BRDA:441,29,0,0
BRDA:441,29,1,7
BRDA:449,30,0,0
BRDA:449,30,1,1
BRDA:457,31,0,1
BRDA:457,31,1,0
BRDA:458,32,0,1
BRDA:458,32,1,0
BRDA:463,33,0,1
BRDA:463,33,1,0
BRDA:464,34,0,1
BRDA:464,34,1,0
BRDA:477,35,0,5
BRDA:477,35,1,5
BRDA:477,35,2,5
BRDA:480,36,0,0
BRDA:480,36,1,5
BRDA:480,37,0,5
BRDA:480,37,1,0
BRDA:485,38,0,5
BRDA:485,38,1,0
BRDA:485,39,0,5
BRDA:485,39,1,5
BRDA:487,40,0,5
BRDA:487,40,1,0
BRDA:504,41,0,6
BRDA:504,41,1,0
BRDA:509,42,0,4
BRDA:510,43,0,5
BRDA:510,43,1,4
BRDA:510,43,2,0
BRDA:511,44,0,5
BRDA:511,44,1,4
BRDA:511,44,2,0
BRDA:512,45,0,5
BRDA:512,45,1,4
BRDA:512,45,2,0
BRDA:514,46,0,5
BRDA:514,46,1,4
BRDA:514,46,2,0
BRDA:514,46,3,0
BRDA:519,47,0,5
BRDA:519,47,1,4
BRDA:519,47,2,0
BRDA:519,47,3,0
BRDA:523,48,0,5
BRDA:523,48,1,4
BRDA:523,48,2,0
BRDA:523,48,3,0
BRDA:527,49,0,5
BRDA:527,49,1,5
BRDA:527,49,2,1
BRDA:527,49,3,1
BRDA:545,50,0,30
BRDA:545,50,1,5
BRDA:547,51,0,4
BRDA:547,51,1,31
BRDA:553,52,0,0
BRDA:553,52,1,5
BRDA:563,53,0,5
BRDA:563,53,1,0
BRDA:564,54,0,5
BRDA:564,54,1,0
BRDA:565,55,0,5
BRDA:565,55,1,0
BRDA:570,56,0,5
BRDA:570,56,1,0
BRDA:576,57,0,4
BRDA:576,57,1,1
BRDA:585,58,0,4
BRDA:585,58,1,0
BRDA:611,59,0,1
BRDA:611,59,1,1
BRDA:611,59,2,1
BRDA:644,60,0,0
BRDA:644,60,1,1
BRDA:645,61,0,0
BRDA:645,61,1,1
BRDA:659,62,0,1
BRDA:659,62,1,0
BRDA:694,63,0,0
BRDA:694,63,1,2
BRDA:694,64,0,2
BRDA:694,64,1,0
BRDA:698,65,0,0
BRDA:698,65,1,2
BRDA:698,66,0,2
BRDA:698,66,1,0
BRDA:723,67,0,2
BRDA:723,67,1,0
BRDA:724,68,0,2
BRDA:724,68,1,2
BRDA:725,69,0,2
BRDA:725,69,1,2
BRDA:752,70,0,0
BRDA:752,70,1,2
BRDA:780,71,0,1
BRDA:780,71,1,0
BRDA:782,72,0,1
BRDA:782,72,1,0
BRDA:783,73,0,1
BRDA:783,73,1,0
BRDA:800,74,0,1
BRDA:800,74,1,0
BRDA:801,75,0,1
BRDA:801,75,1,0
BRDA:802,76,0,1
BRDA:802,76,1,0
BRDA:803,77,0,1
BRDA:803,77,1,0
BRDA:804,78,0,1
BRDA:804,78,1,0
BRDA:805,79,0,1
BRDA:805,79,1,0
BRDA:812,80,0,1
BRDA:812,80,1,0
BRDA:816,81,0,1
BRDA:816,81,1,0
BRDA:818,82,0,0
BRDA:818,82,1,1
BRDA:818,83,0,1
BRDA:818,83,1,1
BRDA:821,84,0,0
BRDA:821,84,1,0
BRDA:826,85,0,1
BRDA:826,85,1,0
BRDA:831,86,0,1
BRDA:831,86,1,0
BRDA:854,87,0,0
BRDA:854,87,1,54
BRDA:854,88,0,54
BRDA:854,88,1,54
BRDA:873,89,0,54
BRDA:873,89,1,0
BRDA:879,90,0,54
BRDA:879,90,1,0
BRDA:902,91,0,1
BRDA:902,91,1,53
BRDA:902,92,0,54
BRDA:902,92,1,53
BRDA:915,93,0,54
BRDA:915,93,1,0
BRDA:935,94,0,54
BRDA:935,94,1,48
BRDA:943,95,0,54
BRDA:943,95,1,5
BRDA:951,96,0,54
BRDA:951,96,1,49
BRDA:951,96,2,5
BRDA:959,97,0,54
BRDA:959,97,1,1
BRDA:967,98,0,54
BRDA:967,98,1,54
BRDA:967,98,2,54
BRDA:970,99,0,0
BRDA:970,99,1,0
BRDA:1051,100,0,54
BRDA:1051,100,1,7
BRDA:1054,101,0,54
BRDA:1054,101,1,48
BRDA:1059,102,0,48
BRDA:1059,102,1,48
BRDA:1086,103,0,54
BRDA:1086,103,1,0
BRDA:1087,104,0,54
BRDA:1087,104,1,0
BRDA:1088,105,0,54
BRDA:1088,105,1,0
BRDA:1089,106,0,54
BRDA:1089,106,1,1
BRDA:1090,107,0,54
BRDA:1090,107,1,0
BRDA:1091,108,0,54
BRDA:1091,108,1,0
BRDA:1098,109,0,54
BRDA:1098,109,1,0
BRDA:1102,110,0,54
BRDA:1102,110,1,1
BRDA:1104,111,0,54
BRDA:1104,111,1,5
BRDA:1104,112,0,54
BRDA:1104,112,1,49
BRDA:1107,113,0,5
BRDA:1107,113,1,0
BRDA:1112,114,0,54
BRDA:1112,114,1,0
BRDA:1144,115,0,0
BRDA:1144,115,1,54
BRDA:1171,116,0,54
BRDA:1171,116,1,0
BRF:250
BRH:173
end_of_record
TN:
SF:src\components\QuickReorder.jsx
FN:5,QuickReorder
FN:11,(anonymous_1)
FN:16,(anonymous_2)
FN:29,(anonymous_3)
FN:41,(anonymous_4)
FN:42,(anonymous_5)
FN:44,(anonymous_6)
FN:58,(anonymous_7)
FN:59,(anonymous_8)
FN:62,(anonymous_9)
FN:67,(anonymous_10)
FN:72,(anonymous_11)
FN:80,(anonymous_12)
FN:95,(anonymous_13)
FN:103,(anonymous_14)
FN:111,(anonymous_15)
FN:125,(anonymous_16)
FN:138,(anonymous_17)
FN:160,(anonymous_18)
FN:165,(anonymous_19)
FN:175,(anonymous_20)
FN:199,(anonymous_21)
FN:214,(anonymous_22)
FN:233,(anonymous_23)
FN:234,(anonymous_24)
FN:250,(anonymous_25)
FNF:26
FNH:18
FNDA:90,QuickReorder
FNDA:35,(anonymous_1)
FNDA:35,(anonymous_2)
FNDA:35,(anonymous_3)
FNDA:5,(anonymous_4)
FNDA:0,(anonymous_5)
FNDA:0,(anonymous_6)
FNDA:1,(anonymous_7)
FNDA:1,(anonymous_8)
FNDA:1,(anonymous_9)
FNDA:1,(anonymous_10)
FNDA:0,(anonymous_11)
FNDA:0,(anonymous_12)
FNDA:6,(anonymous_13)
FNDA:0,(anonymous_14)
FNDA:0,(anonymous_15)
FNDA:0,(anonymous_16)
FNDA:1,(anonymous_17)
FNDA:6,(anonymous_18)
FNDA:1,(anonymous_19)
FNDA:1,(anonymous_20)
FNDA:16,(anonymous_21)
FNDA:5,(anonymous_22)
FNDA:32,(anonymous_23)
FNDA:12,(anonymous_24)
FNDA:0,(anonymous_25)
DA:6,90
DA:7,90
DA:8,90
DA:9,90
DA:11,90
DA:12,35
DA:13,35
DA:16,90
DA:17,35
DA:18,35
DA:19,35
DA:23,35
DA:25,0
DA:29,90
DA:30,35
DA:31,35
DA:32,35
DA:35,35
DA:37,0
DA:41,90
DA:42,5
DA:43,5
DA:44,0
DA:45,0
DA:50,5
DA:58,90
DA:59,1
DA:62,90
DA:63,1
DA:64,0
DA:65,0
DA:67,1
DA:68,1
DA:72,90
DA:73,0
DA:74,0
DA:75,0
DA:79,0
DA:80,0
DA:81,0
DA:82,0
DA:83,0
DA:88,0
DA:91,0
DA:92,0
DA:95,90
DA:97,90
DA:103,0
DA:111,0
DA:125,0
DA:138,1
DA:161,6
DA:165,1
DA:175,1
DA:200,16
DA:214,5
DA:234,32
DA:235,32
DA:250,0
LF:59
LH:38
BRDA:5,0,0,0
BRDA:43,1,0,0
BRDA:43,1,1,5
BRDA:45,2,0,0
BRDA:45,2,1,0
BRDA:46,3,0,0
BRDA:46,3,1,0
BRDA:52,4,0,5
BRDA:52,4,1,0
BRDA:63,5,0,0
BRDA:63,5,1,1
BRDA:68,6,0,1
BRDA:68,6,1,0
BRDA:73,7,0,0
BRDA:73,7,1,0
BRDA:81,8,0,0
BRDA:81,8,1,0
BRDA:82,9,0,0
BRDA:82,9,1,0
BRDA:99,10,0,25
BRDA:99,10,1,65
BRDA:100,11,0,90
BRDA:100,11,1,65
BRDA:106,12,0,25
BRDA:106,12,1,65
BRDA:117,13,0,90
BRDA:117,13,1,25
BRDA:133,14,0,25
BRDA:133,14,1,6
BRDA:156,15,0,25
BRDA:156,15,1,6
BRDA:175,16,0,1
BRDA:175,16,1,0
BRDA:181,17,0,6
BRDA:181,17,1,6
BRDA:193,18,0,25
BRDA:193,18,1,16
BRDA:207,19,0,16
BRDA:207,19,1,16
BRDA:229,20,0,9
BRDA:229,20,1,16
BRDA:243,21,0,32
BRDA:243,21,1,32
BRDA:253,22,0,6
BRDA:253,22,1,26
BRDA:258,23,0,6
BRDA:258,23,1,26
BRF:47
BRH:31
end_of_record
TN:
SF:src\components\RequestBid.jsx
FN:12,RequestBid
FN:21,(anonymous_1)
FN:25,(anonymous_2)
FN:92,(anonymous_3)
FN:106,(anonymous_4)
FN:135,(anonymous_5)
FN:148,(anonymous_6)
FN:160,(anonymous_7)
FNF:8
FNH:7
FNDA:92,RequestBid
FNDA:20,(anonymous_1)
FNDA:2,(anonymous_2)
FNDA:12,(anonymous_3)
FNDA:19,(anonymous_4)
FNDA:0,(anonymous_5)
FNDA:18,(anonymous_6)
FNDA:16,(anonymous_7)
DA:13,92
DA:14,92
DA:15,92
DA:16,92
DA:17,92
DA:18,92
DA:19,92
DA:21,92
DA:22,20
DA:25,92
DA:26,2
DA:27,2
DA:36,1
DA:37,1
DA:40,1
DA:41,1
DA:42,1
DA:43,1
DA:44,1
DA:45,1
DA:46,1
DA:48,1
DA:49,0
DA:54,0
DA:56,1
DA:57,1
DA:62,92
DA:92,12
DA:106,19
DA:135,0
DA:148,18
DA:160,16
LF:32
LH:29
BRDA:36,0,0,1
BRDA:36,0,1,0
BRDA:48,1,0,0
BRDA:48,1,1,1
BRDA:56,2,0,1
BRDA:56,2,1,0
BRF:6
BRH:3
end_of_record
TN:
SF:src\components\Suppliers.jsx
FN:8,Suppliers
FN:25,(anonymous_1)
FN:26,(anonymous_2)
FN:30,(anonymous_3)
FN:33,(anonymous_4)
FN:39,(anonymous_5)
FN:63,(anonymous_6)
FN:78,(anonymous_7)
FN:93,(anonymous_8)
FN:120,(anonymous_9)
FN:127,(anonymous_10)
FN:173,(anonymous_11)
FN:182,(anonymous_12)
FN:186,(anonymous_13)
FN:196,(anonymous_14)
FN:204,(anonymous_15)
FN:227,(anonymous_16)
FN:231,(anonymous_17)
FN:237,(anonymous_18)
FN:269,(anonymous_19)
FN:297,(anonymous_20)
FN:324,(anonymous_21)
FN:328,(anonymous_22)
FN:336,(anonymous_23)
FN:357,(anonymous_24)
FN:379,(anonymous_25)
FN:398,(anonymous_26)
FN:411,(anonymous_27)
FN:415,(anonymous_28)
FN:426,(anonymous_29)
FN:427,(anonymous_30)
FN:437,(anonymous_31)
FN:464,SupplierModal
FN:479,(anonymous_33)
FN:519,(anonymous_34)
FN:527,(anonymous_35)
FN:533,(anonymous_36)
FN:553,(anonymous_37)
FN:563,(anonymous_38)
FN:576,(anonymous_39)
FN:586,(anonymous_40)
FN:598,(anonymous_41)
FN:611,(anonymous_42)
FN:621,(anonymous_43)
FN:633,(anonymous_44)
FN:644,(anonymous_45)
FN:654,(anonymous_46)
FN:665,(anonymous_47)
FN:713,POCreationModal
FN:719,(anonymous_49)
FN:724,(anonymous_50)
FN:731,(anonymous_51)
FN:734,(anonymous_52)
FN:741,(anonymous_53)
FN:742,(anonymous_54)
FN:747,(anonymous_55)
FN:748,(anonymous_56)
FN:751,(anonymous_57)
FN:757,(anonymous_58)
FN:772,(anonymous_59)
FN:801,(anonymous_60)
FN:824,(anonymous_61)
FN:828,(anonymous_62)
FN:853,(anonymous_63)
FN:862,(anonymous_64)
FN:908,(anonymous_65)
FN:934,(anonymous_66)
FN:961,ManualPOCreationModal
FN:970,(anonymous_68)
FN:973,(anonymous_69)
FN:974,(anonymous_70)
FN:974,(anonymous_71)
FN:977,(anonymous_72)
FN:978,(anonymous_73)
FN:984,(anonymous_74)
FN:988,(anonymous_75)
FN:991,(anonymous_76)
FN:1004,(anonymous_77)
FN:1005,(anonymous_78)
FN:1005,(anonymous_79)
FN:1009,(anonymous_80)
FN:1016,(anonymous_81)
FN:1022,(anonymous_82)
FN:1029,(anonymous_83)
FN:1040,(anonymous_84)
FN:1078,(anonymous_85)
FN:1085,(anonymous_86)
FN:1100,(anonymous_87)
FN:1104,(anonymous_88)
FN:1127,(anonymous_89)
FN:1132,(anonymous_90)
FN:1138,(anonymous_91)
FN:1147,(anonymous_92)
FN:1153,(anonymous_93)
FN:1163,(anonymous_94)
FN:1168,(anonymous_95)
FN:1192,(anonymous_96)
FN:1200,(anonymous_97)
FN:1228,CatalogTab
FN:1237,(anonymous_99)
FN:1242,(anonymous_100)
FN:1268,(anonymous_101)
FN:1273,(anonymous_102)
FN:1291,(anonymous_103)
FN:1301,(anonymous_104)
FN:1306,(anonymous_105)
FN:1318,(anonymous_106)
FN:1339,(anonymous_107)
FN:1351,(anonymous_108)
FN:1354,(anonymous_109)
FN:1354,(anonymous_110)
FN:1357,(anonymous_111)
FN:1360,(anonymous_112)
FN:1397,(anonymous_113)
FN:1405,(anonymous_114)
FN:1412,(anonymous_115)
FN:1451,(anonymous_116)
FN:1482,(anonymous_117)
FN:1494,(anonymous_118)
FN:1505,(anonymous_119)
FN:1525,(anonymous_120)
FN:1533,(anonymous_121)
FN:1558,(anonymous_122)
FN:1586,(anonymous_123)
FN:1593,(anonymous_124)
FN:1605,(anonymous_125)
FN:1617,(anonymous_126)
FN:1639,(anonymous_127)
FN:1668,(anonymous_128)
FN:1674,(anonymous_129)
FN:1706,(anonymous_130)
FNF:131
FNH:59
FNDA:79,Suppliers
FNDA:32,(anonymous_1)
FNDA:29,(anonymous_2)
FNDA:32,(anonymous_3)
FNDA:0,(anonymous_4)
FNDA:31,(anonymous_5)
FNDA:1,(anonymous_6)
FNDA:14,(anonymous_7)
FNDA:0,(anonymous_8)
FNDA:1,(anonymous_9)
FNDA:1,(anonymous_10)
FNDA:1,(anonymous_11)
FNDA:1,(anonymous_12)
FNDA:400,(anonymous_13)
FNDA:1,(anonymous_14)
FNDA:0,(anonymous_15)
FNDA:97,(anonymous_16)
FNDA:14,(anonymous_17)
FNDA:0,(anonymous_18)
FNDA:194,(anonymous_19)
FNDA:0,(anonymous_20)
FNDA:97,(anonymous_21)
FNDA:1,(anonymous_22)
FNDA:0,(anonymous_23)
FNDA:194,(anonymous_24)
FNDA:0,(anonymous_25)
FNDA:1,(anonymous_26)
FNDA:0,(anonymous_27)
FNDA:0,(anonymous_28)
FNDA:0,(anonymous_29)
FNDA:0,(anonymous_30)
FNDA:0,(anonymous_31)
FNDA:23,SupplierModal
FNDA:1,(anonymous_33)
FNDA:0,(anonymous_34)
FNDA:7,(anonymous_35)
FNDA:0,(anonymous_36)
FNDA:0,(anonymous_37)
FNDA:0,(anonymous_38)
FNDA:1,(anonymous_39)
FNDA:0,(anonymous_40)
FNDA:0,(anonymous_41)
FNDA:0,(anonymous_42)
FNDA:0,(anonymous_43)
FNDA:0,(anonymous_44)
FNDA:0,(anonymous_45)
FNDA:1,(anonymous_46)
FNDA:0,(anonymous_47)
FNDA:0,POCreationModal
FNDA:0,(anonymous_49)
FNDA:0,(anonymous_50)
FNDA:0,(anonymous_51)
FNDA:0,(anonymous_52)
FNDA:0,(anonymous_53)
FNDA:0,(anonymous_54)
FNDA:0,(anonymous_55)
FNDA:0,(anonymous_56)
FNDA:0,(anonymous_57)
FNDA:0,(anonymous_58)
FNDA:0,(anonymous_59)
FNDA:0,(anonymous_60)
FNDA:0,(anonymous_61)
FNDA:0,(anonymous_62)
FNDA:0,(anonymous_63)
FNDA:0,(anonymous_64)
FNDA:0,(anonymous_65)
FNDA:0,(anonymous_66)
FNDA:4,ManualPOCreationModal
FNDA:5,(anonymous_68)
FNDA:0,(anonymous_69)
FNDA:0,(anonymous_70)
FNDA:0,(anonymous_71)
FNDA:0,(anonymous_72)
FNDA:0,(anonymous_73)
FNDA:1,(anonymous_74)
FNDA:1,(anonymous_75)
FNDA:1,(anonymous_76)
FNDA:0,(anonymous_77)
FNDA:0,(anonymous_78)
FNDA:0,(anonymous_79)
FNDA:5,(anonymous_80)
FNDA:0,(anonymous_81)
FNDA:0,(anonymous_82)
FNDA:0,(anonymous_83)
FNDA:0,(anonymous_84)
FNDA:1,(anonymous_85)
FNDA:8,(anonymous_86)
FNDA:1,(anonymous_87)
FNDA:6,(anonymous_88)
FNDA:5,(anonymous_89)
FNDA:0,(anonymous_90)
FNDA:0,(anonymous_91)
FNDA:0,(anonymous_92)
FNDA:0,(anonymous_93)
FNDA:0,(anonymous_94)
FNDA:0,(anonymous_95)
FNDA:0,(anonymous_96)
FNDA:0,(anonymous_97)
FNDA:14,CatalogTab
FNDA:28,(anonymous_99)
FNDA:0,(anonymous_100)
FNDA:1,(anonymous_101)
FNDA:2,(anonymous_102)
FNDA:1,(anonymous_103)
FNDA:1,(anonymous_104)
FNDA:1,(anonymous_105)
FNDA:2,(anonymous_106)
FNDA:1,(anonymous_107)
FNDA:1,(anonymous_108)
FNDA:2,(anonymous_109)
FNDA:8,(anonymous_110)
FNDA:1,(anonymous_111)
FNDA:1,(anonymous_112)
FNDA:1,(anonymous_113)
FNDA:2,(anonymous_114)
FNDA:3,(anonymous_115)
FNDA:0,(anonymous_116)
FNDA:0,(anonymous_117)
FNDA:0,(anonymous_118)
FNDA:0,(anonymous_119)
FNDA:0,(anonymous_120)
FNDA:0,(anonymous_121)
FNDA:1,(anonymous_122)
FNDA:27,(anonymous_123)
FNDA:0,(anonymous_124)
FNDA:1,(anonymous_125)
FNDA:0,(anonymous_126)
FNDA:0,(anonymous_127)
FNDA:1,(anonymous_128)
FNDA:1,(anonymous_129)
FNDA:28,(anonymous_130)
DA:9,79
DA:10,79
DA:11,79
DA:12,79
DA:13,79
DA:14,79
DA:15,79
DA:16,79
DA:17,79
DA:18,79
DA:19,79
DA:20,79
DA:22,79
DA:25,79
DA:26,32
DA:27,29
DA:30,32
DA:33,79
DA:34,0
DA:35,0
DA:36,0
DA:39,79
DA:40,31
DA:41,31
DA:42,31
DA:43,31
DA:44,31
DA:45,31
DA:46,31
DA:48,31
DA:53,31
DA:54,31
DA:56,0
DA:57,0
DA:59,31
DA:63,79
DA:64,1
DA:65,1
DA:66,1
DA:71,1
DA:73,0
DA:74,0
DA:78,79
DA:79,14
DA:80,14
DA:81,14
DA:85,14
DA:86,14
DA:88,0
DA:89,0
DA:93,79
DA:94,0
DA:95,0
DA:98,79
DA:99,29
DA:107,50
DA:109,50
DA:120,1
DA:128,1
DA:129,1
DA:173,1
DA:182,1
DA:187,400
DA:196,1
DA:205,0
DA:206,0
DA:207,0
DA:228,97
DA:231,14
DA:237,0
DA:270,194
DA:297,0
DA:325,97
DA:328,1
DA:336,0
DA:358,194
DA:379,0
DA:399,1
DA:400,1
DA:401,1
DA:412,0
DA:413,0
DA:416,0
DA:417,0
DA:418,0
DA:426,0
DA:428,0
DA:429,0
DA:437,0
DA:465,23
DA:477,23
DA:479,23
DA:480,1
DA:481,1
DA:482,1
DA:483,0
DA:486,0
DA:488,1
DA:491,1
DA:493,1
DA:495,0
DA:496,0
DA:500,23
DA:519,0
DA:527,7
DA:533,0
DA:553,0
DA:563,0
DA:576,1
DA:586,0
DA:598,0
DA:611,0
DA:621,0
DA:633,0
DA:644,0
DA:666,0
DA:714,0
DA:715,0
DA:716,0
DA:717,0
DA:719,0
DA:721,0
DA:722,0
DA:723,0
DA:724,0
DA:731,0
DA:732,0
DA:733,0
DA:734,0
DA:741,0
DA:742,0
DA:743,0
DA:747,0
DA:748,0
DA:751,0
DA:752,0
DA:753,0
DA:754,0
DA:757,0
DA:758,0
DA:759,0
DA:763,0
DA:764,0
DA:765,0
DA:766,0
DA:767,0
DA:768,0
DA:770,0
DA:772,0
DA:789,0
DA:793,0
DA:794,0
DA:796,0
DA:797,0
DA:801,0
DA:803,0
DA:824,0
DA:829,0
DA:854,0
DA:862,0
DA:908,0
DA:934,0
DA:962,4
DA:963,4
DA:964,4
DA:965,4
DA:968,4
DA:970,5
DA:971,4
DA:973,4
DA:974,0
DA:977,4
DA:978,0
DA:984,4
DA:985,1
DA:986,1
DA:987,1
DA:988,1
DA:990,1
DA:991,1
DA:1001,1
DA:1004,4
DA:1005,0
DA:1008,4
DA:1009,5
DA:1012,4
DA:1013,4
DA:1014,4
DA:1016,4
DA:1017,0
DA:1018,0
DA:1019,0
DA:1021,0
DA:1022,0
DA:1029,0
DA:1031,0
DA:1032,0
DA:1033,0
DA:1036,0
DA:1037,0
DA:1038,0
DA:1040,0
DA:1053,0
DA:1056,0
DA:1057,0
DA:1059,0
DA:1060,0
DA:1064,4
DA:1079,1
DA:1080,1
DA:1086,8
DA:1100,1
DA:1105,6
DA:1128,5
DA:1132,0
DA:1138,0
DA:1147,0
DA:1153,0
DA:1163,0
DA:1168,0
DA:1192,0
DA:1200,0
DA:1229,14
DA:1230,14
DA:1231,14
DA:1232,14
DA:1233,14
DA:1234,14
DA:1235,14
DA:1237,14
DA:1238,28
DA:1242,14
DA:1243,0
DA:1244,0
DA:1245,0
DA:1248,0
DA:1249,0
DA:1250,0
DA:1252,0
DA:1258,0
DA:1259,0
DA:1260,0
DA:1261,0
DA:1263,0
DA:1264,0
DA:1268,14
DA:1269,1
DA:1271,1
DA:1272,1
DA:1273,1
DA:1274,2
DA:1277,1
DA:1283,1
DA:1284,1
DA:1286,0
DA:1287,0
DA:1291,14
DA:1292,1
DA:1293,1
DA:1301,14
DA:1302,1
DA:1303,1
DA:1306,14
DA:1307,1
DA:1308,0
DA:1309,0
DA:1311,1
DA:1312,0
DA:1313,0
DA:1316,1
DA:1317,1
DA:1318,1
DA:1319,2
DA:1323,1
DA:1329,1
DA:1330,1
DA:1331,1
DA:1332,1
DA:1334,0
DA:1335,0
DA:1339,14
DA:1340,1
DA:1341,1
DA:1343,1
DA:1344,0
DA:1345,0
DA:1348,1
DA:1349,1
DA:1351,1
DA:1352,1
DA:1353,1
DA:1354,8
DA:1357,1
DA:1360,1
DA:1368,1
DA:1369,0
DA:1370,0
DA:1371,0
DA:1374,1
DA:1375,1
DA:1377,1
DA:1383,1
DA:1384,1
DA:1386,0
DA:1387,0
DA:1389,1
DA:1390,1
DA:1394,1
DA:1397,14
DA:1398,1
DA:1399,0
DA:1400,0
DA:1403,1
DA:1405,2
DA:1412,3
DA:1414,1
DA:1415,1
DA:1416,1
DA:1417,1
DA:1418,1
DA:1419,1
DA:1420,1
DA:1423,14
DA:1451,0
DA:1482,0
DA:1494,0
DA:1505,0
DA:1525,0
DA:1534,0
DA:1535,0
DA:1558,1
DA:1587,27
DA:1593,0
DA:1605,1
DA:1617,0
DA:1639,0
DA:1668,1
DA:1674,1
DA:1706,28
LF:339
LH:182
BRDA:44,0,0,1
BRDA:44,0,1,30
BRDA:45,1,0,1
BRDA:45,1,1,30
BRDA:46,2,0,1
BRDA:46,2,1,30
BRDA:98,3,0,29
BRDA:98,3,1,50
BRDA:116,4,0,50
BRDA:116,4,1,0
BRDA:143,5,0,50
BRDA:143,5,1,50
BRDA:147,6,0,50
BRDA:147,6,1,0
BRDA:152,7,0,50
BRDA:152,7,1,50
BRDA:158,8,0,50
BRDA:158,8,1,0
BRDA:159,9,0,50
BRDA:159,9,1,50
BRDA:219,10,0,0
BRDA:219,10,1,50
BRDA:221,11,0,0
BRDA:221,11,1,0
BRDA:240,12,0,50
BRDA:240,12,1,47
BRDA:245,13,0,97
BRDA:245,13,1,97
BRDA:251,14,0,97
BRDA:251,14,1,97
BRDA:258,15,0,97
BRDA:258,15,1,97
BRDA:265,16,0,97
BRDA:265,16,1,97
BRDA:265,16,2,97
BRDA:283,17,0,97
BRDA:283,17,1,0
BRDA:287,18,0,50
BRDA:287,18,1,47
BRDA:291,19,0,97
BRDA:291,19,1,0
BRDA:331,20,0,50
BRDA:331,20,1,47
BRDA:343,21,0,97
BRDA:343,21,1,0
BRDA:344,22,0,97
BRDA:344,22,1,97
BRDA:349,23,0,97
BRDA:349,23,1,97
BRDA:362,24,0,97
BRDA:362,24,1,0
BRDA:369,25,0,97
BRDA:369,25,1,0
BRDA:372,26,0,50
BRDA:372,26,1,47
BRDA:375,27,0,97
BRDA:375,27,1,0
BRDA:395,28,0,50
BRDA:395,28,1,15
BRDA:395,28,2,15
BRDA:407,29,0,50
BRDA:407,29,1,0
BRDA:407,29,2,0
BRDA:423,30,0,50
BRDA:423,30,1,1
BRDA:466,31,0,23
BRDA:466,31,1,23
BRDA:466,31,2,1
BRDA:467,32,0,23
BRDA:467,32,1,23
BRDA:467,32,2,1
BRDA:468,33,0,23
BRDA:468,33,1,23
BRDA:468,33,2,1
BRDA:469,34,0,23
BRDA:469,34,1,23
BRDA:469,34,2,1
BRDA:470,35,0,23
BRDA:470,35,1,23
BRDA:470,35,2,1
BRDA:471,36,0,23
BRDA:471,36,1,23
BRDA:471,36,2,0
BRDA:472,37,0,23
BRDA:472,37,1,23
BRDA:472,37,2,1
BRDA:473,38,0,23
BRDA:473,38,1,23
BRDA:473,38,2,1
BRDA:474,39,0,23
BRDA:474,39,1,23
BRDA:474,39,2,1
BRDA:475,40,0,23
BRDA:475,40,1,23
BRDA:475,40,2,23
BRDA:482,41,0,0
BRDA:482,41,1,1
BRDA:488,42,0,1
BRDA:488,42,1,1
BRDA:506,43,0,1
BRDA:506,43,1,22
BRDA:520,44,0,15
BRDA:520,44,1,8
BRDA:524,45,0,23
BRDA:524,45,1,22
BRDA:528,46,0,7
BRDA:528,46,1,15
BRDA:534,47,0,0
BRDA:534,47,1,22
BRDA:544,48,0,23
BRDA:544,48,1,15
BRDA:611,49,0,0
BRDA:611,49,1,0
BRDA:621,50,0,0
BRDA:621,50,1,0
BRDA:651,51,0,23
BRDA:651,51,1,8
BRDA:651,51,2,7
BRDA:653,52,0,7
BRDA:653,52,1,7
BRDA:660,53,0,23
BRDA:660,53,1,0
BRDA:660,53,2,0
BRDA:663,54,0,0
BRDA:663,54,1,0
BRDA:670,55,0,0
BRDA:670,55,1,0
BRDA:671,56,0,0
BRDA:671,56,1,0
BRDA:704,57,0,1
BRDA:704,57,1,22
BRDA:722,58,0,0
BRDA:722,58,1,0
BRDA:722,59,0,0
BRDA:722,59,1,0
BRDA:733,60,0,0
BRDA:733,60,1,0
BRDA:743,61,0,0
BRDA:743,61,1,0
BRDA:743,62,0,0
BRDA:743,62,1,0
BRDA:752,63,0,0
BRDA:752,63,1,0
BRDA:757,64,0,0
BRDA:757,64,1,0
BRDA:758,65,0,0
BRDA:758,65,1,0
BRDA:773,66,0,0
BRDA:773,66,1,0
BRDA:785,67,0,0
BRDA:785,67,1,0
BRDA:797,68,0,0
BRDA:797,68,1,0
BRDA:829,69,0,0
BRDA:829,69,1,0
BRDA:832,70,0,0
BRDA:832,70,1,0
BRDA:838,71,0,0
BRDA:838,71,1,0
BRDA:970,72,0,4
BRDA:970,72,1,1
BRDA:971,73,0,3
BRDA:971,73,1,1
BRDA:974,74,0,0
BRDA:974,74,1,0
BRDA:985,75,0,0
BRDA:985,75,1,1
BRDA:988,76,0,1
BRDA:988,76,1,1
BRDA:988,77,0,1
BRDA:988,77,1,0
BRDA:988,78,0,1
BRDA:988,78,1,0
BRDA:988,79,0,1
BRDA:988,79,1,0
BRDA:988,80,0,1
BRDA:988,80,1,0
BRDA:990,81,0,0
BRDA:990,81,1,1
BRDA:994,82,0,1
BRDA:994,82,1,0
BRDA:995,83,0,1
BRDA:995,83,1,0
BRDA:997,84,0,1
BRDA:997,84,1,0
BRDA:998,85,0,1
BRDA:998,85,1,0
BRDA:1005,86,0,0
BRDA:1005,86,1,0
BRDA:1009,87,0,5
BRDA:1009,87,1,0
BRDA:1009,88,0,5
BRDA:1009,88,1,4
BRDA:1017,89,0,0
BRDA:1017,89,1,0
BRDA:1023,90,0,0
BRDA:1023,90,1,0
BRDA:1024,91,0,0
BRDA:1024,91,1,0
BRDA:1025,92,0,0
BRDA:1025,92,1,0
BRDA:1026,93,0,0
BRDA:1026,93,1,0
BRDA:1027,94,0,0
BRDA:1027,94,1,0
BRDA:1029,95,0,0
BRDA:1029,95,1,0
BRDA:1031,96,0,0
BRDA:1031,96,1,0
BRDA:1049,97,0,0
BRDA:1049,97,1,0
BRDA:1091,98,0,4
BRDA:1091,98,1,3
BRDA:1091,98,2,3
BRDA:1106,99,0,6
BRDA:1106,99,1,0
BRDA:1107,100,0,6
BRDA:1107,100,1,0
BRDA:1107,101,0,6
BRDA:1107,101,1,0
BRDA:1109,102,0,6
BRDA:1109,102,1,0
BRDA:1109,103,0,6
BRDA:1109,103,1,0
BRDA:1229,104,0,14
BRDA:1229,104,1,0
BRDA:1238,105,0,28
BRDA:1238,105,1,1
BRDA:1243,106,0,0
BRDA:1243,106,1,0
BRDA:1243,107,0,0
BRDA:1243,107,1,0
BRDA:1269,108,0,0
BRDA:1269,108,1,1
BRDA:1274,109,0,2
BRDA:1274,109,1,1
BRDA:1294,110,0,1
BRDA:1294,110,1,0
BRDA:1295,111,0,1
BRDA:1295,111,1,0
BRDA:1296,112,0,1
BRDA:1296,112,1,0
BRDA:1297,113,0,1
BRDA:1297,113,1,0
BRDA:1307,114,0,0
BRDA:1307,114,1,1
BRDA:1307,115,0,1
BRDA:1307,115,1,1
BRDA:1311,116,0,0
BRDA:1311,116,1,1
BRDA:1311,117,0,1
BRDA:1311,117,1,1
BRDA:1319,118,0,1
BRDA:1319,118,1,1
BRDA:1341,119,0,0
BRDA:1341,119,1,1
BRDA:1343,120,0,0
BRDA:1343,120,1,1
BRDA:1357,121,0,1
BRDA:1357,121,1,1
BRDA:1361,122,0,1
BRDA:1361,122,1,0
BRDA:1362,123,0,1
BRDA:1362,123,1,0
BRDA:1363,124,0,1
BRDA:1363,124,1,0
BRDA:1364,125,0,1
BRDA:1364,125,1,0
BRDA:1368,126,0,0
BRDA:1368,126,1,1
BRDA:1398,127,0,0
BRDA:1398,127,1,1
BRDA:1406,128,0,2
BRDA:1406,128,1,0
BRDA:1407,129,0,2
BRDA:1407,129,1,0
BRDA:1408,130,0,2
BRDA:1408,130,1,0
BRDA:1409,131,0,2
BRDA:1409,131,1,0
BRDA:1410,132,0,0
BRDA:1410,132,1,2
BRDA:1442,133,0,14
BRDA:1442,133,1,14
BRDA:1454,134,0,0
BRDA:1454,134,1,14
BRDA:1471,135,0,14
BRDA:1471,135,1,0
BRDA:1525,136,0,0
BRDA:1525,136,1,0
BRDA:1552,137,0,14
BRDA:1552,137,1,14
BRDA:1565,138,0,0
BRDA:1565,138,1,14
BRDA:1589,139,0,2
BRDA:1589,139,1,25
BRDA:1597,140,0,25
BRDA:1597,140,1,0
BRDA:1601,141,0,2
BRDA:1601,141,1,25
BRDA:1613,142,0,2
BRDA:1613,142,1,25
BRDA:1633,143,0,2
BRDA:1633,143,1,25
BRDA:1639,144,0,0
BRDA:1639,144,1,0
BRDA:1647,145,0,2
BRDA:1647,145,1,25
BRDA:1650,146,0,2
BRDA:1650,146,1,25
BRDA:1687,147,0,14
BRDA:1687,147,1,0
BRDA:1687,147,2,0
BRDA:1696,148,0,14
BRDA:1696,148,1,14
BRDA:1705,149,0,14
BRDA:1705,149,1,0
BRDA:1706,150,0,28
BRDA:1706,150,1,0
BRDA:1714,151,0,1
BRDA:1714,151,1,13
BRDA:1714,152,0,14
BRDA:1714,152,1,14
BRF:323
BRH:191
end_of_record
TN:
SF:src\components\UserManagement.jsx
FN:7,UserManagement
FN:19,(anonymous_1)
FN:25,(anonymous_2)
FN:39,(anonymous_3)
FN:56,(anonymous_4)
FN:74,(anonymous_5)
FN:93,(anonymous_6)
FN:112,(anonymous_7)
FN:130,(anonymous_8)
FN:148,(anonymous_9)
FN:155,(anonymous_10)
FN:162,(anonymous_11)
FN:190,(anonymous_12)
FN:199,(anonymous_13)
FN:208,(anonymous_14)
FN:246,(anonymous_15)
FN:252,(anonymous_16)
FN:269,(anonymous_17)
FN:281,(anonymous_18)
FN:287,(anonymous_19)
FN:319,(anonymous_20)
FN:339,(anonymous_21)
FN:347,(anonymous_22)
FN:356,(anonymous_23)
FN:390,(anonymous_24)
FN:404,(anonymous_25)
FNF:26
FNH:15
FNDA:26,UserManagement
FNDA:7,(anonymous_1)
FNDA:7,(anonymous_2)
FNDA:7,(anonymous_3)
FNDA:7,(anonymous_4)
FNDA:0,(anonymous_5)
FNDA:0,(anonymous_6)
FNDA:0,(anonymous_7)
FNDA:0,(anonymous_8)
FNDA:1,(anonymous_9)
FNDA:1,(anonymous_10)
FNDA:1,(anonymous_11)
FNDA:7,(anonymous_12)
FNDA:7,(anonymous_13)
FNDA:0,(anonymous_14)
FNDA:0,(anonymous_15)
FNDA:2,(anonymous_16)
FNDA:0,(anonymous_17)
FNDA:0,(anonymous_18)
FNDA:0,(anonymous_19)
FNDA:7,(anonymous_20)
FNDA:1,(anonymous_21)
FNDA:0,(anonymous_22)
FNDA:0,(anonymous_23)
FNDA:1,(anonymous_24)
FNDA:1,(anonymous_25)
DA:8,26
DA:9,26
DA:10,26
DA:11,26
DA:12,26
DA:13,26
DA:14,26
DA:15,26
DA:16,26
DA:17,26
DA:19,26
DA:20,7
DA:21,7
DA:22,7
DA:25,26
DA:26,7
DA:27,7
DA:28,7
DA:29,7
DA:30,7
DA:31,7
DA:32,7
DA:34,0
DA:39,26
DA:40,7
DA:41,7
DA:42,7
DA:45,7
DA:47,0
DA:48,0
DA:49,0
DA:51,0
DA:56,26
DA:57,7
DA:58,7
DA:59,7
DA:60,7
DA:63,7
DA:65,0
DA:66,0
DA:67,0
DA:70,7
DA:74,26
DA:75,0
DA:77,0
DA:78,0
DA:79,0
DA:85,0
DA:86,0
DA:87,0
DA:89,0
DA:93,26
DA:94,0
DA:96,0
DA:97,0
DA:98,0
DA:104,0
DA:105,0
DA:106,0
DA:108,0
DA:112,26
DA:113,0
DA:115,0
DA:116,0
DA:117,0
DA:123,0
DA:124,0
DA:126,0
DA:130,26
DA:131,0
DA:133,0
DA:134,0
DA:135,0
DA:140,0
DA:141,0
DA:142,0
DA:144,0
DA:148,26
DA:149,1
DA:150,1
DA:151,1
DA:152,1
DA:155,26
DA:156,1
DA:157,1
DA:158,1
DA:159,1
DA:162,26
DA:163,1
DA:164,1
DA:166,1
DA:167,0
DA:168,0
DA:170,1
DA:171,0
DA:172,0
DA:175,1
DA:176,1
DA:177,1
DA:183,1
DA:184,1
DA:186,0
DA:190,26
DA:191,7
DA:196,7
DA:199,26
DA:200,7
DA:205,7
DA:208,26
DA:209,0
DA:210,0
DA:211,0
DA:214,26
DA:215,14
DA:223,12
DA:224,0
DA:236,12
DA:246,0
DA:252,2
DA:270,0
DA:281,0
DA:287,0
DA:320,7
DA:339,1
DA:347,0
DA:356,0
DA:390,1
DA:404,1
LF:128
LH:74
BRDA:27,0,0,7
BRDA:27,0,1,0
BRDA:45,1,0,7
BRDA:45,1,1,0
BRDA:48,2,0,0
BRDA:48,2,1,0
BRDA:63,3,0,7
BRDA:63,3,1,0
BRDA:66,4,0,0
BRDA:66,4,1,0
BRDA:75,5,0,0
BRDA:75,5,1,0
BRDA:89,6,0,0
BRDA:89,6,1,0
BRDA:94,7,0,0
BRDA:94,7,1,0
BRDA:108,8,0,0
BRDA:108,8,1,0
BRDA:113,9,0,0
BRDA:113,9,1,0
BRDA:126,10,0,0
BRDA:126,10,1,0
BRDA:131,11,0,0
BRDA:131,11,1,0
BRDA:144,12,0,0
BRDA:144,12,1,0
BRDA:166,13,0,0
BRDA:166,13,1,1
BRDA:170,14,0,0
BRDA:170,14,1,1
BRDA:186,15,0,0
BRDA:186,15,1,0
BRDA:186,15,2,0
BRDA:196,16,0,7
BRDA:196,16,1,0
BRDA:205,17,0,7
BRDA:205,17,1,0
BRDA:214,18,0,14
BRDA:214,18,1,12
BRDA:223,19,0,0
BRDA:223,19,1,12
BRDA:247,20,0,5
BRDA:247,20,1,7
BRDA:253,21,0,7
BRDA:253,21,1,5
BRDA:260,22,0,12
BRDA:260,22,1,5
BRDA:263,23,0,5
BRDA:263,23,1,0
BRDA:302,24,0,12
BRDA:302,24,1,7
BRDA:345,25,0,7
BRDA:345,25,1,7
BRDA:345,25,2,7
BRDA:345,25,3,7
BRDA:354,26,0,7
BRDA:354,26,1,7
BRDA:374,27,0,12
BRDA:374,27,1,4
BRDA:410,28,0,4
BRDA:410,28,1,0
BRF:61
BRH:28
end_of_record
TN:
SF:src\components\common\AlignedFormGrid.jsx
FN:4,AlignedFormGrid
FN:12,AlignedFormField
FNF:2
FNH:2
FNDA:626,AlignedFormGrid
FNDA:2492,AlignedFormField
DA:5,626
DA:19,2492
LF:2
LH:2
BRDA:4,0,0,626
BRDA:16,1,0,0
BRDA:17,2,0,2492
BRF:3
BRH:2
end_of_record
TN:
SF:src\config\api.js
FNF:0
FNH:0
DA:6,0
LF:1
LH:0
BRDA:6,0,0,0
BRDA:6,0,1,0
BRDA:7,1,0,0
BRDA:7,1,1,0
BRF:4
BRH:0
end_of_record
TN:
SF:src\constants\companyContact.js
FNF:0
FNH:0
DA:2,7
DA:3,7
DA:4,7
LF:3
LH:3
BRF:0
BRH:0
end_of_record
TN:
SF:src\constants\costCenters.js
FNF:0
FNH:0
LF:0
LH:0
BRF:0
BRH:0
end_of_record
TN:
SF:src\constants\equipmentCategories.js
FN:13,emptyEquipmentCategories
FN:24,normalizeEquipmentCategories
FN:27,(anonymous_2)
FN:34,formatEquipmentCategoriesLabels
FN:36,(anonymous_4)
FN:36,(anonymous_5)
FN:43,buildProposedSystemStatement
FNF:7
FNH:7
FNDA:657,emptyEquipmentCategories
FNDA:300,normalizeEquipmentCategories
FNDA:100,(anonymous_2)
FNDA:141,formatEquipmentCategoriesLabels
FNDA:705,(anonymous_4)
FNDA:19,(anonymous_5)
FNDA:156,buildProposedSystemStatement
DA:5,3
DA:14,657
DA:25,300
DA:26,300
DA:27,20
DA:28,100
DA:30,20
DA:35,141
DA:36,705
DA:44,156
DA:45,156
DA:46,156
DA:47,156
DA:48,156
DA:49,156
DA:51,156
DA:52,11
DA:53,2
DA:55,9
DA:56,6
DA:58,3
LF:21
LH:21
BRDA:26,0,0,280
BRDA:26,0,1,20
BRDA:26,1,0,300
BRDA:26,1,1,20
BRDA:28,2,0,46
BRDA:28,2,1,54
BRDA:46,3,0,10
BRDA:46,3,1,146
BRDA:47,4,0,3
BRDA:47,4,1,153
BRDA:48,5,0,3
BRDA:48,5,1,153
BRDA:49,6,0,9
BRDA:49,6,1,147
BRDA:51,7,0,145
BRDA:51,7,1,11
BRDA:52,8,0,2
BRDA:52,8,1,9
BRDA:55,9,0,6
BRDA:55,9,1,3
BRF:20
BRH:20
end_of_record
TN:
SF:src\constants\inventoryCategories.js
FNF:0
FNH:0
DA:2,2
LF:1
LH:1
BRF:0
BRH:0
end_of_record
TN:
SF:src\constants\laborWorkTypes.js
FNF:0
FNH:0
LF:0
LH:0
BRF:0
BRH:0
end_of_record
TN:
SF:src\constants\projectWorkTypes.js
FNF:0
FNH:0
LF:0
LH:0
BRF:0
BRH:0
end_of_record
TN:
SF:src\constants\publicRoutes.js
FN:4,isPublicPath
FNF:1
FNH:1
FNDA:16,isPublicPath
DA:2,2
DA:5,16
LF:2
LH:2
BRF:0
BRH:0
end_of_record
TN:
SF:src\services\adiSupplierApi.js
FN:9,(anonymous_0)
FN:11,(anonymous_1)
FN:23,(anonymous_2)
FN:28,(anonymous_3)
FN:29,(anonymous_4)
FN:31,(anonymous_5)
FN:32,(anonymous_6)
FN:34,(anonymous_7)
FN:35,(anonymous_8)
FNF:9
FNH:9
FNDA:4,(anonymous_0)
FNDA:4,(anonymous_1)
FNDA:4,(anonymous_2)
FNDA:2,(anonymous_3)
FNDA:1,(anonymous_4)
FNDA:1,(anonymous_5)
FNDA:1,(anonymous_6)
FNDA:1,(anonymous_7)
FNDA:1,(anonymous_8)
DA:9,4
DA:11,1
DA:12,4
DA:13,4
DA:14,1
DA:17,3
DA:23,1
DA:24,4
DA:28,1
DA:29,2
DA:31,1
DA:32,1
DA:34,1
DA:35,1
LF:14
LH:14
BRDA:9,0,0,4
BRDA:9,0,1,4
BRDA:13,1,0,1
BRDA:13,1,1,3
BRDA:23,2,0,0
BRDA:28,3,0,2
BRDA:31,4,0,1
BRDA:34,5,0,1
BRF:8
BRH:7
end_of_record
TN:
SF:src\utils\bidQuoteSequence.js
FN:11,getNextBidQuoteNumber
FN:28,getCurrentBidQuoteNumber
FN:43,getLastIssuedBidQuoteNumber
FNF:3
FNH:3
FNDA:19,getNextBidQuoteNumber
FNDA:6,getCurrentBidQuoteNumber
FNDA:3,getLastIssuedBidQuoteNumber
DA:5,2
DA:12,19
DA:13,19
DA:14,19
DA:15,14
DA:17,19
DA:18,19
DA:19,19
DA:29,6
DA:30,6
DA:31,6
DA:32,3
DA:34,3
DA:44,3
DA:45,3
LF:15
LH:15
BRDA:11,0,0,19
BRDA:14,1,0,14
BRDA:14,1,1,5
BRDA:14,2,0,19
BRDA:14,2,1,6
BRDA:28,3,0,3
BRDA:31,4,0,3
BRDA:31,4,1,3
BRDA:31,5,0,6
BRDA:31,5,1,3
BRDA:43,6,0,3
BRF:11
BRH:11
end_of_record
TN:
SF:src\utils\dashboardProjects.js
FN:16,projectStatus
FN:20,matchesStatusFilter
FN:33,countProjectsByStatus
FN:36,(anonymous_3)
FN:37,(anonymous_4)
FN:38,(anonymous_5)
FN:42,matchesSearch
FN:56,sortProjects
FN:58,(anonymous_8)
FN:64,(anonymous_9)
FN:66,(anonymous_10)
FN:68,(anonymous_11)
FN:73,filterAndSortProjects
FN:78,(anonymous_13)
FN:84,nextStatusFilter
FNF:15
FNH:14
FNDA:95,projectStatus
FNDA:77,matchesStatusFilter
FNDA:15,countProjectsByStatus
FNDA:11,(anonymous_3)
FNDA:11,(anonymous_4)
FNDA:11,(anonymous_5)
FNDA:33,matchesSearch
FNDA:23,sortProjects
FNDA:20,(anonymous_8)
FNDA:0,(anonymous_9)
FNDA:7,(anonymous_10)
FNDA:3,(anonymous_11)
FNDA:23,filterAndSortProjects
FNDA:39,(anonymous_13)
FNDA:5,nextStatusFilter
DA:6,2
DA:13,2
DA:14,2
DA:17,95
DA:21,77
DA:22,77
DA:23,57
DA:24,30
DA:26,27
DA:27,13
DA:28,13
DA:30,0
DA:34,15
DA:36,11
DA:37,11
DA:38,11
DA:43,33
DA:44,33
DA:45,18
DA:53,18
DA:57,23
DA:58,23
DA:59,20
DA:60,20
DA:63,23
DA:64,0
DA:65,23
DA:66,7
DA:68,22
DA:70,23
DA:77,23
DA:78,39
DA:80,23
DA:85,5
DA:86,3
DA:87,2
LF:36
LH:34
BRDA:17,0,0,95
BRDA:17,0,1,0
BRDA:22,1,0,20
BRDA:22,1,1,57
BRDA:23,2,0,30
BRDA:23,2,1,27
BRDA:24,3,0,30
BRDA:24,3,1,18
BRDA:26,4,0,14
BRDA:26,4,1,13
BRDA:27,5,0,13
BRDA:27,5,1,0
BRDA:28,6,0,13
BRDA:28,6,1,10
BRDA:33,7,0,0
BRDA:43,8,0,33
BRDA:43,8,1,15
BRDA:44,9,0,15
BRDA:44,9,1,18
BRDA:56,10,0,0
BRDA:59,11,0,20
BRDA:59,11,1,10
BRDA:60,12,0,0
BRDA:60,12,1,20
BRDA:63,13,0,0
BRDA:63,13,1,23
BRDA:65,14,0,1
BRDA:65,14,1,22
BRDA:75,15,0,1
BRDA:75,16,0,1
BRDA:75,17,0,2
BRDA:75,18,0,2
BRDA:78,19,0,39
BRDA:78,19,1,29
BRDA:85,20,0,2
BRDA:85,20,1,3
BRDA:86,21,0,1
BRDA:86,21,1,2
BRF:38
BRH:32
end_of_record
TN:
SF:src\utils\errorHandler.js
FN:3,(anonymous_0)
FN:117,(anonymous_1)
FN:122,(anonymous_2)
FNF:3
FNH:3
FNDA:28,(anonymous_0)
FNDA:5,(anonymous_1)
FNDA:5,(anonymous_2)
DA:3,2
DA:5,28
DA:7,9
DA:8,4
DA:20,5
DA:21,1
DA:30,4
DA:31,2
DA:41,2
DA:51,19
DA:52,19
DA:54,19
DA:55,5
DA:61,14
DA:62,2
DA:68,12
DA:69,2
DA:75,10
DA:76,2
DA:82,8
DA:83,3
DA:89,5
DA:90,1
DA:99,4
DA:100,1
DA:107,3
DA:117,2
DA:118,5
DA:122,2
DA:123,5
LF:30
LH:30
BRDA:3,0,0,27
BRDA:5,1,0,9
BRDA:5,1,1,19
BRDA:7,2,0,4
BRDA:7,2,1,5
BRDA:7,3,0,9
BRDA:7,3,1,6
BRDA:20,4,0,1
BRDA:20,4,1,4
BRDA:30,5,0,2
BRDA:30,5,1,2
BRDA:30,6,0,4
BRDA:30,6,1,3
BRDA:52,7,0,19
BRDA:52,7,1,13
BRDA:54,8,0,5
BRDA:54,8,1,14
BRDA:58,9,0,5
BRDA:58,9,1,3
BRDA:61,10,0,2
BRDA:61,10,1,12
BRDA:65,11,0,2
BRDA:65,11,1,1
BRDA:68,12,0,2
BRDA:68,12,1,10
BRDA:72,13,0,2
BRDA:72,13,1,1
BRDA:75,14,0,2
BRDA:75,14,1,8
BRDA:79,15,0,2
BRDA:79,15,1,1
BRDA:82,16,0,3
BRDA:82,16,1,5
BRDA:86,17,0,3
BRDA:86,17,1,2
BRDA:89,18,0,1
BRDA:89,18,1,4
BRDA:99,19,0,1
BRDA:99,19,1,3
BRDA:110,20,0,3
BRDA:110,20,1,2
BRDA:110,20,2,0
BRF:42
BRH:41
end_of_record
TN:
SF:src\utils\inventoryJobs.js
FN:8,jobsFromCustomers
FN:12,(anonymous_1)
FN:34,(anonymous_2)
FN:41,filterJobs
FN:44,(anonymous_4)
FNF:5
FNH:5
FNDA:32,jobsFromCustomers
FNDA:34,(anonymous_1)
FNDA:34,(anonymous_2)
FNDA:33,filterJobs
FNDA:8,(anonymous_4)
DA:9,32
DA:10,32
DA:11,34
DA:12,66
DA:13,34
DA:17,66
DA:18,66
DA:19,66
DA:34,32
DA:35,34
DA:36,5
DA:38,32
DA:42,33
DA:43,33
DA:44,3
DA:45,8
LF:16
LH:16
BRDA:8,0,0,0
BRDA:10,1,0,32
BRDA:10,1,1,0
BRDA:11,2,0,34
BRDA:11,2,1,0
BRDA:12,3,0,66
BRDA:12,3,1,0
BRDA:13,4,0,29
BRDA:13,4,1,5
BRDA:14,5,0,29
BRDA:14,5,1,0
BRDA:17,6,0,66
BRDA:17,6,1,0
BRDA:18,7,0,66
BRDA:18,7,1,0
BRDA:25,8,0,66
BRDA:25,8,1,2
BRDA:28,9,0,29
BRDA:28,9,1,37
BRDA:35,10,0,29
BRDA:35,10,1,5
BRDA:35,11,0,0
BRDA:35,11,1,29
BRDA:41,12,0,0
BRDA:42,13,0,33
BRDA:42,13,1,30
BRDA:43,14,0,30
BRDA:43,14,1,3
BRDA:45,15,0,8
BRDA:45,15,1,5
BRDA:45,15,2,5
BRDA:45,16,0,8
BRDA:45,16,1,0
BRDA:46,17,0,5
BRDA:46,17,1,0
BRDA:47,18,0,5
BRDA:47,18,1,0
BRF:37
BRH:25
end_of_record
TN:
SF:src\utils\inventorySkuMatch.js
FN:4,normalizeSkuCode
FN:8,findItemBySku
FN:13,(anonymous_2)
FNF:3
FNH:3
FNDA:6,normalizeSkuCode
FNDA:4,findItemBySku
FNDA:4,(anonymous_2)
DA:5,6
DA:9,4
DA:10,4
DA:11,3
DA:13,4
LF:5
LH:5
BRDA:5,0,0,6
BRDA:5,0,1,1
BRDA:10,1,0,1
BRDA:10,1,1,3
BRDA:12,2,0,3
BRDA:12,2,1,1
BRDA:13,3,0,4
BRDA:13,3,1,4
BRF:8
BRH:8
end_of_record
TN:
SF:src\utils\phoneFormat.js
FN:2,formatPhoneNumber
FNF:1
FNH:1
FNDA:30,formatPhoneNumber
DA:3,30
DA:5,30
DA:6,9
DA:8,21
DA:9,9
DA:11,12
LF:6
LH:6
BRDA:5,0,0,9
BRDA:5,0,1,21
BRDA:8,1,0,9
BRDA:8,1,1,12
BRF:4
BRH:4
end_of_record
TN:
SF:src\utils\purchaseOrders.js
FN:15,poStatus
FN:19,matchesPoStatusFilter
FN:28,countPurchaseOrdersByStatus
FN:31,(anonymous_3)
FN:32,(anonymous_4)
FN:33,(anonymous_5)
FN:34,(anonymous_6)
FN:35,(anonymous_7)
FN:39,filterPurchaseOrders
FN:40,(anonymous_9)
FN:44,nextPoStatusFilter
FNF:11
FNH:11
FNDA:558,poStatus
FNDA:454,matchesPoStatusFilter
FNDA:71,countPurchaseOrdersByStatus
FNDA:104,(anonymous_3)
FNDA:104,(anonymous_4)
FNDA:104,(anonymous_5)
FNDA:104,(anonymous_6)
FNDA:104,(anonymous_7)
FNDA:80,filterPurchaseOrders
FNDA:139,(anonymous_9)
FNDA:7,nextPoStatusFilter
DA:6,2
DA:13,2
DA:16,558
DA:20,454
DA:21,454
DA:22,347
DA:23,110
DA:25,237
DA:29,71
DA:31,104
DA:32,104
DA:33,104
DA:34,104
DA:35,104
DA:40,139
DA:45,7
DA:46,5
DA:47,4
LF:18
LH:18
BRDA:16,0,0,558
BRDA:16,0,1,0
BRDA:21,1,0,107
BRDA:21,1,1,347
BRDA:21,2,0,454
BRDA:21,2,1,454
BRDA:22,3,0,110
BRDA:22,3,1,237
BRDA:23,4,0,110
BRDA:23,4,1,74
BRDA:28,5,0,0
BRDA:35,6,0,104
BRDA:35,6,1,0
BRDA:39,7,0,0
BRDA:39,8,0,1
BRDA:45,9,0,2
BRDA:45,9,1,5
BRDA:46,10,0,1
BRDA:46,10,1,4
BRF:19
BRH:15
end_of_record
